#
# A fatal error has been detected by the Java Runtime Environment:
#
#  SIGSEGV (0xb) at pc=0x00007fff8f4700dd, pid=11734, tid=0x0000000000000713
#
# JRE version: Java(TM) SE Runtime Environment (8.0_131-b11) (build 1.8.0_131-b11)
# Java VM: Java HotSpot(TM) 64-Bit Server VM (25.131-b11 mixed mode bsd-amd64 compressed oops)
# Problematic frame:
# C  [libobjc.A.dylib+0x10dd]  objc_msgSend+0x1d
#
# Failed to write core dump. Core dumps have been disabled. To enable core dumping, try "ulimit -c unlimited" before starting Java again
#
# If you would like to submit a bug report, please visit:
#   http://bugreport.java.com/bugreport/crash.jsp
# The crash happened outside the Java Virtual Machine in native code.
# See problematic frame for where to report the bug.
#

---------------  T H R E A D  ---------------

Current thread (0x00007faef50b6000):  JavaThread "AWT-AppKit" daemon [_thread_in_native, id=1811, stack(0x00007fff502d1000,0x00007fff50ad1000)]

siginfo: si_signo: 11 (SIGSEGV), si_code: 1 (SEGV_MAPERR), si_addr: 0x000007faef7a7610

Registers:
RAX=0x00007faef7b60e10, RBX=0x000000018f274450, RCX=0x00000001300cee60, RDX=0x00000001300ce760
RSP=0x00007fff50acc438, RBP=0x00007fff50acc4f0, RSI=0x00007fff8aebf40f, RDI=0x00007faef7a1fa40
R8 =0x0000000000000000, R9 =0x0000000000000f50, R10=0x00007fff8aebf40f, R11=0x000007faef7a75f8
R12=0x0000000000000000, R13=0x0000000192ca47c0, R14=0x000000018f274440, R15=0x00007faef50b6000
RIP=0x00007fff8f4700dd, EFLAGS=0x0000000000010202, ERR=0x0000000000000004
  TRAPNO=0x000000000000000e

Top of Stack: (sp=0x00007fff50acc438)
0x00007fff50acc438:   000000018f272157 00007fff50acc490
0x00007fff50acc448:   0000000000000003 00007fff50acc470
0x00007fff50acc458:   000000010fdf36d2 0000000192ca47c0
0x00007fff50acc468:   0000000192ca47c0 00007faef7b60e10
0x00007fff50acc478:   000000018f2746a0 000000018f274710
0x00007fff50acc488:   00007fff7704c550 00007fff76aacc80
0x00007fff50acc498:   000000018f274450 000000018f274690
0x00007fff50acc4a8:   00007faef7b60e10 00007faef7a1fa40
0x00007fff50acc4b8:   00007faef3534bc0 00007faef7b60e10
0x00007fff50acc4c8:   00007faef7a1fa40 00007fff50acc578
0x00007fff50acc4d8:   00007faef50b61f8 0000000192ca47c0
0x00007fff50acc4e8:   00007fff50acc5a0 00007fff50acc568
0x00007fff50acc4f8:   0000000110bba9f4 0000000192ca47c0
0x00007fff50acc508:   00007fff50acc5a0 00007fff50acc568
0x00007fff50acc518:   0000000110bba787 0000000110bba742
0x00007fff50acc528:   00007fff50acc528 0000000192ca47c0
0x00007fff50acc538:   00007fff50acc5a0 0000000192ca73f8
0x00007fff50acc548:   0000000000000000 0000000192ca47c0
0x00007fff50acc558:   0000000000000000 00007fff50acc588
0x00007fff50acc568:   00007fff50acc5e8 0000000110bab2bd
0x00007fff50acc578:   0000000740d2a0f8 0000000110bb4538
0x00007fff50acc588:   00007faef7b60e10 00007fff50acc5e8
0x00007fff50acc598:   00007faef7a1fa40 0000000110bb5e02
0x00007fff50acc5a8:   00007fff50acc5a8 0000000192ca498a
0x00007fff50acc5b8:   00007fff50acc610 0000000192ca73f8
0x00007fff50acc5c8:   0000000000000000 0000000192ca4998
0x00007fff50acc5d8:   00007fff50acc588 00007fff50acc5f8
0x00007fff50acc5e8:   00007fff50acc658 0000000110bab2bd
0x00007fff50acc5f8:   00007faef7b60e10 0000000740daaaa0
0x00007fff50acc608:   00007faef7a1fa40 0000000740daaaa0
0x00007fff50acc618:   00007fff50acc618 000000019a0d558e
0x00007fff50acc628:   00007fff50acc668 000000019a0d5648 

Instructions: (pc=0x00007fff8f4700dd)
0x00007fff8f4700bd:   00 00 00 48 85 ff 2e 74 7a 40 f6 c7 01 2e 75 7e
0x00007fff8f4700cd:   49 bb f8 ff ff ff ff 7f 00 00 4c 23 1f 49 89 f2
0x00007fff8f4700dd:   45 23 53 18 49 c1 e2 04 4d 03 53 10 49 3b 32 75
0x00007fff8f4700ed:   04 41 ff 62 08 49 83 3a 00 74 6a 4d 3b 53 10 74 

Register to memory mapping:

RAX=0x00007faef7b60e10 is an unknown value
RBX=0x000000018f274450: Java_jogamp_nativewindow_macosx_OSXUtil_GetScreenRefreshRate0+0x1cf0 in /private/var/folders/1w/_vhdnh917gsgl0z3c94cp27w0000gn/T/jogamp_0000/file_cache/jln6305486151827873078/jln4119278250276903050/libnativewindow_macosx.jnilib at 0x000000018f26d000
RCX=0x00000001300cee60 is an unknown value
RDX=0x00000001300ce760 is an unknown value
RSP=0x00007fff50acc438 is pointing into the stack for thread: 0x00007faef50b6000
RBP=0x00007fff50acc4f0 is pointing into the stack for thread: 0x00007faef50b6000
RSI=0x00007fff8aebf40f is an unknown value
RDI=0x00007faef7a1fa40 is an unknown value
R8 =0x0000000000000000 is an unknown value
R9 =0x0000000000000f50 is an unknown value
R10=0x00007fff8aebf40f is an unknown value
R11=0x000007faef7a75f8 is an unknown value
R12=0x0000000000000000 is an unknown value
R13={method} {0x0000000192ca47c0} 'UnsetJAWTRootSurfaceLayer0' '(JJ)V' in 'jogamp/nativewindow/jawt/macosx/MacOSXJAWTWindow'
R14=0x000000018f274440: Java_jogamp_nativewindow_macosx_OSXUtil_GetScreenRefreshRate0+0x1ce0 in /private/var/folders/1w/_vhdnh917gsgl0z3c94cp27w0000gn/T/jogamp_0000/file_cache/jln6305486151827873078/jln4119278250276903050/libnativewindow_macosx.jnilib at 0x000000018f26d000
R15=0x00007faef50b6000 is a thread


Stack: [0x00007fff502d1000,0x00007fff50ad1000],  sp=0x00007fff50acc438,  free space=8173k
Native frames: (J=compiled Java code, j=interpreted, Vv=VM code, C=native code)
C  [libobjc.A.dylib+0x10dd]  objc_msgSend+0x1d
j  jogamp.nativewindow.jawt.macosx.MacOSXJAWTWindow.UnsetJAWTRootSurfaceLayer0(JJ)V+0
j  jogamp.nativewindow.jawt.macosx.MacOSXJAWTWindow.access$200(JJ)V+2
j  jogamp.nativewindow.jawt.macosx.MacOSXJAWTWindow$1.run()V+38
J 2850 C1 com.jogamp.common.util.RunnableTask.run()V (345 bytes) @ 0x000000011107dd74 [0x000000011107dbe0+0x194]
v  ~StubRoutines::call_stub
V  [libjvm.dylib+0x2ee5b6]  JavaCalls::call_helper(JavaValue*, methodHandle*, JavaCallArguments*, Thread*)+0x6ae
V  [libjvm.dylib+0x325765]  jni_invoke_nonstatic(JNIEnv_*, JavaValue*, _jobject*, JNICallType, _jmethodID*, JNI_ArgumentPusher*, Thread*)+0x2ec
V  [libjvm.dylib+0x317f33]  jni_CallVoidMethod+0x16b
C  [libnativewindow_macosx.jnilib+0x5326]  Java_jogamp_nativewindow_jawt_macosx_MacOSXJAWTWindow_UnsetJAWTRootSurfaceLayer0+0x2b6
C  [Foundation+0x92dd0]  __NSThreadPerformPerform+0x125
C  [CoreFoundation+0x80a01]  __CFRUNLOOP_IS_CALLING_OUT_TO_A_SOURCE0_PERFORM_FUNCTION__+0x11
C  [CoreFoundation+0x72b8d]  __CFRunLoopDoSources0+0x10d
C  [CoreFoundation+0x721bf]  __CFRunLoopRun+0x39f
C  [CoreFoundation+0x71bd8]  CFRunLoopRunSpecific+0x128
C  [HIToolbox+0x3256f]  RunCurrentEventLoopInMode+0xeb
C  [HIToolbox+0x321ee]  ReceiveNextEventCommon+0xb3
C  [HIToolbox+0x3212b]  _BlockUntilNextEventMatchingListInModeWithFilter+0x47
C  [AppKit+0x918ab]  _DPSNextEvent+0x3d2
C  [AppKit+0x90e58]  -[NSApplication nextEventMatchingMask:untilDate:inMode:dequeue:]+0x15a
C  [libosxapp.dylib+0x23aa]  -[NSApplicationAWT nextEventMatchingMask:untilDate:inMode:dequeue:]+0x7c
C  [AppKit+0x86af3]  -[NSApplication run]+0x252
C  [libosxapp.dylib+0x214d]  +[NSApplicationAWT runAWTLoopWithApp:]+0x9c
C  [libawt_lwawt.dylib+0x45edf]  -[AWTStarter starter:]+0x389
C  [Foundation+0x92dd0]  __NSThreadPerformPerform+0x125
C  [CoreFoundation+0x80a01]  __CFRUNLOOP_IS_CALLING_OUT_TO_A_SOURCE0_PERFORM_FUNCTION__+0x11
C  [CoreFoundation+0x72b8d]  __CFRunLoopDoSources0+0x10d
C  [CoreFoundation+0x721bf]  __CFRunLoopRun+0x39f
C  [CoreFoundation+0x71bd8]  CFRunLoopRunSpecific+0x128
C  [java+0x6465]  CreateExecutionEnvironment+0x367
C  [java+0x218c]  JLI_Launch+0x7a0
C  [java+0x84c2]  main+0x65
C  [java+0x19e4]  start+0x34
C  0x0000000000000007

Java frames: (J=compiled Java code, j=interpreted, Vv=VM code)
j  jogamp.nativewindow.jawt.macosx.MacOSXJAWTWindow.UnsetJAWTRootSurfaceLayer0(JJ)V+0
j  jogamp.nativewindow.jawt.macosx.MacOSXJAWTWindow.access$200(JJ)V+2
j  jogamp.nativewindow.jawt.macosx.MacOSXJAWTWindow$1.run()V+38
J 2850 C1 com.jogamp.common.util.RunnableTask.run()V (345 bytes) @ 0x000000011107dd74 [0x000000011107dbe0+0x194]
v  ~StubRoutines::call_stub

---------------  P R O C E S S  ---------------

Java Threads: ( => current thread )
  0x00007faef3f4c000 JavaThread "Thread-61" [_thread_blocked, id=62511, stack(0x000000019dfb6000,0x000000019e0b6000)]
  0x00007faef4b73800 JavaThread "AWT-EventQueue-1" [_thread_in_native, id=57411, stack(0x000000018fbc1000,0x000000018fcc1000)]
  0x00007faef50ee000 JavaThread "DestroyJavaVM" [_thread_blocked, id=4867, stack(0x000000010f246000,0x000000010f346000)]
  0x00007faef50db000 JavaThread "AWT-EventQueue-0" [_thread_blocked, id=53003, stack(0x000000012fe99000,0x000000012ff99000)]
  0x00007faef3a4e000 JavaThread "Java2D Disposer" daemon [_thread_blocked, id=45323, stack(0x000000012e735000,0x000000012e835000)]
  0x00007faef39e5800 JavaThread "Java2D Queue Flusher" daemon [_thread_blocked, id=49927, stack(0x000000012d519000,0x000000012d619000)]
  0x00007faef4803000 JavaThread "AWT-Shutdown" [_thread_blocked, id=28179, stack(0x000000012a663000,0x000000012a763000)]
=>0x00007faef50b6000 JavaThread "AWT-AppKit" daemon [_thread_in_native, id=1811, stack(0x00007fff502d1000,0x00007fff50ad1000)]
  0x00007faef401d000 JavaThread "Service Thread" daemon [_thread_blocked, id=18179, stack(0x00000001288f2000,0x00000001289f2000)]
  0x00007faef401c800 JavaThread "C1 CompilerThread2" daemon [_thread_blocked, id=17667, stack(0x00000001287ef000,0x00000001288ef000)]
  0x00007faef401b800 JavaThread "C2 CompilerThread1" daemon [_thread_blocked, id=17155, stack(0x00000001286ec000,0x00000001287ec000)]
  0x00007faef500e800 JavaThread "C2 CompilerThread0" daemon [_thread_blocked, id=16643, stack(0x00000001285e9000,0x00000001286e9000)]
  0x00007faef500e000 JavaThread "Signal Dispatcher" daemon [_thread_blocked, id=16403, stack(0x00000001284e6000,0x00000001285e6000)]
  0x00007faef480a000 JavaThread "Finalizer" daemon [_thread_blocked, id=11523, stack(0x0000000126ac9000,0x0000000126bc9000)]
  0x00007faef3809000 JavaThread "Reference Handler" daemon [_thread_blocked, id=11011, stack(0x00000001269c6000,0x0000000126ac6000)]

Other Threads:
  0x00007faef5003800 VMThread [stack: 0x00000001268c3000,0x00000001269c3000] [id=10499]
  0x00007faef500b000 WatcherThread [stack: 0x00000001289f5000,0x0000000128af5000] [id=18691]

VM state:not at safepoint (normal execution)

VM Mutex/Monitor currently owned by a thread: None

Heap:
 PSYoungGen      total 157696K, used 116704K [0x0000000795580000, 0x00000007a0180000, 0x00000007c0000000)
  eden space 144896K, 72% used [0x0000000795580000,0x000000079bb70048,0x000000079e300000)
  from space 12800K, 96% used [0x000000079f500000,0x00000007a01082b0,0x00000007a0180000)
  to   space 15360K, 0% used [0x000000079e380000,0x000000079e380000,0x000000079f280000)
 ParOldGen       total 69632K, used 26835K [0x0000000740000000, 0x0000000744400000, 0x0000000795580000)
  object space 69632K, 38% used [0x0000000740000000,0x0000000741a34e60,0x0000000744400000)
 Metaspace       used 28264K, capacity 28625K, committed 28800K, reserved 1075200K
  class space    used 2234K, capacity 2342K, committed 2432K, reserved 1048576K

Card table byte_map: [0x000000011ff63000,0x0000000120364000] byte_map_base: 0x000000011c563000

Marking Bits: (ParMarkBitMap*) 0x00000001104f1ea0
 Begin Bits: [0x0000000120a1b000, 0x0000000122a1b000)
 End Bits:   [0x0000000122a1b000, 0x0000000124a1b000)

Polling page: 0x000000010f38b000

CodeCache: size=245760Kb used=13658Kb max_used=13668Kb free=232101Kb
 bounds [0x0000000110ba3000, 0x0000000111913000, 0x000000011fba3000]
 total_blobs=4245 nmethods=3319 adapters=839
 compilation: enabled

Compilation events (10 events):
Event: 30.907 Thread 0x00007faef500e800 3681       4       java.lang.AbstractStringBuilder::append (191 bytes)
Event: 30.916 Thread 0x00007faef500e800 nmethod 3681 0x00000001118f9150 code [0x00000001118f92e0, 0x00000001118f9a38]
Event: 31.422 Thread 0x00007faef401c800 3682       1       sun.lwawt.macosx.CPlatformComponent::getPointer (5 bytes)
Event: 31.423 Thread 0x00007faef401c800 nmethod 3682 0x00000001118efa10 code [0x00000001118efb60, 0x00000001118efc70]
Event: 31.505 Thread 0x00007faef401c800 3683       1       java.util.HashMap::afterNodeRemoval (1 bytes)
Event: 31.505 Thread 0x00007faef401c800 nmethod 3683 0x00000001118fc610 code [0x00000001118fc760, 0x00000001118fc870]
Event: 32.225 Thread 0x00007faef401b800 3684       4       processing.opengl.FrameBuffer::contextIsOutdated (138 bytes)
Event: 32.227 Thread 0x00007faef401b800 nmethod 3684 0x00000001118f75d0 code [0x00000001118f7720, 0x00000001118f77f8]
Event: 32.812 Thread 0x00007faef401c800 3685       3       sun.java2d.pipe.PixelToParallelogramConverter::normalize (15 bytes)
Event: 32.813 Thread 0x00007faef401c800 nmethod 3685 0x00000001118fed50 code [0x00000001118fef00, 0x00000001118ff188]

GC Heap History (10 events):
Event: 7.415 GC heap before
{Heap before GC invocations=5 (full 1):
 PSYoungGen      total 38400K, used 33262K [0x0000000795580000, 0x000000079a080000, 0x00000007c0000000)
  eden space 33280K, 99% used [0x0000000795580000,0x00000007975fba00,0x0000000797600000)
  from space 5120K, 0% used [0x0000000797600000,0x0000000797600000,0x0000000797b00000)
  to   space 5120K, 0% used [0x0000000799b80000,0x0000000799b80000,0x000000079a080000)
 ParOldGen       total 69632K, used 17589K [0x0000000740000000, 0x0000000744400000, 0x0000000795580000)
  object space 69632K, 25% used [0x0000000740000000,0x000000074112d648,0x0000000744400000)
 Metaspace       used 26763K, capacity 27144K, committed 27520K, reserved 1075200K
  class space    used 2200K, capacity 2310K, committed 2432K, reserved 1048576K
Event: 7.426 GC heap after
Heap after GC invocations=5 (full 1):
 PSYoungGen      total 62464K, used 5116K [0x0000000795580000, 0x000000079a080000, 0x00000007c0000000)
  eden space 57344K, 0% used [0x0000000795580000,0x0000000795580000,0x0000000798d80000)
  from space 5120K, 99% used [0x0000000799b80000,0x000000079a07f1d8,0x000000079a080000)
  to   space 5120K, 0% used [0x0000000799680000,0x0000000799680000,0x0000000799b80000)
 ParOldGen       total 69632K, used 19201K [0x0000000740000000, 0x0000000744400000, 0x0000000795580000)
  object space 69632K, 27% used [0x0000000740000000,0x00000007412c0688,0x0000000744400000)
 Metaspace       used 26763K, capacity 27144K, committed 27520K, reserved 1075200K
  class space    used 2200K, capacity 2310K, committed 2432K, reserved 1048576K
}
Event: 9.524 GC heap before
{Heap before GC invocations=6 (full 1):
 PSYoungGen      total 62464K, used 62460K [0x0000000795580000, 0x000000079a080000, 0x00000007c0000000)
  eden space 57344K, 100% used [0x0000000795580000,0x0000000798d80000,0x0000000798d80000)
  from space 5120K, 99% used [0x0000000799b80000,0x000000079a07f1d8,0x000000079a080000)
  to   space 5120K, 0% used [0x0000000799680000,0x0000000799680000,0x0000000799b80000)
 ParOldGen       total 69632K, used 19201K [0x0000000740000000, 0x0000000744400000, 0x0000000795580000)
  object space 69632K, 27% used [0x0000000740000000,0x00000007412c0688,0x0000000744400000)
 Metaspace       used 27487K, capacity 27761K, committed 28032K, reserved 1075200K
  class space    used 2223K, capacity 2310K, committed 2432K, reserved 1048576K
Event: 9.534 GC heap after
Heap after GC invocations=6 (full 1):
 PSYoungGen      total 71680K, used 5088K [0x0000000795580000, 0x000000079cf80000, 0x00000007c0000000)
  eden space 66560K, 0% used [0x0000000795580000,0x0000000795580000,0x0000000799680000)
  from space 5120K, 99% used [0x0000000799680000,0x0000000799b780b0,0x0000000799b80000)
  to   space 14336K, 0% used [0x000000079c180000,0x000000079c180000,0x000000079cf80000)
 ParOldGen       total 69632K, used 23916K [0x0000000740000000, 0x0000000744400000, 0x0000000795580000)
  object space 69632K, 34% used [0x0000000740000000,0x000000074175b260,0x0000000744400000)
 Metaspace       used 27487K, capacity 27761K, committed 28032K, reserved 1075200K
  class space    used 2223K, capacity 2310K, committed 2432K, reserved 1048576K
}
Event: 14.459 GC heap before
{Heap before GC invocations=7 (full 1):
 PSYoungGen      total 71680K, used 71648K [0x0000000795580000, 0x000000079cf80000, 0x00000007c0000000)
  eden space 66560K, 100% used [0x0000000795580000,0x0000000799680000,0x0000000799680000)
  from space 5120K, 99% used [0x0000000799680000,0x0000000799b780b0,0x0000000799b80000)
  to   space 14336K, 0% used [0x000000079c180000,0x000000079c180000,0x000000079cf80000)
 ParOldGen       total 69632K, used 23916K [0x0000000740000000, 0x0000000744400000, 0x0000000795580000)
  object space 69632K, 34% used [0x0000000740000000,0x000000074175b260,0x0000000744400000)
 Metaspace       used 27920K, capacity 28209K, committed 28544K, reserved 1075200K
  class space    used 2224K, capacity 2310K, committed 2432K, reserved 1048576K
Event: 14.464 GC heap after
Heap after GC invocations=7 (full 1):
 PSYoungGen      total 110592K, used 5472K [0x0000000795580000, 0x000000079da80000, 0x00000007c0000000)
  eden space 96256K, 0% used [0x0000000795580000,0x0000000795580000,0x000000079b380000)
  from space 14336K, 38% used [0x000000079c180000,0x000000079c6d80c0,0x000000079cf80000)
  to   space 14336K, 0% used [0x000000079b380000,0x000000079b380000,0x000000079c180000)
 ParOldGen       total 69632K, used 23924K [0x0000000740000000, 0x0000000744400000, 0x0000000795580000)
  object space 69632K, 34% used [0x0000000740000000,0x000000074175d260,0x0000000744400000)
 Metaspace       used 27920K, capacity 28209K, committed 28544K, reserved 1075200K
  class space    used 2224K, capacity 2310K, committed 2432K, reserved 1048576K
}
Event: 21.727 GC heap before
{Heap before GC invocations=8 (full 1):
 PSYoungGen      total 110592K, used 101728K [0x0000000795580000, 0x000000079da80000, 0x00000007c0000000)
  eden space 96256K, 100% used [0x0000000795580000,0x000000079b380000,0x000000079b380000)
  from space 14336K, 38% used [0x000000079c180000,0x000000079c6d80c0,0x000000079cf80000)
  to   space 14336K, 0% used [0x000000079b380000,0x000000079b380000,0x000000079c180000)
 ParOldGen       total 69632K, used 23924K [0x0000000740000000, 0x0000000744400000, 0x0000000795580000)
  object space 69632K, 34% used [0x0000000740000000,0x000000074175d260,0x0000000744400000)
 Metaspace       used 28023K, capacity 28337K, committed 28544K, reserved 1075200K
  class space    used 2224K, capacity 2310K, committed 2432K, reserved 1048576K
Event: 21.733 GC heap after
Heap after GC invocations=8 (full 1):
 PSYoungGen      total 110592K, used 5504K [0x0000000795580000, 0x00000007a0300000, 0x00000007c0000000)
  eden space 96256K, 0% used [0x0000000795580000,0x0000000795580000,0x000000079b380000)
  from space 14336K, 38% used [0x000000079b380000,0x000000079b8e00c0,0x000000079c180000)
  to   space 14336K, 0% used [0x000000079f500000,0x000000079f500000,0x00000007a0300000)
 ParOldGen       total 69632K, used 23932K [0x0000000740000000, 0x0000000744400000, 0x0000000795580000)
  object space 69632K, 34% used [0x0000000740000000,0x000000074175f260,0x0000000744400000)
 Metaspace       used 28023K, capacity 28337K, committed 28544K, reserved 1075200K
  class space    used 2224K, capacity 2310K, committed 2432K, reserved 1048576K
}
Event: 24.045 GC heap before
{Heap before GC invocations=9 (full 1):
 PSYoungGen      total 110592K, used 101760K [0x0000000795580000, 0x00000007a0300000, 0x00000007c0000000)
  eden space 96256K, 100% used [0x0000000795580000,0x000000079b380000,0x000000079b380000)
  from space 14336K, 38% used [0x000000079b380000,0x000000079b8e00c0,0x000000079c180000)
  to   space 14336K, 0% used [0x000000079f500000,0x000000079f500000,0x00000007a0300000)
 ParOldGen       total 69632K, used 23932K [0x0000000740000000, 0x0000000744400000, 0x0000000795580000)
  object space 69632K, 34% used [0x0000000740000000,0x000000074175f260,0x0000000744400000)
 Metaspace       used 28197K, capacity 28529K, committed 28800K, reserved 1075200K
  class space    used 2224K, capacity 2310K, committed 2432K, reserved 1048576K
Event: 24.055 GC heap after
Heap after GC invocations=9 (full 1):
 PSYoungGen      total 157696K, used 12320K [0x0000000795580000, 0x00000007a0180000, 0x00000007c0000000)
  eden space 144896K, 0% used [0x0000000795580000,0x0000000795580000,0x000000079e300000)
  from space 12800K, 96% used [0x000000079f500000,0x00000007a01082b0,0x00000007a0180000)
  to   space 15360K, 0% used [0x000000079e380000,0x000000079e380000,0x000000079f280000)
 ParOldGen       total 69632K, used 26835K [0x0000000740000000, 0x0000000744400000, 0x0000000795580000)
  object space 69632K, 38% used [0x0000000740000000,0x0000000741a34e60,0x0000000744400000)
 Metaspace       used 28197K, capacity 28529K, committed 28800K, reserved 1075200K
  class space    used 2224K, capacity 2310K, committed 2432K, reserved 1048576K
}

Deoptimization events (10 events):
Event: 29.557 Thread 0x00007faef4199000 Uncommon trap: reason=unstable_if action=reinterpret pc=0x0000000111901da4 method=sun.awt.PostEventQueue.flush()V @ 23
Event: 32.806 Thread 0x00007faef4b73800 Uncommon trap: reason=unstable_if action=reinterpret pc=0x0000000110d0e128 method=com.jogamp.common.util.VersionNumber.compareTo(Lcom/jogamp/common/util/VersionNumber;)I @ 21
Event: 32.807 Thread 0x00007faef3a75000 Uncommon trap: reason=unstable_if action=reinterpret pc=0x00000001115f9dd8 method=java.security.AccessControlContext.combine([Ljava/security/ProtectionDomain;[Ljava/security/ProtectionDomain;)[Ljava/security/ProtectionDomain; @ 151
Event: 32.811 Thread 0x00007faef50db000 Uncommon trap: reason=unstable_if action=reinterpret pc=0x00000001118ef21c method=sun.java2d.pipe.Region.isInsideQuickCheck(Lsun/java2d/pipe/Region;)Z @ 48
Event: 32.811 Thread 0x00007faef50db000 Uncommon trap: reason=unstable_if action=reinterpret pc=0x0000000111725e28 method=sun.java2d.pipe.Region.isInsideQuickCheck(Lsun/java2d/pipe/Region;)Z @ 48
Event: 32.813 Thread 0x00007faef50db000 Uncommon trap: reason=unstable_if action=reinterpret pc=0x0000000110f0f7cc method=java.awt.Font.equals(Ljava/lang/Object;)Z @ 2
Event: 32.822 Thread 0x00007faef3a75000 Uncommon trap: reason=unstable_if action=reinterpret pc=0x000000011119f468 method=java.util.HashMap.putVal(ILjava/lang/Object;Ljava/lang/Object;ZZ)Ljava/lang/Object; @ 81
Event: 32.822 Thread 0x00007faef3a75000 Uncommon trap: reason=unstable_if action=reinterpret pc=0x0000000111100e7c method=java.util.HashMap.putVal(ILjava/lang/Object;Ljava/lang/Object;ZZ)Ljava/lang/Object; @ 81
Event: 32.831 Thread 0x00007faef4b73800 Uncommon trap: reason=unstable_if action=reinterpret pc=0x000000011158f0d0 method=java.security.AccessControlContext.combine([Ljava/security/ProtectionDomain;[Ljava/security/ProtectionDomain;)[Ljava/security/ProtectionDomain; @ 151
Event: 32.833 Thread 0x00007faef3f4c000 Uncommon trap: reason=predicate action=maybe_recompile pc=0x00000001112114dc method=java.util.Vector.indexOf(Ljava/lang/Object;I)I @ 44

Internal exceptions (10 events):
Event: 1.020 Thread 0x00007faef480c800 Exception <a 'java/io/FileNotFoundException'> (0x000000079585e210) thrown at [/Users/java_re/workspace/8-2-build-macosx-x86_64/jdk8u131/8869/hotspot/src/share/vm/prims/jni.cpp, line 709]
Event: 1.020 Thread 0x00007faef480c800 Exception <a 'java/io/FileNotFoundException'> (0x000000079585ed80) thrown at [/Users/java_re/workspace/8-2-build-macosx-x86_64/jdk8u131/8869/hotspot/src/share/vm/prims/jni.cpp, line 709]
Event: 1.178 Thread 0x00007faef480c800 Exception <a 'java/io/FileNotFoundException'> (0x000000079599eaf0) thrown at [/Users/java_re/workspace/8-2-build-macosx-x86_64/jdk8u131/8869/hotspot/src/share/vm/prims/jni.cpp, line 709]
Event: 3.232 Thread 0x00007faef4199000 Exception <a 'java/lang/UnsatisfiedLinkError': com.jogamp.common.util.JarUtil.fixNativeLibAttribs(Ljava/lang/String;)Z> (0x0000000796c2d168) thrown at [/Users/java_re/workspace/8-2-build-macosx-x86_64/jdk8u131/8869/hotspot/src/share/vm/prims/nativeLookup.
Event: 3.577 Thread 0x00007faef480a000 Exception <a 'java/lang/NullPointerException'> (0x00000007956a4ce8) thrown at [/Users/java_re/workspace/8-2-build-macosx-x86_64/jdk8u131/8869/hotspot/src/share/vm/interpreter/linkResolver.cpp, line 1197]
Event: 4.286 Thread 0x00007faef4b73800 Exception <a 'java/io/FileNotFoundException'> (0x00000007961670d8) thrown at [/Users/java_re/workspace/8-2-build-macosx-x86_64/jdk8u131/8869/hotspot/src/share/vm/prims/jni.cpp, line 709]
Event: 4.286 Thread 0x00007faef4b73800 Exception <a 'java/io/FileNotFoundException'> (0x000000079616eb18) thrown at [/Users/java_re/workspace/8-2-build-macosx-x86_64/jdk8u131/8869/hotspot/src/share/vm/prims/jni.cpp, line 709]
Event: 4.287 Thread 0x00007faef4b73800 Implicit null exception at 0x0000000110d95a76 to 0x0000000110d95e41
Event: 4.926 Thread 0x00007faef4b73800 Implicit null exception at 0x0000000110f84b86 to 0x0000000110f84dcd
Event: 5.006 Thread 0x00007faef48c8000 Implicit null exception at 0x0000000110d96675 to 0x0000000110d96a39

Events (10 events):
Event: 32.831 Executing VM operation: Deoptimize
Event: 32.832 Executing VM operation: Deoptimize done
Event: 32.832 loading class java/awt/Toolkit$ToolkitEventMulticaster
Event: 32.832 loading class java/awt/Toolkit$ToolkitEventMulticaster done
Event: 32.833 Thread 0x00007faef3a75000 Thread exited: 0x00007faef3a75000
Event: 32.833 Thread 0x00007faef3f4c000 Uncommon trap: trap_request=0xffffff86 fr.pc=0x00000001112114dc
Event: 32.833 Thread 0x00007faef3f4c000 DEOPT PACKING pc=0x00000001112114dc sp=0x000000019e0b57e0
Event: 32.833 Thread 0x00007faef3f4c000 DEOPT UNPACKING pc=0x0000000110ba8229 sp=0x000000019e0b57a0 mode 2
Event: 32.833 loading class java/awt/Window$1DisposeAction
Event: 32.833 loading class java/awt/Window$1DisposeAction done


Dynamic libraries:
0x0000000004bff000 	/System/Library/Frameworks/Cocoa.framework/Versions/A/Cocoa
0x0000000004bff000 	/System/Library/Frameworks/Security.framework/Versions/A/Security
0x0000000004bff000 	/System/Library/Frameworks/ApplicationServices.framework/Versions/A/ApplicationServices
0x0000000004bff000 	/usr/lib/libz.1.dylib
0x0000000004bff000 	/usr/lib/libSystem.B.dylib
0x0000000004bff000 	/usr/lib/libobjc.A.dylib
0x0000000004bff000 	/System/Library/Frameworks/CoreFoundation.framework/Versions/A/CoreFoundation
0x0000000004bff000 	/System/Library/Frameworks/Foundation.framework/Versions/C/Foundation
0x0000000004bff000 	/System/Library/Frameworks/AppKit.framework/Versions/C/AppKit
0x0000000004bff000 	/System/Library/Frameworks/CoreData.framework/Versions/A/CoreData
0x0000000004bff000 	/System/Library/PrivateFrameworks/RemoteViewServices.framework/Versions/A/RemoteViewServices
0x0000000004bff000 	/System/Library/PrivateFrameworks/UIFoundation.framework/Versions/A/UIFoundation
0x0000000004bff000 	/System/Library/Frameworks/IOSurface.framework/Versions/A/IOSurface
0x0000000004bff000 	/System/Library/Frameworks/AudioToolbox.framework/Versions/A/AudioToolbox
0x0000000004bff000 	/System/Library/Frameworks/AudioUnit.framework/Versions/A/AudioUnit
0x0000000004bff000 	/System/Library/PrivateFrameworks/DataDetectorsCore.framework/Versions/A/DataDetectorsCore
0x0000000004bff000 	/System/Library/PrivateFrameworks/DesktopServicesPriv.framework/Versions/A/DesktopServicesPriv
0x0000000004bff000 	/System/Library/Frameworks/Carbon.framework/Versions/A/Frameworks/HIToolbox.framework/Versions/A/HIToolbox
0x0000000004bff000 	/System/Library/Frameworks/QuartzCore.framework/Versions/A/QuartzCore
0x0000000004bff000 	/System/Library/Frameworks/Carbon.framework/Versions/A/Frameworks/SpeechRecognition.framework/Versions/A/SpeechRecognition
0x0000000004bff000 	/usr/lib/libauto.dylib
0x0000000004bff000 	/usr/lib/libicucore.A.dylib
0x0000000004bff000 	/usr/lib/libxml2.2.dylib
0x0000000004bff000 	/System/Library/PrivateFrameworks/CoreUI.framework/Versions/A/CoreUI
0x0000000004bff000 	/System/Library/Frameworks/CoreAudio.framework/Versions/A/CoreAudio
0x0000000004bff000 	/System/Library/Frameworks/DiskArbitration.framework/Versions/A/DiskArbitration
0x0000000004bff000 	/usr/lib/liblangid.dylib
0x0000000004bff000 	/System/Library/PrivateFrameworks/MultitouchSupport.framework/Versions/A/MultitouchSupport
0x0000000004bff000 	/System/Library/Frameworks/IOKit.framework/Versions/A/IOKit
0x0000000004bff000 	/usr/lib/libDiagnosticMessagesClient.dylib
0x0000000004bff000 	/System/Library/Frameworks/CoreServices.framework/Versions/A/CoreServices
0x0000000004bff000 	/System/Library/PrivateFrameworks/PerformanceAnalysis.framework/Versions/A/PerformanceAnalysis
0x0000000004bff000 	/System/Library/PrivateFrameworks/GenerationalStorage.framework/Versions/A/GenerationalStorage
0x0000000004bff000 	/System/Library/Frameworks/OpenGL.framework/Versions/A/OpenGL
0x0000000004bff000 	/System/Library/PrivateFrameworks/Sharing.framework/Versions/A/Sharing
0x0000000004bff000 	/System/Library/Frameworks/CoreGraphics.framework/Versions/A/CoreGraphics
0x0000000004bff000 	/System/Library/Frameworks/CoreText.framework/Versions/A/CoreText
0x0000000004bff000 	/System/Library/Frameworks/ImageIO.framework/Versions/A/ImageIO
0x0000000004bff000 	/usr/lib/libextension.dylib
0x0000000004bff000 	/System/Library/PrivateFrameworks/Backup.framework/Versions/A/Backup
0x0000000004bff000 	/usr/lib/libarchive.2.dylib
0x0000000004bff000 	/System/Library/Frameworks/CFNetwork.framework/Versions/A/CFNetwork
0x0000000004bff000 	/System/Library/Frameworks/SystemConfiguration.framework/Versions/A/SystemConfiguration
0x0000000004bff000 	/usr/lib/libCRFSuite.dylib
0x0000000004bff000 	/usr/lib/libc++.1.dylib
0x0000000004bff000 	/usr/lib/libc++abi.dylib
0x0000000004bff000 	/usr/lib/system/libcache.dylib
0x0000000004bff000 	/usr/lib/system/libcommonCrypto.dylib
0x0000000004bff000 	/usr/lib/system/libcompiler_rt.dylib
0x0000000004bff000 	/usr/lib/system/libcopyfile.dylib
0x0000000004bff000 	/usr/lib/system/libcorecrypto.dylib
0x0000000004bff000 	/usr/lib/system/libdispatch.dylib
0x0000000004bff000 	/usr/lib/system/libdyld.dylib
0x0000000004bff000 	/usr/lib/system/libkeymgr.dylib
0x0000000004bff000 	/usr/lib/system/liblaunch.dylib
0x0000000004bff000 	/usr/lib/system/libmacho.dylib
0x0000000004bff000 	/usr/lib/system/libquarantine.dylib
0x0000000004bff000 	/usr/lib/system/libremovefile.dylib
0x0000000004bff000 	/usr/lib/system/libsystem_asl.dylib
0x0000000004bff000 	/usr/lib/system/libsystem_blocks.dylib
0x0000000004bff000 	/usr/lib/system/libsystem_c.dylib
0x0000000004bff000 	/usr/lib/system/libsystem_configuration.dylib
0x0000000004bff000 	/usr/lib/system/libsystem_coreservices.dylib
0x0000000004bff000 	/usr/lib/system/libsystem_coretls.dylib
0x0000000004bff000 	/usr/lib/system/libsystem_dnssd.dylib
0x0000000004bff000 	/usr/lib/system/libsystem_info.dylib
0x0000000004bff000 	/usr/lib/system/libsystem_kernel.dylib
0x0000000004bff000 	/usr/lib/system/libsystem_m.dylib
0x0000000004bff000 	/usr/lib/system/libsystem_malloc.dylib
0x0000000004bff000 	/usr/lib/system/libsystem_network.dylib
0x0000000004bff000 	/usr/lib/system/libsystem_networkextension.dylib
0x0000000004bff000 	/usr/lib/system/libsystem_notify.dylib
0x0000000004bff000 	/usr/lib/system/libsystem_platform.dylib
0x0000000004bff000 	/usr/lib/system/libsystem_pthread.dylib
0x0000000004bff000 	/usr/lib/system/libsystem_sandbox.dylib
0x0000000004bff000 	/usr/lib/system/libsystem_secinit.dylib
0x0000000004bff000 	/usr/lib/system/libsystem_stats.dylib
0x0000000004bff000 	/usr/lib/system/libsystem_trace.dylib
0x0000000004bff000 	/usr/lib/system/libunc.dylib
0x0000000004bff000 	/usr/lib/system/libunwind.dylib
0x0000000004bff000 	/usr/lib/system/libxpc.dylib
0x0000000004bff000 	/usr/lib/libbz2.1.0.dylib
0x0000000004bff000 	/usr/lib/liblzma.5.dylib
0x0000000004bff000 	/usr/lib/libbsm.0.dylib
0x0000000004bff000 	/usr/lib/libsqlite3.dylib
0x0000000004bff000 	/usr/lib/system/libkxld.dylib
0x0000000004bff000 	/usr/lib/libxar.1.dylib
0x0000000004bff000 	/usr/lib/libpam.2.dylib
0x0000000004bff000 	/usr/lib/libOpenScriptingUtil.dylib
0x0000000004bff000 	/System/Library/Frameworks/CoreServices.framework/Versions/A/Frameworks/FSEvents.framework/Versions/A/FSEvents
0x0000000004bff000 	/System/Library/Frameworks/CoreServices.framework/Versions/A/Frameworks/CarbonCore.framework/Versions/A/CarbonCore
0x0000000004bff000 	/System/Library/Frameworks/CoreServices.framework/Versions/A/Frameworks/Metadata.framework/Versions/A/Metadata
0x0000000004bff000 	/System/Library/Frameworks/CoreServices.framework/Versions/A/Frameworks/OSServices.framework/Versions/A/OSServices
0x0000000004bff000 	/System/Library/Frameworks/CoreServices.framework/Versions/A/Frameworks/SearchKit.framework/Versions/A/SearchKit
0x0000000004bff000 	/System/Library/Frameworks/CoreServices.framework/Versions/A/Frameworks/AE.framework/Versions/A/AE
0x0000000004bff000 	/System/Library/Frameworks/CoreServices.framework/Versions/A/Frameworks/LaunchServices.framework/Versions/A/LaunchServices
0x0000000004bff000 	/System/Library/Frameworks/CoreServices.framework/Versions/A/Frameworks/DictionaryServices.framework/Versions/A/DictionaryServices
0x0000000004bff000 	/System/Library/Frameworks/NetFS.framework/Versions/A/NetFS
0x0000000004bff000 	/System/Library/PrivateFrameworks/NetAuth.framework/Versions/A/NetAuth
0x0000000004bff000 	/System/Library/PrivateFrameworks/login.framework/Versions/A/Frameworks/loginsupport.framework/Versions/A/loginsupport
0x0000000004bff000 	/System/Library/PrivateFrameworks/TCC.framework/Versions/A/TCC
0x0000000004bff000 	/usr/lib/libmecabra.dylib
0x0000000004bff000 	/System/Library/Frameworks/ApplicationServices.framework/Versions/A/Frameworks/ATS.framework/Versions/A/ATS
0x0000000004bff000 	/System/Library/Frameworks/ApplicationServices.framework/Versions/A/Frameworks/ColorSync.framework/Versions/A/ColorSync
0x0000000004bff000 	/System/Library/Frameworks/ApplicationServices.framework/Versions/A/Frameworks/HIServices.framework/Versions/A/HIServices
0x0000000004bff000 	/System/Library/Frameworks/ApplicationServices.framework/Versions/A/Frameworks/LangAnalysis.framework/Versions/A/LangAnalysis
0x0000000004bff000 	/System/Library/Frameworks/ApplicationServices.framework/Versions/A/Frameworks/PrintCore.framework/Versions/A/PrintCore
0x0000000004bff000 	/System/Library/Frameworks/ApplicationServices.framework/Versions/A/Frameworks/QD.framework/Versions/A/QD
0x0000000004bff000 	/System/Library/Frameworks/ApplicationServices.framework/Versions/A/Frameworks/SpeechSynthesis.framework/Versions/A/SpeechSynthesis
0x0000000004bff000 	/System/Library/Frameworks/Accelerate.framework/Versions/A/Accelerate
0x0000000004bff000 	/System/Library/Frameworks/Accelerate.framework/Versions/A/Frameworks/vImage.framework/Versions/A/vImage
0x0000000004bff000 	/System/Library/Frameworks/Accelerate.framework/Versions/A/Frameworks/vecLib.framework/Versions/A/vecLib
0x0000000004bff000 	/System/Library/Frameworks/Accelerate.framework/Versions/A/Frameworks/vecLib.framework/Versions/A/libvDSP.dylib
0x0000000004bff000 	/System/Library/Frameworks/Accelerate.framework/Versions/A/Frameworks/vecLib.framework/Versions/A/libvMisc.dylib
0x0000000004bff000 	/System/Library/Frameworks/Accelerate.framework/Versions/A/Frameworks/vecLib.framework/Versions/A/libLAPACK.dylib
0x0000000004bff000 	/System/Library/Frameworks/Accelerate.framework/Versions/A/Frameworks/vecLib.framework/Versions/A/libBLAS.dylib
0x0000000004bff000 	/System/Library/Frameworks/Accelerate.framework/Versions/A/Frameworks/vecLib.framework/Versions/A/libLinearAlgebra.dylib
0x0000000004bff000 	/System/Library/Frameworks/ApplicationServices.framework/Versions/A/Frameworks/ATS.framework/Versions/A/Resources/libFontParser.dylib
0x0000000004bff000 	/System/Library/Frameworks/ApplicationServices.framework/Versions/A/Frameworks/ATS.framework/Versions/A/Resources/libFontRegistry.dylib
0x0000000004bff000 	/System/Library/PrivateFrameworks/AppleVPA.framework/Versions/A/AppleVPA
0x0000000004bff000 	/System/Library/PrivateFrameworks/AppleJPEG.framework/Versions/A/AppleJPEG
0x0000000004bff000 	/System/Library/Frameworks/ImageIO.framework/Versions/A/Resources/libJPEG.dylib
0x0000000004bff000 	/System/Library/Frameworks/ImageIO.framework/Versions/A/Resources/libTIFF.dylib
0x0000000004bff000 	/System/Library/Frameworks/ImageIO.framework/Versions/A/Resources/libPng.dylib
0x0000000004bff000 	/System/Library/Frameworks/ImageIO.framework/Versions/A/Resources/libGIF.dylib
0x0000000004bff000 	/System/Library/Frameworks/ImageIO.framework/Versions/A/Resources/libJP2.dylib
0x0000000004bff000 	/System/Library/Frameworks/ImageIO.framework/Versions/A/Resources/libRadiance.dylib
0x0000000004bff000 	/System/Library/Frameworks/CoreVideo.framework/Versions/A/CoreVideo
0x0000000004bff000 	/System/Library/Frameworks/OpenGL.framework/Versions/A/Libraries/libGLU.dylib
0x0000000004bff000 	/System/Library/Frameworks/OpenGL.framework/Versions/A/Libraries/libGFXShared.dylib
0x0000000004bff000 	/System/Library/Frameworks/OpenGL.framework/Versions/A/Libraries/libGL.dylib
0x0000000004bff000 	/System/Library/Frameworks/OpenGL.framework/Versions/A/Libraries/libGLImage.dylib
0x0000000004bff000 	/System/Library/Frameworks/OpenGL.framework/Versions/A/Libraries/libCVMSPluginSupport.dylib
0x0000000004bff000 	/System/Library/Frameworks/OpenGL.framework/Versions/A/Libraries/libCoreVMClient.dylib
0x0000000004bff000 	/usr/lib/libcups.2.dylib
0x0000000004bff000 	/System/Library/Frameworks/Kerberos.framework/Versions/A/Kerberos
0x0000000004bff000 	/System/Library/Frameworks/GSS.framework/Versions/A/GSS
0x0000000004bff000 	/usr/lib/libresolv.9.dylib
0x0000000004bff000 	/usr/lib/libiconv.2.dylib
0x0000000004bff000 	/System/Library/PrivateFrameworks/Heimdal.framework/Versions/A/Heimdal
0x0000000004bff000 	/usr/lib/libheimdal-asn1.dylib
0x0000000004bff000 	/System/Library/Frameworks/OpenDirectory.framework/Versions/A/OpenDirectory
0x0000000004bff000 	/System/Library/PrivateFrameworks/CommonAuth.framework/Versions/A/CommonAuth
0x0000000004bff000 	/System/Library/Frameworks/OpenDirectory.framework/Versions/A/Frameworks/CFOpenDirectory.framework/Versions/A/CFOpenDirectory
0x0000000004bff000 	/System/Library/Frameworks/SecurityFoundation.framework/Versions/A/SecurityFoundation
0x0000000004bff000 	/System/Library/PrivateFrameworks/LanguageModeling.framework/Versions/A/LanguageModeling
0x0000000004bff000 	/usr/lib/libcmph.dylib
0x0000000004bff000 	/System/Library/Frameworks/ServiceManagement.framework/Versions/A/ServiceManagement
0x0000000004bff000 	/usr/lib/libxslt.1.dylib
0x0000000004bff000 	/System/Library/Frameworks/Carbon.framework/Versions/A/Frameworks/Ink.framework/Versions/A/Ink
0x0000000004bff000 	/System/Library/Frameworks/QuartzCore.framework/Versions/A/Frameworks/CoreImage.framework/Versions/A/CoreImage
0x0000000004bff000 	/System/Library/PrivateFrameworks/CrashReporterSupport.framework/Versions/A/CrashReporterSupport
0x0000000004bff000 	/System/Library/Frameworks/OpenCL.framework/Versions/A/OpenCL
0x0000000004bff000 	/System/Library/PrivateFrameworks/FaceCore.framework/Versions/A/FaceCore
0x0000000004bff000 	/System/Library/PrivateFrameworks/Ubiquity.framework/Versions/A/Ubiquity
0x0000000004bff000 	/System/Library/PrivateFrameworks/IconServices.framework/Versions/A/IconServices
0x0000000004bff000 	/System/Library/PrivateFrameworks/ChunkingLibrary.framework/Versions/A/ChunkingLibrary
0x0000000004bff000 	/System/Library/PrivateFrameworks/Apple80211.framework/Versions/A/Apple80211
0x0000000004bff000 	/System/Library/Frameworks/CoreWLAN.framework/Versions/A/CoreWLAN
0x0000000004bff000 	/System/Library/Frameworks/IOBluetooth.framework/Versions/A/IOBluetooth
0x0000000004bff000 	/System/Library/PrivateFrameworks/CoreWiFi.framework/Versions/A/CoreWiFi
0x0000000004bff000 	/System/Library/Frameworks/CoreBluetooth.framework/Versions/A/CoreBluetooth
0x0000000004bff000 	/System/Library/PrivateFrameworks/DebugSymbols.framework/Versions/A/DebugSymbols
0x0000000004bff000 	/System/Library/PrivateFrameworks/CoreSymbolication.framework/Versions/A/CoreSymbolication
0x0000000004bff000 	/System/Library/PrivateFrameworks/Symbolication.framework/Versions/A/Symbolication
0x0000000004bff000 	/System/Library/PrivateFrameworks/SpeechRecognitionCore.framework/Versions/A/SpeechRecognitionCore
0x000000010fc00000 	/Library/Java/JavaVirtualMachines/jdk1.8.0_131.jdk/Contents/Home/jre/lib/server/libjvm.dylib
0x0000000004bff000 	/usr/lib/libstdc++.6.dylib
0x000000010f348000 	/Library/Java/JavaVirtualMachines/jdk1.8.0_131.jdk/Contents/Home/jre/lib/libverify.dylib
0x000000010f356000 	/Library/Java/JavaVirtualMachines/jdk1.8.0_131.jdk/Contents/Home/jre/lib/libjava.dylib
0x000000010f395000 	/Library/Java/JavaVirtualMachines/jdk1.8.0_131.jdk/Contents/Home/jre/lib/libzip.dylib
0x0000000126bcb000 	/System/Library/Frameworks/JavaVM.framework/Frameworks/JavaRuntimeSupport.framework/JavaRuntimeSupport
0x0000000126be3000 	/System/Library/Frameworks/JavaVM.framework/Versions/A/Frameworks/JavaNativeFoundation.framework/Versions/A/JavaNativeFoundation
0x000000010f3ef000 	/System/Library/Frameworks/JavaVM.framework/Versions/A/JavaVM
0x0000000004bff000 	/System/Library/Frameworks/Carbon.framework/Versions/A/Carbon
0x0000000126bf8000 	/System/Library/PrivateFrameworks/JavaLaunching.framework/Versions/A/JavaLaunching
0x0000000004bff000 	/System/Library/Frameworks/Carbon.framework/Versions/A/Frameworks/CommonPanels.framework/Versions/A/CommonPanels
0x0000000004bff000 	/System/Library/Frameworks/Carbon.framework/Versions/A/Frameworks/Help.framework/Versions/A/Help
0x0000000004bff000 	/System/Library/Frameworks/Carbon.framework/Versions/A/Frameworks/ImageCapture.framework/Versions/A/ImageCapture
0x0000000004bff000 	/System/Library/Frameworks/Carbon.framework/Versions/A/Frameworks/OpenScripting.framework/Versions/A/OpenScripting
0x0000000004bff000 	/System/Library/Frameworks/Carbon.framework/Versions/A/Frameworks/Print.framework/Versions/A/Print
0x0000000004bff000 	/System/Library/Frameworks/Carbon.framework/Versions/A/Frameworks/SecurityHI.framework/Versions/A/SecurityHI
0x0000000128b2b000 	/Library/Java/JavaVirtualMachines/jdk1.8.0_131.jdk/Contents/Home/jre/lib/libawt.dylib
0x0000000128bd3000 	/Library/Java/JavaVirtualMachines/jdk1.8.0_131.jdk/Contents/Home/jre/lib/./libmlib_image.dylib
0x0000000128c9f000 	/Library/Java/JavaVirtualMachines/jdk1.8.0_131.jdk/Contents/Home/jre/lib/libawt_lwawt.dylib
0x0000000128d56000 	/Library/Java/JavaVirtualMachines/jdk1.8.0_131.jdk/Contents/Home/jre/lib/./libosxapp.dylib
0x0000000004bff000 	/System/Library/Frameworks/ExceptionHandling.framework/Versions/A/ExceptionHandling
0x0000000004bff000 	/System/Library/PrivateFrameworks/CoreServicesInternal.framework/Versions/A/CoreServicesInternal
0x0000000004bff000 	/System/Library/PrivateFrameworks/CloudDocs.framework/Versions/A/CloudDocs
0x0000000004bff000 	/System/Library/PrivateFrameworks/CoreDuet.framework/Versions/A/CoreDuet
0x0000000004bff000 	/System/Library/Frameworks/CloudKit.framework/Versions/A/CloudKit
0x0000000004bff000 	/System/Library/PrivateFrameworks/ProtocolBuffer.framework/Versions/A/ProtocolBuffer
0x0000000004bff000 	/System/Library/PrivateFrameworks/CoreDuetDaemonProtocol.framework/Versions/A/CoreDuetDaemonProtocol
0x0000000004bff000 	/System/Library/PrivateFrameworks/CoreDuetDebugLogging.framework/Versions/A/CoreDuetDebugLogging
0x0000000004bff000 	/System/Library/PrivateFrameworks/MMCS.framework/Versions/A/MMCS
0x0000000004bff000 	/System/Library/Frameworks/CoreLocation.framework/Versions/A/CoreLocation
0x0000000004bff000 	/System/Library/PrivateFrameworks/ProtectedCloudStorage.framework/Versions/A/ProtectedCloudStorage
0x0000000004bff000 	/System/Library/PrivateFrameworks/GeoServices.framework/Versions/A/GeoServices
0x000000012a653000 	/System/Library/Frameworks/CoreGraphics.framework/Versions/A/Resources/libCGCMS.A.dylib
0x000000012b436000 	/System/Library/Frameworks/CoreGraphics.framework/Versions/A/Resources/libRIP.A.dylib
0x000000012b76e000 	/System/Library/Frameworks/CoreGraphics.framework/Versions/A/Resources/libCGXType.A.dylib
0x0000000004bff000 	/System/Library/Frameworks/OpenCL.framework/Versions/A/Libraries/libcldcpuengine.dylib
0x0000000004bff000 	/System/Library/PrivateFrameworks/DiskImages.framework/Versions/A/DiskImages
0x0000000004bff000 	/System/Library/Frameworks/DiscRecording.framework/Versions/A/DiscRecording
0x0000000004bff000 	/usr/lib/libcsfde.dylib
0x0000000004bff000 	/usr/lib/libcurl.4.dylib
0x0000000004bff000 	/System/Library/PrivateFrameworks/MediaKit.framework/Versions/A/MediaKit
0x0000000004bff000 	/usr/lib/libCoreStorage.dylib
0x0000000004bff000 	/System/Library/PrivateFrameworks/EFILogin.framework/Versions/A/EFILogin
0x0000000004bff000 	/usr/lib/libutil.dylib
0x0000000004bff000 	/System/Library/PrivateFrameworks/FindMyDevice.framework/Versions/A/FindMyDevice
0x0000000004bff000 	/System/Library/Frameworks/LDAP.framework/Versions/A/LDAP
0x0000000004bff000 	/usr/lib/libsasl2.2.dylib
0x0000000004bff000 	/System/Library/PrivateFrameworks/CoreDaemon.framework/Versions/B/CoreDaemon
0x0000000004bff000 	/usr/lib/libcrypto.0.9.8.dylib
0x0000000004bff000 	/System/Library/PrivateFrameworks/AppleSRP.framework/Versions/A/AppleSRP
0x0000000004bff000 	/System/Library/PrivateFrameworks/TrustEvaluationAgent.framework/Versions/A/TrustEvaluationAgent
0x000000012c1e1000 	cl_kernels
0x000000012c1e3000 	/System/Library/Frameworks/OpenCL.framework/Versions/A/Libraries/ImageFormats/unorm8_bgra.dylib
0x000000012c1d3000 	cl_kernels
0x0000000004bff000 	/System/Library/PrivateFrameworks/FamilyControls.framework/Versions/A/FamilyControls
0x0000000004bff000 	/System/Library/PrivateFrameworks/CommerceKit.framework/Versions/A/Frameworks/CommerceCore.framework/Versions/A/CommerceCore
0x0000000004bff000 	/System/Library/PrivateFrameworks/SystemAdministration.framework/Versions/A/SystemAdministration
0x0000000004bff000 	/System/Library/PrivateFrameworks/AppContainer.framework/Versions/A/AppContainer
0x0000000004bff000 	/System/Library/PrivateFrameworks/SecCodeWrapper.framework/Versions/A/SecCodeWrapper
0x0000000004bff000 	/System/Library/Frameworks/DirectoryService.framework/Versions/A/DirectoryService
0x0000000004bff000 	/System/Library/PrivateFrameworks/LoginUIKit.framework/Versions/A/Frameworks/LoginUICore.framework/Versions/A/LoginUICore
0x0000000004bff000 	/usr/lib/libodfde.dylib
0x000000012d61b000 	/System/Library/Frameworks/OpenGL.framework/Resources/GLEngine.bundle/GLEngine
0x0000000004bff000 	/System/Library/Frameworks/OpenGL.framework/Versions/A/Libraries/libGLProgrammability.dylib
0x000000012d806000 	/System/Library/Extensions/AppleIntelHD4000GraphicsGLDriver.bundle/Contents/MacOS/AppleIntelHD4000GraphicsGLDriver
0x0000000004bff000 	/System/Library/PrivateFrameworks/IOAccelerator.framework/Versions/A/IOAccelerator
0x0000000004bff000 	/System/Library/PrivateFrameworks/GPUSupport.framework/Versions/A/Libraries/libGPUSupportMercury.dylib
0x000000012de65000 	/System/Library/Frameworks/OpenGL.framework/Resources//GLRendererFloat.bundle/GLRendererFloat
0x000000012ecb2000 	/Library/Java/JavaVirtualMachines/jdk1.8.0_131.jdk/Contents/Home/jre/lib/libfontmanager.dylib
0x0000000130060000 	/Library/Java/JavaVirtualMachines/jdk1.8.0_131.jdk/Contents/Home/jre/lib/libosxui.dylib
0x0000000130123000 	/Library/Java/JavaVirtualMachines/jdk1.8.0_131.jdk/Contents/Home/jre/lib/libnet.dylib
0x000000013031d000 	/Library/Java/JavaVirtualMachines/jdk1.8.0_131.jdk/Contents/Home/jre/lib/libnio.dylib
0x0000000004bff000 	/System/Library/Frameworks/ApplicationServices.framework/Versions/A/Frameworks/ATS.framework/Versions/A/Resources/libTrueTypeScaler.dylib
0x000000018f266000 	/private/var/folders/1w/_vhdnh917gsgl0z3c94cp27w0000gn/T/jogamp_0000/file_cache/jln6305486151827873078/jln4119278250276903050/libgluegen-rt.jnilib
0x000000018f263000 	/private/var/folders/1w/_vhdnh917gsgl0z3c94cp27w0000gn/T/jogamp_0000/file_cache/jln6305486151827873078/jln4119278250276903050/libnativewindow_awt.jnilib
0x000000018f26a000 	/Library/Java/JavaVirtualMachines/jdk1.8.0_131.jdk/Contents/Home/jre/lib/libjawt.dylib
0x000000018f26d000 	/private/var/folders/1w/_vhdnh917gsgl0z3c94cp27w0000gn/T/jogamp_0000/file_cache/jln6305486151827873078/jln4119278250276903050/libnativewindow_macosx.jnilib
0x000000018fa6e000 	/private/var/folders/1w/_vhdnh917gsgl0z3c94cp27w0000gn/T/jogamp_0000/file_cache/jln6305486151827873078/jln4119278250276903050/libjogl_desktop.jnilib
0x000000018f53d000 	/Library/Java/JavaVirtualMachines/jdk1.8.0_131.jdk/Contents/Home/jre/lib/libt2k.dylib

VM Arguments:
jvm_args: -Djava.security.policy=java.policy.applet -Dfile.encoding=UTF-8 
java_command: sun.applet.AppletViewer module5.EarthquakeCityMap1494103059702.html
java_class_path (initial): /Users/dongpei/Desktop/Java/UCSD_OOinJava/UCSDUnfoldingMaps/build:/Users/dongpei/Desktop/Java/UCSD_OOinJava/UCSDUnfoldingMaps/lib/core.jar:/Users/dongpei/Desktop/Java/UCSD_OOinJava/UCSDUnfoldingMaps/lib/gluegen-rt.jar:/Users/dongpei/Desktop/Java/UCSD_OOinJava/UCSDUnfoldingMaps/lib/jogl-all.jar:/Users/dongpei/Desktop/Java/UCSD_OOinJava/UCSDUnfoldingMaps/lib/log4j-1.2.15.jar:/Users/dongpei/Desktop/Java/UCSD_OOinJava/UCSDUnfoldingMaps/lib/sqlite-jdbc-3.7.2.jar:/Users/dongpei/Desktop/Java/UCSD_OOinJava/UCSDUnfoldingMaps/lib/json4processing.jar:/Users/dongpei/Desktop/Java/UCSD_OOinJava/UCSDUnfoldingMaps/lib/libTUIO.jar:/Users/dongpei/Desktop/Java/UCSD_OOinJava/UCSDUnfoldingMaps/lib/unfolding.0.9.7-uscd.jar
Launcher Type: SUN_STANDARD

Environment Variables:
PATH=/usr/bin:/bin:/usr/sbin:/sbin
SHELL=/bin/bash
DISPLAY=/private/tmp/com.apple.launchd.uIYdWOxu9w/org.macosforge.xquartz:0

Signal Handlers:
SIGSEGV: [libjvm.dylib+0x5b1eb1], sa_mask[0]=11111111011111110111111111111111, sa_flags=SA_ONSTACK|SA_RESTART|SA_SIGINFO
SIGBUS: [libjvm.dylib+0x5b1eb1], sa_mask[0]=11111111011111110111111111111111, sa_flags=SA_RESTART|SA_SIGINFO
SIGFPE: [libjvm.dylib+0x488988], sa_mask[0]=11111111011111110111111111111111, sa_flags=SA_RESTART|SA_SIGINFO
SIGPIPE: [libjvm.dylib+0x488988], sa_mask[0]=11111111011111110111111111111111, sa_flags=SA_RESTART|SA_SIGINFO
SIGXFSZ: [libjvm.dylib+0x488988], sa_mask[0]=11111111011111110111111111111111, sa_flags=SA_RESTART|SA_SIGINFO
SIGILL: [libjvm.dylib+0x488988], sa_mask[0]=11111111011111110111111111111111, sa_flags=SA_RESTART|SA_SIGINFO
SIGUSR1: SIG_DFL, sa_mask[0]=00000000000000000000000000000000, sa_flags=none
SIGUSR2: [libjvm.dylib+0x4884a6], sa_mask[0]=00100000000000000000000000000000, sa_flags=SA_RESTART|SA_SIGINFO
SIGHUP: [libjvm.dylib+0x486a7d], sa_mask[0]=11111111011111110111111111111111, sa_flags=SA_RESTART|SA_SIGINFO
SIGINT: [libjvm.dylib+0x486a7d], sa_mask[0]=11111111011111110111111111111111, sa_flags=SA_RESTART|SA_SIGINFO
SIGTERM: [libjvm.dylib+0x486a7d], sa_mask[0]=11111111011111110111111111111111, sa_flags=SA_RESTART|SA_SIGINFO
SIGQUIT: [libjvm.dylib+0x486a7d], sa_mask[0]=11111111011111110111111111111111, sa_flags=SA_RESTART|SA_SIGINFO


---------------  S Y S T E M  ---------------

OS:Bsduname:Darwin 14.5.0 Darwin Kernel Version 14.5.0: Sun Sep 25 22:07:15 PDT 2016; root:xnu-2782.50.9~1/RELEASE_X86_64 x86_64
rlimit: STACK 8192k, CORE 0k, NPROC 709, NOFILE 10240, AS infinity
load average:1.43 1.39 1.29

CPU:total 4 (initial active 4) (2 cores per cpu, 2 threads per core) family 6 model 58 stepping 9, cmov, cx8, fxsr, mmx, sse, sse2, sse3, ssse3, sse4.1, sse4.2, popcnt, avx, aes, clmul, erms, ht, tsc, tscinvbit, tscinv

Memory: 4k page, physical 8388608k(171844k free)

/proc/meminfo:


vm_info: Java HotSpot(TM) 64-Bit Server VM (25.131-b11) for bsd-amd64 JRE (1.8.0_131-b11), built on Mar 15 2017 01:32:22 by "java_re" with gcc 4.2.1 (Based on Apple Inc. build 5658) (LLVM build 2336.11.00)

time: Sat May  6 15:38:12 2017
elapsed time: 32 seconds (0d 0h 0m 32s)

