#
# A fatal error has been detected by the Java Runtime Environment:
#
#  SIGSEGV (0xb) at pc=0x00007fff931240dd, pid=39795, tid=0x0000000000000713
#
# JRE version: Java(TM) SE Runtime Environment (8.0_131-b11) (build 1.8.0_131-b11)
# Java VM: Java HotSpot(TM) 64-Bit Server VM (25.131-b11 mixed mode bsd-amd64 compressed oops)
# Problematic frame:
# C  [libobjc.A.dylib+0x10dd]  objc_msgSend+0x1d
#
# Failed to write core dump. Core dumps have been disabled. To enable core dumping, try "ulimit -c unlimited" before starting Java again
#
# If you would like to submit a bug report, please visit:
#   http://bugreport.java.com/bugreport/crash.jsp
# The crash happened outside the Java Virtual Machine in native code.
# See problematic frame for where to report the bug.
#

---------------  T H R E A D  ---------------

Current thread (0x00007fc8ca9e0800):  JavaThread "AWT-AppKit" daemon [_thread_in_native, id=1811, stack(0x00007fff529e4000,0x00007fff531e4000)]

siginfo: si_signo: 11 (SIGSEGV), si_code: 1 (SEGV_MAPERR), si_addr: 0x0000000000000018

Registers:
RAX=0x00007fc8d17b7d00, RBX=0x000000019450f450, RCX=0x00000001351f9fe0, RDX=0x000000013345c320
RSP=0x00007fff531df4f8, RBP=0x00007fff531df5b0, RSI=0x00007fff880d840f, RDI=0x00007fc8d1852000
R8 =0x0000000000000000, R9 =0x0000000000000f50, R10=0x00007fff880d840f, R11=0x0000000000000000
R12=0x0000000000000000, R13=0x0000000197f6d4b8, R14=0x000000019450f440, R15=0x00007fc8ca9e0800
RIP=0x00007fff931240dd, EFLAGS=0x0000000000010246, ERR=0x0000000000000004
  TRAPNO=0x000000000000000e

Top of Stack: (sp=0x00007fff531df4f8)
0x00007fff531df4f8:   000000019450d157 00007fff531df550
0x00007fff531df508:   0000000000000003 00007fff531df530
0x00007fff531df518:   000000010e7f36d2 0000000197f6d4b8
0x00007fff531df528:   0000000197f6d4b8 00007fc8d17b7d00
0x00007fff531df538:   000000019450f6a0 000000019450f710
0x00007fff531df548:   00007fff791a4550 00007fff786dfc80
0x00007fff531df558:   000000019450f450 000000019450f690
0x00007fff531df568:   00007fc8d17b7d00 00007fc8d1852000
0x00007fff531df578:   00007fc8cc93bc20 00007fc8d17b7d00
0x00007fff531df588:   00007fc8d1852000 00007fff531df638
0x00007fff531df598:   00007fc8ca9e09f8 0000000197f6d4b8
0x00007fff531df5a8:   00007fff531df660 00007fff531df628
0x00007fff531df5b8:   000000010f5cb9f4 0000000197f6d4b8
0x00007fff531df5c8:   00007fff531df660 00007fff531df628
0x00007fff531df5d8:   000000010f5cb787 000000010f5cb742
0x00007fff531df5e8:   00007fff531df5e8 0000000197f6d4b8
0x00007fff531df5f8:   00007fff531df660 0000000197f700f0
0x00007fff531df608:   0000000000000000 0000000197f6d4b8
0x00007fff531df618:   0000000000000000 00007fff531df648
0x00007fff531df628:   00007fff531df6a8 000000010f5bc2bd
0x00007fff531df638:   00000006c0e0d8d0 000000010f5c5538
0x00007fff531df648:   00007fc8d17b7d00 00007fff531df6a8
0x00007fff531df658:   00007fc8d1852000 000000010f5c6e02
0x00007fff531df668:   00007fff531df668 0000000197f6d682
0x00007fff531df678:   00007fff531df6d0 0000000197f700f0
0x00007fff531df688:   0000000000000000 0000000197f6d690
0x00007fff531df698:   00007fff531df648 00007fff531df6b8
0x00007fff531df6a8:   00007fff531df718 000000010f5bc2bd
0x00007fff531df6b8:   00007fc8d17b7d00 00000006c0e12380
0x00007fff531df6c8:   00007fc8d1852000 00000006c0e12380
0x00007fff531df6d8:   00007fff531df6d8 000000019c8d125e
0x00007fff531df6e8:   00007fff531df728 000000019c8d1318 

Instructions: (pc=0x00007fff931240dd)
0x00007fff931240bd:   00 00 00 48 85 ff 2e 74 7a 40 f6 c7 01 2e 75 7e
0x00007fff931240cd:   49 bb f8 ff ff ff ff 7f 00 00 4c 23 1f 49 89 f2
0x00007fff931240dd:   45 23 53 18 49 c1 e2 04 4d 03 53 10 49 3b 32 75
0x00007fff931240ed:   04 41 ff 62 08 49 83 3a 00 74 6a 4d 3b 53 10 74 

Register to memory mapping:

RAX=0x00007fc8d17b7d00 is an unknown value
RBX=0x000000019450f450: Java_jogamp_nativewindow_macosx_OSXUtil_GetScreenRefreshRate0+0x1cf0 in /private/var/folders/dw/m8mh704j5bl04j2yy8ymkxzxqkj2k0/T/jogamp_0000/file_cache/jln8521606252266771872/jln5338863348327025609/libnativewindow_macosx.jnilib at 0x0000000194508000
RCX=0x00000001351f9fe0 is an unknown value
RDX=0x000000013345c320 is an unknown value
RSP=0x00007fff531df4f8 is pointing into the stack for thread: 0x00007fc8ca9e0800
RBP=0x00007fff531df5b0 is pointing into the stack for thread: 0x00007fc8ca9e0800
RSI=0x00007fff880d840f is an unknown value
RDI=0x00007fc8d1852000 is an unknown value
R8 =0x0000000000000000 is an unknown value
R9 =0x0000000000000f50 is an unknown value
R10=0x00007fff880d840f is an unknown value
R11=0x0000000000000000 is an unknown value
R12=0x0000000000000000 is an unknown value
R13={method} {0x0000000197f6d4b8} 'UnsetJAWTRootSurfaceLayer0' '(JJ)V' in 'jogamp/nativewindow/jawt/macosx/MacOSXJAWTWindow'
R14=0x000000019450f440: Java_jogamp_nativewindow_macosx_OSXUtil_GetScreenRefreshRate0+0x1ce0 in /private/var/folders/dw/m8mh704j5bl04j2yy8ymkxzxqkj2k0/T/jogamp_0000/file_cache/jln8521606252266771872/jln5338863348327025609/libnativewindow_macosx.jnilib at 0x0000000194508000
R15=0x00007fc8ca9e0800 is a thread


Stack: [0x00007fff529e4000,0x00007fff531e4000],  sp=0x00007fff531df4f8,  free space=8173k
Native frames: (J=compiled Java code, j=interpreted, Vv=VM code, C=native code)
C  [libobjc.A.dylib+0x10dd]  objc_msgSend+0x1d
j  jogamp.nativewindow.jawt.macosx.MacOSXJAWTWindow.UnsetJAWTRootSurfaceLayer0(JJ)V+0
j  jogamp.nativewindow.jawt.macosx.MacOSXJAWTWindow.access$200(JJ)V+2
j  jogamp.nativewindow.jawt.macosx.MacOSXJAWTWindow$1.run()V+38
J 2816 C1 com.jogamp.common.util.RunnableTask.run()V (345 bytes) @ 0x00000001100b6234 [0x00000001100b60a0+0x194]
v  ~StubRoutines::call_stub
V  [libjvm.dylib+0x2ee5b6]  JavaCalls::call_helper(JavaValue*, methodHandle*, JavaCallArguments*, Thread*)+0x6ae
V  [libjvm.dylib+0x325765]  jni_invoke_nonstatic(JNIEnv_*, JavaValue*, _jobject*, JNICallType, _jmethodID*, JNI_ArgumentPusher*, Thread*)+0x2ec
V  [libjvm.dylib+0x317f33]  jni_CallVoidMethod+0x16b
C  [libnativewindow_macosx.jnilib+0x5326]  Java_jogamp_nativewindow_jawt_macosx_MacOSXJAWTWindow_UnsetJAWTRootSurfaceLayer0+0x2b6
C  [Foundation+0x92dd0]  __NSThreadPerformPerform+0x125
C  [CoreFoundation+0x80a01]  __CFRUNLOOP_IS_CALLING_OUT_TO_A_SOURCE0_PERFORM_FUNCTION__+0x11
C  [CoreFoundation+0x72b8d]  __CFRunLoopDoSources0+0x10d
C  [CoreFoundation+0x721bf]  __CFRunLoopRun+0x39f
C  [CoreFoundation+0x71bd8]  CFRunLoopRunSpecific+0x128
C  [HIToolbox+0x3256f]  RunCurrentEventLoopInMode+0xeb
C  [HIToolbox+0x321ee]  ReceiveNextEventCommon+0xb3
C  [HIToolbox+0x3212b]  _BlockUntilNextEventMatchingListInModeWithFilter+0x47
C  [AppKit+0x918ab]  _DPSNextEvent+0x3d2
C  [AppKit+0x90e58]  -[NSApplication nextEventMatchingMask:untilDate:inMode:dequeue:]+0x15a
C  [libosxapp.dylib+0x23aa]  -[NSApplicationAWT nextEventMatchingMask:untilDate:inMode:dequeue:]+0x7c
C  [AppKit+0x86af3]  -[NSApplication run]+0x252
C  [libosxapp.dylib+0x214d]  +[NSApplicationAWT runAWTLoopWithApp:]+0x9c
C  [libawt_lwawt.dylib+0x45edf]  -[AWTStarter starter:]+0x389
C  [Foundation+0x92dd0]  __NSThreadPerformPerform+0x125
C  [CoreFoundation+0x80a01]  __CFRUNLOOP_IS_CALLING_OUT_TO_A_SOURCE0_PERFORM_FUNCTION__+0x11
C  [CoreFoundation+0x72b8d]  __CFRunLoopDoSources0+0x10d
C  [CoreFoundation+0x721bf]  __CFRunLoopRun+0x39f
C  [CoreFoundation+0x71bd8]  CFRunLoopRunSpecific+0x128
C  [java+0x6465]  CreateExecutionEnvironment+0x367
C  [java+0x218c]  JLI_Launch+0x7a0
C  [java+0x84c2]  main+0x65
C  [java+0x19e4]  start+0x34
C  0x0000000000000007

Java frames: (J=compiled Java code, j=interpreted, Vv=VM code)
j  jogamp.nativewindow.jawt.macosx.MacOSXJAWTWindow.UnsetJAWTRootSurfaceLayer0(JJ)V+0
j  jogamp.nativewindow.jawt.macosx.MacOSXJAWTWindow.access$200(JJ)V+2
j  jogamp.nativewindow.jawt.macosx.MacOSXJAWTWindow$1.run()V+38
J 2816 C1 com.jogamp.common.util.RunnableTask.run()V (345 bytes) @ 0x00000001100b6234 [0x00000001100b60a0+0x194]
v  ~StubRoutines::call_stub

---------------  P R O C E S S  ---------------

Java Threads: ( => current thread )
  0x00007fc8c31fd000 JavaThread "Thread-20" [_thread_blocked, id=39699, stack(0x000000019b4cc000,0x000000019b5cc000)]
  0x00007fc8cc204000 JavaThread "Animation Thread" [_thread_blocked, id=60731, stack(0x00000001946ea000,0x00000001947ea000)]
  0x00007fc8ca803800 JavaThread "AWT-EventQueue-1" [_thread_in_native, id=61231, stack(0x0000000194d3c000,0x0000000194e3c000)]
  0x00007fc8cc1f7800 JavaThread "DestroyJavaVM" [_thread_blocked, id=4867, stack(0x000000010d4b4000,0x000000010d5b4000)]
  0x00007fc8cc155800 JavaThread "AWT-EventQueue-0" [_thread_blocked, id=58883, stack(0x00000001344d7000,0x00000001345d7000)]
  0x00007fc8cb1f0800 JavaThread "Java2D Disposer" daemon [_thread_blocked, id=55323, stack(0x0000000132d72000,0x0000000132e72000)]
  0x00007fc8cd874800 JavaThread "Java2D Queue Flusher" daemon [_thread_blocked, id=54023, stack(0x0000000131b00000,0x0000000131c00000)]
  0x00007fc8cd849000 JavaThread "AWT-Shutdown" [_thread_blocked, id=30483, stack(0x000000012e9d6000,0x000000012ead6000)]
=>0x00007fc8ca9e0800 JavaThread "AWT-AppKit" daemon [_thread_in_native, id=1811, stack(0x00007fff529e4000,0x00007fff531e4000)]
  0x00007fc8cb05e000 JavaThread "Service Thread" daemon [_thread_blocked, id=20739, stack(0x000000012cfbc000,0x000000012d0bc000)]
  0x00007fc8cb04d000 JavaThread "C1 CompilerThread3" daemon [_thread_blocked, id=20227, stack(0x000000012ceb9000,0x000000012cfb9000)]
  0x00007fc8cb04c800 JavaThread "C2 CompilerThread2" daemon [_thread_blocked, id=19715, stack(0x000000012cdb6000,0x000000012ceb6000)]
  0x00007fc8cb047000 JavaThread "C2 CompilerThread1" daemon [_thread_blocked, id=19203, stack(0x000000012ccb3000,0x000000012cdb3000)]
  0x00007fc8cc013800 JavaThread "C2 CompilerThread0" daemon [_thread_blocked, id=18691, stack(0x000000012cbb0000,0x000000012ccb0000)]
  0x00007fc8cc008800 JavaThread "Signal Dispatcher" daemon [_thread_blocked, id=15383, stack(0x000000012caad000,0x000000012cbad000)]
  0x00007fc8cb043800 JavaThread "Finalizer" daemon [_thread_blocked, id=13571, stack(0x000000012b089000,0x000000012b189000)]
  0x00007fc8cb041000 JavaThread "Reference Handler" daemon [_thread_blocked, id=13059, stack(0x000000012af86000,0x000000012b086000)]

Other Threads:
  0x00007fc8cb03c800 VMThread [stack: 0x000000012ae83000,0x000000012af83000] [id=12547]
  0x00007fc8cb046000 WatcherThread [stack: 0x000000012d0bf000,0x000000012d1bf000] [id=21251]

VM state:not at safepoint (normal execution)

VM Mutex/Monitor currently owned by a thread: None

Heap:
 PSYoungGen      total 151040K, used 36317K [0x000000076ab00000, 0x0000000777300000, 0x00000007c0000000)
  eden space 134144K, 19% used [0x000000076ab00000,0x000000076c434bc0,0x0000000772e00000)
  from space 16896K, 62% used [0x0000000772e00000,0x0000000773842b48,0x0000000773e80000)
  to   space 16384K, 0% used [0x0000000776300000,0x0000000776300000,0x0000000777300000)
 ParOldGen       total 117760K, used 18132K [0x00000006c0000000, 0x00000006c7300000, 0x000000076ab00000)
  object space 117760K, 15% used [0x00000006c0000000,0x00000006c11b5348,0x00000006c7300000)
 Metaspace       used 27609K, capacity 27981K, committed 28288K, reserved 1075200K
  class space    used 2209K, capacity 2342K, committed 2432K, reserved 1048576K

Card table byte_map: [0x000000011e974000,0x000000011f175000] byte_map_base: 0x000000011b374000

Marking Bits: (ParMarkBitMap*) 0x000000010eef1ea0
 Begin Bits: [0x000000011fee3000, 0x0000000123ee3000)
 End Bits:   [0x0000000123ee3000, 0x0000000127ee3000)

Polling page: 0x000000010d5f9000

CodeCache: size=245760Kb used=11097Kb max_used=12385Kb free=234662Kb
 bounds [0x000000010f5b4000, 0x00000001101e4000, 0x000000011e5b4000]
 total_blobs=3713 nmethods=2792 adapters=834
 compilation: enabled

Compilation events (10 events):
Event: 58.967 Thread 0x00007fc8cb04d000 3117       3       java.awt.geom.AffineTransform::getScaleX (5 bytes)
Event: 58.967 Thread 0x00007fc8cb04d000 nmethod 3117 0x000000010f9a19d0 code [0x000000010f9a1b20, 0x000000010f9a1c70]
Event: 58.969 Thread 0x00007fc8cb04d000 3119       3       java.awt.Rectangle::isEmpty (20 bytes)
Event: 58.969 Thread 0x00007fc8cb04d000 nmethod 3119 0x000000010f6c8210 code [0x000000010f6c8380, 0x000000010f6c8570]
Event: 58.970 Thread 0x00007fc8cb04d000 3120       3       java.awt.geom.AffineTransform::getTranslateX (5 bytes)
Event: 58.970 Thread 0x00007fc8cb04d000 nmethod 3120 0x000000010f9e2150 code [0x000000010f9e22a0, 0x000000010f9e23f0]
Event: 58.970 Thread 0x00007fc8cb04d000 3121       3       java.awt.geom.AffineTransform::getTranslateY (5 bytes)
Event: 58.970 Thread 0x00007fc8cb04d000 nmethod 3121 0x000000010fb98110 code [0x000000010fb98260, 0x000000010fb983b0]
Event: 58.983 Thread 0x00007fc8cb04d000 3122       3       java.util.HashMap::putVal (300 bytes)
Event: 58.984 Thread 0x00007fc8cb04d000 nmethod 3122 0x000000010fc27350 code [0x000000010fc275c0, 0x000000010fc28878]

GC Heap History (10 events):
Event: 6.146 GC heap before
{Heap before GC invocations=4 (full 1):
 PSYoungGen      total 76288K, used 65536K [0x000000076ab00000, 0x0000000774000000, 0x00000007c0000000)
  eden space 65536K, 100% used [0x000000076ab00000,0x000000076eb00000,0x000000076eb00000)
  from space 10752K, 0% used [0x000000076f580000,0x000000076f580000,0x0000000770000000)
  to   space 10752K, 0% used [0x000000076eb00000,0x000000076eb00000,0x000000076f580000)
 ParOldGen       total 117760K, used 17580K [0x00000006c0000000, 0x00000006c7300000, 0x000000076ab00000)
  object space 117760K, 14% used [0x00000006c0000000,0x00000006c112b328,0x00000006c7300000)
 Metaspace       used 27150K, capacity 27495K, committed 27776K, reserved 1075200K
  class space    used 2198K, capacity 2309K, committed 2432K, reserved 1048576K
Event: 6.154 GC heap after
Heap after GC invocations=4 (full 1):
 PSYoungGen      total 76288K, used 8478K [0x000000076ab00000, 0x0000000772200000, 0x00000007c0000000)
  eden space 65536K, 0% used [0x000000076ab00000,0x000000076ab00000,0x000000076eb00000)
  from space 10752K, 78% used [0x000000076eb00000,0x000000076f347bf8,0x000000076f580000)
  to   space 10752K, 0% used [0x0000000771780000,0x0000000771780000,0x0000000772200000)
 ParOldGen       total 117760K, used 17588K [0x00000006c0000000, 0x00000006c7300000, 0x000000076ab00000)
  object space 117760K, 14% used [0x00000006c0000000,0x00000006c112d328,0x00000006c7300000)
 Metaspace       used 27150K, capacity 27495K, committed 27776K, reserved 1075200K
  class space    used 2198K, capacity 2309K, committed 2432K, reserved 1048576K
}
Event: 12.037 GC heap before
{Heap before GC invocations=5 (full 1):
 PSYoungGen      total 76288K, used 74014K [0x000000076ab00000, 0x0000000772200000, 0x00000007c0000000)
  eden space 65536K, 100% used [0x000000076ab00000,0x000000076eb00000,0x000000076eb00000)
  from space 10752K, 78% used [0x000000076eb00000,0x000000076f347bf8,0x000000076f580000)
  to   space 10752K, 0% used [0x0000000771780000,0x0000000771780000,0x0000000772200000)
 ParOldGen       total 117760K, used 17588K [0x00000006c0000000, 0x00000006c7300000, 0x000000076ab00000)
  object space 117760K, 14% used [0x00000006c0000000,0x00000006c112d328,0x00000006c7300000)
 Metaspace       used 27565K, capacity 27885K, committed 28288K, reserved 1075200K
  class space    used 2202K, capacity 2310K, committed 2432K, reserved 1048576K
Event: 12.046 GC heap after
Heap after GC invocations=5 (full 1):
 PSYoungGen      total 107008K, used 10745K [0x000000076ab00000, 0x0000000772200000, 0x00000007c0000000)
  eden space 96256K, 0% used [0x000000076ab00000,0x000000076ab00000,0x0000000770900000)
  from space 10752K, 99% used [0x0000000771780000,0x00000007721fe580,0x0000000772200000)
  to   space 10752K, 0% used [0x0000000770d00000,0x0000000770d00000,0x0000000771780000)
 ParOldGen       total 117760K, used 17860K [0x00000006c0000000, 0x00000006c7300000, 0x000000076ab00000)
  object space 117760K, 15% used [0x00000006c0000000,0x00000006c1171338,0x00000006c7300000)
 Metaspace       used 27565K, capacity 27885K, committed 28288K, reserved 1075200K
  class space    used 2202K, capacity 2310K, committed 2432K, reserved 1048576K
}
Event: 24.610 GC heap before
{Heap before GC invocations=6 (full 1):
 PSYoungGen      total 107008K, used 107001K [0x000000076ab00000, 0x0000000772200000, 0x00000007c0000000)
  eden space 96256K, 100% used [0x000000076ab00000,0x0000000770900000,0x0000000770900000)
  from space 10752K, 99% used [0x0000000771780000,0x00000007721fe580,0x0000000772200000)
  to   space 10752K, 0% used [0x0000000770d00000,0x0000000770d00000,0x0000000771780000)
 ParOldGen       total 117760K, used 17860K [0x00000006c0000000, 0x00000006c7300000, 0x000000076ab00000)
  object space 117760K, 15% used [0x00000006c0000000,0x00000006c1171338,0x00000006c7300000)
 Metaspace       used 27578K, capacity 27885K, committed 28288K, reserved 1075200K
  class space    used 2202K, capacity 2310K, committed 2432K, reserved 1048576K
Event: 24.616 GC heap after
Heap after GC invocations=6 (full 1):
 PSYoungGen      total 111104K, used 10521K [0x000000076ab00000, 0x0000000775080000, 0x00000007c0000000)
  eden space 100352K, 0% used [0x000000076ab00000,0x000000076ab00000,0x0000000770d00000)
  from space 10752K, 97% used [0x0000000770d00000,0x0000000771746570,0x0000000771780000)
  to   space 17408K, 0% used [0x0000000773f80000,0x0000000773f80000,0x0000000775080000)
 ParOldGen       total 117760K, used 18124K [0x00000006c0000000, 0x00000006c7300000, 0x000000076ab00000)
  object space 117760K, 15% used [0x00000006c0000000,0x00000006c11b3348,0x00000006c7300000)
 Metaspace       used 27578K, capacity 27885K, committed 28288K, reserved 1075200K
  class space    used 2202K, capacity 2310K, committed 2432K, reserved 1048576K
}
Event: 38.002 GC heap before
{Heap before GC invocations=7 (full 1):
 PSYoungGen      total 111104K, used 110873K [0x000000076ab00000, 0x0000000775080000, 0x00000007c0000000)
  eden space 100352K, 100% used [0x000000076ab00000,0x0000000770d00000,0x0000000770d00000)
  from space 10752K, 97% used [0x0000000770d00000,0x0000000771746570,0x0000000771780000)
  to   space 17408K, 0% used [0x0000000773f80000,0x0000000773f80000,0x0000000775080000)
 ParOldGen       total 117760K, used 18124K [0x00000006c0000000, 0x00000006c7300000, 0x000000076ab00000)
  object space 117760K, 15% used [0x00000006c0000000,0x00000006c11b3348,0x00000006c7300000)
 Metaspace       used 27579K, capacity 27885K, committed 28288K, reserved 1075200K
  class space    used 2202K, capacity 2310K, committed 2432K, reserved 1048576K
Event: 38.012 GC heap after
Heap after GC invocations=7 (full 1):
 PSYoungGen      total 150016K, used 10521K [0x000000076ab00000, 0x0000000774f00000, 0x00000007c0000000)
  eden space 134144K, 0% used [0x000000076ab00000,0x000000076ab00000,0x0000000772e00000)
  from space 15872K, 66% used [0x0000000773f80000,0x00000007749c6570,0x0000000774f00000)
  to   space 16896K, 0% used [0x0000000772e00000,0x0000000772e00000,0x0000000773e80000)
 ParOldGen       total 117760K, used 18132K [0x00000006c0000000, 0x00000006c7300000, 0x000000076ab00000)
  object space 117760K, 15% used [0x00000006c0000000,0x00000006c11b5348,0x00000006c7300000)
 Metaspace       used 27579K, capacity 27885K, committed 28288K, reserved 1075200K
  class space    used 2202K, capacity 2310K, committed 2432K, reserved 1048576K
}
Event: 55.960 GC heap before
{Heap before GC invocations=8 (full 1):
 PSYoungGen      total 150016K, used 144665K [0x000000076ab00000, 0x0000000774f00000, 0x00000007c0000000)
  eden space 134144K, 100% used [0x000000076ab00000,0x0000000772e00000,0x0000000772e00000)
  from space 15872K, 66% used [0x0000000773f80000,0x00000007749c6570,0x0000000774f00000)
  to   space 16896K, 0% used [0x0000000772e00000,0x0000000772e00000,0x0000000773e80000)
 ParOldGen       total 117760K, used 18132K [0x00000006c0000000, 0x00000006c7300000, 0x000000076ab00000)
  object space 117760K, 15% used [0x00000006c0000000,0x00000006c11b5348,0x00000006c7300000)
 Metaspace       used 27579K, capacity 27885K, committed 28288K, reserved 1075200K
  class space    used 2202K, capacity 2310K, committed 2432K, reserved 1048576K
Event: 55.970 GC heap after
Heap after GC invocations=8 (full 1):
 PSYoungGen      total 151040K, used 10506K [0x000000076ab00000, 0x0000000777300000, 0x00000007c0000000)
  eden space 134144K, 0% used [0x000000076ab00000,0x000000076ab00000,0x0000000772e00000)
  from space 16896K, 62% used [0x0000000772e00000,0x0000000773842b48,0x0000000773e80000)
  to   space 16384K, 0% used [0x0000000776300000,0x0000000776300000,0x0000000777300000)
 ParOldGen       total 117760K, used 18132K [0x00000006c0000000, 0x00000006c7300000, 0x000000076ab00000)
  object space 117760K, 15% used [0x00000006c0000000,0x00000006c11b5348,0x00000006c7300000)
 Metaspace       used 27579K, capacity 27885K, committed 28288K, reserved 1075200K
  class space    used 2202K, capacity 2310K, committed 2432K, reserved 1048576K
}

Deoptimization events (10 events):
Event: 58.967 Thread 0x00007fc8caa29800 Uncommon trap: reason=unstable_if action=reinterpret pc=0x000000011010d210 method=java.security.AccessControlContext.combine([Ljava/security/ProtectionDomain;[Ljava/security/ProtectionDomain;)[Ljava/security/ProtectionDomain; @ 151
Event: 58.969 Thread 0x00007fc8cc155800 Uncommon trap: reason=unstable_if action=reinterpret pc=0x00000001101b6e0c method=sun.java2d.pipe.Region.intersectsQuickCheck(Lsun/java2d/pipe/Region;)Z @ 41
Event: 58.970 Thread 0x00007fc8cc155800 Uncommon trap: reason=unstable_if action=reinterpret pc=0x000000010fdfb3c8 method=java.awt.font.FontRenderContext.equals(Ljava/awt/font/FontRenderContext;)Z @ 2
Event: 58.970 Thread 0x00007fc8cc155800 Uncommon trap: reason=unstable_if action=reinterpret pc=0x000000010fdf2ed4 method=java.awt.Font.equals(Ljava/lang/Object;)Z @ 2
Event: 58.982 Thread 0x00007fc8caa29800 Uncommon trap: reason=unstable_if action=reinterpret pc=0x000000010fb5cca8 method=java.util.HashMap.putVal(ILjava/lang/Object;Ljava/lang/Object;ZZ)Ljava/lang/Object; @ 81
Event: 58.983 Thread 0x00007fc8caa29800 Uncommon trap: reason=unstable_if action=reinterpret pc=0x000000010fb4e97c method=java.util.HashMap.putVal(ILjava/lang/Object;Ljava/lang/Object;ZZ)Ljava/lang/Object; @ 81
Event: 58.998 Thread 0x00007fc8ca803800 Uncommon trap: reason=unstable_if action=reinterpret pc=0x000000011018cdd8 method=java.util.LinkedList$ListItr.<init>(Ljava/util/LinkedList;I)V @ 26
Event: 58.999 Thread 0x00007fc8ca803800 Uncommon trap: reason=unstable_if action=reinterpret pc=0x0000000110086dcc method=java.security.AccessControlContext.combine([Ljava/security/ProtectionDomain;[Ljava/security/ProtectionDomain;)[Ljava/security/ProtectionDomain; @ 151
Event: 59.000 Thread 0x00007fc8ca803800 Uncommon trap: reason=unstable_if action=reinterpret pc=0x000000011018f704 method=java.util.LinkedList$ListItr.<init>(Ljava/util/LinkedList;I)V @ 26
Event: 59.000 Thread 0x00007fc8cc155800 Uncommon trap: reason=unstable_if action=reinterpret pc=0x000000010fdef0f8 method=java.awt.font.FontRenderContext.equals(Ljava/awt/font/FontRenderContext;)Z @ 2

Internal exceptions (10 events):
Event: 0.374 Thread 0x00007fc8cd800000 Exception <a 'java/io/FileNotFoundException'> (0x000000076ae7d810) thrown at [/Users/java_re/workspace/8-2-build-macosx-x86_64/jdk8u131/8869/hotspot/src/share/vm/prims/jni.cpp, line 709]
Event: 0.374 Thread 0x00007fc8cd800000 Exception <a 'java/io/FileNotFoundException'> (0x000000076ae7e370) thrown at [/Users/java_re/workspace/8-2-build-macosx-x86_64/jdk8u131/8869/hotspot/src/share/vm/prims/jni.cpp, line 709]
Event: 0.465 Thread 0x00007fc8cd800000 Exception <a 'java/io/FileNotFoundException'> (0x000000076b05e0f8) thrown at [/Users/java_re/workspace/8-2-build-macosx-x86_64/jdk8u131/8869/hotspot/src/share/vm/prims/jni.cpp, line 709]
Event: 1.798 Thread 0x00007fc8cc204000 Exception <a 'java/lang/UnsatisfiedLinkError': com.jogamp.common.util.JarUtil.fixNativeLibAttribs(Ljava/lang/String;)Z> (0x000000076c7b8e30) thrown at [/Users/java_re/workspace/8-2-build-macosx-x86_64/jdk8u131/8869/hotspot/src/share/vm/prims/nativeLookup.
Event: 2.567 Thread 0x00007fc8ca803800 Exception <a 'java/io/FileNotFoundException'> (0x000000076db27468) thrown at [/Users/java_re/workspace/8-2-build-macosx-x86_64/jdk8u131/8869/hotspot/src/share/vm/prims/jni.cpp, line 709]
Event: 2.567 Thread 0x00007fc8ca803800 Exception <a 'java/io/FileNotFoundException'> (0x000000076db2e9b0) thrown at [/Users/java_re/workspace/8-2-build-macosx-x86_64/jdk8u131/8869/hotspot/src/share/vm/prims/jni.cpp, line 709]
Event: 2.567 Thread 0x00007fc8ca803800 Implicit null exception at 0x000000010f799036 to 0x000000010f799401
Event: 2.793 Thread 0x00007fc8cb043800 Exception <a 'java/lang/NullPointerException'> (0x000000076ad18030) thrown at [/Users/java_re/workspace/8-2-build-macosx-x86_64/jdk8u131/8869/hotspot/src/share/vm/interpreter/linkResolver.cpp, line 1197]
Event: 2.919 Thread 0x00007fc8ca803800 Implicit null exception at 0x000000010f970946 to 0x000000010f970b8d
Event: 2.950 Thread 0x00007fc8caf5d800 Implicit null exception at 0x000000010f79e575 to 0x000000010f79e939

Events (10 events):
Event: 58.999 loading class java/awt/Toolkit$ToolkitEventMulticaster
Event: 58.999 loading class java/awt/Toolkit$ToolkitEventMulticaster done
Event: 59.000 Thread 0x00007fc8ca803800 Uncommon trap: trap_request=0xffffff65 fr.pc=0x000000011018f704
Event: 59.000 Thread 0x00007fc8ca803800 DEOPT PACKING pc=0x000000011018f704 sp=0x0000000194e39830
Event: 59.000 Thread 0x00007fc8ca803800 DEOPT UNPACKING pc=0x000000010f5b9229 sp=0x0000000194e39788 mode 2
Event: 59.000 Thread 0x00007fc8cc155800 Uncommon trap: trap_request=0xffffff65 fr.pc=0x000000010fdef0f8
Event: 59.000 Thread 0x00007fc8cc155800 DEOPT PACKING pc=0x000000010fdef0f8 sp=0x00000001345d4420
Event: 59.000 Thread 0x00007fc8cc155800 DEOPT UNPACKING pc=0x000000010f5b9229 sp=0x00000001345d43f0 mode 2
Event: 59.000 Thread 0x00007fc8caa29800 Thread exited: 0x00007fc8caa29800
Event: 59.000 Thread 0x00007fc8c31fd000 Uncommon trap: trap_request=0xffffff86 fr.pc=0x000000011013e620


Dynamic libraries:
0x0000000006db4000 	/System/Library/Frameworks/Cocoa.framework/Versions/A/Cocoa
0x0000000006db4000 	/System/Library/Frameworks/Security.framework/Versions/A/Security
0x0000000006db4000 	/System/Library/Frameworks/ApplicationServices.framework/Versions/A/ApplicationServices
0x0000000006db4000 	/usr/lib/libz.1.dylib
0x0000000006db4000 	/usr/lib/libSystem.B.dylib
0x0000000006db4000 	/usr/lib/libobjc.A.dylib
0x0000000006db4000 	/System/Library/Frameworks/CoreFoundation.framework/Versions/A/CoreFoundation
0x0000000006db4000 	/System/Library/Frameworks/Foundation.framework/Versions/C/Foundation
0x0000000006db4000 	/System/Library/Frameworks/AppKit.framework/Versions/C/AppKit
0x0000000006db4000 	/System/Library/Frameworks/CoreData.framework/Versions/A/CoreData
0x0000000006db4000 	/System/Library/PrivateFrameworks/RemoteViewServices.framework/Versions/A/RemoteViewServices
0x0000000006db4000 	/System/Library/PrivateFrameworks/UIFoundation.framework/Versions/A/UIFoundation
0x0000000006db4000 	/System/Library/Frameworks/IOSurface.framework/Versions/A/IOSurface
0x0000000006db4000 	/System/Library/Frameworks/AudioToolbox.framework/Versions/A/AudioToolbox
0x0000000006db4000 	/System/Library/Frameworks/AudioUnit.framework/Versions/A/AudioUnit
0x0000000006db4000 	/System/Library/PrivateFrameworks/DataDetectorsCore.framework/Versions/A/DataDetectorsCore
0x0000000006db4000 	/System/Library/PrivateFrameworks/DesktopServicesPriv.framework/Versions/A/DesktopServicesPriv
0x0000000006db4000 	/System/Library/Frameworks/Carbon.framework/Versions/A/Frameworks/HIToolbox.framework/Versions/A/HIToolbox
0x0000000006db4000 	/System/Library/Frameworks/QuartzCore.framework/Versions/A/QuartzCore
0x0000000006db4000 	/System/Library/Frameworks/Carbon.framework/Versions/A/Frameworks/SpeechRecognition.framework/Versions/A/SpeechRecognition
0x0000000006db4000 	/usr/lib/libauto.dylib
0x0000000006db4000 	/usr/lib/libicucore.A.dylib
0x0000000006db4000 	/usr/lib/libxml2.2.dylib
0x0000000006db4000 	/System/Library/PrivateFrameworks/CoreUI.framework/Versions/A/CoreUI
0x0000000006db4000 	/System/Library/Frameworks/CoreAudio.framework/Versions/A/CoreAudio
0x0000000006db4000 	/System/Library/Frameworks/DiskArbitration.framework/Versions/A/DiskArbitration
0x0000000006db4000 	/usr/lib/liblangid.dylib
0x0000000006db4000 	/System/Library/PrivateFrameworks/MultitouchSupport.framework/Versions/A/MultitouchSupport
0x0000000006db4000 	/System/Library/Frameworks/IOKit.framework/Versions/A/IOKit
0x0000000006db4000 	/usr/lib/libDiagnosticMessagesClient.dylib
0x0000000006db4000 	/System/Library/Frameworks/CoreServices.framework/Versions/A/CoreServices
0x0000000006db4000 	/System/Library/PrivateFrameworks/PerformanceAnalysis.framework/Versions/A/PerformanceAnalysis
0x0000000006db4000 	/System/Library/PrivateFrameworks/GenerationalStorage.framework/Versions/A/GenerationalStorage
0x0000000006db4000 	/System/Library/Frameworks/OpenGL.framework/Versions/A/OpenGL
0x0000000006db4000 	/System/Library/PrivateFrameworks/Sharing.framework/Versions/A/Sharing
0x000000010ca36000 	/System/Library/Frameworks/CoreGraphics.framework/Versions/A/CoreGraphics
0x0000000006db4000 	/System/Library/Frameworks/CoreText.framework/Versions/A/CoreText
0x0000000006db4000 	/System/Library/Frameworks/ImageIO.framework/Versions/A/ImageIO
0x0000000006db4000 	/usr/lib/libextension.dylib
0x0000000006db4000 	/System/Library/PrivateFrameworks/Backup.framework/Versions/A/Backup
0x0000000006db4000 	/usr/lib/libarchive.2.dylib
0x0000000006db4000 	/System/Library/Frameworks/CFNetwork.framework/Versions/A/CFNetwork
0x0000000006db4000 	/System/Library/Frameworks/SystemConfiguration.framework/Versions/A/SystemConfiguration
0x0000000006db4000 	/usr/lib/libCRFSuite.dylib
0x0000000006db4000 	/usr/lib/libc++.1.dylib
0x0000000006db4000 	/usr/lib/libc++abi.dylib
0x0000000006db4000 	/usr/lib/system/libcache.dylib
0x0000000006db4000 	/usr/lib/system/libcommonCrypto.dylib
0x0000000006db4000 	/usr/lib/system/libcompiler_rt.dylib
0x0000000006db4000 	/usr/lib/system/libcopyfile.dylib
0x0000000006db4000 	/usr/lib/system/libcorecrypto.dylib
0x0000000006db4000 	/usr/lib/system/libdispatch.dylib
0x0000000006db4000 	/usr/lib/system/libdyld.dylib
0x0000000006db4000 	/usr/lib/system/libkeymgr.dylib
0x0000000006db4000 	/usr/lib/system/liblaunch.dylib
0x0000000006db4000 	/usr/lib/system/libmacho.dylib
0x0000000006db4000 	/usr/lib/system/libquarantine.dylib
0x0000000006db4000 	/usr/lib/system/libremovefile.dylib
0x0000000006db4000 	/usr/lib/system/libsystem_asl.dylib
0x0000000006db4000 	/usr/lib/system/libsystem_blocks.dylib
0x0000000006db4000 	/usr/lib/system/libsystem_c.dylib
0x0000000006db4000 	/usr/lib/system/libsystem_configuration.dylib
0x0000000006db4000 	/usr/lib/system/libsystem_coreservices.dylib
0x0000000006db4000 	/usr/lib/system/libsystem_coretls.dylib
0x0000000006db4000 	/usr/lib/system/libsystem_dnssd.dylib
0x0000000006db4000 	/usr/lib/system/libsystem_info.dylib
0x0000000006db4000 	/usr/lib/system/libsystem_kernel.dylib
0x0000000006db4000 	/usr/lib/system/libsystem_m.dylib
0x0000000006db4000 	/usr/lib/system/libsystem_malloc.dylib
0x0000000006db4000 	/usr/lib/system/libsystem_network.dylib
0x0000000006db4000 	/usr/lib/system/libsystem_networkextension.dylib
0x0000000006db4000 	/usr/lib/system/libsystem_notify.dylib
0x0000000006db4000 	/usr/lib/system/libsystem_platform.dylib
0x0000000006db4000 	/usr/lib/system/libsystem_pthread.dylib
0x0000000006db4000 	/usr/lib/system/libsystem_sandbox.dylib
0x0000000006db4000 	/usr/lib/system/libsystem_secinit.dylib
0x0000000006db4000 	/usr/lib/system/libsystem_stats.dylib
0x0000000006db4000 	/usr/lib/system/libsystem_trace.dylib
0x0000000006db4000 	/usr/lib/system/libunc.dylib
0x0000000006db4000 	/usr/lib/system/libunwind.dylib
0x0000000006db4000 	/usr/lib/system/libxpc.dylib
0x0000000006db4000 	/usr/lib/libbz2.1.0.dylib
0x0000000006db4000 	/usr/lib/liblzma.5.dylib
0x0000000006db4000 	/usr/lib/libbsm.0.dylib
0x0000000006db4000 	/usr/lib/libsqlite3.dylib
0x0000000006db4000 	/usr/lib/system/libkxld.dylib
0x0000000006db4000 	/usr/lib/libxar.1.dylib
0x0000000006db4000 	/usr/lib/libpam.2.dylib
0x0000000006db4000 	/usr/lib/libOpenScriptingUtil.dylib
0x0000000006db4000 	/System/Library/Frameworks/CoreServices.framework/Versions/A/Frameworks/FSEvents.framework/Versions/A/FSEvents
0x0000000006db4000 	/System/Library/Frameworks/CoreServices.framework/Versions/A/Frameworks/CarbonCore.framework/Versions/A/CarbonCore
0x0000000006db4000 	/System/Library/Frameworks/CoreServices.framework/Versions/A/Frameworks/Metadata.framework/Versions/A/Metadata
0x0000000006db4000 	/System/Library/Frameworks/CoreServices.framework/Versions/A/Frameworks/OSServices.framework/Versions/A/OSServices
0x0000000006db4000 	/System/Library/Frameworks/CoreServices.framework/Versions/A/Frameworks/SearchKit.framework/Versions/A/SearchKit
0x0000000006db4000 	/System/Library/Frameworks/CoreServices.framework/Versions/A/Frameworks/AE.framework/Versions/A/AE
0x0000000006db4000 	/System/Library/Frameworks/CoreServices.framework/Versions/A/Frameworks/LaunchServices.framework/Versions/A/LaunchServices
0x0000000006db4000 	/System/Library/Frameworks/CoreServices.framework/Versions/A/Frameworks/DictionaryServices.framework/Versions/A/DictionaryServices
0x0000000006db4000 	/System/Library/Frameworks/NetFS.framework/Versions/A/NetFS
0x0000000006db4000 	/System/Library/PrivateFrameworks/NetAuth.framework/Versions/A/NetAuth
0x0000000006db4000 	/System/Library/PrivateFrameworks/login.framework/Versions/A/Frameworks/loginsupport.framework/Versions/A/loginsupport
0x0000000006db4000 	/System/Library/PrivateFrameworks/TCC.framework/Versions/A/TCC
0x0000000006db4000 	/usr/lib/libmecabra.dylib
0x0000000006db4000 	/System/Library/Frameworks/ApplicationServices.framework/Versions/A/Frameworks/ATS.framework/Versions/A/ATS
0x0000000006db4000 	/System/Library/Frameworks/ApplicationServices.framework/Versions/A/Frameworks/ColorSync.framework/Versions/A/ColorSync
0x0000000006db4000 	/System/Library/Frameworks/ApplicationServices.framework/Versions/A/Frameworks/HIServices.framework/Versions/A/HIServices
0x0000000006db4000 	/System/Library/Frameworks/ApplicationServices.framework/Versions/A/Frameworks/LangAnalysis.framework/Versions/A/LangAnalysis
0x0000000006db4000 	/System/Library/Frameworks/ApplicationServices.framework/Versions/A/Frameworks/PrintCore.framework/Versions/A/PrintCore
0x0000000006db4000 	/System/Library/Frameworks/ApplicationServices.framework/Versions/A/Frameworks/QD.framework/Versions/A/QD
0x0000000006db4000 	/System/Library/Frameworks/ApplicationServices.framework/Versions/A/Frameworks/SpeechSynthesis.framework/Versions/A/SpeechSynthesis
0x0000000006db4000 	/System/Library/Frameworks/Accelerate.framework/Versions/A/Accelerate
0x0000000006db4000 	/System/Library/Frameworks/Accelerate.framework/Versions/A/Frameworks/vImage.framework/Versions/A/vImage
0x0000000006db4000 	/System/Library/Frameworks/Accelerate.framework/Versions/A/Frameworks/vecLib.framework/Versions/A/vecLib
0x0000000006db4000 	/System/Library/Frameworks/Accelerate.framework/Versions/A/Frameworks/vecLib.framework/Versions/A/libvDSP.dylib
0x0000000006db4000 	/System/Library/Frameworks/Accelerate.framework/Versions/A/Frameworks/vecLib.framework/Versions/A/libvMisc.dylib
0x0000000006db4000 	/System/Library/Frameworks/Accelerate.framework/Versions/A/Frameworks/vecLib.framework/Versions/A/libLAPACK.dylib
0x0000000006db4000 	/System/Library/Frameworks/Accelerate.framework/Versions/A/Frameworks/vecLib.framework/Versions/A/libBLAS.dylib
0x0000000006db4000 	/System/Library/Frameworks/Accelerate.framework/Versions/A/Frameworks/vecLib.framework/Versions/A/libLinearAlgebra.dylib
0x0000000006db4000 	/System/Library/Frameworks/ApplicationServices.framework/Versions/A/Frameworks/ATS.framework/Versions/A/Resources/libFontParser.dylib
0x0000000006db4000 	/System/Library/Frameworks/ApplicationServices.framework/Versions/A/Frameworks/ATS.framework/Versions/A/Resources/libFontRegistry.dylib
0x0000000006db4000 	/System/Library/PrivateFrameworks/AppleVPA.framework/Versions/A/AppleVPA
0x0000000006db4000 	/System/Library/PrivateFrameworks/AppleJPEG.framework/Versions/A/AppleJPEG
0x0000000006db4000 	/System/Library/Frameworks/ImageIO.framework/Versions/A/Resources/libJPEG.dylib
0x0000000006db4000 	/System/Library/Frameworks/ImageIO.framework/Versions/A/Resources/libTIFF.dylib
0x0000000006db4000 	/System/Library/Frameworks/ImageIO.framework/Versions/A/Resources/libPng.dylib
0x0000000006db4000 	/System/Library/Frameworks/ImageIO.framework/Versions/A/Resources/libGIF.dylib
0x0000000006db4000 	/System/Library/Frameworks/ImageIO.framework/Versions/A/Resources/libJP2.dylib
0x0000000006db4000 	/System/Library/Frameworks/ImageIO.framework/Versions/A/Resources/libRadiance.dylib
0x0000000006db4000 	/System/Library/Frameworks/CoreVideo.framework/Versions/A/CoreVideo
0x0000000006db4000 	/System/Library/Frameworks/OpenGL.framework/Versions/A/Libraries/libGLU.dylib
0x0000000006db4000 	/System/Library/Frameworks/OpenGL.framework/Versions/A/Libraries/libGFXShared.dylib
0x0000000006db4000 	/System/Library/Frameworks/OpenGL.framework/Versions/A/Libraries/libGL.dylib
0x0000000006db4000 	/System/Library/Frameworks/OpenGL.framework/Versions/A/Libraries/libGLImage.dylib
0x0000000006db4000 	/System/Library/Frameworks/OpenGL.framework/Versions/A/Libraries/libCVMSPluginSupport.dylib
0x0000000006db4000 	/System/Library/Frameworks/OpenGL.framework/Versions/A/Libraries/libCoreVMClient.dylib
0x0000000006db4000 	/usr/lib/libcups.2.dylib
0x0000000006db4000 	/System/Library/Frameworks/Kerberos.framework/Versions/A/Kerberos
0x0000000006db4000 	/System/Library/Frameworks/GSS.framework/Versions/A/GSS
0x0000000006db4000 	/usr/lib/libresolv.9.dylib
0x0000000006db4000 	/usr/lib/libiconv.2.dylib
0x0000000006db4000 	/System/Library/PrivateFrameworks/Heimdal.framework/Versions/A/Heimdal
0x0000000006db4000 	/usr/lib/libheimdal-asn1.dylib
0x0000000006db4000 	/System/Library/Frameworks/OpenDirectory.framework/Versions/A/OpenDirectory
0x0000000006db4000 	/System/Library/PrivateFrameworks/CommonAuth.framework/Versions/A/CommonAuth
0x0000000006db4000 	/System/Library/Frameworks/OpenDirectory.framework/Versions/A/Frameworks/CFOpenDirectory.framework/Versions/A/CFOpenDirectory
0x0000000006db4000 	/System/Library/Frameworks/SecurityFoundation.framework/Versions/A/SecurityFoundation
0x0000000006db4000 	/System/Library/PrivateFrameworks/LanguageModeling.framework/Versions/A/LanguageModeling
0x0000000006db4000 	/usr/lib/libcmph.dylib
0x0000000006db4000 	/System/Library/Frameworks/ServiceManagement.framework/Versions/A/ServiceManagement
0x0000000006db4000 	/usr/lib/libxslt.1.dylib
0x0000000006db4000 	/System/Library/Frameworks/Carbon.framework/Versions/A/Frameworks/Ink.framework/Versions/A/Ink
0x0000000006db4000 	/System/Library/Frameworks/QuartzCore.framework/Versions/A/Frameworks/CoreImage.framework/Versions/A/CoreImage
0x0000000006db4000 	/System/Library/PrivateFrameworks/CrashReporterSupport.framework/Versions/A/CrashReporterSupport
0x0000000006db4000 	/System/Library/Frameworks/OpenCL.framework/Versions/A/OpenCL
0x0000000006db4000 	/System/Library/PrivateFrameworks/FaceCore.framework/Versions/A/FaceCore
0x0000000006db4000 	/System/Library/PrivateFrameworks/Ubiquity.framework/Versions/A/Ubiquity
0x0000000006db4000 	/System/Library/PrivateFrameworks/IconServices.framework/Versions/A/IconServices
0x0000000006db4000 	/System/Library/PrivateFrameworks/ChunkingLibrary.framework/Versions/A/ChunkingLibrary
0x0000000006db4000 	/System/Library/PrivateFrameworks/Apple80211.framework/Versions/A/Apple80211
0x0000000006db4000 	/System/Library/Frameworks/CoreWLAN.framework/Versions/A/CoreWLAN
0x0000000006db4000 	/System/Library/Frameworks/IOBluetooth.framework/Versions/A/IOBluetooth
0x0000000006db4000 	/System/Library/PrivateFrameworks/CoreWiFi.framework/Versions/A/CoreWiFi
0x0000000006db4000 	/System/Library/Frameworks/CoreBluetooth.framework/Versions/A/CoreBluetooth
0x0000000006db4000 	/System/Library/PrivateFrameworks/DebugSymbols.framework/Versions/A/DebugSymbols
0x0000000006db4000 	/System/Library/PrivateFrameworks/CoreSymbolication.framework/Versions/A/CoreSymbolication
0x0000000006db4000 	/System/Library/PrivateFrameworks/Symbolication.framework/Versions/A/Symbolication
0x0000000006db4000 	/System/Library/PrivateFrameworks/SpeechRecognitionCore.framework/Versions/A/SpeechRecognitionCore
0x000000010e600000 	/Library/Java/JavaVirtualMachines/jdk1.8.0_131.jdk/Contents/Home/jre/lib/server/libjvm.dylib
0x0000000006db4000 	/usr/lib/libstdc++.6.dylib
0x000000010d5b6000 	/Library/Java/JavaVirtualMachines/jdk1.8.0_131.jdk/Contents/Home/jre/lib/libverify.dylib
0x000000010d5c4000 	/Library/Java/JavaVirtualMachines/jdk1.8.0_131.jdk/Contents/Home/jre/lib/libjava.dylib
0x000000010f5ab000 	/Library/Java/JavaVirtualMachines/jdk1.8.0_131.jdk/Contents/Home/jre/lib/libzip.dylib
0x000000012b18b000 	/System/Library/Frameworks/JavaVM.framework/Frameworks/JavaRuntimeSupport.framework/JavaRuntimeSupport
0x000000012b1a6000 	/System/Library/Frameworks/JavaVM.framework/Versions/A/Frameworks/JavaNativeFoundation.framework/Versions/A/JavaNativeFoundation
0x000000012b1bb000 	/System/Library/Frameworks/JavaVM.framework/Versions/A/JavaVM
0x0000000006db4000 	/System/Library/Frameworks/Carbon.framework/Versions/A/Carbon
0x000000012b1c8000 	/System/Library/PrivateFrameworks/JavaLaunching.framework/Versions/A/JavaLaunching
0x0000000006db4000 	/System/Library/Frameworks/Carbon.framework/Versions/A/Frameworks/CommonPanels.framework/Versions/A/CommonPanels
0x0000000006db4000 	/System/Library/Frameworks/Carbon.framework/Versions/A/Frameworks/Help.framework/Versions/A/Help
0x0000000006db4000 	/System/Library/Frameworks/Carbon.framework/Versions/A/Frameworks/ImageCapture.framework/Versions/A/ImageCapture
0x0000000006db4000 	/System/Library/Frameworks/Carbon.framework/Versions/A/Frameworks/OpenScripting.framework/Versions/A/OpenScripting
0x0000000006db4000 	/System/Library/Frameworks/Carbon.framework/Versions/A/Frameworks/Print.framework/Versions/A/Print
0x0000000006db4000 	/System/Library/Frameworks/Carbon.framework/Versions/A/Frameworks/SecurityHI.framework/Versions/A/SecurityHI
0x000000012d1fd000 	/Library/Java/JavaVirtualMachines/jdk1.8.0_131.jdk/Contents/Home/jre/lib/libawt.dylib
0x000000012d2a5000 	/Library/Java/JavaVirtualMachines/jdk1.8.0_131.jdk/Contents/Home/jre/lib/./libmlib_image.dylib
0x000000012d371000 	/Library/Java/JavaVirtualMachines/jdk1.8.0_131.jdk/Contents/Home/jre/lib/libawt_lwawt.dylib
0x000000012d428000 	/Library/Java/JavaVirtualMachines/jdk1.8.0_131.jdk/Contents/Home/jre/lib/./libosxapp.dylib
0x0000000006db4000 	/System/Library/Frameworks/ExceptionHandling.framework/Versions/A/ExceptionHandling
0x0000000006db4000 	/System/Library/PrivateFrameworks/CoreServicesInternal.framework/Versions/A/CoreServicesInternal
0x0000000006db4000 	/System/Library/PrivateFrameworks/CloudDocs.framework/Versions/A/CloudDocs
0x0000000006db4000 	/System/Library/PrivateFrameworks/CoreDuet.framework/Versions/A/CoreDuet
0x0000000006db4000 	/System/Library/Frameworks/CloudKit.framework/Versions/A/CloudKit
0x0000000006db4000 	/System/Library/PrivateFrameworks/ProtocolBuffer.framework/Versions/A/ProtocolBuffer
0x0000000006db4000 	/System/Library/PrivateFrameworks/CoreDuetDaemonProtocol.framework/Versions/A/CoreDuetDaemonProtocol
0x0000000006db4000 	/System/Library/PrivateFrameworks/CoreDuetDebugLogging.framework/Versions/A/CoreDuetDebugLogging
0x0000000006db4000 	/System/Library/PrivateFrameworks/MMCS.framework/Versions/A/MMCS
0x0000000006db4000 	/System/Library/Frameworks/CoreLocation.framework/Versions/A/CoreLocation
0x0000000006db4000 	/System/Library/PrivateFrameworks/ProtectedCloudStorage.framework/Versions/A/ProtectedCloudStorage
0x0000000006db4000 	/System/Library/PrivateFrameworks/GeoServices.framework/Versions/A/GeoServices
0x0000000006db4000 	/System/Library/Frameworks/CoreGraphics.framework/Versions/A/Resources/libCGCMS.A.dylib
0x0000000006db4000 	/System/Library/Frameworks/CoreGraphics.framework/Versions/A/Resources/libRIP.A.dylib
0x0000000006db4000 	/System/Library/Frameworks/CoreGraphics.framework/Versions/A/Resources/libCGXType.A.dylib
0x0000000006db4000 	/System/Library/Frameworks/OpenCL.framework/Versions/A/Libraries/libcldcpuengine.dylib
0x0000000006db4000 	/System/Library/PrivateFrameworks/DiskImages.framework/Versions/A/DiskImages
0x0000000006db4000 	/System/Library/Frameworks/DiscRecording.framework/Versions/A/DiscRecording
0x0000000006db4000 	/usr/lib/libcsfde.dylib
0x0000000006db4000 	/usr/lib/libcurl.4.dylib
0x0000000006db4000 	/System/Library/PrivateFrameworks/MediaKit.framework/Versions/A/MediaKit
0x0000000006db4000 	/usr/lib/libCoreStorage.dylib
0x0000000006db4000 	/System/Library/PrivateFrameworks/EFILogin.framework/Versions/A/EFILogin
0x0000000006db4000 	/usr/lib/libutil.dylib
0x0000000006db4000 	/System/Library/PrivateFrameworks/FindMyDevice.framework/Versions/A/FindMyDevice
0x0000000006db4000 	/System/Library/Frameworks/LDAP.framework/Versions/A/LDAP
0x0000000006db4000 	/usr/lib/libsasl2.2.dylib
0x0000000006db4000 	/System/Library/PrivateFrameworks/CoreDaemon.framework/Versions/B/CoreDaemon
0x0000000006db4000 	/usr/lib/libcrypto.0.9.8.dylib
0x0000000006db4000 	/System/Library/PrivateFrameworks/AppleSRP.framework/Versions/A/AppleSRP
0x0000000006db4000 	/System/Library/PrivateFrameworks/TrustEvaluationAgent.framework/Versions/A/TrustEvaluationAgent
0x000000013051e000 	cl_kernels
0x0000000130520000 	/System/Library/Frameworks/OpenCL.framework/Versions/A/Libraries/ImageFormats/unorm8_bgra.dylib
0x0000000130510000 	cl_kernels
0x0000000006db4000 	/System/Library/PrivateFrameworks/FamilyControls.framework/Versions/A/FamilyControls
0x0000000006db4000 	/System/Library/PrivateFrameworks/CommerceKit.framework/Versions/A/Frameworks/CommerceCore.framework/Versions/A/CommerceCore
0x0000000006db4000 	/System/Library/PrivateFrameworks/SystemAdministration.framework/Versions/A/SystemAdministration
0x0000000006db4000 	/System/Library/PrivateFrameworks/AppContainer.framework/Versions/A/AppContainer
0x0000000006db4000 	/System/Library/PrivateFrameworks/SecCodeWrapper.framework/Versions/A/SecCodeWrapper
0x0000000006db4000 	/System/Library/Frameworks/DirectoryService.framework/Versions/A/DirectoryService
0x0000000006db4000 	/System/Library/PrivateFrameworks/LoginUIKit.framework/Versions/A/Frameworks/LoginUICore.framework/Versions/A/LoginUICore
0x0000000006db4000 	/usr/lib/libodfde.dylib
0x0000000131c02000 	/System/Library/Frameworks/OpenGL.framework/Resources/GLEngine.bundle/GLEngine
0x0000000006db4000 	/System/Library/Frameworks/OpenGL.framework/Versions/A/Libraries/libGLProgrammability.dylib
0x0000000131ded000 	/System/Library/Extensions/AppleIntelHD5000GraphicsGLDriver.bundle/Contents/MacOS/AppleIntelHD5000GraphicsGLDriver
0x0000000006db4000 	/System/Library/PrivateFrameworks/IOAccelerator.framework/Versions/A/IOAccelerator
0x0000000006db4000 	/System/Library/PrivateFrameworks/GPUSupport.framework/Versions/A/Libraries/libGPUSupportMercury.dylib
0x0000000006db4000 	/System/Library/Frameworks/OpenGL.framework/Versions/A/Resources/GLRendererFloat.bundle/GLRendererFloat
0x00000001332ef000 	/Library/Java/JavaVirtualMachines/jdk1.8.0_131.jdk/Contents/Home/jre/lib/libfontmanager.dylib
0x000000013467d000 	/Library/Java/JavaVirtualMachines/jdk1.8.0_131.jdk/Contents/Home/jre/lib/libosxui.dylib
0x000000013524d000 	/Library/Java/JavaVirtualMachines/jdk1.8.0_131.jdk/Contents/Home/jre/lib/libnet.dylib
0x0000000135450000 	/Library/Java/JavaVirtualMachines/jdk1.8.0_131.jdk/Contents/Home/jre/lib/libnio.dylib
0x0000000006db4000 	/System/Library/Frameworks/ApplicationServices.framework/Versions/A/Frameworks/ATS.framework/Versions/A/Resources/libTrueTypeScaler.dylib
0x00000001944fd000 	/private/var/folders/dw/m8mh704j5bl04j2yy8ymkxzxqkj2k0/T/jogamp_0000/file_cache/jln8521606252266771872/jln5338863348327025609/libgluegen-rt.jnilib
0x0000000194502000 	/private/var/folders/dw/m8mh704j5bl04j2yy8ymkxzxqkj2k0/T/jogamp_0000/file_cache/jln8521606252266771872/jln5338863348327025609/libnativewindow_awt.jnilib
0x0000000194505000 	/Library/Java/JavaVirtualMachines/jdk1.8.0_131.jdk/Contents/Home/jre/lib/libjawt.dylib
0x0000000194508000 	/private/var/folders/dw/m8mh704j5bl04j2yy8ymkxzxqkj2k0/T/jogamp_0000/file_cache/jln8521606252266771872/jln5338863348327025609/libnativewindow_macosx.jnilib
0x00000001980a3000 	/private/var/folders/dw/m8mh704j5bl04j2yy8ymkxzxqkj2k0/T/jogamp_0000/file_cache/jln8521606252266771872/jln5338863348327025609/libjogl_desktop.jnilib
0x0000000194b99000 	/Library/Java/JavaVirtualMachines/jdk1.8.0_131.jdk/Contents/Home/jre/lib/libt2k.dylib

VM Arguments:
jvm_args: -Djava.security.policy=java.policy.applet -Dfile.encoding=UTF-8 
java_command: sun.applet.AppletViewer module4.EarthquakeCityMap1493834715133.html
java_class_path (initial): /Users/dpei/Documents/workspace/UCSDUnfoldingMaps/build:/Users/dpei/Documents/workspace/UCSDUnfoldingMaps/lib/core.jar:/Users/dpei/Documents/workspace/UCSDUnfoldingMaps/lib/gluegen-rt.jar:/Users/dpei/Documents/workspace/UCSDUnfoldingMaps/lib/jogl-all.jar:/Users/dpei/Documents/workspace/UCSDUnfoldingMaps/lib/log4j-1.2.15.jar:/Users/dpei/Documents/workspace/UCSDUnfoldingMaps/lib/sqlite-jdbc-3.7.2.jar:/Users/dpei/Documents/workspace/UCSDUnfoldingMaps/lib/json4processing.jar:/Users/dpei/Documents/workspace/UCSDUnfoldingMaps/lib/libTUIO.jar:/Users/dpei/Documents/workspace/UCSDUnfoldingMaps/lib/unfolding.0.9.7-uscd.jar
Launcher Type: SUN_STANDARD

Environment Variables:
PATH=/usr/bin:/bin:/usr/sbin:/sbin
SHELL=/bin/bash

Signal Handlers:
SIGSEGV: [libjvm.dylib+0x5b1eb1], sa_mask[0]=11111111011111110111111111111111, sa_flags=SA_ONSTACK|SA_RESTART|SA_SIGINFO
SIGBUS: [libjvm.dylib+0x5b1eb1], sa_mask[0]=11111111011111110111111111111111, sa_flags=SA_RESTART|SA_SIGINFO
SIGFPE: [libjvm.dylib+0x488988], sa_mask[0]=11111111011111110111111111111111, sa_flags=SA_RESTART|SA_SIGINFO
SIGPIPE: [libjvm.dylib+0x488988], sa_mask[0]=11111111011111110111111111111111, sa_flags=SA_RESTART|SA_SIGINFO
SIGXFSZ: [libjvm.dylib+0x488988], sa_mask[0]=11111111011111110111111111111111, sa_flags=SA_RESTART|SA_SIGINFO
SIGILL: [libjvm.dylib+0x488988], sa_mask[0]=11111111011111110111111111111111, sa_flags=SA_RESTART|SA_SIGINFO
SIGUSR1: SIG_DFL, sa_mask[0]=00000000000000000000000000000000, sa_flags=none
SIGUSR2: [libjvm.dylib+0x4884a6], sa_mask[0]=00100000000000000000000000000000, sa_flags=SA_RESTART|SA_SIGINFO
SIGHUP: [libjvm.dylib+0x486a7d], sa_mask[0]=11111111011111110111111111111111, sa_flags=SA_RESTART|SA_SIGINFO
SIGINT: [libjvm.dylib+0x486a7d], sa_mask[0]=11111111011111110111111111111111, sa_flags=SA_RESTART|SA_SIGINFO
SIGTERM: [libjvm.dylib+0x486a7d], sa_mask[0]=11111111011111110111111111111111, sa_flags=SA_RESTART|SA_SIGINFO
SIGQUIT: [libjvm.dylib+0x486a7d], sa_mask[0]=11111111011111110111111111111111, sa_flags=SA_RESTART|SA_SIGINFO


---------------  S Y S T E M  ---------------

OS:Bsduname:Darwin 14.5.0 Darwin Kernel Version 14.5.0: Sun Sep 25 22:07:15 PDT 2016; root:xnu-2782.50.9~1/RELEASE_X86_64 x86_64
rlimit: STACK 8192k, CORE 0k, NPROC 709, NOFILE 10240, AS infinity
load average:3.23 2.89 2.27

CPU:total 8 (initial active 8) (4 cores per cpu, 2 threads per core) family 6 model 70 stepping 1, cmov, cx8, fxsr, mmx, sse, sse2, sse3, ssse3, sse4.1, sse4.2, popcnt, avx, avx2, aes, clmul, erms, lzcnt, ht, tsc, tscinvbit, bmi1, bmi2

Memory: 4k page, physical 16777216k(1343516k free)

/proc/meminfo:


vm_info: Java HotSpot(TM) 64-Bit Server VM (25.131-b11) for bsd-amd64 JRE (1.8.0_131-b11), built on Mar 15 2017 01:32:22 by "java_re" with gcc 4.2.1 (Based on Apple Inc. build 5658) (LLVM build 2336.11.00)

time: Wed May  3 13:06:14 2017
elapsed time: 59 seconds (0d 0h 0m 59s)

