#
# A fatal error has been detected by the Java Runtime Environment:
#
#  SIGSEGV (0xb) at pc=0x00007fff8f4700e9, pid=1197, tid=0x0000000000000713
#
# JRE version: Java(TM) SE Runtime Environment (8.0_131-b11) (build 1.8.0_131-b11)
# Java VM: Java HotSpot(TM) 64-Bit Server VM (25.131-b11 mixed mode bsd-amd64 compressed oops)
# Problematic frame:
# C  [libobjc.A.dylib+0x10e9]  objc_msgSend+0x29
#
# Failed to write core dump. Core dumps have been disabled. To enable core dumping, try "ulimit -c unlimited" before starting Java again
#
# If you would like to submit a bug report, please visit:
#   http://bugreport.java.com/bugreport/crash.jsp
# The crash happened outside the Java Virtual Machine in native code.
# See problematic frame for where to report the bug.
#

---------------  T H R E A D  ---------------

Current thread (0x00007fc74410b000):  JavaThread "AWT-AppKit" daemon [_thread_in_native, id=1811, stack(0x00007fff58b43000,0x00007fff59343000)]

siginfo: si_signo: 11 (SIGSEGV), si_code: 1 (SEGV_MAPERR), si_addr: 0x0000000218158468

Registers:
RAX=0x00007fc747ebc2c0, RBX=0x0000000186972450, RCX=0x00000001277b8480, RDX=0x00000001277b80c0
RSP=0x00007fff5933e538, RBP=0x00007fff5933e5f0, RSI=0x00007fff8aebf40f, RDI=0x00007fc747a40e20
R8 =0x0000000000000000, R9 =0x0000000000000f50, R10=0x0000000218158468, R11=0x000000011c83f730
R12=0x0000000000000000, R13=0x000000018a085b68, R14=0x0000000186972440, R15=0x00007fc74410b000
RIP=0x00007fff8f4700e9, EFLAGS=0x0000000000010202, ERR=0x0000000000000004
  TRAPNO=0x000000000000000e

Top of Stack: (sp=0x00007fff5933e538)
0x00007fff5933e538:   0000000186970157 00007fff5933e590
0x00007fff5933e548:   0000000000000003 00007fff5933e570
0x00007fff5933e558:   00000001073f36d2 000000018a085b68
0x00007fff5933e568:   000000018a085b68 00007fc747ebc2c0
0x00007fff5933e578:   00000001869726a0 0000000186972710
0x00007fff5933e588:   00007fff7704c550 00007fff76aacc80
0x00007fff5933e598:   0000000186972450 0000000186972690
0x00007fff5933e5a8:   00007fc747ebc2c0 00007fc747a40e20
0x00007fff5933e5b8:   00007fc743743720 00007fc747ebc2c0
0x00007fff5933e5c8:   00007fc747a40e20 00007fff5933e678
0x00007fff5933e5d8:   00007fc74410b1f8 000000018a085b68
0x00007fff5933e5e8:   00007fff5933e6a0 00007fff5933e668
0x00007fff5933e5f8:   00000001082f29f4 000000018a085b68
0x00007fff5933e608:   00007fff5933e6a0 00007fff5933e668
0x00007fff5933e618:   00000001082f2787 00000001082f2742
0x00007fff5933e628:   00007fff5933e628 000000018a085b68
0x00007fff5933e638:   00007fff5933e6a0 000000018a0887a0
0x00007fff5933e648:   0000000000000000 000000018a085b68
0x00007fff5933e658:   0000000000000000 00007fff5933e688
0x00007fff5933e668:   00007fff5933e6e8 00000001082e32bd
0x00007fff5933e678:   000000074005e308 00000001082ec538
0x00007fff5933e688:   00007fc747ebc2c0 00007fff5933e6e8
0x00007fff5933e698:   00007fc747a40e20 00000001082ede02
0x00007fff5933e6a8:   00007fff5933e6a8 000000018a085d32
0x00007fff5933e6b8:   00007fff5933e710 000000018a0887a0
0x00007fff5933e6c8:   0000000000000000 000000018a085d40
0x00007fff5933e6d8:   00007fff5933e688 00007fff5933e6f8
0x00007fff5933e6e8:   00007fff5933e758 00000001082e32bd
0x00007fff5933e6f8:   00007fc747ebc2c0 0000000740f8d118
0x00007fff5933e708:   00007fc747a40e20 0000000740f8d118
0x00007fff5933e718:   00007fff5933e718 000000018d9b2316
0x00007fff5933e728:   00007fff5933e768 000000018d9b23d0 

Instructions: (pc=0x00007fff8f4700e9)
0x00007fff8f4700c9:   01 2e 75 7e 49 bb f8 ff ff ff ff 7f 00 00 4c 23
0x00007fff8f4700d9:   1f 49 89 f2 45 23 53 18 49 c1 e2 04 4d 03 53 10
0x00007fff8f4700e9:   49 3b 32 75 04 41 ff 62 08 49 83 3a 00 74 6a 4d
0x00007fff8f4700f9:   3b 53 10 74 0d 49 83 ea 10 49 3b 32 75 eb 41 ff 

Register to memory mapping:

RAX=0x00007fc747ebc2c0 is an unknown value
RBX=0x0000000186972450: Java_jogamp_nativewindow_macosx_OSXUtil_GetScreenRefreshRate0+0x1cf0 in /private/var/folders/1w/_vhdnh917gsgl0z3c94cp27w0000gn/T/jogamp_0000/file_cache/jln1715655344823367502/jln1357424440561287035/libnativewindow_macosx.jnilib at 0x000000018696b000
RCX=0x00000001277b8480 is an unknown value
RDX=0x00000001277b80c0 is an unknown value
RSP=0x00007fff5933e538 is pointing into the stack for thread: 0x00007fc74410b000
RBP=0x00007fff5933e5f0 is pointing into the stack for thread: 0x00007fc74410b000
RSI=0x00007fff8aebf40f is an unknown value
RDI=0x00007fc747a40e20 is an unknown value
R8 =0x0000000000000000 is an unknown value
R9 =0x0000000000000f50 is an unknown value
R10=0x0000000218158468 is an unknown value
R11={method} {0x000000011c83f730} 'listIterator' '(I)Ljava/util/ListIterator;' in 'java/util/LinkedList'
R12=0x0000000000000000 is an unknown value
R13={method} {0x000000018a085b68} 'UnsetJAWTRootSurfaceLayer0' '(JJ)V' in 'jogamp/nativewindow/jawt/macosx/MacOSXJAWTWindow'
R14=0x0000000186972440: Java_jogamp_nativewindow_macosx_OSXUtil_GetScreenRefreshRate0+0x1ce0 in /private/var/folders/1w/_vhdnh917gsgl0z3c94cp27w0000gn/T/jogamp_0000/file_cache/jln1715655344823367502/jln1357424440561287035/libnativewindow_macosx.jnilib at 0x000000018696b000
R15=0x00007fc74410b000 is a thread


Stack: [0x00007fff58b43000,0x00007fff59343000],  sp=0x00007fff5933e538,  free space=8173k
Native frames: (J=compiled Java code, j=interpreted, Vv=VM code, C=native code)
C  [libobjc.A.dylib+0x10e9]  objc_msgSend+0x29
j  jogamp.nativewindow.jawt.macosx.MacOSXJAWTWindow.UnsetJAWTRootSurfaceLayer0(JJ)V+0
j  jogamp.nativewindow.jawt.macosx.MacOSXJAWTWindow.access$200(JJ)V+2
j  jogamp.nativewindow.jawt.macosx.MacOSXJAWTWindow$1.run()V+38
j  com.jogamp.common.util.RunnableTask.run()V+24
v  ~StubRoutines::call_stub
V  [libjvm.dylib+0x2ee5b6]
V  [libjvm.dylib+0x325765]
V  [libjvm.dylib+0x317f33]
C  [libnativewindow_macosx.jnilib+0x5326]  Java_jogamp_nativewindow_jawt_macosx_MacOSXJAWTWindow_UnsetJAWTRootSurfaceLayer0+0x2b6
C  [Foundation+0x92dd0]  __NSThreadPerformPerform+0x125
C  [CoreFoundation+0x80a01]  __CFRUNLOOP_IS_CALLING_OUT_TO_A_SOURCE0_PERFORM_FUNCTION__+0x11
C  [CoreFoundation+0x72b8d]  __CFRunLoopDoSources0+0x10d
C  [CoreFoundation+0x721bf]  __CFRunLoopRun+0x39f
C  [CoreFoundation+0x71bd8]  CFRunLoopRunSpecific+0x128
C  [HIToolbox+0x3256f]  RunCurrentEventLoopInMode+0xeb
C  [HIToolbox+0x321ee]  ReceiveNextEventCommon+0xb3
C  [HIToolbox+0x3212b]  _BlockUntilNextEventMatchingListInModeWithFilter+0x47
C  [AppKit+0x918ab]  _DPSNextEvent+0x3d2
C  [AppKit+0x90e58]  -[NSApplication nextEventMatchingMask:untilDate:inMode:dequeue:]+0x15a
C  [libosxapp.dylib+0x23aa]  -[NSApplicationAWT nextEventMatchingMask:untilDate:inMode:dequeue:]+0x7c
C  [AppKit+0x86af3]  -[NSApplication run]+0x252
C  [libosxapp.dylib+0x214d]  +[NSApplicationAWT runAWTLoopWithApp:]+0x9c
C  [libawt_lwawt.dylib+0x45edf]  -[AWTStarter starter:]+0x389
C  [Foundation+0x92dd0]  __NSThreadPerformPerform+0x125
C  [CoreFoundation+0x80a01]  __CFRUNLOOP_IS_CALLING_OUT_TO_A_SOURCE0_PERFORM_FUNCTION__+0x11
C  [CoreFoundation+0x72b8d]  __CFRunLoopDoSources0+0x10d
C  [CoreFoundation+0x721bf]  __CFRunLoopRun+0x39f
C  [CoreFoundation+0x71bd8]  CFRunLoopRunSpecific+0x128
C  [java+0x6465]  CreateExecutionEnvironment+0x367
C  [java+0x218c]  JLI_Launch+0x7a0
C  [java+0x84c2]  main+0x65
C  [java+0x19e4]  start+0x34
C  0x0000000000000007

Java frames: (J=compiled Java code, j=interpreted, Vv=VM code)
j  jogamp.nativewindow.jawt.macosx.MacOSXJAWTWindow.UnsetJAWTRootSurfaceLayer0(JJ)V+0
j  jogamp.nativewindow.jawt.macosx.MacOSXJAWTWindow.access$200(JJ)V+2
j  jogamp.nativewindow.jawt.macosx.MacOSXJAWTWindow$1.run()V+38
j  com.jogamp.common.util.RunnableTask.run()V+24
v  ~StubRoutines::call_stub

---------------  P R O C E S S  ---------------

Java Threads: ( => current thread )
  0x00007fc748a28800 JavaThread "Thread-32" [_thread_blocked, id=66171, stack(0x0000000187900000,0x0000000187a00000)]
  0x00007fc744c1b800 JavaThread "AWT-EventQueue-1" [_thread_in_native, id=57619, stack(0x000000018722a000,0x000000018732a000)]
  0x00007fc743998000 JavaThread "DestroyJavaVM" [_thread_blocked, id=4867, stack(0x00000001081a4000,0x00000001082a4000)]
  0x00007fc744a28800 JavaThread "AWT-EventQueue-0" [_thread_blocked, id=55567, stack(0x00000001275a4000,0x00000001276a4000)]
  0x00007fc744991000 JavaThread "Java2D Disposer" daemon [_thread_blocked, id=51223, stack(0x0000000125e40000,0x0000000125f40000)]
  0x00007fc74415d000 JavaThread "Java2D Queue Flusher" daemon [_thread_blocked, id=49671, stack(0x0000000124c24000,0x0000000124d24000)]
  0x00007fc74393a800 JavaThread "AWT-Shutdown" [_thread_blocked, id=28179, stack(0x0000000121d6d000,0x0000000121e6d000)]
=>0x00007fc74410b000 JavaThread "AWT-AppKit" daemon [_thread_in_native, id=1811, stack(0x00007fff58b43000,0x00007fff59343000)]
  0x00007fc74481d800 JavaThread "Service Thread" daemon [_thread_blocked, id=18179, stack(0x0000000120080000,0x0000000120180000)]
  0x00007fc744048800 JavaThread "C1 CompilerThread2" daemon [_thread_blocked, id=17667, stack(0x000000011ff7d000,0x000000012007d000)]
  0x00007fc744047800 JavaThread "C2 CompilerThread1" daemon [_thread_blocked, id=17155, stack(0x000000011fe7a000,0x000000011ff7a000)]
  0x00007fc744046000 JavaThread "C2 CompilerThread0" daemon [_thread_blocked, id=16643, stack(0x000000011fd77000,0x000000011fe77000)]
  0x00007fc744008000 JavaThread "Signal Dispatcher" daemon [_thread_blocked, id=13335, stack(0x000000011fc74000,0x000000011fd74000)]
  0x00007fc74403e000 JavaThread "Finalizer" daemon [_thread_blocked, id=11523, stack(0x000000011e251000,0x000000011e351000)]
  0x00007fc744811000 JavaThread "Reference Handler" daemon [_thread_blocked, id=11011, stack(0x000000011e14e000,0x000000011e24e000)]

Other Threads:
  0x00007fc74480e800 VMThread [stack: 0x000000011e04b000,0x000000011e14b000] [id=10499]
  0x00007fc743827800 WatcherThread [stack: 0x0000000120183000,0x0000000120283000] [id=18691]

VM state:not at safepoint (normal execution)

VM Mutex/Monitor currently owned by a thread: None

Heap:
 PSYoungGen      total 61440K, used 31979K [0x0000000795580000, 0x000000079a080000, 0x00000007c0000000)
  eden space 50176K, 63% used [0x0000000795580000,0x000000079749ad98,0x0000000798680000)
  from space 11264K, 1% used [0x0000000799580000,0x00000007995a0000,0x000000079a080000)
  to   space 13312K, 0% used [0x0000000798680000,0x0000000798680000,0x0000000799380000)
 ParOldGen       total 87552K, used 18974K [0x0000000740000000, 0x0000000745580000, 0x0000000795580000)
  object space 87552K, 21% used [0x0000000740000000,0x0000000741287af8,0x0000000745580000)
 Metaspace       used 19582K, capacity 19875K, committed 19968K, reserved 1067008K
  class space    used 1932K, capacity 2022K, committed 2048K, reserved 1048576K

Card table byte_map: [0x000000011769b000,0x0000000117a9c000] byte_map_base: 0x0000000113c9b000

Marking Bits: (ParMarkBitMap*) 0x0000000107af1ea0
 Begin Bits: [0x0000000118153000, 0x000000011a153000)
 End Bits:   [0x000000011a153000, 0x000000011c153000)

Polling page: 0x00000001069e1000

CodeCache: size=245760Kb used=8620Kb max_used=8620Kb free=237139Kb
 bounds [0x00000001082db000, 0x0000000108b5b000, 0x00000001172db000]
 total_blobs=3267 nmethods=2371 adapters=809
 compilation: enabled

Compilation events (10 events):
Event: 135.420 Thread 0x00007fc744048800 2535       3       sun.java2d.pipe.RenderBuffer::putFloat (26 bytes)
Event: 135.420 Thread 0x00007fc744048800 nmethod 2535 0x000000010855dd10 code [0x000000010855de80, 0x000000010855e010]
Event: 135.450 Thread 0x00007fc744048800 2537       1       java.awt.Component::getX (5 bytes)
Event: 135.451 Thread 0x00007fc744048800 nmethod 2537 0x0000000108710610 code [0x0000000108710760, 0x0000000108710870]
Event: 135.451 Thread 0x00007fc744048800 2538       1       java.awt.Component::getY (5 bytes)
Event: 135.451 Thread 0x00007fc744048800 nmethod 2538 0x0000000108710350 code [0x00000001087104a0, 0x00000001087105b0]
Event: 135.461 Thread 0x00007fc744048800 2539   !   3       sun.misc.URLClassPath$JarLoader::getResource (353 bytes)
Event: 135.465 Thread 0x00007fc744048800 nmethod 2539 0x0000000108b4f550 code [0x0000000108b4f980, 0x0000000108b51b58]
Event: 135.465 Thread 0x00007fc744048800 2540       3       sun.misc.JarIndex::get (49 bytes)
Event: 135.467 Thread 0x00007fc744048800 nmethod 2540 0x00000001086cc3d0 code [0x00000001086cc5a0, 0x00000001086cce18]

GC Heap History (10 events):
Event: 85.650 GC heap before
{Heap before GC invocations=10 (full 0):
 PSYoungGen      total 58368K, used 57888K [0x0000000795580000, 0x000000079ab00000, 0x00000007c0000000)
  eden space 57856K, 100% used [0x0000000795580000,0x0000000798e00000,0x0000000798e00000)
  from space 512K, 6% used [0x0000000798f80000,0x0000000798f88000,0x0000000799000000)
  to   space 14848K, 0% used [0x0000000799c80000,0x0000000799c80000,0x000000079ab00000)
 ParOldGen       total 87552K, used 18806K [0x0000000740000000, 0x0000000745580000, 0x0000000795580000)
  object space 87552K, 21% used [0x0000000740000000,0x000000074125daf8,0x0000000745580000)
 Metaspace       used 19504K, capacity 19811K, committed 19968K, reserved 1067008K
  class space    used 1924K, capacity 2022K, committed 2048K, reserved 1048576K
Event: 85.652 GC heap after
Heap after GC invocations=10 (full 0):
 PSYoungGen      total 69632K, used 96K [0x0000000795580000, 0x000000079a980000, 0x00000007c0000000)
  eden space 56320K, 0% used [0x0000000795580000,0x0000000795580000,0x0000000798c80000)
  from space 13312K, 0% used [0x0000000799c80000,0x0000000799c98000,0x000000079a980000)
  to   space 14848K, 0% used [0x0000000798c80000,0x0000000798c80000,0x0000000799b00000)
 ParOldGen       total 87552K, used 18830K [0x0000000740000000, 0x0000000745580000, 0x0000000795580000)
  object space 87552K, 21% used [0x0000000740000000,0x0000000741263af8,0x0000000745580000)
 Metaspace       used 19504K, capacity 19811K, committed 19968K, reserved 1067008K
  class space    used 1924K, capacity 2022K, committed 2048K, reserved 1048576K
}
Event: 96.818 GC heap before
{Heap before GC invocations=11 (full 0):
 PSYoungGen      total 69632K, used 56416K [0x0000000795580000, 0x000000079a980000, 0x00000007c0000000)
  eden space 56320K, 100% used [0x0000000795580000,0x0000000798c80000,0x0000000798c80000)
  from space 13312K, 0% used [0x0000000799c80000,0x0000000799c98000,0x000000079a980000)
  to   space 14848K, 0% used [0x0000000798c80000,0x0000000798c80000,0x0000000799b00000)
 ParOldGen       total 87552K, used 18830K [0x0000000740000000, 0x0000000745580000, 0x0000000795580000)
  object space 87552K, 21% used [0x0000000740000000,0x0000000741263af8,0x0000000745580000)
 Metaspace       used 19504K, capacity 19811K, committed 19968K, reserved 1067008K
  class space    used 1924K, capacity 2022K, committed 2048K, reserved 1048576K
Event: 96.819 GC heap after
Heap after GC invocations=11 (full 0):
 PSYoungGen      total 55296K, used 64K [0x0000000795580000, 0x000000079a800000, 0x00000007c0000000)
  eden space 54784K, 0% used [0x0000000795580000,0x0000000795580000,0x0000000798b00000)
  from space 512K, 12% used [0x0000000798c80000,0x0000000798c90000,0x0000000798d00000)
  to   space 14848K, 0% used [0x0000000799980000,0x0000000799980000,0x000000079a800000)
 ParOldGen       total 87552K, used 18846K [0x0000000740000000, 0x0000000745580000, 0x0000000795580000)
  object space 87552K, 21% used [0x0000000740000000,0x0000000741267af8,0x0000000745580000)
 Metaspace       used 19504K, capacity 19811K, committed 19968K, reserved 1067008K
  class space    used 1924K, capacity 2022K, committed 2048K, reserved 1048576K
}
Event: 108.000 GC heap before
{Heap before GC invocations=12 (full 0):
 PSYoungGen      total 55296K, used 54848K [0x0000000795580000, 0x000000079a800000, 0x00000007c0000000)
  eden space 54784K, 100% used [0x0000000795580000,0x0000000798b00000,0x0000000798b00000)
  from space 512K, 12% used [0x0000000798c80000,0x0000000798c90000,0x0000000798d00000)
  to   space 14848K, 0% used [0x0000000799980000,0x0000000799980000,0x000000079a800000)
 ParOldGen       total 87552K, used 18846K [0x0000000740000000, 0x0000000745580000, 0x0000000795580000)
  object space 87552K, 21% used [0x0000000740000000,0x0000000741267af8,0x0000000745580000)
 Metaspace       used 19539K, capacity 19875K, committed 19968K, reserved 1067008K
  class space    used 1925K, capacity 2022K, committed 2048K, reserved 1048576K
Event: 108.001 GC heap after
Heap after GC invocations=12 (full 0):
 PSYoungGen      total 65536K, used 128K [0x0000000795580000, 0x000000079a580000, 0x00000007c0000000)
  eden space 53248K, 0% used [0x0000000795580000,0x0000000795580000,0x0000000798980000)
  from space 12288K, 1% used [0x0000000799980000,0x00000007999a0000,0x000000079a580000)
  to   space 14336K, 0% used [0x0000000798980000,0x0000000798980000,0x0000000799780000)
 ParOldGen       total 87552K, used 18886K [0x0000000740000000, 0x0000000745580000, 0x0000000795580000)
  object space 87552K, 21% used [0x0000000740000000,0x0000000741271af8,0x0000000745580000)
 Metaspace       used 19539K, capacity 19875K, committed 19968K, reserved 1067008K
  class space    used 1925K, capacity 2022K, committed 2048K, reserved 1048576K
}
Event: 118.717 GC heap before
{Heap before GC invocations=13 (full 0):
 PSYoungGen      total 65536K, used 53376K [0x0000000795580000, 0x000000079a580000, 0x00000007c0000000)
  eden space 53248K, 100% used [0x0000000795580000,0x0000000798980000,0x0000000798980000)
  from space 12288K, 1% used [0x0000000799980000,0x00000007999a0000,0x000000079a580000)
  to   space 14336K, 0% used [0x0000000798980000,0x0000000798980000,0x0000000799780000)
 ParOldGen       total 87552K, used 18886K [0x0000000740000000, 0x0000000745580000, 0x0000000795580000)
  object space 87552K, 21% used [0x0000000740000000,0x0000000741271af8,0x0000000745580000)
 Metaspace       used 19553K, capacity 19875K, committed 19968K, reserved 1067008K
  class space    used 1925K, capacity 2022K, committed 2048K, reserved 1048576K
Event: 118.719 GC heap after
Heap after GC invocations=13 (full 0):
 PSYoungGen      total 52224K, used 96K [0x0000000795580000, 0x000000079a300000, 0x00000007c0000000)
  eden space 51712K, 0% used [0x0000000795580000,0x0000000795580000,0x0000000798800000)
  from space 512K, 18% used [0x0000000798980000,0x0000000798998000,0x0000000798a00000)
  to   space 13824K, 0% used [0x0000000799580000,0x0000000799580000,0x000000079a300000)
 ParOldGen       total 87552K, used 18918K [0x0000000740000000, 0x0000000745580000, 0x0000000795580000)
  object space 87552K, 21% used [0x0000000740000000,0x0000000741279af8,0x0000000745580000)
 Metaspace       used 19553K, capacity 19875K, committed 19968K, reserved 1067008K
  class space    used 1925K, capacity 2022K, committed 2048K, reserved 1048576K
}
Event: 129.167 GC heap before
{Heap before GC invocations=14 (full 0):
 PSYoungGen      total 52224K, used 51808K [0x0000000795580000, 0x000000079a300000, 0x00000007c0000000)
  eden space 51712K, 100% used [0x0000000795580000,0x0000000798800000,0x0000000798800000)
  from space 512K, 18% used [0x0000000798980000,0x0000000798998000,0x0000000798a00000)
  to   space 13824K, 0% used [0x0000000799580000,0x0000000799580000,0x000000079a300000)
 ParOldGen       total 87552K, used 18918K [0x0000000740000000, 0x0000000745580000, 0x0000000795580000)
  object space 87552K, 21% used [0x0000000740000000,0x0000000741279af8,0x0000000745580000)
 Metaspace       used 19553K, capacity 19875K, committed 19968K, reserved 1067008K
  class space    used 1925K, capacity 2022K, committed 2048K, reserved 1048576K
Event: 129.168 GC heap after
Heap after GC invocations=14 (full 0):
 PSYoungGen      total 61440K, used 128K [0x0000000795580000, 0x000000079a080000, 0x00000007c0000000)
  eden space 50176K, 0% used [0x0000000795580000,0x0000000795580000,0x0000000798680000)
  from space 11264K, 1% used [0x0000000799580000,0x00000007995a0000,0x000000079a080000)
  to   space 13312K, 0% used [0x0000000798680000,0x0000000798680000,0x0000000799380000)
 ParOldGen       total 87552K, used 18974K [0x0000000740000000, 0x0000000745580000, 0x0000000795580000)
  object space 87552K, 21% used [0x0000000740000000,0x0000000741287af8,0x0000000745580000)
 Metaspace       used 19553K, capacity 19875K, committed 19968K, reserved 1067008K
  class space    used 1925K, capacity 2022K, committed 2048K, reserved 1048576K
}

Deoptimization events (10 events):
Event: 135.433 Thread 0x00007fc744c1b800 Uncommon trap: reason=class_check action=maybe_recompile pc=0x000000010866f8b0 method=java.awt.event.InvocationEvent.dispatch()V @ 11
Event: 135.449 Thread 0x00007fc7450fe800 Uncommon trap: reason=unstable_if action=reinterpret pc=0x00000001089f6cf0 method=java.util.HashMap.putVal(ILjava/lang/Object;Ljava/lang/Object;ZZ)Ljava/lang/Object; @ 81
Event: 135.452 Thread 0x00007fc744c1b800 Uncommon trap: reason=class_check action=maybe_recompile pc=0x000000010866f8b0 method=java.awt.event.InvocationEvent.dispatch()V @ 11
Event: 135.455 Thread 0x00007fc74410b000 Uncommon trap: reason=class_check action=maybe_recompile pc=0x0000000108547f00 method=com.jogamp.common.util.RunnableTask.run()V @ 24
Event: 135.456 Thread 0x00007fc74410b000 Uncommon trap: reason=unstable_if action=reinterpret pc=0x00000001086e26fc method=jogamp.nativewindow.macosx.OSXUtil.RunOnMainThread(ZZLjava/lang/Runnable;)V @ 3
Event: 135.460 Thread 0x00007fc744c1b800 Uncommon trap: reason=unstable_if action=reinterpret pc=0x0000000108afa9a8 method=jogamp.opengl.GLContextImpl.release(Z)V @ 161
Event: 135.463 Thread 0x00007fc744c1b800 Uncommon trap: reason=unstable_if action=reinterpret pc=0x00000001083f6c98 method=java.util.LinkedList$ListItr.<init>(Ljava/util/LinkedList;I)V @ 26
Event: 135.465 Thread 0x00007fc744c1b800 Uncommon trap: reason=unstable_if action=reinterpret pc=0x0000000108993454 method=java.security.AccessControlContext.optimize()Ljava/security/AccessControlContext; @ 233
Event: 135.468 Thread 0x00007fc744c1b800 Uncommon trap: reason=class_check action=maybe_recompile pc=0x000000010866f8b0 method=java.awt.event.InvocationEvent.dispatch()V @ 11
Event: 135.481 Thread 0x00007fc74410b000 Uncommon trap: reason=class_check action=maybe_recompile pc=0x0000000108547f00 method=com.jogamp.common.util.RunnableTask.run()V @ 24

Internal exceptions (10 events):
Event: 0.195 Thread 0x00007fc74400a800 Exception <a 'java/lang/NoSuchFieldError': method resolution failed> (0x00000007957e2b48) thrown at [/Users/java_re/workspace/8-2-build-macosx-x86_64/jdk8u131/8869/hotspot/src/share/vm/prims/methodHandles.cpp, line 1146]
Event: 0.453 Thread 0x00007fc74400a800 Exception <a 'java/io/FileNotFoundException'> (0x000000079585e208) thrown at [/Users/java_re/workspace/8-2-build-macosx-x86_64/jdk8u131/8869/hotspot/src/share/vm/prims/jni.cpp, line 709]
Event: 0.453 Thread 0x00007fc74400a800 Exception <a 'java/io/FileNotFoundException'> (0x000000079585ed78) thrown at [/Users/java_re/workspace/8-2-build-macosx-x86_64/jdk8u131/8869/hotspot/src/share/vm/prims/jni.cpp, line 709]
Event: 0.574 Thread 0x00007fc74400a800 Exception <a 'java/io/FileNotFoundException'> (0x000000079599e7d8) thrown at [/Users/java_re/workspace/8-2-build-macosx-x86_64/jdk8u131/8869/hotspot/src/share/vm/prims/jni.cpp, line 709]
Event: 2.436 Thread 0x00007fc744c1f800 Exception <a 'java/lang/UnsatisfiedLinkError': com.jogamp.common.util.JarUtil.fixNativeLibAttribs(Ljava/lang/String;)Z> (0x0000000796c24da8) thrown at [/Users/java_re/workspace/8-2-build-macosx-x86_64/jdk8u131/8869/hotspot/src/share/vm/prims/nativeLookup.
Event: 2.787 Thread 0x00007fc74403e000 Exception <a 'java/lang/NullPointerException'> (0x000000079574b288) thrown at [/Users/java_re/workspace/8-2-build-macosx-x86_64/jdk8u131/8869/hotspot/src/share/vm/interpreter/linkResolver.cpp, line 1197]
Event: 3.538 Thread 0x00007fc744c1b800 Exception <a 'java/io/FileNotFoundException'> (0x000000079617bd60) thrown at [/Users/java_re/workspace/8-2-build-macosx-x86_64/jdk8u131/8869/hotspot/src/share/vm/prims/jni.cpp, line 709]
Event: 3.539 Thread 0x00007fc744c1b800 Exception <a 'java/io/FileNotFoundException'> (0x00000007961837c8) thrown at [/Users/java_re/workspace/8-2-build-macosx-x86_64/jdk8u131/8869/hotspot/src/share/vm/prims/jni.cpp, line 709]
Event: 3.539 Thread 0x00007fc744c1b800 Implicit null exception at 0x00000001084c5f36 to 0x00000001084c6305
Event: 3.655 Thread 0x00007fc744c1b800 Implicit null exception at 0x00000001086c0106 to 0x00000001086c034d

Events (10 events):
Event: 135.467 loading class java/awt/Toolkit$ToolkitEventMulticaster done
Event: 135.468 Thread 0x00007fc7450fe800 Thread exited: 0x00007fc7450fe800
Event: 135.468 loading class java/awt/Window$1DisposeAction
Event: 135.468 loading class java/awt/Window$1DisposeAction done
Event: 135.468 Thread 0x00007fc744c1b800 Uncommon trap: trap_request=0xffffffde fr.pc=0x000000010866f8b0
Event: 135.468 Thread 0x00007fc744c1b800 DEOPT PACKING pc=0x000000010866f8b0 sp=0x0000000187327ff0
Event: 135.468 Thread 0x00007fc744c1b800 DEOPT UNPACKING pc=0x00000001082e0229 sp=0x0000000187327e78 mode 2
Event: 135.481 Thread 0x00007fc74410b000 Uncommon trap: trap_request=0xffffffde fr.pc=0x0000000108547f00
Event: 135.481 Thread 0x00007fc74410b000 DEOPT PACKING pc=0x0000000108547f00 sp=0x00007fff5933e7b0
Event: 135.481 Thread 0x00007fc74410b000 DEOPT UNPACKING pc=0x00000001082e0229 sp=0x00007fff5933e758 mode 2


Dynamic libraries:
0x0000000004bff000 	/System/Library/Frameworks/Cocoa.framework/Versions/A/Cocoa
0x0000000004bff000 	/System/Library/Frameworks/Security.framework/Versions/A/Security
0x0000000004bff000 	/System/Library/Frameworks/ApplicationServices.framework/Versions/A/ApplicationServices
0x0000000004bff000 	/usr/lib/libz.1.dylib
0x0000000004bff000 	/usr/lib/libSystem.B.dylib
0x0000000004bff000 	/usr/lib/libobjc.A.dylib
0x0000000004bff000 	/System/Library/Frameworks/CoreFoundation.framework/Versions/A/CoreFoundation
0x0000000004bff000 	/System/Library/Frameworks/Foundation.framework/Versions/C/Foundation
0x0000000004bff000 	/System/Library/Frameworks/AppKit.framework/Versions/C/AppKit
0x0000000004bff000 	/System/Library/Frameworks/CoreData.framework/Versions/A/CoreData
0x0000000004bff000 	/System/Library/PrivateFrameworks/RemoteViewServices.framework/Versions/A/RemoteViewServices
0x0000000004bff000 	/System/Library/PrivateFrameworks/UIFoundation.framework/Versions/A/UIFoundation
0x0000000004bff000 	/System/Library/Frameworks/IOSurface.framework/Versions/A/IOSurface
0x0000000004bff000 	/System/Library/Frameworks/AudioToolbox.framework/Versions/A/AudioToolbox
0x0000000004bff000 	/System/Library/Frameworks/AudioUnit.framework/Versions/A/AudioUnit
0x0000000004bff000 	/System/Library/PrivateFrameworks/DataDetectorsCore.framework/Versions/A/DataDetectorsCore
0x0000000004bff000 	/System/Library/PrivateFrameworks/DesktopServicesPriv.framework/Versions/A/DesktopServicesPriv
0x0000000004bff000 	/System/Library/Frameworks/Carbon.framework/Versions/A/Frameworks/HIToolbox.framework/Versions/A/HIToolbox
0x0000000004bff000 	/System/Library/Frameworks/QuartzCore.framework/Versions/A/QuartzCore
0x0000000004bff000 	/System/Library/Frameworks/Carbon.framework/Versions/A/Frameworks/SpeechRecognition.framework/Versions/A/SpeechRecognition
0x0000000004bff000 	/usr/lib/libauto.dylib
0x0000000004bff000 	/usr/lib/libicucore.A.dylib
0x0000000004bff000 	/usr/lib/libxml2.2.dylib
0x0000000004bff000 	/System/Library/PrivateFrameworks/CoreUI.framework/Versions/A/CoreUI
0x0000000004bff000 	/System/Library/Frameworks/CoreAudio.framework/Versions/A/CoreAudio
0x0000000004bff000 	/System/Library/Frameworks/DiskArbitration.framework/Versions/A/DiskArbitration
0x0000000004bff000 	/usr/lib/liblangid.dylib
0x0000000004bff000 	/System/Library/PrivateFrameworks/MultitouchSupport.framework/Versions/A/MultitouchSupport
0x0000000004bff000 	/System/Library/Frameworks/IOKit.framework/Versions/A/IOKit
0x0000000004bff000 	/usr/lib/libDiagnosticMessagesClient.dylib
0x0000000004bff000 	/System/Library/Frameworks/CoreServices.framework/Versions/A/CoreServices
0x0000000004bff000 	/System/Library/PrivateFrameworks/PerformanceAnalysis.framework/Versions/A/PerformanceAnalysis
0x0000000004bff000 	/System/Library/PrivateFrameworks/GenerationalStorage.framework/Versions/A/GenerationalStorage
0x0000000004bff000 	/System/Library/Frameworks/OpenGL.framework/Versions/A/OpenGL
0x0000000004bff000 	/System/Library/PrivateFrameworks/Sharing.framework/Versions/A/Sharing
0x0000000004bff000 	/System/Library/Frameworks/CoreGraphics.framework/Versions/A/CoreGraphics
0x0000000004bff000 	/System/Library/Frameworks/CoreText.framework/Versions/A/CoreText
0x0000000004bff000 	/System/Library/Frameworks/ImageIO.framework/Versions/A/ImageIO
0x0000000004bff000 	/usr/lib/libextension.dylib
0x0000000004bff000 	/System/Library/PrivateFrameworks/Backup.framework/Versions/A/Backup
0x0000000004bff000 	/usr/lib/libarchive.2.dylib
0x0000000004bff000 	/System/Library/Frameworks/CFNetwork.framework/Versions/A/CFNetwork
0x0000000004bff000 	/System/Library/Frameworks/SystemConfiguration.framework/Versions/A/SystemConfiguration
0x0000000004bff000 	/usr/lib/libCRFSuite.dylib
0x0000000004bff000 	/usr/lib/libc++.1.dylib
0x0000000004bff000 	/usr/lib/libc++abi.dylib
0x0000000004bff000 	/usr/lib/system/libcache.dylib
0x0000000004bff000 	/usr/lib/system/libcommonCrypto.dylib
0x0000000004bff000 	/usr/lib/system/libcompiler_rt.dylib
0x0000000004bff000 	/usr/lib/system/libcopyfile.dylib
0x0000000004bff000 	/usr/lib/system/libcorecrypto.dylib
0x0000000004bff000 	/usr/lib/system/libdispatch.dylib
0x0000000004bff000 	/usr/lib/system/libdyld.dylib
0x0000000004bff000 	/usr/lib/system/libkeymgr.dylib
0x0000000004bff000 	/usr/lib/system/liblaunch.dylib
0x0000000004bff000 	/usr/lib/system/libmacho.dylib
0x0000000004bff000 	/usr/lib/system/libquarantine.dylib
0x0000000004bff000 	/usr/lib/system/libremovefile.dylib
0x0000000004bff000 	/usr/lib/system/libsystem_asl.dylib
0x0000000004bff000 	/usr/lib/system/libsystem_blocks.dylib
0x0000000004bff000 	/usr/lib/system/libsystem_c.dylib
0x0000000004bff000 	/usr/lib/system/libsystem_configuration.dylib
0x0000000004bff000 	/usr/lib/system/libsystem_coreservices.dylib
0x0000000004bff000 	/usr/lib/system/libsystem_coretls.dylib
0x0000000004bff000 	/usr/lib/system/libsystem_dnssd.dylib
0x0000000004bff000 	/usr/lib/system/libsystem_info.dylib
0x0000000004bff000 	/usr/lib/system/libsystem_kernel.dylib
0x0000000004bff000 	/usr/lib/system/libsystem_m.dylib
0x0000000004bff000 	/usr/lib/system/libsystem_malloc.dylib
0x0000000004bff000 	/usr/lib/system/libsystem_network.dylib
0x0000000004bff000 	/usr/lib/system/libsystem_networkextension.dylib
0x0000000004bff000 	/usr/lib/system/libsystem_notify.dylib
0x0000000004bff000 	/usr/lib/system/libsystem_platform.dylib
0x0000000004bff000 	/usr/lib/system/libsystem_pthread.dylib
0x0000000004bff000 	/usr/lib/system/libsystem_sandbox.dylib
0x0000000004bff000 	/usr/lib/system/libsystem_secinit.dylib
0x0000000004bff000 	/usr/lib/system/libsystem_stats.dylib
0x0000000004bff000 	/usr/lib/system/libsystem_trace.dylib
0x0000000004bff000 	/usr/lib/system/libunc.dylib
0x0000000004bff000 	/usr/lib/system/libunwind.dylib
0x0000000004bff000 	/usr/lib/system/libxpc.dylib
0x0000000004bff000 	/usr/lib/libbz2.1.0.dylib
0x0000000004bff000 	/usr/lib/liblzma.5.dylib
0x0000000004bff000 	/usr/lib/libbsm.0.dylib
0x0000000004bff000 	/usr/lib/libsqlite3.dylib
0x0000000004bff000 	/usr/lib/system/libkxld.dylib
0x0000000004bff000 	/usr/lib/libxar.1.dylib
0x0000000004bff000 	/usr/lib/libpam.2.dylib
0x0000000004bff000 	/usr/lib/libOpenScriptingUtil.dylib
0x0000000004bff000 	/System/Library/Frameworks/CoreServices.framework/Versions/A/Frameworks/FSEvents.framework/Versions/A/FSEvents
0x0000000004bff000 	/System/Library/Frameworks/CoreServices.framework/Versions/A/Frameworks/CarbonCore.framework/Versions/A/CarbonCore
0x0000000004bff000 	/System/Library/Frameworks/CoreServices.framework/Versions/A/Frameworks/Metadata.framework/Versions/A/Metadata
0x0000000004bff000 	/System/Library/Frameworks/CoreServices.framework/Versions/A/Frameworks/OSServices.framework/Versions/A/OSServices
0x0000000004bff000 	/System/Library/Frameworks/CoreServices.framework/Versions/A/Frameworks/SearchKit.framework/Versions/A/SearchKit
0x0000000004bff000 	/System/Library/Frameworks/CoreServices.framework/Versions/A/Frameworks/AE.framework/Versions/A/AE
0x0000000004bff000 	/System/Library/Frameworks/CoreServices.framework/Versions/A/Frameworks/LaunchServices.framework/Versions/A/LaunchServices
0x0000000004bff000 	/System/Library/Frameworks/CoreServices.framework/Versions/A/Frameworks/DictionaryServices.framework/Versions/A/DictionaryServices
0x0000000004bff000 	/System/Library/Frameworks/NetFS.framework/Versions/A/NetFS
0x0000000004bff000 	/System/Library/PrivateFrameworks/NetAuth.framework/Versions/A/NetAuth
0x0000000004bff000 	/System/Library/PrivateFrameworks/login.framework/Versions/A/Frameworks/loginsupport.framework/Versions/A/loginsupport
0x0000000004bff000 	/System/Library/PrivateFrameworks/TCC.framework/Versions/A/TCC
0x0000000004bff000 	/usr/lib/libmecabra.dylib
0x0000000004bff000 	/System/Library/Frameworks/ApplicationServices.framework/Versions/A/Frameworks/ATS.framework/Versions/A/ATS
0x0000000004bff000 	/System/Library/Frameworks/ApplicationServices.framework/Versions/A/Frameworks/ColorSync.framework/Versions/A/ColorSync
0x0000000004bff000 	/System/Library/Frameworks/ApplicationServices.framework/Versions/A/Frameworks/HIServices.framework/Versions/A/HIServices
0x0000000004bff000 	/System/Library/Frameworks/ApplicationServices.framework/Versions/A/Frameworks/LangAnalysis.framework/Versions/A/LangAnalysis
0x0000000004bff000 	/System/Library/Frameworks/ApplicationServices.framework/Versions/A/Frameworks/PrintCore.framework/Versions/A/PrintCore
0x0000000004bff000 	/System/Library/Frameworks/ApplicationServices.framework/Versions/A/Frameworks/QD.framework/Versions/A/QD
0x0000000004bff000 	/System/Library/Frameworks/ApplicationServices.framework/Versions/A/Frameworks/SpeechSynthesis.framework/Versions/A/SpeechSynthesis
0x0000000004bff000 	/System/Library/Frameworks/Accelerate.framework/Versions/A/Accelerate
0x0000000004bff000 	/System/Library/Frameworks/Accelerate.framework/Versions/A/Frameworks/vImage.framework/Versions/A/vImage
0x0000000004bff000 	/System/Library/Frameworks/Accelerate.framework/Versions/A/Frameworks/vecLib.framework/Versions/A/vecLib
0x0000000004bff000 	/System/Library/Frameworks/Accelerate.framework/Versions/A/Frameworks/vecLib.framework/Versions/A/libvDSP.dylib
0x0000000004bff000 	/System/Library/Frameworks/Accelerate.framework/Versions/A/Frameworks/vecLib.framework/Versions/A/libvMisc.dylib
0x0000000004bff000 	/System/Library/Frameworks/Accelerate.framework/Versions/A/Frameworks/vecLib.framework/Versions/A/libLAPACK.dylib
0x0000000004bff000 	/System/Library/Frameworks/Accelerate.framework/Versions/A/Frameworks/vecLib.framework/Versions/A/libBLAS.dylib
0x0000000004bff000 	/System/Library/Frameworks/Accelerate.framework/Versions/A/Frameworks/vecLib.framework/Versions/A/libLinearAlgebra.dylib
0x0000000004bff000 	/System/Library/Frameworks/ApplicationServices.framework/Versions/A/Frameworks/ATS.framework/Versions/A/Resources/libFontParser.dylib
0x0000000004bff000 	/System/Library/Frameworks/ApplicationServices.framework/Versions/A/Frameworks/ATS.framework/Versions/A/Resources/libFontRegistry.dylib
0x0000000004bff000 	/System/Library/PrivateFrameworks/AppleVPA.framework/Versions/A/AppleVPA
0x0000000004bff000 	/System/Library/PrivateFrameworks/AppleJPEG.framework/Versions/A/AppleJPEG
0x0000000004bff000 	/System/Library/Frameworks/ImageIO.framework/Versions/A/Resources/libJPEG.dylib
0x0000000004bff000 	/System/Library/Frameworks/ImageIO.framework/Versions/A/Resources/libTIFF.dylib
0x0000000004bff000 	/System/Library/Frameworks/ImageIO.framework/Versions/A/Resources/libPng.dylib
0x0000000004bff000 	/System/Library/Frameworks/ImageIO.framework/Versions/A/Resources/libGIF.dylib
0x0000000004bff000 	/System/Library/Frameworks/ImageIO.framework/Versions/A/Resources/libJP2.dylib
0x0000000004bff000 	/System/Library/Frameworks/ImageIO.framework/Versions/A/Resources/libRadiance.dylib
0x0000000004bff000 	/System/Library/Frameworks/CoreVideo.framework/Versions/A/CoreVideo
0x0000000004bff000 	/System/Library/Frameworks/OpenGL.framework/Versions/A/Libraries/libGLU.dylib
0x0000000004bff000 	/System/Library/Frameworks/OpenGL.framework/Versions/A/Libraries/libGFXShared.dylib
0x0000000004bff000 	/System/Library/Frameworks/OpenGL.framework/Versions/A/Libraries/libGL.dylib
0x0000000004bff000 	/System/Library/Frameworks/OpenGL.framework/Versions/A/Libraries/libGLImage.dylib
0x0000000004bff000 	/System/Library/Frameworks/OpenGL.framework/Versions/A/Libraries/libCVMSPluginSupport.dylib
0x0000000004bff000 	/System/Library/Frameworks/OpenGL.framework/Versions/A/Libraries/libCoreVMClient.dylib
0x0000000004bff000 	/usr/lib/libcups.2.dylib
0x0000000004bff000 	/System/Library/Frameworks/Kerberos.framework/Versions/A/Kerberos
0x0000000004bff000 	/System/Library/Frameworks/GSS.framework/Versions/A/GSS
0x0000000004bff000 	/usr/lib/libresolv.9.dylib
0x0000000004bff000 	/usr/lib/libiconv.2.dylib
0x0000000004bff000 	/System/Library/PrivateFrameworks/Heimdal.framework/Versions/A/Heimdal
0x0000000004bff000 	/usr/lib/libheimdal-asn1.dylib
0x0000000004bff000 	/System/Library/Frameworks/OpenDirectory.framework/Versions/A/OpenDirectory
0x0000000004bff000 	/System/Library/PrivateFrameworks/CommonAuth.framework/Versions/A/CommonAuth
0x0000000004bff000 	/System/Library/Frameworks/OpenDirectory.framework/Versions/A/Frameworks/CFOpenDirectory.framework/Versions/A/CFOpenDirectory
0x0000000004bff000 	/System/Library/Frameworks/SecurityFoundation.framework/Versions/A/SecurityFoundation
0x0000000004bff000 	/System/Library/PrivateFrameworks/LanguageModeling.framework/Versions/A/LanguageModeling
0x0000000004bff000 	/usr/lib/libcmph.dylib
0x0000000004bff000 	/System/Library/Frameworks/ServiceManagement.framework/Versions/A/ServiceManagement
0x0000000004bff000 	/usr/lib/libxslt.1.dylib
0x0000000004bff000 	/System/Library/Frameworks/Carbon.framework/Versions/A/Frameworks/Ink.framework/Versions/A/Ink
0x0000000004bff000 	/System/Library/Frameworks/QuartzCore.framework/Versions/A/Frameworks/CoreImage.framework/Versions/A/CoreImage
0x0000000004bff000 	/System/Library/PrivateFrameworks/CrashReporterSupport.framework/Versions/A/CrashReporterSupport
0x0000000004bff000 	/System/Library/Frameworks/OpenCL.framework/Versions/A/OpenCL
0x0000000004bff000 	/System/Library/PrivateFrameworks/FaceCore.framework/Versions/A/FaceCore
0x0000000004bff000 	/System/Library/PrivateFrameworks/Ubiquity.framework/Versions/A/Ubiquity
0x0000000004bff000 	/System/Library/PrivateFrameworks/IconServices.framework/Versions/A/IconServices
0x0000000004bff000 	/System/Library/PrivateFrameworks/ChunkingLibrary.framework/Versions/A/ChunkingLibrary
0x0000000004bff000 	/System/Library/PrivateFrameworks/Apple80211.framework/Versions/A/Apple80211
0x0000000004bff000 	/System/Library/Frameworks/CoreWLAN.framework/Versions/A/CoreWLAN
0x0000000004bff000 	/System/Library/Frameworks/IOBluetooth.framework/Versions/A/IOBluetooth
0x0000000004bff000 	/System/Library/PrivateFrameworks/CoreWiFi.framework/Versions/A/CoreWiFi
0x0000000004bff000 	/System/Library/Frameworks/CoreBluetooth.framework/Versions/A/CoreBluetooth
0x0000000004bff000 	/System/Library/PrivateFrameworks/DebugSymbols.framework/Versions/A/DebugSymbols
0x0000000004bff000 	/System/Library/PrivateFrameworks/CoreSymbolication.framework/Versions/A/CoreSymbolication
0x0000000004bff000 	/System/Library/PrivateFrameworks/Symbolication.framework/Versions/A/Symbolication
0x0000000004bff000 	/System/Library/PrivateFrameworks/SpeechRecognitionCore.framework/Versions/A/SpeechRecognitionCore
0x0000000107200000 	/Library/Java/JavaVirtualMachines/jdk1.8.0_131.jdk/Contents/Home/jre/lib/server/libjvm.dylib
0x0000000004bff000 	/usr/lib/libstdc++.6.dylib
0x00000001069d3000 	/Library/Java/JavaVirtualMachines/jdk1.8.0_131.jdk/Contents/Home/jre/lib/libverify.dylib
0x00000001082a6000 	/Library/Java/JavaVirtualMachines/jdk1.8.0_131.jdk/Contents/Home/jre/lib/libjava.dylib
0x00000001069eb000 	/Library/Java/JavaVirtualMachines/jdk1.8.0_131.jdk/Contents/Home/jre/lib/libzip.dylib
0x000000011e353000 	/System/Library/Frameworks/JavaVM.framework/Frameworks/JavaRuntimeSupport.framework/JavaRuntimeSupport
0x000000011e36b000 	/System/Library/Frameworks/JavaVM.framework/Versions/A/Frameworks/JavaNativeFoundation.framework/Versions/A/JavaNativeFoundation
0x000000011e380000 	/System/Library/Frameworks/JavaVM.framework/Versions/A/JavaVM
0x0000000004bff000 	/System/Library/Frameworks/Carbon.framework/Versions/A/Carbon
0x000000011e38d000 	/System/Library/PrivateFrameworks/JavaLaunching.framework/Versions/A/JavaLaunching
0x0000000004bff000 	/System/Library/Frameworks/Carbon.framework/Versions/A/Frameworks/CommonPanels.framework/Versions/A/CommonPanels
0x0000000004bff000 	/System/Library/Frameworks/Carbon.framework/Versions/A/Frameworks/Help.framework/Versions/A/Help
0x0000000004bff000 	/System/Library/Frameworks/Carbon.framework/Versions/A/Frameworks/ImageCapture.framework/Versions/A/ImageCapture
0x0000000004bff000 	/System/Library/Frameworks/Carbon.framework/Versions/A/Frameworks/OpenScripting.framework/Versions/A/OpenScripting
0x0000000004bff000 	/System/Library/Frameworks/Carbon.framework/Versions/A/Frameworks/Print.framework/Versions/A/Print
0x0000000004bff000 	/System/Library/Frameworks/Carbon.framework/Versions/A/Frameworks/SecurityHI.framework/Versions/A/SecurityHI
0x00000001202b9000 	/Library/Java/JavaVirtualMachines/jdk1.8.0_131.jdk/Contents/Home/jre/lib/libawt.dylib
0x0000000120361000 	/Library/Java/JavaVirtualMachines/jdk1.8.0_131.jdk/Contents/Home/jre/lib/./libmlib_image.dylib
0x000000012042d000 	/Library/Java/JavaVirtualMachines/jdk1.8.0_131.jdk/Contents/Home/jre/lib/libawt_lwawt.dylib
0x00000001204e4000 	/Library/Java/JavaVirtualMachines/jdk1.8.0_131.jdk/Contents/Home/jre/lib/./libosxapp.dylib
0x0000000004bff000 	/System/Library/Frameworks/ExceptionHandling.framework/Versions/A/ExceptionHandling
0x0000000004bff000 	/System/Library/PrivateFrameworks/CoreServicesInternal.framework/Versions/A/CoreServicesInternal
0x0000000004bff000 	/System/Library/PrivateFrameworks/CloudDocs.framework/Versions/A/CloudDocs
0x0000000004bff000 	/System/Library/PrivateFrameworks/CoreDuet.framework/Versions/A/CoreDuet
0x0000000004bff000 	/System/Library/Frameworks/CloudKit.framework/Versions/A/CloudKit
0x0000000004bff000 	/System/Library/PrivateFrameworks/ProtocolBuffer.framework/Versions/A/ProtocolBuffer
0x0000000004bff000 	/System/Library/PrivateFrameworks/CoreDuetDaemonProtocol.framework/Versions/A/CoreDuetDaemonProtocol
0x0000000004bff000 	/System/Library/PrivateFrameworks/CoreDuetDebugLogging.framework/Versions/A/CoreDuetDebugLogging
0x0000000004bff000 	/System/Library/PrivateFrameworks/MMCS.framework/Versions/A/MMCS
0x0000000004bff000 	/System/Library/Frameworks/CoreLocation.framework/Versions/A/CoreLocation
0x0000000004bff000 	/System/Library/PrivateFrameworks/ProtectedCloudStorage.framework/Versions/A/ProtectedCloudStorage
0x0000000004bff000 	/System/Library/PrivateFrameworks/GeoServices.framework/Versions/A/GeoServices
0x0000000121d5d000 	/System/Library/Frameworks/CoreGraphics.framework/Versions/A/Resources/libCGCMS.A.dylib
0x0000000122b40000 	/System/Library/Frameworks/CoreGraphics.framework/Versions/A/Resources/libRIP.A.dylib
0x0000000122e78000 	/System/Library/Frameworks/CoreGraphics.framework/Versions/A/Resources/libCGXType.A.dylib
0x0000000004bff000 	/System/Library/Frameworks/OpenCL.framework/Versions/A/Libraries/libcldcpuengine.dylib
0x0000000004bff000 	/System/Library/PrivateFrameworks/DiskImages.framework/Versions/A/DiskImages
0x0000000004bff000 	/System/Library/Frameworks/DiscRecording.framework/Versions/A/DiscRecording
0x0000000004bff000 	/usr/lib/libcsfde.dylib
0x0000000004bff000 	/usr/lib/libcurl.4.dylib
0x0000000004bff000 	/System/Library/PrivateFrameworks/MediaKit.framework/Versions/A/MediaKit
0x0000000004bff000 	/usr/lib/libCoreStorage.dylib
0x0000000004bff000 	/System/Library/PrivateFrameworks/EFILogin.framework/Versions/A/EFILogin
0x0000000004bff000 	/usr/lib/libutil.dylib
0x0000000004bff000 	/System/Library/PrivateFrameworks/FindMyDevice.framework/Versions/A/FindMyDevice
0x0000000004bff000 	/System/Library/Frameworks/LDAP.framework/Versions/A/LDAP
0x0000000004bff000 	/usr/lib/libsasl2.2.dylib
0x0000000004bff000 	/System/Library/PrivateFrameworks/CoreDaemon.framework/Versions/B/CoreDaemon
0x0000000004bff000 	/usr/lib/libcrypto.0.9.8.dylib
0x0000000004bff000 	/System/Library/PrivateFrameworks/AppleSRP.framework/Versions/A/AppleSRP
0x0000000004bff000 	/System/Library/PrivateFrameworks/TrustEvaluationAgent.framework/Versions/A/TrustEvaluationAgent
0x00000001238ec000 	cl_kernels
0x00000001238ee000 	/System/Library/Frameworks/OpenCL.framework/Versions/A/Libraries/ImageFormats/unorm8_bgra.dylib
0x00000001238de000 	cl_kernels
0x0000000004bff000 	/System/Library/PrivateFrameworks/FamilyControls.framework/Versions/A/FamilyControls
0x0000000004bff000 	/System/Library/PrivateFrameworks/CommerceKit.framework/Versions/A/Frameworks/CommerceCore.framework/Versions/A/CommerceCore
0x0000000004bff000 	/System/Library/PrivateFrameworks/SystemAdministration.framework/Versions/A/SystemAdministration
0x0000000004bff000 	/System/Library/PrivateFrameworks/AppContainer.framework/Versions/A/AppContainer
0x0000000004bff000 	/System/Library/PrivateFrameworks/SecCodeWrapper.framework/Versions/A/SecCodeWrapper
0x0000000004bff000 	/System/Library/Frameworks/DirectoryService.framework/Versions/A/DirectoryService
0x0000000004bff000 	/System/Library/PrivateFrameworks/LoginUIKit.framework/Versions/A/Frameworks/LoginUICore.framework/Versions/A/LoginUICore
0x0000000004bff000 	/usr/lib/libodfde.dylib
0x0000000124d26000 	/System/Library/Frameworks/OpenGL.framework/Resources/GLEngine.bundle/GLEngine
0x0000000004bff000 	/System/Library/Frameworks/OpenGL.framework/Versions/A/Libraries/libGLProgrammability.dylib
0x0000000124f11000 	/System/Library/Extensions/AppleIntelHD4000GraphicsGLDriver.bundle/Contents/MacOS/AppleIntelHD4000GraphicsGLDriver
0x0000000004bff000 	/System/Library/PrivateFrameworks/IOAccelerator.framework/Versions/A/IOAccelerator
0x0000000004bff000 	/System/Library/PrivateFrameworks/GPUSupport.framework/Versions/A/Libraries/libGPUSupportMercury.dylib
0x0000000125570000 	/System/Library/Frameworks/OpenGL.framework/Resources//GLRendererFloat.bundle/GLRendererFloat
0x00000001263bd000 	/Library/Java/JavaVirtualMachines/jdk1.8.0_131.jdk/Contents/Home/jre/lib/libfontmanager.dylib
0x000000012774a000 	/Library/Java/JavaVirtualMachines/jdk1.8.0_131.jdk/Contents/Home/jre/lib/libosxui.dylib
0x000000012780d000 	/Library/Java/JavaVirtualMachines/jdk1.8.0_131.jdk/Contents/Home/jre/lib/libnet.dylib
0x0000000127a07000 	/Library/Java/JavaVirtualMachines/jdk1.8.0_131.jdk/Contents/Home/jre/lib/libnio.dylib
0x0000000004bff000 	/System/Library/Frameworks/ApplicationServices.framework/Versions/A/Frameworks/ATS.framework/Versions/A/Resources/libTrueTypeScaler.dylib
0x0000000186960000 	/private/var/folders/1w/_vhdnh917gsgl0z3c94cp27w0000gn/T/jogamp_0000/file_cache/jln1715655344823367502/jln1357424440561287035/libgluegen-rt.jnilib
0x000000018695d000 	/private/var/folders/1w/_vhdnh917gsgl0z3c94cp27w0000gn/T/jogamp_0000/file_cache/jln1715655344823367502/jln1357424440561287035/libnativewindow_awt.jnilib
0x0000000186968000 	/Library/Java/JavaVirtualMachines/jdk1.8.0_131.jdk/Contents/Home/jre/lib/libjawt.dylib
0x000000018696b000 	/private/var/folders/1w/_vhdnh917gsgl0z3c94cp27w0000gn/T/jogamp_0000/file_cache/jln1715655344823367502/jln1357424440561287035/libnativewindow_macosx.jnilib
0x0000000186ae3000 	/private/var/folders/1w/_vhdnh917gsgl0z3c94cp27w0000gn/T/jogamp_0000/file_cache/jln1715655344823367502/jln1357424440561287035/libjogl_desktop.jnilib
0x000000018fd3f000 	/Library/Java/JavaVirtualMachines/jdk1.8.0_131.jdk/Contents/Home/jre/lib/libjpeg.dylib

VM Arguments:
jvm_args: -Djava.security.policy=java.policy.applet -Dfile.encoding=UTF-8 
java_command: sun.applet.AppletViewer module1.HelloWorld1492918490523.html
java_class_path (initial): /Users/dongpei/Desktop/Java/UCSD_OOinJava/UCSDUnfoldingMaps/build:/Users/dongpei/Desktop/Java/UCSD_OOinJava/UCSDUnfoldingMaps/lib/core.jar:/Users/dongpei/Desktop/Java/UCSD_OOinJava/UCSDUnfoldingMaps/lib/gluegen-rt.jar:/Users/dongpei/Desktop/Java/UCSD_OOinJava/UCSDUnfoldingMaps/lib/jogl-all.jar:/Users/dongpei/Desktop/Java/UCSD_OOinJava/UCSDUnfoldingMaps/lib/log4j-1.2.15.jar:/Users/dongpei/Desktop/Java/UCSD_OOinJava/UCSDUnfoldingMaps/lib/sqlite-jdbc-3.7.2.jar:/Users/dongpei/Desktop/Java/UCSD_OOinJava/UCSDUnfoldingMaps/lib/json4processing.jar:/Users/dongpei/Desktop/Java/UCSD_OOinJava/UCSDUnfoldingMaps/lib/libTUIO.jar:/Users/dongpei/Desktop/Java/UCSD_OOinJava/UCSDUnfoldingMaps/lib/unfolding.0.9.7-uscd.jar
Launcher Type: SUN_STANDARD

Environment Variables:
PATH=/usr/bin:/bin:/usr/sbin:/sbin
SHELL=/bin/bash
DISPLAY=/private/tmp/com.apple.launchd.uIYdWOxu9w/org.macosforge.xquartz:0

Signal Handlers:
SIGSEGV: [libjvm.dylib+0x5b1eb1], sa_mask[0]=11111111011111110111111111111111, sa_flags=SA_ONSTACK|SA_RESTART|SA_SIGINFO
SIGBUS: [libjvm.dylib+0x5b1eb1], sa_mask[0]=11111111011111110111111111111111, sa_flags=SA_RESTART|SA_SIGINFO
SIGFPE: [libjvm.dylib+0x488988], sa_mask[0]=11111111011111110111111111111111, sa_flags=SA_RESTART|SA_SIGINFO
SIGPIPE: [libjvm.dylib+0x488988], sa_mask[0]=11111111011111110111111111111111, sa_flags=SA_RESTART|SA_SIGINFO
SIGXFSZ: [libjvm.dylib+0x488988], sa_mask[0]=11111111011111110111111111111111, sa_flags=SA_RESTART|SA_SIGINFO
SIGILL: [libjvm.dylib+0x488988], sa_mask[0]=11111111011111110111111111111111, sa_flags=SA_RESTART|SA_SIGINFO
SIGUSR1: SIG_DFL, sa_mask[0]=00000000000000000000000000000000, sa_flags=none
SIGUSR2: [libjvm.dylib+0x4884a6], sa_mask[0]=00100000000000000000000000000000, sa_flags=SA_RESTART|SA_SIGINFO
SIGHUP: [libjvm.dylib+0x486a7d], sa_mask[0]=11111111011111110111111111111111, sa_flags=SA_RESTART|SA_SIGINFO
SIGINT: [libjvm.dylib+0x486a7d], sa_mask[0]=11111111011111110111111111111111, sa_flags=SA_RESTART|SA_SIGINFO
SIGTERM: [libjvm.dylib+0x486a7d], sa_mask[0]=11111111011111110111111111111111, sa_flags=SA_RESTART|SA_SIGINFO
SIGQUIT: [libjvm.dylib+0x486a7d], sa_mask[0]=11111111011111110111111111111111, sa_flags=SA_RESTART|SA_SIGINFO


---------------  S Y S T E M  ---------------

OS:Bsduname:Darwin 14.5.0 Darwin Kernel Version 14.5.0: Sun Sep 25 22:07:15 PDT 2016; root:xnu-2782.50.9~1/RELEASE_X86_64 x86_64
rlimit: STACK 8192k, CORE 0k, NPROC 709, NOFILE 10240, AS infinity
load average:2.04 1.79 1.64

CPU:total 4 (initial active 4) (2 cores per cpu, 2 threads per core) family 6 model 58 stepping 9, cmov, cx8, fxsr, mmx, sse, sse2, sse3, ssse3, sse4.1, sse4.2, popcnt, avx, aes, clmul, erms, ht, tsc, tscinvbit, tscinv

Memory: 4k page, physical 8388608k(172124k free)

/proc/meminfo:


vm_info: Java HotSpot(TM) 64-Bit Server VM (25.131-b11) for bsd-amd64 JRE (1.8.0_131-b11), built on Mar 15 2017 01:32:22 by "java_re" with gcc 4.2.1 (Based on Apple Inc. build 5658) (LLVM build 2336.11.00)

time: Sat Apr 22 22:37:06 2017
elapsed time: 135 seconds (0d 0h 2m 15s)

