#
# A fatal error has been detected by the Java Runtime Environment:
#
#  SIGSEGV (0xb) at pc=0x00007fff931240dd, pid=39805, tid=0x0000000000000713
#
# JRE version: Java(TM) SE Runtime Environment (8.0_131-b11) (build 1.8.0_131-b11)
# Java VM: Java HotSpot(TM) 64-Bit Server VM (25.131-b11 mixed mode bsd-amd64 compressed oops)
# Problematic frame:
# C  [libobjc.A.dylib+0x10dd]  objc_msgSend+0x1d
#
# Failed to write core dump. Core dumps have been disabled. To enable core dumping, try "ulimit -c unlimited" before starting Java again
#
# If you would like to submit a bug report, please visit:
#   http://bugreport.java.com/bugreport/crash.jsp
# The crash happened outside the Java Virtual Machine in native code.
# See problematic frame for where to report the bug.
#

---------------  T H R E A D  ---------------

Current thread (0x00007fdc8c0f9000):  JavaThread "AWT-AppKit" daemon [_thread_in_native, id=1811, stack(0x00007fff5e5b0000,0x00007fff5edb0000)]

siginfo: si_signo: 11 (SIGSEGV), si_code: 1 (SEGV_MAPERR), si_addr: 0x0000000000000018

Registers:
RAX=0x00007fdc937ceae0, RBX=0x0000000188742450, RCX=0x000000012962d780, RDX=0x000000012962df80
RSP=0x00007fff5edab5e8, RBP=0x00007fff5edab6a0, RSI=0x00007fff880d840f, RDI=0x00007fdc937bb6a0
R8 =0x0000000000000000, R9 =0x0000000000000f50, R10=0x00007fff880d840f, R11=0x0000000000000000
R12=0x0000000000000000, R13=0x000000018ce20490, R14=0x0000000188742440, R15=0x00007fdc8c0f9000
RIP=0x00007fff931240dd, EFLAGS=0x0000000000010246, ERR=0x0000000000000004
  TRAPNO=0x000000000000000e

Top of Stack: (sp=0x00007fff5edab5e8)
0x00007fff5edab5e8:   0000000188740157 00007fff5edab640
0x00007fff5edab5f8:   0000000000000003 00007fff5edab620
0x00007fff5edab608:   0000000102bf36d2 000000018ce20490
0x00007fff5edab618:   000000018ce20490 00007fdc937ceae0
0x00007fff5edab628:   00000001887426a0 0000000188742710
0x00007fff5edab638:   00007fff791a4550 00007fff786dfc80
0x00007fff5edab648:   0000000188742450 0000000188742690
0x00007fff5edab658:   00007fdc937ceae0 00007fdc937bb6a0
0x00007fff5edab668:   00007fdc8e038450 00007fdc937ceae0
0x00007fff5edab678:   00007fdc937bb6a0 00007fff5edab728
0x00007fff5edab688:   00007fdc8c0f91f8 000000018ce20490
0x00007fff5edab698:   00007fff5edab750 00007fff5edab718
0x00007fff5edab6a8:   0000000103a009f4 000000018ce20490
0x00007fff5edab6b8:   00007fff5edab750 00007fff5edab718
0x00007fff5edab6c8:   0000000103a00787 0000000103a00742
0x00007fff5edab6d8:   00007fff5edab6d8 000000018ce20490
0x00007fff5edab6e8:   00007fff5edab750 000000018ce230c8
0x00007fff5edab6f8:   0000000000000000 000000018ce20490
0x00007fff5edab708:   0000000000000000 00007fff5edab738
0x00007fff5edab718:   00007fff5edab798 00000001039f12bd
0x00007fff5edab728:   00000006c0f88b20 00000001039fa538
0x00007fff5edab738:   00007fdc937ceae0 00007fff5edab798
0x00007fff5edab748:   00007fdc937bb6a0 00000001039fbe02
0x00007fff5edab758:   00007fff5edab758 000000018ce2065a
0x00007fff5edab768:   00007fff5edab7c0 000000018ce230c8
0x00007fff5edab778:   0000000000000000 000000018ce20668
0x00007fff5edab788:   00007fff5edab738 00007fff5edab7a8
0x00007fff5edab798:   00007fff5edab808 00000001039f12bd
0x00007fff5edab7a8:   00007fdc937ceae0 00000006c0de21c0
0x00007fff5edab7b8:   00007fdc937bb6a0 00000006c0de21c0
0x00007fff5edab7c8:   00007fff5edab7c8 00000001911b474e
0x00007fff5edab7d8:   00007fff5edab818 00000001911b4808 

Instructions: (pc=0x00007fff931240dd)
0x00007fff931240bd:   00 00 00 48 85 ff 2e 74 7a 40 f6 c7 01 2e 75 7e
0x00007fff931240cd:   49 bb f8 ff ff ff ff 7f 00 00 4c 23 1f 49 89 f2
0x00007fff931240dd:   45 23 53 18 49 c1 e2 04 4d 03 53 10 49 3b 32 75
0x00007fff931240ed:   04 41 ff 62 08 49 83 3a 00 74 6a 4d 3b 53 10 74 

Register to memory mapping:

RAX=0x00007fdc937ceae0 is an unknown value
RBX=0x0000000188742450: Java_jogamp_nativewindow_macosx_OSXUtil_GetScreenRefreshRate0+0x1cf0 in /private/var/folders/dw/m8mh704j5bl04j2yy8ymkxzxqkj2k0/T/jogamp_0000/file_cache/jln5864999369034742846/jln6392615389549790443/libnativewindow_macosx.jnilib at 0x000000018873b000
RCX=0x000000012962d780 is an unknown value
RDX=0x000000012962df80 is an unknown value
RSP=0x00007fff5edab5e8 is pointing into the stack for thread: 0x00007fdc8c0f9000
RBP=0x00007fff5edab6a0 is pointing into the stack for thread: 0x00007fdc8c0f9000
RSI=0x00007fff880d840f is an unknown value
RDI=0x00007fdc937bb6a0 is an unknown value
R8 =0x0000000000000000 is an unknown value
R9 =0x0000000000000f50 is an unknown value
R10=0x00007fff880d840f is an unknown value
R11=0x0000000000000000 is an unknown value
R12=0x0000000000000000 is an unknown value
R13={method} {0x000000018ce20490} 'UnsetJAWTRootSurfaceLayer0' '(JJ)V' in 'jogamp/nativewindow/jawt/macosx/MacOSXJAWTWindow'
R14=0x0000000188742440: Java_jogamp_nativewindow_macosx_OSXUtil_GetScreenRefreshRate0+0x1ce0 in /private/var/folders/dw/m8mh704j5bl04j2yy8ymkxzxqkj2k0/T/jogamp_0000/file_cache/jln5864999369034742846/jln6392615389549790443/libnativewindow_macosx.jnilib at 0x000000018873b000
R15=0x00007fdc8c0f9000 is a thread


Stack: [0x00007fff5e5b0000,0x00007fff5edb0000],  sp=0x00007fff5edab5e8,  free space=8173k
Native frames: (J=compiled Java code, j=interpreted, Vv=VM code, C=native code)
C  [libobjc.A.dylib+0x10dd]  objc_msgSend+0x1d
j  jogamp.nativewindow.jawt.macosx.MacOSXJAWTWindow.UnsetJAWTRootSurfaceLayer0(JJ)V+0
j  jogamp.nativewindow.jawt.macosx.MacOSXJAWTWindow.access$200(JJ)V+2
j  jogamp.nativewindow.jawt.macosx.MacOSXJAWTWindow$1.run()V+38
j  com.jogamp.common.util.RunnableTask.run()V+24
v  ~StubRoutines::call_stub
V  [libjvm.dylib+0x2ee5b6]  JavaCalls::call_helper(JavaValue*, methodHandle*, JavaCallArguments*, Thread*)+0x6ae
V  [libjvm.dylib+0x325765]  jni_invoke_nonstatic(JNIEnv_*, JavaValue*, _jobject*, JNICallType, _jmethodID*, JNI_ArgumentPusher*, Thread*)+0x2ec
V  [libjvm.dylib+0x317f33]  jni_CallVoidMethod+0x16b
C  [libnativewindow_macosx.jnilib+0x5326]  Java_jogamp_nativewindow_jawt_macosx_MacOSXJAWTWindow_UnsetJAWTRootSurfaceLayer0+0x2b6
C  [Foundation+0x92dd0]  __NSThreadPerformPerform+0x125
C  [CoreFoundation+0x80a01]  __CFRUNLOOP_IS_CALLING_OUT_TO_A_SOURCE0_PERFORM_FUNCTION__+0x11
C  [CoreFoundation+0x72c5c]  __CFRunLoopDoSources0+0x1dc
C  [CoreFoundation+0x721bf]  __CFRunLoopRun+0x39f
C  [CoreFoundation+0x71bd8]  CFRunLoopRunSpecific+0x128
C  [HIToolbox+0x3256f]  RunCurrentEventLoopInMode+0xeb
C  [HIToolbox+0x321ee]  ReceiveNextEventCommon+0xb3
C  [HIToolbox+0x3212b]  _BlockUntilNextEventMatchingListInModeWithFilter+0x47
C  [AppKit+0x918ab]  _DPSNextEvent+0x3d2
C  [AppKit+0x90e58]  -[NSApplication nextEventMatchingMask:untilDate:inMode:dequeue:]+0x15a
C  [libosxapp.dylib+0x23aa]  -[NSApplicationAWT nextEventMatchingMask:untilDate:inMode:dequeue:]+0x7c
C  [AppKit+0x86af3]  -[NSApplication run]+0x252
C  [libosxapp.dylib+0x214d]  +[NSApplicationAWT runAWTLoopWithApp:]+0x9c
C  [libawt_lwawt.dylib+0x45edf]  -[AWTStarter starter:]+0x389
C  [Foundation+0x92dd0]  __NSThreadPerformPerform+0x125
C  [CoreFoundation+0x80a01]  __CFRUNLOOP_IS_CALLING_OUT_TO_A_SOURCE0_PERFORM_FUNCTION__+0x11
C  [CoreFoundation+0x72b8d]  __CFRunLoopDoSources0+0x10d
C  [CoreFoundation+0x721bf]  __CFRunLoopRun+0x39f
C  [CoreFoundation+0x71bd8]  CFRunLoopRunSpecific+0x128
C  [java+0x6465]  CreateExecutionEnvironment+0x367
C  [java+0x218c]  JLI_Launch+0x7a0
C  [java+0x84c2]  main+0x65
C  [java+0x19e4]  start+0x34
C  0x0000000000000007

Java frames: (J=compiled Java code, j=interpreted, Vv=VM code)
j  jogamp.nativewindow.jawt.macosx.MacOSXJAWTWindow.UnsetJAWTRootSurfaceLayer0(JJ)V+0
j  jogamp.nativewindow.jawt.macosx.MacOSXJAWTWindow.access$200(JJ)V+2
j  jogamp.nativewindow.jawt.macosx.MacOSXJAWTWindow$1.run()V+38
j  com.jogamp.common.util.RunnableTask.run()V+24
v  ~StubRoutines::call_stub

---------------  P R O C E S S  ---------------

Java Threads: ( => current thread )
  0x00007fdc820d2000 JavaThread "Thread-20" [_thread_blocked, id=41487, stack(0x0000000193ac1000,0x0000000193bc1000)]
  0x00007fdc8d241800 JavaThread "AWT-EventQueue-1" [_thread_in_native, id=62507, stack(0x00000001891bc000,0x00000001892bc000)]
  0x00007fdc8f886000 JavaThread "DestroyJavaVM" [_thread_blocked, id=4867, stack(0x00000001018e8000,0x00000001019e8000)]
  0x00007fdc8c18a000 JavaThread "AWT-EventQueue-0" [_thread_blocked, id=60679, stack(0x000000012890b000,0x0000000128a0b000)]
  0x00007fdc8c177800 JavaThread "Java2D Disposer" daemon [_thread_blocked, id=56599, stack(0x00000001271a6000,0x00000001272a6000)]
  0x00007fdc8f878000 JavaThread "Java2D Queue Flusher" daemon [_thread_blocked, id=55303, stack(0x0000000125f34000,0x0000000126034000)]
  0x00007fdc8c0f7000 JavaThread "AWT-Shutdown" [_thread_blocked, id=31251, stack(0x0000000122f93000,0x0000000123093000)]
=>0x00007fdc8c0f9000 JavaThread "AWT-AppKit" daemon [_thread_in_native, id=1811, stack(0x00007fff5e5b0000,0x00007fff5edb0000)]
  0x00007fdc8e828000 JavaThread "Service Thread" daemon [_thread_blocked, id=20739, stack(0x00000001213f1000,0x00000001214f1000)]
  0x00007fdc8d830000 JavaThread "C1 CompilerThread3" daemon [_thread_blocked, id=20227, stack(0x00000001212ee000,0x00000001213ee000)]
  0x00007fdc8c031000 JavaThread "C2 CompilerThread2" daemon [_thread_blocked, id=19715, stack(0x00000001211eb000,0x00000001212eb000)]
  0x00007fdc8d82f800 JavaThread "C2 CompilerThread1" daemon [_thread_blocked, id=19203, stack(0x00000001210e8000,0x00000001211e8000)]
  0x00007fdc8c030000 JavaThread "C2 CompilerThread0" daemon [_thread_blocked, id=18691, stack(0x0000000120fe5000,0x00000001210e5000)]
  0x00007fdc8c02f800 JavaThread "Signal Dispatcher" daemon [_thread_blocked, id=15383, stack(0x0000000120ee2000,0x0000000120fe2000)]
  0x00007fdc8c005000 JavaThread "Finalizer" daemon [_thread_blocked, id=13571, stack(0x000000011f4be000,0x000000011f5be000)]
  0x00007fdc8d006000 JavaThread "Reference Handler" daemon [_thread_blocked, id=13059, stack(0x000000011f3bb000,0x000000011f4bb000)]

Other Threads:
  0x00007fdc8e807800 VMThread [stack: 0x000000011f2b8000,0x000000011f3b8000] [id=12547]
  0x00007fdc8f80a000 WatcherThread [stack: 0x00000001214f4000,0x00000001215f4000] [id=21251]

VM state:not at safepoint (normal execution)

VM Mutex/Monitor currently owned by a thread: None

Heap:
 PSYoungGen      total 209920K, used 20324K [0x000000076ab00000, 0x0000000779d00000, 0x00000007c0000000)
  eden space 194048K, 4% used [0x000000076ab00000,0x000000076b456680,0x0000000776880000)
  from space 15872K, 67% used [0x0000000776880000,0x0000000777302b58,0x0000000777800000)
  to   space 15360K, 0% used [0x0000000778e00000,0x0000000778e00000,0x0000000779d00000)
 ParOldGen       total 112640K, used 17912K [0x00000006c0000000, 0x00000006c6e00000, 0x000000076ab00000)
  object space 112640K, 15% used [0x00000006c0000000,0x00000006c117e1d8,0x00000006c6e00000)
 Metaspace       used 27606K, capacity 27981K, committed 28288K, reserved 1075200K
  class space    used 2208K, capacity 2342K, committed 2432K, reserved 1048576K

Card table byte_map: [0x0000000112da9000,0x00000001135aa000] byte_map_base: 0x000000010f7a9000

Marking Bits: (ParMarkBitMap*) 0x00000001032f1ea0
 Begin Bits: [0x0000000114318000, 0x0000000118318000)
 End Bits:   [0x0000000118318000, 0x000000011c318000)

Polling page: 0x00000001019f8000

CodeCache: size=245760Kb used=11164Kb max_used=11172Kb free=234595Kb
 bounds [0x00000001039e9000, 0x00000001044f9000, 0x00000001129e9000]
 total_blobs=3743 nmethods=2822 adapters=834
 compilation: enabled

Compilation events (10 events):
Event: 105.873 Thread 0x00007fdc8c030000 3221       4       sun.java2d.SurfaceData::pixelFor (13 bytes)
Event: 105.873 Thread 0x00007fdc8c031000 3222       4       java.awt.geom.Point2D::<init> (5 bytes)
Event: 105.873 Thread 0x00007fdc8c031000 nmethod 3222 0x0000000103b84dd0 code [0x0000000103b84f20, 0x0000000103b84f78]
Event: 105.874 Thread 0x00007fdc8c030000 nmethod 3221 0x0000000104149c50 code [0x0000000104149da0, 0x0000000104149e78]
Event: 105.875 Thread 0x00007fdc8d830000 3223       3       java.awt.Rectangle::isEmpty (20 bytes)
Event: 105.875 Thread 0x00007fdc8d830000 nmethod 3223 0x0000000103cda490 code [0x0000000103cda600, 0x0000000103cda7f0]
Event: 105.876 Thread 0x00007fdc8d830000 3224       1       sun.java2d.SurfaceData::isValid (5 bytes)
Event: 105.876 Thread 0x00007fdc8d830000 nmethod 3224 0x000000010416a6d0 code [0x000000010416a820, 0x000000010416a930]
Event: 105.904 Thread 0x00007fdc8d830000 3225       3       sun.java2d.pipe.RenderBuffer::putFloat (26 bytes)
Event: 105.905 Thread 0x00007fdc8d830000 nmethod 3225 0x000000010414c8d0 code [0x000000010414ca40, 0x000000010414cbd0]

GC Heap History (10 events):
Event: 27.011 GC heap before
{Heap before GC invocations=6 (full 1):
 PSYoungGen      total 112128K, used 112106K [0x000000076ab00000, 0x0000000772700000, 0x00000007c0000000)
  eden space 101376K, 100% used [0x000000076ab00000,0x0000000770e00000,0x0000000770e00000)
  from space 10752K, 99% used [0x0000000771c80000,0x00000007726fab58,0x0000000772700000)
  to   space 10752K, 0% used [0x0000000771200000,0x0000000771200000,0x0000000771c80000)
 ParOldGen       total 112640K, used 17880K [0x00000006c0000000, 0x00000006c6e00000, 0x000000076ab00000)
  object space 112640K, 15% used [0x00000006c0000000,0x00000006c11761d8,0x00000006c6e00000)
 Metaspace       used 27565K, capacity 27885K, committed 28288K, reserved 1075200K
  class space    used 2200K, capacity 2310K, committed 2432K, reserved 1048576K
Event: 27.020 GC heap after
Heap after GC invocations=6 (full 1):
 PSYoungGen      total 116224K, used 10745K [0x000000076ab00000, 0x0000000775f00000, 0x00000007c0000000)
  eden space 105472K, 0% used [0x000000076ab00000,0x000000076ab00000,0x0000000771200000)
  from space 10752K, 99% used [0x0000000771200000,0x0000000771c7e580,0x0000000771c80000)
  to   space 17408K, 0% used [0x0000000774e00000,0x0000000774e00000,0x0000000775f00000)
 ParOldGen       total 112640K, used 17888K [0x00000006c0000000, 0x00000006c6e00000, 0x000000076ab00000)
  object space 112640K, 15% used [0x00000006c0000000,0x00000006c11781d8,0x00000006c6e00000)
 Metaspace       used 27565K, capacity 27885K, committed 28288K, reserved 1075200K
  class space    used 2200K, capacity 2310K, committed 2432K, reserved 1048576K
}
Event: 40.912 GC heap before
{Heap before GC invocations=7 (full 1):
 PSYoungGen      total 116224K, used 116217K [0x000000076ab00000, 0x0000000775f00000, 0x00000007c0000000)
  eden space 105472K, 100% used [0x000000076ab00000,0x0000000771200000,0x0000000771200000)
  from space 10752K, 99% used [0x0000000771200000,0x0000000771c7e580,0x0000000771c80000)
  to   space 17408K, 0% used [0x0000000774e00000,0x0000000774e00000,0x0000000775f00000)
 ParOldGen       total 112640K, used 17888K [0x00000006c0000000, 0x00000006c6e00000, 0x000000076ab00000)
  object space 112640K, 15% used [0x00000006c0000000,0x00000006c11781d8,0x00000006c6e00000)
 Metaspace       used 27566K, capacity 27885K, committed 28288K, reserved 1075200K
  class space    used 2200K, capacity 2310K, committed 2432K, reserved 1048576K
Event: 40.922 GC heap after
Heap after GC invocations=7 (full 1):
 PSYoungGen      total 162816K, used 10761K [0x000000076ab00000, 0x0000000775c00000, 0x00000007c0000000)
  eden space 148480K, 0% used [0x000000076ab00000,0x000000076ab00000,0x0000000773c00000)
  from space 14336K, 75% used [0x0000000774e00000,0x00000007758826f0,0x0000000775c00000)
  to   space 16384K, 0% used [0x0000000773c00000,0x0000000773c00000,0x0000000774c00000)
 ParOldGen       total 112640K, used 17896K [0x00000006c0000000, 0x00000006c6e00000, 0x000000076ab00000)
  object space 112640K, 15% used [0x00000006c0000000,0x00000006c117a1d8,0x00000006c6e00000)
 Metaspace       used 27566K, capacity 27885K, committed 28288K, reserved 1075200K
  class space    used 2200K, capacity 2310K, committed 2432K, reserved 1048576K
}
Event: 60.682 GC heap before
{Heap before GC invocations=8 (full 1):
 PSYoungGen      total 162816K, used 159241K [0x000000076ab00000, 0x0000000775c00000, 0x00000007c0000000)
  eden space 148480K, 100% used [0x000000076ab00000,0x0000000773c00000,0x0000000773c00000)
  from space 14336K, 75% used [0x0000000774e00000,0x00000007758826f0,0x0000000775c00000)
  to   space 16384K, 0% used [0x0000000773c00000,0x0000000773c00000,0x0000000774c00000)
 ParOldGen       total 112640K, used 17896K [0x00000006c0000000, 0x00000006c6e00000, 0x000000076ab00000)
  object space 112640K, 15% used [0x00000006c0000000,0x00000006c117a1d8,0x00000006c6e00000)
 Metaspace       used 27566K, capacity 27885K, committed 28288K, reserved 1075200K
  class space    used 2200K, capacity 2310K, committed 2432K, reserved 1048576K
Event: 60.690 GC heap after
Heap after GC invocations=8 (full 1):
 PSYoungGen      total 164864K, used 10697K [0x000000076ab00000, 0x0000000778c80000, 0x00000007c0000000)
  eden space 148480K, 0% used [0x000000076ab00000,0x000000076ab00000,0x0000000773c00000)
  from space 16384K, 65% used [0x0000000773c00000,0x00000007746726f0,0x0000000774c00000)
  to   space 15872K, 0% used [0x0000000777d00000,0x0000000777d00000,0x0000000778c80000)
 ParOldGen       total 112640K, used 17904K [0x00000006c0000000, 0x00000006c6e00000, 0x000000076ab00000)
  object space 112640K, 15% used [0x00000006c0000000,0x00000006c117c1d8,0x00000006c6e00000)
 Metaspace       used 27566K, capacity 27885K, committed 28288K, reserved 1075200K
  class space    used 2200K, capacity 2310K, committed 2432K, reserved 1048576K
}
Event: 80.530 GC heap before
{Heap before GC invocations=9 (full 1):
 PSYoungGen      total 164864K, used 159177K [0x000000076ab00000, 0x0000000778c80000, 0x00000007c0000000)
  eden space 148480K, 100% used [0x000000076ab00000,0x0000000773c00000,0x0000000773c00000)
  from space 16384K, 65% used [0x0000000773c00000,0x00000007746726f0,0x0000000774c00000)
  to   space 15872K, 0% used [0x0000000777d00000,0x0000000777d00000,0x0000000778c80000)
 ParOldGen       total 112640K, used 17904K [0x00000006c0000000, 0x00000006c6e00000, 0x000000076ab00000)
  object space 112640K, 15% used [0x00000006c0000000,0x00000006c117c1d8,0x00000006c6e00000)
 Metaspace       used 27566K, capacity 27885K, committed 28288K, reserved 1075200K
  class space    used 2200K, capacity 2310K, committed 2432K, reserved 1048576K
Event: 80.538 GC heap after
Heap after GC invocations=9 (full 1):
 PSYoungGen      total 201216K, used 10698K [0x000000076ab00000, 0x0000000778780000, 0x00000007c0000000)
  eden space 190464K, 0% used [0x000000076ab00000,0x000000076ab00000,0x0000000776500000)
  from space 10752K, 99% used [0x0000000777d00000,0x0000000778772b58,0x0000000778780000)
  to   space 15872K, 0% used [0x0000000776880000,0x0000000776880000,0x0000000777800000)
 ParOldGen       total 112640K, used 17904K [0x00000006c0000000, 0x00000006c6e00000, 0x000000076ab00000)
  object space 112640K, 15% used [0x00000006c0000000,0x00000006c117c1d8,0x00000006c6e00000)
 Metaspace       used 27566K, capacity 27885K, committed 28288K, reserved 1075200K
  class space    used 2200K, capacity 2310K, committed 2432K, reserved 1048576K
}
Event: 105.656 GC heap before
{Heap before GC invocations=10 (full 1):
 PSYoungGen      total 201216K, used 201162K [0x000000076ab00000, 0x0000000778780000, 0x00000007c0000000)
  eden space 190464K, 100% used [0x000000076ab00000,0x0000000776500000,0x0000000776500000)
  from space 10752K, 99% used [0x0000000777d00000,0x0000000778772b58,0x0000000778780000)
  to   space 15872K, 0% used [0x0000000776880000,0x0000000776880000,0x0000000777800000)
 ParOldGen       total 112640K, used 17904K [0x00000006c0000000, 0x00000006c6e00000, 0x000000076ab00000)
  object space 112640K, 15% used [0x00000006c0000000,0x00000006c117c1d8,0x00000006c6e00000)
 Metaspace       used 27569K, capacity 27885K, committed 28288K, reserved 1075200K
  class space    used 2200K, capacity 2310K, committed 2432K, reserved 1048576K
Event: 105.665 GC heap after
Heap after GC invocations=10 (full 1):
 PSYoungGen      total 209920K, used 10762K [0x000000076ab00000, 0x0000000779d00000, 0x00000007c0000000)
  eden space 194048K, 0% used [0x000000076ab00000,0x000000076ab00000,0x0000000776880000)
  from space 15872K, 67% used [0x0000000776880000,0x0000000777302b58,0x0000000777800000)
  to   space 15360K, 0% used [0x0000000778e00000,0x0000000778e00000,0x0000000779d00000)
 ParOldGen       total 112640K, used 17912K [0x00000006c0000000, 0x00000006c6e00000, 0x000000076ab00000)
  object space 112640K, 15% used [0x00000006c0000000,0x00000006c117e1d8,0x00000006c6e00000)
 Metaspace       used 27569K, capacity 27885K, committed 28288K, reserved 1075200K
  class space    used 2200K, capacity 2310K, committed 2432K, reserved 1048576K
}

Deoptimization events (10 events):
Event: 105.904 Thread 0x00007fdc8c18a000 Uncommon trap: reason=class_check action=maybe_recompile pc=0x0000000104180410 method=java.awt.Component.getGraphics()Ljava/awt/Graphics; @ 114
Event: 105.904 Thread 0x00007fdc8d241800 Uncommon trap: reason=class_check action=maybe_recompile pc=0x0000000103f2ead8 method=java.awt.event.InvocationEvent.dispatch()V @ 11
Event: 105.906 Thread 0x00007fdc8c0f9000 Uncommon trap: reason=class_check action=maybe_recompile pc=0x0000000103f56740 method=com.jogamp.common.util.RunnableTask.run()V @ 24
Event: 105.906 Thread 0x00007fdc8c0f9000 Uncommon trap: reason=unstable_if action=reinterpret pc=0x0000000103f656bc method=jogamp.nativewindow.macosx.OSXUtil.RunOnMainThread(ZZLjava/lang/Runnable;)V @ 3
Event: 105.911 Thread 0x00007fdc8d241800 Uncommon trap: reason=unstable_if action=reinterpret pc=0x00000001043db028 method=jogamp.opengl.GLContextImpl.release(Z)V @ 161
Event: 105.915 Thread 0x00007fdc8d241800 Uncommon trap: reason=unstable_if action=reinterpret pc=0x00000001042f9e50 method=java.security.AccessControlContext.combine([Ljava/security/ProtectionDomain;[Ljava/security/ProtectionDomain;)[Ljava/security/ProtectionDomain; @ 151
Event: 105.916 Thread 0x00007fdc8c18a000 Uncommon trap: reason=unstable_if action=reinterpret pc=0x000000010422ad78 method=java.awt.font.FontRenderContext.equals(Ljava/awt/font/FontRenderContext;)Z @ 2
Event: 105.916 Thread 0x00007fdc820d2000 Uncommon trap: reason=predicate action=maybe_recompile pc=0x0000000104067e60 method=java.util.Vector.indexOf(Ljava/lang/Object;I)I @ 44
Event: 105.917 Thread 0x00007fdc8d241800 Uncommon trap: reason=class_check action=maybe_recompile pc=0x0000000103f2ead8 method=java.awt.event.InvocationEvent.dispatch()V @ 11
Event: 105.923 Thread 0x00007fdc8c0f9000 Uncommon trap: reason=class_check action=maybe_recompile pc=0x0000000103f56740 method=com.jogamp.common.util.RunnableTask.run()V @ 24

Internal exceptions (10 events):
Event: 0.474 Thread 0x00007fdc8e800000 Exception <a 'java/io/FileNotFoundException'> (0x000000076ae7d810) thrown at [/Users/java_re/workspace/8-2-build-macosx-x86_64/jdk8u131/8869/hotspot/src/share/vm/prims/jni.cpp, line 709]
Event: 0.474 Thread 0x00007fdc8e800000 Exception <a 'java/io/FileNotFoundException'> (0x000000076ae7e370) thrown at [/Users/java_re/workspace/8-2-build-macosx-x86_64/jdk8u131/8869/hotspot/src/share/vm/prims/jni.cpp, line 709]
Event: 0.597 Thread 0x00007fdc8e800000 Exception <a 'java/io/FileNotFoundException'> (0x000000076b05e0f8) thrown at [/Users/java_re/workspace/8-2-build-macosx-x86_64/jdk8u131/8869/hotspot/src/share/vm/prims/jni.cpp, line 709]
Event: 2.451 Thread 0x00007fdc8e800000 Exception <a 'java/lang/UnsatisfiedLinkError': com.jogamp.common.util.JarUtil.fixNativeLibAttribs(Ljava/lang/String;)Z> (0x000000076c7b73f0) thrown at [/Users/java_re/workspace/8-2-build-macosx-x86_64/jdk8u131/8869/hotspot/src/share/vm/prims/nativeLookup.
Event: 3.354 Thread 0x00007fdc8d241800 Exception <a 'java/io/FileNotFoundException'> (0x000000076db80128) thrown at [/Users/java_re/workspace/8-2-build-macosx-x86_64/jdk8u131/8869/hotspot/src/share/vm/prims/jni.cpp, line 709]
Event: 3.355 Thread 0x00007fdc8d241800 Exception <a 'java/io/FileNotFoundException'> (0x000000076db87628) thrown at [/Users/java_re/workspace/8-2-build-macosx-x86_64/jdk8u131/8869/hotspot/src/share/vm/prims/jni.cpp, line 709]
Event: 3.355 Thread 0x00007fdc8d241800 Implicit null exception at 0x0000000103bd4e76 to 0x0000000103bd5245
Event: 3.640 Thread 0x00007fdc8c005000 Exception <a 'java/lang/NullPointerException'> (0x000000076ad14c88) thrown at [/Users/java_re/workspace/8-2-build-macosx-x86_64/jdk8u131/8869/hotspot/src/share/vm/interpreter/linkResolver.cpp, line 1197]
Event: 3.822 Thread 0x00007fdc8d241800 Implicit null exception at 0x0000000103dbe406 to 0x0000000103dbe64d
Event: 3.866 Thread 0x00007fdc8edc7000 Implicit null exception at 0x0000000103bd72f5 to 0x0000000103bd76b9

Events (10 events):
Event: 105.916 Thread 0x00007fdc820d2000 DEOPT PACKING pc=0x0000000104067e60 sp=0x0000000193bc0830
Event: 105.916 Thread 0x00007fdc820d2000 DEOPT UNPACKING pc=0x00000001039ee229 sp=0x0000000193bc0748 mode 2
Event: 105.916 loading class java/awt/Window$1DisposeAction
Event: 105.916 loading class java/awt/Window$1DisposeAction done
Event: 105.917 Thread 0x00007fdc8d241800 Uncommon trap: trap_request=0xffffffde fr.pc=0x0000000103f2ead8
Event: 105.917 Thread 0x00007fdc8d241800 DEOPT PACKING pc=0x0000000103f2ead8 sp=0x00000001892b9f70
Event: 105.917 Thread 0x00007fdc8d241800 DEOPT UNPACKING pc=0x00000001039ee229 sp=0x00000001892b9df8 mode 2
Event: 105.923 Thread 0x00007fdc8c0f9000 Uncommon trap: trap_request=0xffffffde fr.pc=0x0000000103f56740
Event: 105.923 Thread 0x00007fdc8c0f9000 DEOPT PACKING pc=0x0000000103f56740 sp=0x00007fff5edab860
Event: 105.923 Thread 0x00007fdc8c0f9000 DEOPT UNPACKING pc=0x00000001039ee229 sp=0x00007fff5edab808 mode 2


Dynamic libraries:
0x0000000006db4000 	/System/Library/Frameworks/Cocoa.framework/Versions/A/Cocoa
0x0000000006db4000 	/System/Library/Frameworks/Security.framework/Versions/A/Security
0x0000000006db4000 	/System/Library/Frameworks/ApplicationServices.framework/Versions/A/ApplicationServices
0x0000000006db4000 	/usr/lib/libz.1.dylib
0x0000000006db4000 	/usr/lib/libSystem.B.dylib
0x0000000006db4000 	/usr/lib/libobjc.A.dylib
0x0000000006db4000 	/System/Library/Frameworks/CoreFoundation.framework/Versions/A/CoreFoundation
0x0000000006db4000 	/System/Library/Frameworks/Foundation.framework/Versions/C/Foundation
0x0000000006db4000 	/System/Library/Frameworks/AppKit.framework/Versions/C/AppKit
0x0000000006db4000 	/System/Library/Frameworks/CoreData.framework/Versions/A/CoreData
0x0000000006db4000 	/System/Library/PrivateFrameworks/RemoteViewServices.framework/Versions/A/RemoteViewServices
0x0000000006db4000 	/System/Library/PrivateFrameworks/UIFoundation.framework/Versions/A/UIFoundation
0x0000000006db4000 	/System/Library/Frameworks/IOSurface.framework/Versions/A/IOSurface
0x0000000006db4000 	/System/Library/Frameworks/AudioToolbox.framework/Versions/A/AudioToolbox
0x0000000006db4000 	/System/Library/Frameworks/AudioUnit.framework/Versions/A/AudioUnit
0x0000000006db4000 	/System/Library/PrivateFrameworks/DataDetectorsCore.framework/Versions/A/DataDetectorsCore
0x0000000006db4000 	/System/Library/PrivateFrameworks/DesktopServicesPriv.framework/Versions/A/DesktopServicesPriv
0x0000000006db4000 	/System/Library/Frameworks/Carbon.framework/Versions/A/Frameworks/HIToolbox.framework/Versions/A/HIToolbox
0x0000000006db4000 	/System/Library/Frameworks/QuartzCore.framework/Versions/A/QuartzCore
0x0000000006db4000 	/System/Library/Frameworks/Carbon.framework/Versions/A/Frameworks/SpeechRecognition.framework/Versions/A/SpeechRecognition
0x0000000006db4000 	/usr/lib/libauto.dylib
0x0000000006db4000 	/usr/lib/libicucore.A.dylib
0x0000000006db4000 	/usr/lib/libxml2.2.dylib
0x0000000006db4000 	/System/Library/PrivateFrameworks/CoreUI.framework/Versions/A/CoreUI
0x0000000006db4000 	/System/Library/Frameworks/CoreAudio.framework/Versions/A/CoreAudio
0x0000000006db4000 	/System/Library/Frameworks/DiskArbitration.framework/Versions/A/DiskArbitration
0x0000000006db4000 	/usr/lib/liblangid.dylib
0x0000000006db4000 	/System/Library/PrivateFrameworks/MultitouchSupport.framework/Versions/A/MultitouchSupport
0x0000000006db4000 	/System/Library/Frameworks/IOKit.framework/Versions/A/IOKit
0x0000000006db4000 	/usr/lib/libDiagnosticMessagesClient.dylib
0x0000000006db4000 	/System/Library/Frameworks/CoreServices.framework/Versions/A/CoreServices
0x0000000006db4000 	/System/Library/PrivateFrameworks/PerformanceAnalysis.framework/Versions/A/PerformanceAnalysis
0x0000000006db4000 	/System/Library/PrivateFrameworks/GenerationalStorage.framework/Versions/A/GenerationalStorage
0x0000000006db4000 	/System/Library/Frameworks/OpenGL.framework/Versions/A/OpenGL
0x0000000006db4000 	/System/Library/PrivateFrameworks/Sharing.framework/Versions/A/Sharing
0x0000000100e6a000 	/System/Library/Frameworks/CoreGraphics.framework/Versions/A/CoreGraphics
0x0000000006db4000 	/System/Library/Frameworks/CoreText.framework/Versions/A/CoreText
0x0000000006db4000 	/System/Library/Frameworks/ImageIO.framework/Versions/A/ImageIO
0x0000000006db4000 	/usr/lib/libextension.dylib
0x0000000006db4000 	/System/Library/PrivateFrameworks/Backup.framework/Versions/A/Backup
0x0000000006db4000 	/usr/lib/libarchive.2.dylib
0x0000000006db4000 	/System/Library/Frameworks/CFNetwork.framework/Versions/A/CFNetwork
0x0000000006db4000 	/System/Library/Frameworks/SystemConfiguration.framework/Versions/A/SystemConfiguration
0x0000000006db4000 	/usr/lib/libCRFSuite.dylib
0x0000000006db4000 	/usr/lib/libc++.1.dylib
0x0000000006db4000 	/usr/lib/libc++abi.dylib
0x0000000006db4000 	/usr/lib/system/libcache.dylib
0x0000000006db4000 	/usr/lib/system/libcommonCrypto.dylib
0x0000000006db4000 	/usr/lib/system/libcompiler_rt.dylib
0x0000000006db4000 	/usr/lib/system/libcopyfile.dylib
0x0000000006db4000 	/usr/lib/system/libcorecrypto.dylib
0x0000000006db4000 	/usr/lib/system/libdispatch.dylib
0x0000000006db4000 	/usr/lib/system/libdyld.dylib
0x0000000006db4000 	/usr/lib/system/libkeymgr.dylib
0x0000000006db4000 	/usr/lib/system/liblaunch.dylib
0x0000000006db4000 	/usr/lib/system/libmacho.dylib
0x0000000006db4000 	/usr/lib/system/libquarantine.dylib
0x0000000006db4000 	/usr/lib/system/libremovefile.dylib
0x0000000006db4000 	/usr/lib/system/libsystem_asl.dylib
0x0000000006db4000 	/usr/lib/system/libsystem_blocks.dylib
0x0000000006db4000 	/usr/lib/system/libsystem_c.dylib
0x0000000006db4000 	/usr/lib/system/libsystem_configuration.dylib
0x0000000006db4000 	/usr/lib/system/libsystem_coreservices.dylib
0x0000000006db4000 	/usr/lib/system/libsystem_coretls.dylib
0x0000000006db4000 	/usr/lib/system/libsystem_dnssd.dylib
0x0000000006db4000 	/usr/lib/system/libsystem_info.dylib
0x0000000006db4000 	/usr/lib/system/libsystem_kernel.dylib
0x0000000006db4000 	/usr/lib/system/libsystem_m.dylib
0x0000000006db4000 	/usr/lib/system/libsystem_malloc.dylib
0x0000000006db4000 	/usr/lib/system/libsystem_network.dylib
0x0000000006db4000 	/usr/lib/system/libsystem_networkextension.dylib
0x0000000006db4000 	/usr/lib/system/libsystem_notify.dylib
0x0000000006db4000 	/usr/lib/system/libsystem_platform.dylib
0x0000000006db4000 	/usr/lib/system/libsystem_pthread.dylib
0x0000000006db4000 	/usr/lib/system/libsystem_sandbox.dylib
0x0000000006db4000 	/usr/lib/system/libsystem_secinit.dylib
0x0000000006db4000 	/usr/lib/system/libsystem_stats.dylib
0x0000000006db4000 	/usr/lib/system/libsystem_trace.dylib
0x0000000006db4000 	/usr/lib/system/libunc.dylib
0x0000000006db4000 	/usr/lib/system/libunwind.dylib
0x0000000006db4000 	/usr/lib/system/libxpc.dylib
0x0000000006db4000 	/usr/lib/libbz2.1.0.dylib
0x0000000006db4000 	/usr/lib/liblzma.5.dylib
0x0000000006db4000 	/usr/lib/libbsm.0.dylib
0x0000000006db4000 	/usr/lib/libsqlite3.dylib
0x0000000006db4000 	/usr/lib/system/libkxld.dylib
0x0000000006db4000 	/usr/lib/libxar.1.dylib
0x0000000006db4000 	/usr/lib/libpam.2.dylib
0x0000000006db4000 	/usr/lib/libOpenScriptingUtil.dylib
0x0000000006db4000 	/System/Library/Frameworks/CoreServices.framework/Versions/A/Frameworks/FSEvents.framework/Versions/A/FSEvents
0x0000000006db4000 	/System/Library/Frameworks/CoreServices.framework/Versions/A/Frameworks/CarbonCore.framework/Versions/A/CarbonCore
0x0000000006db4000 	/System/Library/Frameworks/CoreServices.framework/Versions/A/Frameworks/Metadata.framework/Versions/A/Metadata
0x0000000006db4000 	/System/Library/Frameworks/CoreServices.framework/Versions/A/Frameworks/OSServices.framework/Versions/A/OSServices
0x0000000006db4000 	/System/Library/Frameworks/CoreServices.framework/Versions/A/Frameworks/SearchKit.framework/Versions/A/SearchKit
0x0000000006db4000 	/System/Library/Frameworks/CoreServices.framework/Versions/A/Frameworks/AE.framework/Versions/A/AE
0x0000000006db4000 	/System/Library/Frameworks/CoreServices.framework/Versions/A/Frameworks/LaunchServices.framework/Versions/A/LaunchServices
0x0000000006db4000 	/System/Library/Frameworks/CoreServices.framework/Versions/A/Frameworks/DictionaryServices.framework/Versions/A/DictionaryServices
0x0000000006db4000 	/System/Library/Frameworks/NetFS.framework/Versions/A/NetFS
0x0000000006db4000 	/System/Library/PrivateFrameworks/NetAuth.framework/Versions/A/NetAuth
0x0000000006db4000 	/System/Library/PrivateFrameworks/login.framework/Versions/A/Frameworks/loginsupport.framework/Versions/A/loginsupport
0x0000000006db4000 	/System/Library/PrivateFrameworks/TCC.framework/Versions/A/TCC
0x0000000006db4000 	/usr/lib/libmecabra.dylib
0x0000000006db4000 	/System/Library/Frameworks/ApplicationServices.framework/Versions/A/Frameworks/ATS.framework/Versions/A/ATS
0x0000000006db4000 	/System/Library/Frameworks/ApplicationServices.framework/Versions/A/Frameworks/ColorSync.framework/Versions/A/ColorSync
0x0000000006db4000 	/System/Library/Frameworks/ApplicationServices.framework/Versions/A/Frameworks/HIServices.framework/Versions/A/HIServices
0x0000000006db4000 	/System/Library/Frameworks/ApplicationServices.framework/Versions/A/Frameworks/LangAnalysis.framework/Versions/A/LangAnalysis
0x0000000006db4000 	/System/Library/Frameworks/ApplicationServices.framework/Versions/A/Frameworks/PrintCore.framework/Versions/A/PrintCore
0x0000000006db4000 	/System/Library/Frameworks/ApplicationServices.framework/Versions/A/Frameworks/QD.framework/Versions/A/QD
0x0000000006db4000 	/System/Library/Frameworks/ApplicationServices.framework/Versions/A/Frameworks/SpeechSynthesis.framework/Versions/A/SpeechSynthesis
0x0000000006db4000 	/System/Library/Frameworks/Accelerate.framework/Versions/A/Accelerate
0x0000000006db4000 	/System/Library/Frameworks/Accelerate.framework/Versions/A/Frameworks/vImage.framework/Versions/A/vImage
0x0000000006db4000 	/System/Library/Frameworks/Accelerate.framework/Versions/A/Frameworks/vecLib.framework/Versions/A/vecLib
0x0000000006db4000 	/System/Library/Frameworks/Accelerate.framework/Versions/A/Frameworks/vecLib.framework/Versions/A/libvDSP.dylib
0x0000000006db4000 	/System/Library/Frameworks/Accelerate.framework/Versions/A/Frameworks/vecLib.framework/Versions/A/libvMisc.dylib
0x0000000006db4000 	/System/Library/Frameworks/Accelerate.framework/Versions/A/Frameworks/vecLib.framework/Versions/A/libLAPACK.dylib
0x0000000006db4000 	/System/Library/Frameworks/Accelerate.framework/Versions/A/Frameworks/vecLib.framework/Versions/A/libBLAS.dylib
0x0000000006db4000 	/System/Library/Frameworks/Accelerate.framework/Versions/A/Frameworks/vecLib.framework/Versions/A/libLinearAlgebra.dylib
0x0000000006db4000 	/System/Library/Frameworks/ApplicationServices.framework/Versions/A/Frameworks/ATS.framework/Versions/A/Resources/libFontParser.dylib
0x0000000006db4000 	/System/Library/Frameworks/ApplicationServices.framework/Versions/A/Frameworks/ATS.framework/Versions/A/Resources/libFontRegistry.dylib
0x0000000006db4000 	/System/Library/PrivateFrameworks/AppleVPA.framework/Versions/A/AppleVPA
0x0000000006db4000 	/System/Library/PrivateFrameworks/AppleJPEG.framework/Versions/A/AppleJPEG
0x0000000006db4000 	/System/Library/Frameworks/ImageIO.framework/Versions/A/Resources/libJPEG.dylib
0x0000000006db4000 	/System/Library/Frameworks/ImageIO.framework/Versions/A/Resources/libTIFF.dylib
0x0000000006db4000 	/System/Library/Frameworks/ImageIO.framework/Versions/A/Resources/libPng.dylib
0x0000000006db4000 	/System/Library/Frameworks/ImageIO.framework/Versions/A/Resources/libGIF.dylib
0x0000000006db4000 	/System/Library/Frameworks/ImageIO.framework/Versions/A/Resources/libJP2.dylib
0x0000000006db4000 	/System/Library/Frameworks/ImageIO.framework/Versions/A/Resources/libRadiance.dylib
0x0000000006db4000 	/System/Library/Frameworks/CoreVideo.framework/Versions/A/CoreVideo
0x0000000006db4000 	/System/Library/Frameworks/OpenGL.framework/Versions/A/Libraries/libGLU.dylib
0x0000000006db4000 	/System/Library/Frameworks/OpenGL.framework/Versions/A/Libraries/libGFXShared.dylib
0x0000000006db4000 	/System/Library/Frameworks/OpenGL.framework/Versions/A/Libraries/libGL.dylib
0x0000000006db4000 	/System/Library/Frameworks/OpenGL.framework/Versions/A/Libraries/libGLImage.dylib
0x0000000006db4000 	/System/Library/Frameworks/OpenGL.framework/Versions/A/Libraries/libCVMSPluginSupport.dylib
0x0000000006db4000 	/System/Library/Frameworks/OpenGL.framework/Versions/A/Libraries/libCoreVMClient.dylib
0x0000000006db4000 	/usr/lib/libcups.2.dylib
0x0000000006db4000 	/System/Library/Frameworks/Kerberos.framework/Versions/A/Kerberos
0x0000000006db4000 	/System/Library/Frameworks/GSS.framework/Versions/A/GSS
0x0000000006db4000 	/usr/lib/libresolv.9.dylib
0x0000000006db4000 	/usr/lib/libiconv.2.dylib
0x0000000006db4000 	/System/Library/PrivateFrameworks/Heimdal.framework/Versions/A/Heimdal
0x0000000006db4000 	/usr/lib/libheimdal-asn1.dylib
0x0000000006db4000 	/System/Library/Frameworks/OpenDirectory.framework/Versions/A/OpenDirectory
0x0000000006db4000 	/System/Library/PrivateFrameworks/CommonAuth.framework/Versions/A/CommonAuth
0x0000000006db4000 	/System/Library/Frameworks/OpenDirectory.framework/Versions/A/Frameworks/CFOpenDirectory.framework/Versions/A/CFOpenDirectory
0x0000000006db4000 	/System/Library/Frameworks/SecurityFoundation.framework/Versions/A/SecurityFoundation
0x0000000006db4000 	/System/Library/PrivateFrameworks/LanguageModeling.framework/Versions/A/LanguageModeling
0x0000000006db4000 	/usr/lib/libcmph.dylib
0x0000000006db4000 	/System/Library/Frameworks/ServiceManagement.framework/Versions/A/ServiceManagement
0x0000000006db4000 	/usr/lib/libxslt.1.dylib
0x0000000006db4000 	/System/Library/Frameworks/Carbon.framework/Versions/A/Frameworks/Ink.framework/Versions/A/Ink
0x0000000006db4000 	/System/Library/Frameworks/QuartzCore.framework/Versions/A/Frameworks/CoreImage.framework/Versions/A/CoreImage
0x0000000006db4000 	/System/Library/PrivateFrameworks/CrashReporterSupport.framework/Versions/A/CrashReporterSupport
0x0000000006db4000 	/System/Library/Frameworks/OpenCL.framework/Versions/A/OpenCL
0x0000000006db4000 	/System/Library/PrivateFrameworks/FaceCore.framework/Versions/A/FaceCore
0x0000000006db4000 	/System/Library/PrivateFrameworks/Ubiquity.framework/Versions/A/Ubiquity
0x0000000006db4000 	/System/Library/PrivateFrameworks/IconServices.framework/Versions/A/IconServices
0x0000000006db4000 	/System/Library/PrivateFrameworks/ChunkingLibrary.framework/Versions/A/ChunkingLibrary
0x0000000006db4000 	/System/Library/PrivateFrameworks/Apple80211.framework/Versions/A/Apple80211
0x0000000006db4000 	/System/Library/Frameworks/CoreWLAN.framework/Versions/A/CoreWLAN
0x0000000006db4000 	/System/Library/Frameworks/IOBluetooth.framework/Versions/A/IOBluetooth
0x0000000006db4000 	/System/Library/PrivateFrameworks/CoreWiFi.framework/Versions/A/CoreWiFi
0x0000000006db4000 	/System/Library/Frameworks/CoreBluetooth.framework/Versions/A/CoreBluetooth
0x0000000006db4000 	/System/Library/PrivateFrameworks/DebugSymbols.framework/Versions/A/DebugSymbols
0x0000000006db4000 	/System/Library/PrivateFrameworks/CoreSymbolication.framework/Versions/A/CoreSymbolication
0x0000000006db4000 	/System/Library/PrivateFrameworks/Symbolication.framework/Versions/A/Symbolication
0x0000000006db4000 	/System/Library/PrivateFrameworks/SpeechRecognitionCore.framework/Versions/A/SpeechRecognitionCore
0x0000000102a00000 	/Library/Java/JavaVirtualMachines/jdk1.8.0_131.jdk/Contents/Home/jre/lib/server/libjvm.dylib
0x0000000006db4000 	/usr/lib/libstdc++.6.dylib
0x00000001019ea000 	/Library/Java/JavaVirtualMachines/jdk1.8.0_131.jdk/Contents/Home/jre/lib/libverify.dylib
0x00000001039a3000 	/Library/Java/JavaVirtualMachines/jdk1.8.0_131.jdk/Contents/Home/jre/lib/libjava.dylib
0x00000001039e0000 	/Library/Java/JavaVirtualMachines/jdk1.8.0_131.jdk/Contents/Home/jre/lib/libzip.dylib
0x000000011f5c0000 	/System/Library/Frameworks/JavaVM.framework/Frameworks/JavaRuntimeSupport.framework/JavaRuntimeSupport
0x000000011f5db000 	/System/Library/Frameworks/JavaVM.framework/Versions/A/Frameworks/JavaNativeFoundation.framework/Versions/A/JavaNativeFoundation
0x000000011f5f0000 	/System/Library/Frameworks/JavaVM.framework/Versions/A/JavaVM
0x0000000006db4000 	/System/Library/Frameworks/Carbon.framework/Versions/A/Carbon
0x000000011f5fd000 	/System/Library/PrivateFrameworks/JavaLaunching.framework/Versions/A/JavaLaunching
0x0000000006db4000 	/System/Library/Frameworks/Carbon.framework/Versions/A/Frameworks/CommonPanels.framework/Versions/A/CommonPanels
0x0000000006db4000 	/System/Library/Frameworks/Carbon.framework/Versions/A/Frameworks/Help.framework/Versions/A/Help
0x0000000006db4000 	/System/Library/Frameworks/Carbon.framework/Versions/A/Frameworks/ImageCapture.framework/Versions/A/ImageCapture
0x0000000006db4000 	/System/Library/Frameworks/Carbon.framework/Versions/A/Frameworks/OpenScripting.framework/Versions/A/OpenScripting
0x0000000006db4000 	/System/Library/Frameworks/Carbon.framework/Versions/A/Frameworks/Print.framework/Versions/A/Print
0x0000000006db4000 	/System/Library/Frameworks/Carbon.framework/Versions/A/Frameworks/SecurityHI.framework/Versions/A/SecurityHI
0x0000000121631000 	/Library/Java/JavaVirtualMachines/jdk1.8.0_131.jdk/Contents/Home/jre/lib/libawt.dylib
0x00000001216d9000 	/Library/Java/JavaVirtualMachines/jdk1.8.0_131.jdk/Contents/Home/jre/lib/./libmlib_image.dylib
0x00000001217a5000 	/Library/Java/JavaVirtualMachines/jdk1.8.0_131.jdk/Contents/Home/jre/lib/libawt_lwawt.dylib
0x000000012185c000 	/Library/Java/JavaVirtualMachines/jdk1.8.0_131.jdk/Contents/Home/jre/lib/./libosxapp.dylib
0x0000000006db4000 	/System/Library/Frameworks/ExceptionHandling.framework/Versions/A/ExceptionHandling
0x0000000006db4000 	/System/Library/PrivateFrameworks/CoreServicesInternal.framework/Versions/A/CoreServicesInternal
0x0000000006db4000 	/System/Library/PrivateFrameworks/CloudDocs.framework/Versions/A/CloudDocs
0x0000000006db4000 	/System/Library/PrivateFrameworks/CoreDuet.framework/Versions/A/CoreDuet
0x0000000006db4000 	/System/Library/Frameworks/CloudKit.framework/Versions/A/CloudKit
0x0000000006db4000 	/System/Library/PrivateFrameworks/ProtocolBuffer.framework/Versions/A/ProtocolBuffer
0x0000000006db4000 	/System/Library/PrivateFrameworks/CoreDuetDaemonProtocol.framework/Versions/A/CoreDuetDaemonProtocol
0x0000000006db4000 	/System/Library/PrivateFrameworks/CoreDuetDebugLogging.framework/Versions/A/CoreDuetDebugLogging
0x0000000006db4000 	/System/Library/PrivateFrameworks/MMCS.framework/Versions/A/MMCS
0x0000000006db4000 	/System/Library/Frameworks/CoreLocation.framework/Versions/A/CoreLocation
0x0000000006db4000 	/System/Library/PrivateFrameworks/ProtectedCloudStorage.framework/Versions/A/ProtectedCloudStorage
0x0000000006db4000 	/System/Library/PrivateFrameworks/GeoServices.framework/Versions/A/GeoServices
0x0000000006db4000 	/System/Library/Frameworks/CoreGraphics.framework/Versions/A/Resources/libCGCMS.A.dylib
0x0000000006db4000 	/System/Library/Frameworks/CoreGraphics.framework/Versions/A/Resources/libRIP.A.dylib
0x0000000006db4000 	/System/Library/Frameworks/CoreGraphics.framework/Versions/A/Resources/libCGXType.A.dylib
0x0000000006db4000 	/System/Library/Frameworks/OpenCL.framework/Versions/A/Libraries/libcldcpuengine.dylib
0x0000000006db4000 	/System/Library/PrivateFrameworks/DiskImages.framework/Versions/A/DiskImages
0x0000000006db4000 	/System/Library/Frameworks/DiscRecording.framework/Versions/A/DiscRecording
0x0000000006db4000 	/usr/lib/libcsfde.dylib
0x0000000006db4000 	/usr/lib/libcurl.4.dylib
0x0000000006db4000 	/System/Library/PrivateFrameworks/MediaKit.framework/Versions/A/MediaKit
0x0000000006db4000 	/usr/lib/libCoreStorage.dylib
0x0000000006db4000 	/System/Library/PrivateFrameworks/EFILogin.framework/Versions/A/EFILogin
0x0000000006db4000 	/usr/lib/libutil.dylib
0x0000000006db4000 	/System/Library/PrivateFrameworks/FindMyDevice.framework/Versions/A/FindMyDevice
0x0000000006db4000 	/System/Library/Frameworks/LDAP.framework/Versions/A/LDAP
0x0000000006db4000 	/usr/lib/libsasl2.2.dylib
0x0000000006db4000 	/System/Library/PrivateFrameworks/CoreDaemon.framework/Versions/B/CoreDaemon
0x0000000006db4000 	/usr/lib/libcrypto.0.9.8.dylib
0x0000000006db4000 	/System/Library/PrivateFrameworks/AppleSRP.framework/Versions/A/AppleSRP
0x0000000006db4000 	/System/Library/PrivateFrameworks/TrustEvaluationAgent.framework/Versions/A/TrustEvaluationAgent
0x0000000124adb000 	cl_kernels
0x0000000124add000 	/System/Library/Frameworks/OpenCL.framework/Versions/A/Libraries/ImageFormats/unorm8_bgra.dylib
0x0000000124acd000 	cl_kernels
0x0000000006db4000 	/System/Library/PrivateFrameworks/FamilyControls.framework/Versions/A/FamilyControls
0x0000000006db4000 	/System/Library/PrivateFrameworks/CommerceKit.framework/Versions/A/Frameworks/CommerceCore.framework/Versions/A/CommerceCore
0x0000000006db4000 	/System/Library/PrivateFrameworks/SystemAdministration.framework/Versions/A/SystemAdministration
0x0000000006db4000 	/System/Library/PrivateFrameworks/AppContainer.framework/Versions/A/AppContainer
0x0000000006db4000 	/System/Library/PrivateFrameworks/SecCodeWrapper.framework/Versions/A/SecCodeWrapper
0x0000000006db4000 	/System/Library/Frameworks/DirectoryService.framework/Versions/A/DirectoryService
0x0000000006db4000 	/System/Library/PrivateFrameworks/LoginUIKit.framework/Versions/A/Frameworks/LoginUICore.framework/Versions/A/LoginUICore
0x0000000006db4000 	/usr/lib/libodfde.dylib
0x0000000126036000 	/System/Library/Frameworks/OpenGL.framework/Resources/GLEngine.bundle/GLEngine
0x0000000006db4000 	/System/Library/Frameworks/OpenGL.framework/Versions/A/Libraries/libGLProgrammability.dylib
0x0000000126221000 	/System/Library/Extensions/AppleIntelHD5000GraphicsGLDriver.bundle/Contents/MacOS/AppleIntelHD5000GraphicsGLDriver
0x0000000006db4000 	/System/Library/PrivateFrameworks/IOAccelerator.framework/Versions/A/IOAccelerator
0x0000000006db4000 	/System/Library/PrivateFrameworks/GPUSupport.framework/Versions/A/Libraries/libGPUSupportMercury.dylib
0x0000000006db4000 	/System/Library/Frameworks/OpenGL.framework/Versions/A/Resources/GLRendererFloat.bundle/GLRendererFloat
0x0000000127723000 	/Library/Java/JavaVirtualMachines/jdk1.8.0_131.jdk/Contents/Home/jre/lib/libfontmanager.dylib
0x0000000128ab1000 	/Library/Java/JavaVirtualMachines/jdk1.8.0_131.jdk/Contents/Home/jre/lib/libosxui.dylib
0x0000000129681000 	/Library/Java/JavaVirtualMachines/jdk1.8.0_131.jdk/Contents/Home/jre/lib/libnet.dylib
0x0000000129884000 	/Library/Java/JavaVirtualMachines/jdk1.8.0_131.jdk/Contents/Home/jre/lib/libnio.dylib
0x0000000006db4000 	/System/Library/Frameworks/ApplicationServices.framework/Versions/A/Frameworks/ATS.framework/Versions/A/Resources/libTrueTypeScaler.dylib
0x0000000188731000 	/private/var/folders/dw/m8mh704j5bl04j2yy8ymkxzxqkj2k0/T/jogamp_0000/file_cache/jln5864999369034742846/jln6392615389549790443/libgluegen-rt.jnilib
0x0000000188735000 	/private/var/folders/dw/m8mh704j5bl04j2yy8ymkxzxqkj2k0/T/jogamp_0000/file_cache/jln5864999369034742846/jln6392615389549790443/libnativewindow_awt.jnilib
0x0000000188738000 	/Library/Java/JavaVirtualMachines/jdk1.8.0_131.jdk/Contents/Home/jre/lib/libjawt.dylib
0x000000018873b000 	/private/var/folders/dw/m8mh704j5bl04j2yy8ymkxzxqkj2k0/T/jogamp_0000/file_cache/jln5864999369034742846/jln6392615389549790443/libnativewindow_macosx.jnilib
0x0000000188948000 	/private/var/folders/dw/m8mh704j5bl04j2yy8ymkxzxqkj2k0/T/jogamp_0000/file_cache/jln5864999369034742846/jln6392615389549790443/libjogl_desktop.jnilib
0x000000018f921000 	/Library/Java/JavaVirtualMachines/jdk1.8.0_131.jdk/Contents/Home/jre/lib/libt2k.dylib

VM Arguments:
jvm_args: -Djava.security.policy=java.policy.applet -Dfile.encoding=UTF-8 
java_command: sun.applet.AppletViewer module4.EarthquakeCityMap1493834766396.html
java_class_path (initial): /Users/dpei/Documents/workspace/UCSDUnfoldingMaps/build:/Users/dpei/Documents/workspace/UCSDUnfoldingMaps/lib/core.jar:/Users/dpei/Documents/workspace/UCSDUnfoldingMaps/lib/gluegen-rt.jar:/Users/dpei/Documents/workspace/UCSDUnfoldingMaps/lib/jogl-all.jar:/Users/dpei/Documents/workspace/UCSDUnfoldingMaps/lib/log4j-1.2.15.jar:/Users/dpei/Documents/workspace/UCSDUnfoldingMaps/lib/sqlite-jdbc-3.7.2.jar:/Users/dpei/Documents/workspace/UCSDUnfoldingMaps/lib/json4processing.jar:/Users/dpei/Documents/workspace/UCSDUnfoldingMaps/lib/libTUIO.jar:/Users/dpei/Documents/workspace/UCSDUnfoldingMaps/lib/unfolding.0.9.7-uscd.jar
Launcher Type: SUN_STANDARD

Environment Variables:
PATH=/usr/bin:/bin:/usr/sbin:/sbin
SHELL=/bin/bash

Signal Handlers:
SIGSEGV: [libjvm.dylib+0x5b1eb1], sa_mask[0]=11111111011111110111111111111111, sa_flags=SA_ONSTACK|SA_RESTART|SA_SIGINFO
SIGBUS: [libjvm.dylib+0x5b1eb1], sa_mask[0]=11111111011111110111111111111111, sa_flags=SA_RESTART|SA_SIGINFO
SIGFPE: [libjvm.dylib+0x488988], sa_mask[0]=11111111011111110111111111111111, sa_flags=SA_RESTART|SA_SIGINFO
SIGPIPE: [libjvm.dylib+0x488988], sa_mask[0]=11111111011111110111111111111111, sa_flags=SA_RESTART|SA_SIGINFO
SIGXFSZ: [libjvm.dylib+0x488988], sa_mask[0]=11111111011111110111111111111111, sa_flags=SA_RESTART|SA_SIGINFO
SIGILL: [libjvm.dylib+0x488988], sa_mask[0]=11111111011111110111111111111111, sa_flags=SA_RESTART|SA_SIGINFO
SIGUSR1: SIG_DFL, sa_mask[0]=00000000000000000000000000000000, sa_flags=none
SIGUSR2: [libjvm.dylib+0x4884a6], sa_mask[0]=00100000000000000000000000000000, sa_flags=SA_RESTART|SA_SIGINFO
SIGHUP: [libjvm.dylib+0x486a7d], sa_mask[0]=11111111011111110111111111111111, sa_flags=SA_RESTART|SA_SIGINFO
SIGINT: [libjvm.dylib+0x486a7d], sa_mask[0]=11111111011111110111111111111111, sa_flags=SA_RESTART|SA_SIGINFO
SIGTERM: [libjvm.dylib+0x486a7d], sa_mask[0]=11111111011111110111111111111111, sa_flags=SA_RESTART|SA_SIGINFO
SIGQUIT: [libjvm.dylib+0x486a7d], sa_mask[0]=11111111011111110111111111111111, sa_flags=SA_RESTART|SA_SIGINFO


---------------  S Y S T E M  ---------------

OS:Bsduname:Darwin 14.5.0 Darwin Kernel Version 14.5.0: Sun Sep 25 22:07:15 PDT 2016; root:xnu-2782.50.9~1/RELEASE_X86_64 x86_64
rlimit: STACK 8192k, CORE 0k, NPROC 709, NOFILE 10240, AS infinity
load average:1.90 2.53 2.19

CPU:total 8 (initial active 8) (4 cores per cpu, 2 threads per core) family 6 model 70 stepping 1, cmov, cx8, fxsr, mmx, sse, sse2, sse3, ssse3, sse4.1, sse4.2, popcnt, avx, avx2, aes, clmul, erms, lzcnt, ht, tsc, tscinvbit, bmi1, bmi2

Memory: 4k page, physical 16777216k(1970412k free)

/proc/meminfo:


vm_info: Java HotSpot(TM) 64-Bit Server VM (25.131-b11) for bsd-amd64 JRE (1.8.0_131-b11), built on Mar 15 2017 01:32:22 by "java_re" with gcc 4.2.1 (Based on Apple Inc. build 5658) (LLVM build 2336.11.00)

time: Wed May  3 13:07:52 2017
elapsed time: 105 seconds (0d 0h 1m 45s)

