#
# A fatal error has been detected by the Java Runtime Environment:
#
#  SIGSEGV (0xb) at pc=0x00007fff931240dd, pid=39712, tid=0x0000000000000713
#
# JRE version: Java(TM) SE Runtime Environment (8.0_131-b11) (build 1.8.0_131-b11)
# Java VM: Java HotSpot(TM) 64-Bit Server VM (25.131-b11 mixed mode bsd-amd64 compressed oops)
# Problematic frame:
# C  [libobjc.A.dylib+0x10dd]  objc_msgSend+0x1d
#
# Failed to write core dump. Core dumps have been disabled. To enable core dumping, try "ulimit -c unlimited" before starting Java again
#
# If you would like to submit a bug report, please visit:
#   http://bugreport.java.com/bugreport/crash.jsp
# The crash happened outside the Java Virtual Machine in native code.
# See problematic frame for where to report the bug.
#

---------------  T H R E A D  ---------------

Current thread (0x00007f83f287b800):  JavaThread "AWT-AppKit" daemon [_thread_in_native, id=1811, stack(0x00007fff51736000,0x00007fff51f36000)]

siginfo: si_signo: 11 (SIGSEGV), si_code: 1 (SEGV_MAPERR), si_addr: 0x0000000000000018

Registers:
RAX=0x00007f83f4013080, RBX=0x00000001955cf450, RCX=0x000000013470a800, RDX=0x0000000135808980
RSP=0x00007fff51f315e8, RBP=0x00007fff51f316a0, RSI=0x00007fff880d840f, RDI=0x00007f83f950cee0
R8 =0x0000000000000000, R9 =0x0000000000000f50, R10=0x00007fff880d840f, R11=0x0000000000000000
R12=0x0000000000000000, R13=0x000000019924f460, R14=0x00000001955cf440, R15=0x00007f83f287b800
RIP=0x00007fff931240dd, EFLAGS=0x0000000000010246, ERR=0x0000000000000004
  TRAPNO=0x000000000000000e

Top of Stack: (sp=0x00007fff51f315e8)
0x00007fff51f315e8:   00000001955cd157 00007fff51f31640
0x00007fff51f315f8:   0000000000000003 00007fff51f31620
0x00007fff51f31608:   000000010f9f36d2 000000019924f460
0x00007fff51f31618:   000000019924f460 00007f83f4013080
0x00007fff51f31628:   00000001955cf6a0 00000001955cf710
0x00007fff51f31638:   00007fff791a4550 00007fff786dfc80
0x00007fff51f31648:   00000001955cf450 00000001955cf690
0x00007fff51f31658:   00007f83f4013080 00007f83f950cee0
0x00007fff51f31668:   00007f83f952caf0 00007f83f4013080
0x00007fff51f31678:   00007f83f950cee0 00007fff51f31728
0x00007fff51f31688:   00007f83f287b9f8 000000019924f460
0x00007fff51f31698:   00007fff51f31750 00007fff51f31718
0x00007fff51f316a8:   00000001108bd9f4 000000019924f460
0x00007fff51f316b8:   00007fff51f31750 00007fff51f31718
0x00007fff51f316c8:   00000001108bd787 00000001108bd742
0x00007fff51f316d8:   00007fff51f316d8 000000019924f460
0x00007fff51f316e8:   00007fff51f31750 0000000199252098
0x00007fff51f316f8:   0000000000000000 000000019924f460
0x00007fff51f31708:   0000000000000000 00007fff51f31738
0x00007fff51f31718:   00007fff51f31798 00000001108ae2bd
0x00007fff51f31728:   00000006c0e53d68 00000001108b7538
0x00007fff51f31738:   00007f83f4013080 00007fff51f31798
0x00007fff51f31748:   00007f83f950cee0 00000001108b8e02
0x00007fff51f31758:   00007fff51f31758 000000019924f62a
0x00007fff51f31768:   00007fff51f317c0 0000000199252098
0x00007fff51f31778:   0000000000000000 000000019924f638
0x00007fff51f31788:   00007fff51f31738 00007fff51f317a8
0x00007fff51f31798:   00007fff51f31808 00000001108ae2bd
0x00007fff51f317a8:   00007f83f4013080 00000006c0de02c8
0x00007fff51f317b8:   00007f83f950cee0 00000006c0de02c8
0x00007fff51f317c8:   00007fff51f317c8 00000001a0fcf74e
0x00007fff51f317d8:   00007fff51f31818 00000001a0fcf808 

Instructions: (pc=0x00007fff931240dd)
0x00007fff931240bd:   00 00 00 48 85 ff 2e 74 7a 40 f6 c7 01 2e 75 7e
0x00007fff931240cd:   49 bb f8 ff ff ff ff 7f 00 00 4c 23 1f 49 89 f2
0x00007fff931240dd:   45 23 53 18 49 c1 e2 04 4d 03 53 10 49 3b 32 75
0x00007fff931240ed:   04 41 ff 62 08 49 83 3a 00 74 6a 4d 3b 53 10 74 

Register to memory mapping:

RAX=0x00007f83f4013080 is an unknown value
RBX=0x00000001955cf450: Java_jogamp_nativewindow_macosx_OSXUtil_GetScreenRefreshRate0+0x1cf0 in /private/var/folders/dw/m8mh704j5bl04j2yy8ymkxzxqkj2k0/T/jogamp_0000/file_cache/jln5011488119036996489/jln4163093393100040558/libnativewindow_macosx.jnilib at 0x00000001955c8000
RCX=0x000000013470a800 is an unknown value
RDX=0x0000000135808980 is an unknown value
RSP=0x00007fff51f315e8 is pointing into the stack for thread: 0x00007f83f287b800
RBP=0x00007fff51f316a0 is pointing into the stack for thread: 0x00007f83f287b800
RSI=0x00007fff880d840f is an unknown value
RDI=0x00007f83f950cee0 is an unknown value
R8 =0x0000000000000000 is an unknown value
R9 =0x0000000000000f50 is an unknown value
R10=0x00007fff880d840f is an unknown value
R11=0x0000000000000000 is an unknown value
R12=0x0000000000000000 is an unknown value
R13={method} {0x000000019924f460} 'UnsetJAWTRootSurfaceLayer0' '(JJ)V' in 'jogamp/nativewindow/jawt/macosx/MacOSXJAWTWindow'
R14=0x00000001955cf440: Java_jogamp_nativewindow_macosx_OSXUtil_GetScreenRefreshRate0+0x1ce0 in /private/var/folders/dw/m8mh704j5bl04j2yy8ymkxzxqkj2k0/T/jogamp_0000/file_cache/jln5011488119036996489/jln4163093393100040558/libnativewindow_macosx.jnilib at 0x00000001955c8000
R15=0x00007f83f287b800 is a thread


Stack: [0x00007fff51736000,0x00007fff51f36000],  sp=0x00007fff51f315e8,  free space=8173k
Native frames: (J=compiled Java code, j=interpreted, Vv=VM code, C=native code)
C  [libobjc.A.dylib+0x10dd]  objc_msgSend+0x1d
j  jogamp.nativewindow.jawt.macosx.MacOSXJAWTWindow.UnsetJAWTRootSurfaceLayer0(JJ)V+0
j  jogamp.nativewindow.jawt.macosx.MacOSXJAWTWindow.access$200(JJ)V+2
j  jogamp.nativewindow.jawt.macosx.MacOSXJAWTWindow$1.run()V+38
j  com.jogamp.common.util.RunnableTask.run()V+24
v  ~StubRoutines::call_stub
V  [libjvm.dylib+0x2ee5b6]
V  [libjvm.dylib+0x325765]
V  [libjvm.dylib+0x317f33]
C  [libnativewindow_macosx.jnilib+0x5326]  Java_jogamp_nativewindow_jawt_macosx_MacOSXJAWTWindow_UnsetJAWTRootSurfaceLayer0+0x2b6
C  [Foundation+0x92dd0]  __NSThreadPerformPerform+0x125
C  [CoreFoundation+0x80a01]  __CFRUNLOOP_IS_CALLING_OUT_TO_A_SOURCE0_PERFORM_FUNCTION__+0x11
C  [CoreFoundation+0x72c5c]  __CFRunLoopDoSources0+0x1dc
C  [CoreFoundation+0x721bf]  __CFRunLoopRun+0x39f
C  [CoreFoundation+0x71bd8]  CFRunLoopRunSpecific+0x128
C  [HIToolbox+0x3256f]  RunCurrentEventLoopInMode+0xeb
C  [HIToolbox+0x321ee]  ReceiveNextEventCommon+0xb3
C  [HIToolbox+0x3212b]  _BlockUntilNextEventMatchingListInModeWithFilter+0x47
C  [AppKit+0x918ab]  _DPSNextEvent+0x3d2
C  [AppKit+0x90e58]  -[NSApplication nextEventMatchingMask:untilDate:inMode:dequeue:]+0x15a
C  [libosxapp.dylib+0x23aa]  -[NSApplicationAWT nextEventMatchingMask:untilDate:inMode:dequeue:]+0x7c
C  [AppKit+0x86af3]  -[NSApplication run]+0x252
C  [libosxapp.dylib+0x214d]  +[NSApplicationAWT runAWTLoopWithApp:]+0x9c
C  [libawt_lwawt.dylib+0x45edf]  -[AWTStarter starter:]+0x389
C  [Foundation+0x92dd0]  __NSThreadPerformPerform+0x125
C  [CoreFoundation+0x80a01]  __CFRUNLOOP_IS_CALLING_OUT_TO_A_SOURCE0_PERFORM_FUNCTION__+0x11
C  [CoreFoundation+0x72b8d]  __CFRunLoopDoSources0+0x10d
C  [CoreFoundation+0x721bf]  __CFRunLoopRun+0x39f
C  [CoreFoundation+0x71bd8]  CFRunLoopRunSpecific+0x128
C  [java+0x6465]  CreateExecutionEnvironment+0x367
C  [java+0x218c]  JLI_Launch+0x7a0
C  [java+0x84c2]  main+0x65
C  [java+0x19e4]  start+0x34
C  0x0000000000000007

Java frames: (J=compiled Java code, j=interpreted, Vv=VM code)
j  jogamp.nativewindow.jawt.macosx.MacOSXJAWTWindow.UnsetJAWTRootSurfaceLayer0(JJ)V+0
j  jogamp.nativewindow.jawt.macosx.MacOSXJAWTWindow.access$200(JJ)V+2
j  jogamp.nativewindow.jawt.macosx.MacOSXJAWTWindow$1.run()V+38
j  com.jogamp.common.util.RunnableTask.run()V+24
v  ~StubRoutines::call_stub

---------------  P R O C E S S  ---------------

Java Threads: ( => current thread )
  0x00007f83e91e1000 JavaThread "Thread-20" [_thread_blocked, id=41487, stack(0x0000000198600000,0x0000000198700000)]
  0x00007f83f220b800 JavaThread "AWT-EventQueue-1" [_thread_in_native, id=61475, stack(0x00000001960cb000,0x00000001961cb000)]
  0x00007f83f3249000 JavaThread "DestroyJavaVM" [_thread_blocked, id=4867, stack(0x00000001107a4000,0x00000001108a4000)]
  0x00007f83f3aa4000 JavaThread "AWT-EventQueue-0" [_thread_blocked, id=59399, stack(0x0000000135704000,0x0000000135804000)]
  0x00007f83f2094000 JavaThread "Java2D Disposer" daemon [_thread_blocked, id=55827, stack(0x0000000134020000,0x0000000134120000)]
  0x00007f83f31d7800 JavaThread "Java2D Queue Flusher" daemon [_thread_blocked, id=53519, stack(0x0000000132dae000,0x0000000132eae000)]
  0x00007f83f6004800 JavaThread "AWT-Shutdown" [_thread_blocked, id=31251, stack(0x000000012fd0c000,0x000000012fe0c000)]
=>0x00007f83f287b800 JavaThread "AWT-AppKit" daemon [_thread_in_native, id=1811, stack(0x00007fff51736000,0x00007fff51f36000)]
  0x00007f83f384a000 JavaThread "Service Thread" daemon [_thread_blocked, id=20739, stack(0x000000012e26a000,0x000000012e36a000)]
  0x00007f83f3019800 JavaThread "C1 CompilerThread3" daemon [_thread_blocked, id=20227, stack(0x000000012e167000,0x000000012e267000)]
  0x00007f83f2805000 JavaThread "C2 CompilerThread2" daemon [_thread_blocked, id=19715, stack(0x000000012e064000,0x000000012e164000)]
  0x00007f83f2015800 JavaThread "C2 CompilerThread1" daemon [_thread_blocked, id=19203, stack(0x000000012df61000,0x000000012e061000)]
  0x00007f83f3849800 JavaThread "C2 CompilerThread0" daemon [_thread_blocked, id=18691, stack(0x000000012de5e000,0x000000012df5e000)]
  0x00007f83f3855800 JavaThread "Signal Dispatcher" daemon [_thread_blocked, id=15379, stack(0x000000012dd5b000,0x000000012de5b000)]
  0x00007f83f282f000 JavaThread "Finalizer" daemon [_thread_blocked, id=13571, stack(0x000000012c333000,0x000000012c433000)]
  0x00007f83f282c000 JavaThread "Reference Handler" daemon [_thread_blocked, id=13059, stack(0x000000012c230000,0x000000012c330000)]

Other Threads:
  0x00007f83f2827800 VMThread [stack: 0x000000012c12d000,0x000000012c22d000] [id=12547]
  0x00007f83f3015800 WatcherThread [stack: 0x000000012e36d000,0x000000012e46d000] [id=21251]

VM state:not at safepoint (normal execution)

VM Mutex/Monitor currently owned by a thread: None

Heap:
 PSYoungGen      total 121344K, used 52876K [0x000000076ab00000, 0x0000000774e80000, 0x00000007c0000000)
  eden space 111104K, 38% used [0x000000076ab00000,0x000000076d514d70,0x0000000771780000)
  from space 10240K, 95% used [0x0000000773a80000,0x000000077440e410,0x0000000774480000)
  to   space 10240K, 0% used [0x0000000774480000,0x0000000774480000,0x0000000774e80000)
 ParOldGen       total 116224K, used 18918K [0x00000006c0000000, 0x00000006c7180000, 0x000000076ab00000)
  object space 116224K, 16% used [0x00000006c0000000,0x00000006c1279840,0x00000006c7180000)
 Metaspace       used 27572K, capacity 27981K, committed 28288K, reserved 1075200K
  class space    used 2212K, capacity 2342K, committed 2432K, reserved 1048576K

Card table byte_map: [0x000000011fc66000,0x0000000120467000] byte_map_base: 0x000000011c666000

Marking Bits: (ParMarkBitMap*) 0x00000001100f1ea0
 Begin Bits: [0x00000001211d5000, 0x00000001251d5000)
 End Bits:   [0x00000001251d5000, 0x00000001291d5000)

Polling page: 0x000000010e7a4000

CodeCache: size=245760Kb used=10708Kb max_used=12257Kb free=235051Kb
 bounds [0x00000001108a6000, 0x00000001114b6000, 0x000000011f8a6000]
 total_blobs=3641 nmethods=2720 adapters=834
 compilation: enabled

Compilation events (10 events):
Event: 188.945 Thread 0x00007f83f3019800 3189       3       java.awt.Component::getCursor_NoClientCode (30 bytes)
Event: 188.945 Thread 0x00007f83f3019800 nmethod 3189 0x0000000110ac4450 code [0x0000000110ac4600, 0x0000000110ac4a88]
Event: 190.584 Thread 0x00007f83f3019800 3190       1       java.awt.Component::isEnabledImpl (5 bytes)
Event: 190.585 Thread 0x00007f83f3019800 nmethod 3190 0x0000000110ddced0 code [0x0000000110ddd020, 0x0000000110ddd130]
Event: 190.619 Thread 0x00007f83f2805000 3191       4       java.beans.WeakIdentityMap$Entry::isMatched (22 bytes)
Event: 190.620 Thread 0x00007f83f2805000 nmethod 3191 0x0000000110decc50 code [0x0000000110decda0, 0x0000000110dece58]
Event: 190.631 Thread 0x00007f83f3849800 3192       4       sun.java2d.SunGraphics2D::translate (68 bytes)
Event: 190.631 Thread 0x00007f83f3019800 3193       3       sun.java2d.pipe.RenderBuffer::putFloat (26 bytes)
Event: 190.632 Thread 0x00007f83f3019800 nmethod 3193 0x0000000110f536d0 code [0x0000000110f53840, 0x0000000110f539d0]
Event: 190.632 Thread 0x00007f83f3849800 nmethod 3192 0x000000011103a410 code [0x000000011103a560, 0x000000011103a688]

GC Heap History (10 events):
Event: 124.023 GC heap before
{Heap before GC invocations=12 (full 1):
 PSYoungGen      total 138752K, used 138282K [0x000000076ab00000, 0x0000000776c80000, 0x00000007c0000000)
  eden space 127488K, 100% used [0x000000076ab00000,0x0000000772780000,0x0000000772780000)
  from space 11264K, 95% used [0x0000000776180000,0x0000000776c0ab58,0x0000000776c80000)
  to   space 15872K, 0% used [0x0000000774d80000,0x0000000774d80000,0x0000000775d00000)
 ParOldGen       total 116224K, used 17918K [0x00000006c0000000, 0x00000006c7180000, 0x000000076ab00000)
  object space 116224K, 15% used [0x00000006c0000000,0x00000006c117faf8,0x00000006c7180000)
 Metaspace       used 27536K, capacity 27917K, committed 28288K, reserved 1075200K
  class space    used 2205K, capacity 2342K, committed 2432K, reserved 1048576K
Event: 124.030 GC heap after
Heap after GC invocations=12 (full 1):
 PSYoungGen      total 135168K, used 10777K [0x000000076ab00000, 0x0000000776200000, 0x00000007c0000000)
  eden space 123904K, 0% used [0x000000076ab00000,0x000000076ab00000,0x0000000772400000)
  from space 11264K, 95% used [0x0000000774d80000,0x0000000775806580,0x0000000775880000)
  to   space 9728K, 0% used [0x0000000775880000,0x0000000775880000,0x0000000776200000)
 ParOldGen       total 116224K, used 17918K [0x00000006c0000000, 0x00000006c7180000, 0x000000076ab00000)
  object space 116224K, 15% used [0x00000006c0000000,0x00000006c117faf8,0x00000006c7180000)
 Metaspace       used 27536K, capacity 27917K, committed 28288K, reserved 1075200K
  class space    used 2205K, capacity 2342K, committed 2432K, reserved 1048576K
}
Event: 140.003 GC heap before
{Heap before GC invocations=13 (full 1):
 PSYoungGen      total 135168K, used 134681K [0x000000076ab00000, 0x0000000776200000, 0x00000007c0000000)
  eden space 123904K, 100% used [0x000000076ab00000,0x0000000772400000,0x0000000772400000)
  from space 11264K, 95% used [0x0000000774d80000,0x0000000775806580,0x0000000775880000)
  to   space 9728K, 0% used [0x0000000775880000,0x0000000775880000,0x0000000776200000)
 ParOldGen       total 116224K, used 17918K [0x00000006c0000000, 0x00000006c7180000, 0x000000076ab00000)
  object space 116224K, 15% used [0x00000006c0000000,0x00000006c117faf8,0x00000006c7180000)
 Metaspace       used 27536K, capacity 27917K, committed 28288K, reserved 1075200K
  class space    used 2205K, capacity 2342K, committed 2432K, reserved 1048576K
Event: 140.006 GC heap after
Heap after GC invocations=13 (full 1):
 PSYoungGen      total 130048K, used 9719K [0x000000076ab00000, 0x0000000776200000, 0x00000007c0000000)
  eden space 120320K, 0% used [0x000000076ab00000,0x000000076ab00000,0x0000000772080000)
  from space 9728K, 99% used [0x0000000775880000,0x00000007761fde40,0x0000000776200000)
  to   space 15360K, 0% used [0x0000000774400000,0x0000000774400000,0x0000000775300000)
 ParOldGen       total 116224K, used 18918K [0x00000006c0000000, 0x00000006c7180000, 0x000000076ab00000)
  object space 116224K, 16% used [0x00000006c0000000,0x00000006c1279840,0x00000006c7180000)
 Metaspace       used 27536K, capacity 27917K, committed 28288K, reserved 1075200K
  class space    used 2205K, capacity 2342K, committed 2432K, reserved 1048576K
}
Event: 155.526 GC heap before
{Heap before GC invocations=14 (full 1):
 PSYoungGen      total 130048K, used 130039K [0x000000076ab00000, 0x0000000776200000, 0x00000007c0000000)
  eden space 120320K, 100% used [0x000000076ab00000,0x0000000772080000,0x0000000772080000)
  from space 9728K, 99% used [0x0000000775880000,0x00000007761fde40,0x0000000776200000)
  to   space 15360K, 0% used [0x0000000774400000,0x0000000774400000,0x0000000775300000)
 ParOldGen       total 116224K, used 18918K [0x00000006c0000000, 0x00000006c7180000, 0x000000076ab00000)
  object space 116224K, 16% used [0x00000006c0000000,0x00000006c1279840,0x00000006c7180000)
 Metaspace       used 27536K, capacity 27917K, committed 28288K, reserved 1075200K
  class space    used 2205K, capacity 2342K, committed 2432K, reserved 1048576K
Event: 155.531 GC heap after
Heap after GC invocations=14 (full 1):
 PSYoungGen      total 127488K, used 9783K [0x000000076ab00000, 0x0000000775900000, 0x00000007c0000000)
  eden space 117248K, 0% used [0x000000076ab00000,0x000000076ab00000,0x0000000771d80000)
  from space 10240K, 95% used [0x0000000774400000,0x0000000774d8de40,0x0000000774e00000)
  to   space 11264K, 0% used [0x0000000774e00000,0x0000000774e00000,0x0000000775900000)
 ParOldGen       total 116224K, used 18918K [0x00000006c0000000, 0x00000006c7180000, 0x000000076ab00000)
  object space 116224K, 16% used [0x00000006c0000000,0x00000006c1279840,0x00000006c7180000)
 Metaspace       used 27536K, capacity 27917K, committed 28288K, reserved 1075200K
  class space    used 2205K, capacity 2342K, committed 2432K, reserved 1048576K
}
Event: 170.653 GC heap before
{Heap before GC invocations=15 (full 1):
 PSYoungGen      total 127488K, used 127031K [0x000000076ab00000, 0x0000000775900000, 0x00000007c0000000)
  eden space 117248K, 100% used [0x000000076ab00000,0x0000000771d80000,0x0000000771d80000)
  from space 10240K, 95% used [0x0000000774400000,0x0000000774d8de40,0x0000000774e00000)
  to   space 11264K, 0% used [0x0000000774e00000,0x0000000774e00000,0x0000000775900000)
 ParOldGen       total 116224K, used 18918K [0x00000006c0000000, 0x00000006c7180000, 0x000000076ab00000)
  object space 116224K, 16% used [0x00000006c0000000,0x00000006c1279840,0x00000006c7180000)
 Metaspace       used 27536K, capacity 27917K, committed 28288K, reserved 1075200K
  class space    used 2205K, capacity 2342K, committed 2432K, reserved 1048576K
Event: 170.657 GC heap after
Heap after GC invocations=15 (full 1):
 PSYoungGen      total 123904K, used 9687K [0x000000076ab00000, 0x0000000775780000, 0x00000007c0000000)
  eden space 114176K, 0% used [0x000000076ab00000,0x000000076ab00000,0x0000000771a80000)
  from space 9728K, 99% used [0x0000000774e00000,0x0000000775775e40,0x0000000775780000)
  to   space 14848K, 0% used [0x0000000773a80000,0x0000000773a80000,0x0000000774900000)
 ParOldGen       total 116224K, used 18918K [0x00000006c0000000, 0x00000006c7180000, 0x000000076ab00000)
  object space 116224K, 16% used [0x00000006c0000000,0x00000006c1279840,0x00000006c7180000)
 Metaspace       used 27536K, capacity 27917K, committed 28288K, reserved 1075200K
  class space    used 2205K, capacity 2342K, committed 2432K, reserved 1048576K
}
Event: 185.409 GC heap before
{Heap before GC invocations=16 (full 1):
 PSYoungGen      total 123904K, used 123863K [0x000000076ab00000, 0x0000000775780000, 0x00000007c0000000)
  eden space 114176K, 100% used [0x000000076ab00000,0x0000000771a80000,0x0000000771a80000)
  from space 9728K, 99% used [0x0000000774e00000,0x0000000775775e40,0x0000000775780000)
  to   space 14848K, 0% used [0x0000000773a80000,0x0000000773a80000,0x0000000774900000)
 ParOldGen       total 116224K, used 18918K [0x00000006c0000000, 0x00000006c7180000, 0x000000076ab00000)
  object space 116224K, 16% used [0x00000006c0000000,0x00000006c1279840,0x00000006c7180000)
 Metaspace       used 27536K, capacity 27917K, committed 28288K, reserved 1075200K
  class space    used 2205K, capacity 2342K, committed 2432K, reserved 1048576K
Event: 185.417 GC heap after
Heap after GC invocations=16 (full 1):
 PSYoungGen      total 121344K, used 9785K [0x000000076ab00000, 0x0000000774e80000, 0x00000007c0000000)
  eden space 111104K, 0% used [0x000000076ab00000,0x000000076ab00000,0x0000000771780000)
  from space 10240K, 95% used [0x0000000773a80000,0x000000077440e410,0x0000000774480000)
  to   space 10240K, 0% used [0x0000000774480000,0x0000000774480000,0x0000000774e80000)
 ParOldGen       total 116224K, used 18918K [0x00000006c0000000, 0x00000006c7180000, 0x000000076ab00000)
  object space 116224K, 16% used [0x00000006c0000000,0x00000006c1279840,0x00000006c7180000)
 Metaspace       used 27536K, capacity 27917K, committed 28288K, reserved 1075200K
  class space    used 2205K, capacity 2342K, committed 2432K, reserved 1048576K
}

Deoptimization events (10 events):
Event: 190.618 Thread 0x00007f83f3aa4000 Uncommon trap: reason=class_check action=maybe_recompile pc=0x0000000110f4a2fc method=java.awt.event.InvocationEvent.dispatch()V @ 47
Event: 190.618 Thread 0x00007f83f3aa4000 Uncommon trap: reason=class_check action=maybe_recompile pc=0x0000000110df7350 method=java.awt.Component.getGraphics()Ljava/awt/Graphics; @ 114
Event: 190.621 Thread 0x00007f83f287b800 Uncommon trap: reason=class_check action=maybe_recompile pc=0x00000001109ba780 method=com.jogamp.common.util.RunnableTask.run()V @ 24
Event: 190.623 Thread 0x00007f83f287b800 Uncommon trap: reason=unstable_if action=reinterpret pc=0x0000000110db647c method=jogamp.nativewindow.macosx.OSXUtil.RunOnMainThread(ZZLjava/lang/Runnable;)V @ 3
Event: 190.628 Thread 0x00007f83f220b800 Uncommon trap: reason=unstable_if action=reinterpret pc=0x0000000111036928 method=jogamp.opengl.GLContextImpl.release(Z)V @ 161
Event: 190.630 Thread 0x00007f83f220b800 Uncommon trap: reason=unstable_if action=reinterpret pc=0x000000011144a958 method=java.util.LinkedList$ListItr.<init>(Ljava/util/LinkedList;I)V @ 26
Event: 190.630 Thread 0x00007f83f220b800 Uncommon trap: reason=unstable_if action=reinterpret pc=0x0000000111264a8c method=java.security.AccessControlContext.combine([Ljava/security/ProtectionDomain;[Ljava/security/ProtectionDomain;)[Ljava/security/ProtectionDomain; @ 151
Event: 190.631 Thread 0x00007f83f3aa4000 Uncommon trap: reason=class_check action=maybe_recompile pc=0x0000000110df7350 method=java.awt.Component.getGraphics()Ljava/awt/Graphics; @ 114
Event: 190.631 Thread 0x00007f83e91e1000 Uncommon trap: reason=predicate action=maybe_recompile pc=0x00000001110b33fc method=java.util.Vector.indexOf(Ljava/lang/Object;I)I @ 44
Event: 190.641 Thread 0x00007f83f287b800 Uncommon trap: reason=class_check action=maybe_recompile pc=0x00000001109ba780 method=com.jogamp.common.util.RunnableTask.run()V @ 24

Internal exceptions (10 events):
Event: 1.736 Thread 0x00007f83f3b59800 Exception <a 'java/lang/UnsatisfiedLinkError': com.jogamp.common.util.JarUtil.fixNativeLibAttribs(Ljava/lang/String;)Z> (0x000000076c7b8d58) thrown at [/Users/java_re/workspace/8-2-build-macosx-x86_64/jdk8u131/8869/hotspot/src/share/vm/prims/nativeLookup.
Event: 2.566 Thread 0x00007f83f220b800 Exception <a 'java/io/FileNotFoundException'> (0x000000076db26710) thrown at [/Users/java_re/workspace/8-2-build-macosx-x86_64/jdk8u131/8869/hotspot/src/share/vm/prims/jni.cpp, line 709]
Event: 2.567 Thread 0x00007f83f220b800 Exception <a 'java/io/FileNotFoundException'> (0x000000076db2dc58) thrown at [/Users/java_re/workspace/8-2-build-macosx-x86_64/jdk8u131/8869/hotspot/src/share/vm/prims/jni.cpp, line 709]
Event: 2.567 Thread 0x00007f83f220b800 Implicit null exception at 0x0000000110a88bb6 to 0x0000000110a88f85
Event: 2.828 Thread 0x00007f83f282f000 Exception <a 'java/lang/NullPointerException'> (0x000000076adbb8c8) thrown at [/Users/java_re/workspace/8-2-build-macosx-x86_64/jdk8u131/8869/hotspot/src/share/vm/interpreter/linkResolver.cpp, line 1197]
Event: 2.939 Thread 0x00007f83f220b800 Implicit null exception at 0x0000000110c5f406 to 0x0000000110c5f64d
Event: 2.967 Thread 0x00007f83f3ee9000 Implicit null exception at 0x0000000110a921f5 to 0x0000000110a925b9
Event: 5.258 Thread 0x00007f83f220b800 Implicit null exception at 0x0000000110dd00e5 to 0x0000000110dd0239
Event: 5.775 Thread 0x00007f83f3ee9000 Exception <a 'java/lang/NullPointerException'> (0x000000076b4bd8f0) thrown at [/Users/java_re/workspace/8-2-build-macosx-x86_64/jdk8u131/8869/hotspot/src/share/vm/interpreter/linkResolver.cpp, line 1197]
Event: 190.602 Thread 0x00007f83f220b800 Implicit null exception at 0x0000000110f0cecb to 0x0000000110f0d941

Events (10 events):
Event: 190.631 Thread 0x00007f83f3aa4000 DEOPT PACKING pc=0x0000000110df7350 sp=0x0000000135801b50
Event: 190.631 Thread 0x00007f83f3aa4000 DEOPT UNPACKING pc=0x00000001108ab229 sp=0x0000000135801b60 mode 2
Event: 190.631 Thread 0x00007f83e91e1000 Uncommon trap: trap_request=0xffffff86 fr.pc=0x00000001110b33fc
Event: 190.631 Thread 0x00007f83e91e1000 DEOPT PACKING pc=0x00000001110b33fc sp=0x00000001986ff7e0
Event: 190.631 Thread 0x00007f83e91e1000 DEOPT UNPACKING pc=0x00000001108ab229 sp=0x00000001986ff7a0 mode 2
Event: 190.631 loading class java/awt/Window$1DisposeAction
Event: 190.631 loading class java/awt/Window$1DisposeAction done
Event: 190.641 Thread 0x00007f83f287b800 Uncommon trap: trap_request=0xffffffde fr.pc=0x00000001109ba780
Event: 190.641 Thread 0x00007f83f287b800 DEOPT PACKING pc=0x00000001109ba780 sp=0x00007fff51f31860
Event: 190.641 Thread 0x00007f83f287b800 DEOPT UNPACKING pc=0x00000001108ab229 sp=0x00007fff51f31808 mode 2


Dynamic libraries:
0x0000000006db4000 	/System/Library/Frameworks/Cocoa.framework/Versions/A/Cocoa
0x0000000006db4000 	/System/Library/Frameworks/Security.framework/Versions/A/Security
0x0000000006db4000 	/System/Library/Frameworks/ApplicationServices.framework/Versions/A/ApplicationServices
0x0000000006db4000 	/usr/lib/libz.1.dylib
0x0000000006db4000 	/usr/lib/libSystem.B.dylib
0x0000000006db4000 	/usr/lib/libobjc.A.dylib
0x0000000006db4000 	/System/Library/Frameworks/CoreFoundation.framework/Versions/A/CoreFoundation
0x0000000006db4000 	/System/Library/Frameworks/Foundation.framework/Versions/C/Foundation
0x0000000006db4000 	/System/Library/Frameworks/AppKit.framework/Versions/C/AppKit
0x0000000006db4000 	/System/Library/Frameworks/CoreData.framework/Versions/A/CoreData
0x0000000006db4000 	/System/Library/PrivateFrameworks/RemoteViewServices.framework/Versions/A/RemoteViewServices
0x0000000006db4000 	/System/Library/PrivateFrameworks/UIFoundation.framework/Versions/A/UIFoundation
0x0000000006db4000 	/System/Library/Frameworks/IOSurface.framework/Versions/A/IOSurface
0x0000000006db4000 	/System/Library/Frameworks/AudioToolbox.framework/Versions/A/AudioToolbox
0x0000000006db4000 	/System/Library/Frameworks/AudioUnit.framework/Versions/A/AudioUnit
0x0000000006db4000 	/System/Library/PrivateFrameworks/DataDetectorsCore.framework/Versions/A/DataDetectorsCore
0x0000000006db4000 	/System/Library/PrivateFrameworks/DesktopServicesPriv.framework/Versions/A/DesktopServicesPriv
0x0000000006db4000 	/System/Library/Frameworks/Carbon.framework/Versions/A/Frameworks/HIToolbox.framework/Versions/A/HIToolbox
0x0000000006db4000 	/System/Library/Frameworks/QuartzCore.framework/Versions/A/QuartzCore
0x0000000006db4000 	/System/Library/Frameworks/Carbon.framework/Versions/A/Frameworks/SpeechRecognition.framework/Versions/A/SpeechRecognition
0x0000000006db4000 	/usr/lib/libauto.dylib
0x0000000006db4000 	/usr/lib/libicucore.A.dylib
0x0000000006db4000 	/usr/lib/libxml2.2.dylib
0x0000000006db4000 	/System/Library/PrivateFrameworks/CoreUI.framework/Versions/A/CoreUI
0x0000000006db4000 	/System/Library/Frameworks/CoreAudio.framework/Versions/A/CoreAudio
0x0000000006db4000 	/System/Library/Frameworks/DiskArbitration.framework/Versions/A/DiskArbitration
0x0000000006db4000 	/usr/lib/liblangid.dylib
0x0000000006db4000 	/System/Library/PrivateFrameworks/MultitouchSupport.framework/Versions/A/MultitouchSupport
0x0000000006db4000 	/System/Library/Frameworks/IOKit.framework/Versions/A/IOKit
0x0000000006db4000 	/usr/lib/libDiagnosticMessagesClient.dylib
0x0000000006db4000 	/System/Library/Frameworks/CoreServices.framework/Versions/A/CoreServices
0x0000000006db4000 	/System/Library/PrivateFrameworks/PerformanceAnalysis.framework/Versions/A/PerformanceAnalysis
0x0000000006db4000 	/System/Library/PrivateFrameworks/GenerationalStorage.framework/Versions/A/GenerationalStorage
0x0000000006db4000 	/System/Library/Frameworks/OpenGL.framework/Versions/A/OpenGL
0x0000000006db4000 	/System/Library/PrivateFrameworks/Sharing.framework/Versions/A/Sharing
0x000000010dce4000 	/System/Library/Frameworks/CoreGraphics.framework/Versions/A/CoreGraphics
0x0000000006db4000 	/System/Library/Frameworks/CoreText.framework/Versions/A/CoreText
0x0000000006db4000 	/System/Library/Frameworks/ImageIO.framework/Versions/A/ImageIO
0x0000000006db4000 	/usr/lib/libextension.dylib
0x0000000006db4000 	/System/Library/PrivateFrameworks/Backup.framework/Versions/A/Backup
0x0000000006db4000 	/usr/lib/libarchive.2.dylib
0x0000000006db4000 	/System/Library/Frameworks/CFNetwork.framework/Versions/A/CFNetwork
0x0000000006db4000 	/System/Library/Frameworks/SystemConfiguration.framework/Versions/A/SystemConfiguration
0x0000000006db4000 	/usr/lib/libCRFSuite.dylib
0x0000000006db4000 	/usr/lib/libc++.1.dylib
0x0000000006db4000 	/usr/lib/libc++abi.dylib
0x0000000006db4000 	/usr/lib/system/libcache.dylib
0x0000000006db4000 	/usr/lib/system/libcommonCrypto.dylib
0x0000000006db4000 	/usr/lib/system/libcompiler_rt.dylib
0x0000000006db4000 	/usr/lib/system/libcopyfile.dylib
0x0000000006db4000 	/usr/lib/system/libcorecrypto.dylib
0x0000000006db4000 	/usr/lib/system/libdispatch.dylib
0x0000000006db4000 	/usr/lib/system/libdyld.dylib
0x0000000006db4000 	/usr/lib/system/libkeymgr.dylib
0x0000000006db4000 	/usr/lib/system/liblaunch.dylib
0x0000000006db4000 	/usr/lib/system/libmacho.dylib
0x0000000006db4000 	/usr/lib/system/libquarantine.dylib
0x0000000006db4000 	/usr/lib/system/libremovefile.dylib
0x0000000006db4000 	/usr/lib/system/libsystem_asl.dylib
0x0000000006db4000 	/usr/lib/system/libsystem_blocks.dylib
0x0000000006db4000 	/usr/lib/system/libsystem_c.dylib
0x0000000006db4000 	/usr/lib/system/libsystem_configuration.dylib
0x0000000006db4000 	/usr/lib/system/libsystem_coreservices.dylib
0x0000000006db4000 	/usr/lib/system/libsystem_coretls.dylib
0x0000000006db4000 	/usr/lib/system/libsystem_dnssd.dylib
0x0000000006db4000 	/usr/lib/system/libsystem_info.dylib
0x0000000006db4000 	/usr/lib/system/libsystem_kernel.dylib
0x0000000006db4000 	/usr/lib/system/libsystem_m.dylib
0x0000000006db4000 	/usr/lib/system/libsystem_malloc.dylib
0x0000000006db4000 	/usr/lib/system/libsystem_network.dylib
0x0000000006db4000 	/usr/lib/system/libsystem_networkextension.dylib
0x0000000006db4000 	/usr/lib/system/libsystem_notify.dylib
0x0000000006db4000 	/usr/lib/system/libsystem_platform.dylib
0x0000000006db4000 	/usr/lib/system/libsystem_pthread.dylib
0x0000000006db4000 	/usr/lib/system/libsystem_sandbox.dylib
0x0000000006db4000 	/usr/lib/system/libsystem_secinit.dylib
0x0000000006db4000 	/usr/lib/system/libsystem_stats.dylib
0x0000000006db4000 	/usr/lib/system/libsystem_trace.dylib
0x0000000006db4000 	/usr/lib/system/libunc.dylib
0x0000000006db4000 	/usr/lib/system/libunwind.dylib
0x0000000006db4000 	/usr/lib/system/libxpc.dylib
0x0000000006db4000 	/usr/lib/libbz2.1.0.dylib
0x0000000006db4000 	/usr/lib/liblzma.5.dylib
0x0000000006db4000 	/usr/lib/libbsm.0.dylib
0x0000000006db4000 	/usr/lib/libsqlite3.dylib
0x0000000006db4000 	/usr/lib/system/libkxld.dylib
0x0000000006db4000 	/usr/lib/libxar.1.dylib
0x0000000006db4000 	/usr/lib/libpam.2.dylib
0x0000000006db4000 	/usr/lib/libOpenScriptingUtil.dylib
0x0000000006db4000 	/System/Library/Frameworks/CoreServices.framework/Versions/A/Frameworks/FSEvents.framework/Versions/A/FSEvents
0x0000000006db4000 	/System/Library/Frameworks/CoreServices.framework/Versions/A/Frameworks/CarbonCore.framework/Versions/A/CarbonCore
0x0000000006db4000 	/System/Library/Frameworks/CoreServices.framework/Versions/A/Frameworks/Metadata.framework/Versions/A/Metadata
0x0000000006db4000 	/System/Library/Frameworks/CoreServices.framework/Versions/A/Frameworks/OSServices.framework/Versions/A/OSServices
0x0000000006db4000 	/System/Library/Frameworks/CoreServices.framework/Versions/A/Frameworks/SearchKit.framework/Versions/A/SearchKit
0x0000000006db4000 	/System/Library/Frameworks/CoreServices.framework/Versions/A/Frameworks/AE.framework/Versions/A/AE
0x0000000006db4000 	/System/Library/Frameworks/CoreServices.framework/Versions/A/Frameworks/LaunchServices.framework/Versions/A/LaunchServices
0x0000000006db4000 	/System/Library/Frameworks/CoreServices.framework/Versions/A/Frameworks/DictionaryServices.framework/Versions/A/DictionaryServices
0x0000000006db4000 	/System/Library/Frameworks/NetFS.framework/Versions/A/NetFS
0x0000000006db4000 	/System/Library/PrivateFrameworks/NetAuth.framework/Versions/A/NetAuth
0x0000000006db4000 	/System/Library/PrivateFrameworks/login.framework/Versions/A/Frameworks/loginsupport.framework/Versions/A/loginsupport
0x0000000006db4000 	/System/Library/PrivateFrameworks/TCC.framework/Versions/A/TCC
0x0000000006db4000 	/usr/lib/libmecabra.dylib
0x0000000006db4000 	/System/Library/Frameworks/ApplicationServices.framework/Versions/A/Frameworks/ATS.framework/Versions/A/ATS
0x0000000006db4000 	/System/Library/Frameworks/ApplicationServices.framework/Versions/A/Frameworks/ColorSync.framework/Versions/A/ColorSync
0x0000000006db4000 	/System/Library/Frameworks/ApplicationServices.framework/Versions/A/Frameworks/HIServices.framework/Versions/A/HIServices
0x0000000006db4000 	/System/Library/Frameworks/ApplicationServices.framework/Versions/A/Frameworks/LangAnalysis.framework/Versions/A/LangAnalysis
0x0000000006db4000 	/System/Library/Frameworks/ApplicationServices.framework/Versions/A/Frameworks/PrintCore.framework/Versions/A/PrintCore
0x0000000006db4000 	/System/Library/Frameworks/ApplicationServices.framework/Versions/A/Frameworks/QD.framework/Versions/A/QD
0x0000000006db4000 	/System/Library/Frameworks/ApplicationServices.framework/Versions/A/Frameworks/SpeechSynthesis.framework/Versions/A/SpeechSynthesis
0x0000000006db4000 	/System/Library/Frameworks/Accelerate.framework/Versions/A/Accelerate
0x0000000006db4000 	/System/Library/Frameworks/Accelerate.framework/Versions/A/Frameworks/vImage.framework/Versions/A/vImage
0x0000000006db4000 	/System/Library/Frameworks/Accelerate.framework/Versions/A/Frameworks/vecLib.framework/Versions/A/vecLib
0x0000000006db4000 	/System/Library/Frameworks/Accelerate.framework/Versions/A/Frameworks/vecLib.framework/Versions/A/libvDSP.dylib
0x0000000006db4000 	/System/Library/Frameworks/Accelerate.framework/Versions/A/Frameworks/vecLib.framework/Versions/A/libvMisc.dylib
0x0000000006db4000 	/System/Library/Frameworks/Accelerate.framework/Versions/A/Frameworks/vecLib.framework/Versions/A/libLAPACK.dylib
0x0000000006db4000 	/System/Library/Frameworks/Accelerate.framework/Versions/A/Frameworks/vecLib.framework/Versions/A/libBLAS.dylib
0x0000000006db4000 	/System/Library/Frameworks/Accelerate.framework/Versions/A/Frameworks/vecLib.framework/Versions/A/libLinearAlgebra.dylib
0x0000000006db4000 	/System/Library/Frameworks/ApplicationServices.framework/Versions/A/Frameworks/ATS.framework/Versions/A/Resources/libFontParser.dylib
0x0000000006db4000 	/System/Library/Frameworks/ApplicationServices.framework/Versions/A/Frameworks/ATS.framework/Versions/A/Resources/libFontRegistry.dylib
0x0000000006db4000 	/System/Library/PrivateFrameworks/AppleVPA.framework/Versions/A/AppleVPA
0x0000000006db4000 	/System/Library/PrivateFrameworks/AppleJPEG.framework/Versions/A/AppleJPEG
0x0000000006db4000 	/System/Library/Frameworks/ImageIO.framework/Versions/A/Resources/libJPEG.dylib
0x0000000006db4000 	/System/Library/Frameworks/ImageIO.framework/Versions/A/Resources/libTIFF.dylib
0x0000000006db4000 	/System/Library/Frameworks/ImageIO.framework/Versions/A/Resources/libPng.dylib
0x0000000006db4000 	/System/Library/Frameworks/ImageIO.framework/Versions/A/Resources/libGIF.dylib
0x0000000006db4000 	/System/Library/Frameworks/ImageIO.framework/Versions/A/Resources/libJP2.dylib
0x0000000006db4000 	/System/Library/Frameworks/ImageIO.framework/Versions/A/Resources/libRadiance.dylib
0x0000000006db4000 	/System/Library/Frameworks/CoreVideo.framework/Versions/A/CoreVideo
0x0000000006db4000 	/System/Library/Frameworks/OpenGL.framework/Versions/A/Libraries/libGLU.dylib
0x0000000006db4000 	/System/Library/Frameworks/OpenGL.framework/Versions/A/Libraries/libGFXShared.dylib
0x0000000006db4000 	/System/Library/Frameworks/OpenGL.framework/Versions/A/Libraries/libGL.dylib
0x0000000006db4000 	/System/Library/Frameworks/OpenGL.framework/Versions/A/Libraries/libGLImage.dylib
0x0000000006db4000 	/System/Library/Frameworks/OpenGL.framework/Versions/A/Libraries/libCVMSPluginSupport.dylib
0x0000000006db4000 	/System/Library/Frameworks/OpenGL.framework/Versions/A/Libraries/libCoreVMClient.dylib
0x0000000006db4000 	/usr/lib/libcups.2.dylib
0x0000000006db4000 	/System/Library/Frameworks/Kerberos.framework/Versions/A/Kerberos
0x0000000006db4000 	/System/Library/Frameworks/GSS.framework/Versions/A/GSS
0x0000000006db4000 	/usr/lib/libresolv.9.dylib
0x0000000006db4000 	/usr/lib/libiconv.2.dylib
0x0000000006db4000 	/System/Library/PrivateFrameworks/Heimdal.framework/Versions/A/Heimdal
0x0000000006db4000 	/usr/lib/libheimdal-asn1.dylib
0x0000000006db4000 	/System/Library/Frameworks/OpenDirectory.framework/Versions/A/OpenDirectory
0x0000000006db4000 	/System/Library/PrivateFrameworks/CommonAuth.framework/Versions/A/CommonAuth
0x0000000006db4000 	/System/Library/Frameworks/OpenDirectory.framework/Versions/A/Frameworks/CFOpenDirectory.framework/Versions/A/CFOpenDirectory
0x0000000006db4000 	/System/Library/Frameworks/SecurityFoundation.framework/Versions/A/SecurityFoundation
0x0000000006db4000 	/System/Library/PrivateFrameworks/LanguageModeling.framework/Versions/A/LanguageModeling
0x0000000006db4000 	/usr/lib/libcmph.dylib
0x0000000006db4000 	/System/Library/Frameworks/ServiceManagement.framework/Versions/A/ServiceManagement
0x0000000006db4000 	/usr/lib/libxslt.1.dylib
0x0000000006db4000 	/System/Library/Frameworks/Carbon.framework/Versions/A/Frameworks/Ink.framework/Versions/A/Ink
0x0000000006db4000 	/System/Library/Frameworks/QuartzCore.framework/Versions/A/Frameworks/CoreImage.framework/Versions/A/CoreImage
0x0000000006db4000 	/System/Library/PrivateFrameworks/CrashReporterSupport.framework/Versions/A/CrashReporterSupport
0x0000000006db4000 	/System/Library/Frameworks/OpenCL.framework/Versions/A/OpenCL
0x0000000006db4000 	/System/Library/PrivateFrameworks/FaceCore.framework/Versions/A/FaceCore
0x0000000006db4000 	/System/Library/PrivateFrameworks/Ubiquity.framework/Versions/A/Ubiquity
0x0000000006db4000 	/System/Library/PrivateFrameworks/IconServices.framework/Versions/A/IconServices
0x0000000006db4000 	/System/Library/PrivateFrameworks/ChunkingLibrary.framework/Versions/A/ChunkingLibrary
0x0000000006db4000 	/System/Library/PrivateFrameworks/Apple80211.framework/Versions/A/Apple80211
0x0000000006db4000 	/System/Library/Frameworks/CoreWLAN.framework/Versions/A/CoreWLAN
0x0000000006db4000 	/System/Library/Frameworks/IOBluetooth.framework/Versions/A/IOBluetooth
0x0000000006db4000 	/System/Library/PrivateFrameworks/CoreWiFi.framework/Versions/A/CoreWiFi
0x0000000006db4000 	/System/Library/Frameworks/CoreBluetooth.framework/Versions/A/CoreBluetooth
0x0000000006db4000 	/System/Library/PrivateFrameworks/DebugSymbols.framework/Versions/A/DebugSymbols
0x0000000006db4000 	/System/Library/PrivateFrameworks/CoreSymbolication.framework/Versions/A/CoreSymbolication
0x0000000006db4000 	/System/Library/PrivateFrameworks/Symbolication.framework/Versions/A/Symbolication
0x0000000006db4000 	/System/Library/PrivateFrameworks/SpeechRecognitionCore.framework/Versions/A/SpeechRecognitionCore
0x000000010f800000 	/Library/Java/JavaVirtualMachines/jdk1.8.0_131.jdk/Contents/Home/jre/lib/server/libjvm.dylib
0x0000000006db4000 	/usr/lib/libstdc++.6.dylib
0x000000010e761000 	/Library/Java/JavaVirtualMachines/jdk1.8.0_131.jdk/Contents/Home/jre/lib/libverify.dylib
0x000000010e76f000 	/Library/Java/JavaVirtualMachines/jdk1.8.0_131.jdk/Contents/Home/jre/lib/libjava.dylib
0x000000010e7ae000 	/Library/Java/JavaVirtualMachines/jdk1.8.0_131.jdk/Contents/Home/jre/lib/libzip.dylib
0x000000012c435000 	/System/Library/Frameworks/JavaVM.framework/Frameworks/JavaRuntimeSupport.framework/JavaRuntimeSupport
0x000000012c450000 	/System/Library/Frameworks/JavaVM.framework/Versions/A/Frameworks/JavaNativeFoundation.framework/Versions/A/JavaNativeFoundation
0x000000012c465000 	/System/Library/Frameworks/JavaVM.framework/Versions/A/JavaVM
0x0000000006db4000 	/System/Library/Frameworks/Carbon.framework/Versions/A/Carbon
0x000000012c472000 	/System/Library/PrivateFrameworks/JavaLaunching.framework/Versions/A/JavaLaunching
0x0000000006db4000 	/System/Library/Frameworks/Carbon.framework/Versions/A/Frameworks/CommonPanels.framework/Versions/A/CommonPanels
0x0000000006db4000 	/System/Library/Frameworks/Carbon.framework/Versions/A/Frameworks/Help.framework/Versions/A/Help
0x0000000006db4000 	/System/Library/Frameworks/Carbon.framework/Versions/A/Frameworks/ImageCapture.framework/Versions/A/ImageCapture
0x0000000006db4000 	/System/Library/Frameworks/Carbon.framework/Versions/A/Frameworks/OpenScripting.framework/Versions/A/OpenScripting
0x0000000006db4000 	/System/Library/Frameworks/Carbon.framework/Versions/A/Frameworks/Print.framework/Versions/A/Print
0x0000000006db4000 	/System/Library/Frameworks/Carbon.framework/Versions/A/Frameworks/SecurityHI.framework/Versions/A/SecurityHI
0x000000012e4ab000 	/Library/Java/JavaVirtualMachines/jdk1.8.0_131.jdk/Contents/Home/jre/lib/libawt.dylib
0x000000012e553000 	/Library/Java/JavaVirtualMachines/jdk1.8.0_131.jdk/Contents/Home/jre/lib/./libmlib_image.dylib
0x000000012e61f000 	/Library/Java/JavaVirtualMachines/jdk1.8.0_131.jdk/Contents/Home/jre/lib/libawt_lwawt.dylib
0x000000012e6d6000 	/Library/Java/JavaVirtualMachines/jdk1.8.0_131.jdk/Contents/Home/jre/lib/./libosxapp.dylib
0x0000000006db4000 	/System/Library/Frameworks/ExceptionHandling.framework/Versions/A/ExceptionHandling
0x0000000006db4000 	/System/Library/PrivateFrameworks/CoreServicesInternal.framework/Versions/A/CoreServicesInternal
0x0000000006db4000 	/System/Library/PrivateFrameworks/CloudDocs.framework/Versions/A/CloudDocs
0x0000000006db4000 	/System/Library/PrivateFrameworks/CoreDuet.framework/Versions/A/CoreDuet
0x0000000006db4000 	/System/Library/Frameworks/CloudKit.framework/Versions/A/CloudKit
0x0000000006db4000 	/System/Library/PrivateFrameworks/ProtocolBuffer.framework/Versions/A/ProtocolBuffer
0x0000000006db4000 	/System/Library/PrivateFrameworks/CoreDuetDaemonProtocol.framework/Versions/A/CoreDuetDaemonProtocol
0x0000000006db4000 	/System/Library/PrivateFrameworks/CoreDuetDebugLogging.framework/Versions/A/CoreDuetDebugLogging
0x0000000006db4000 	/System/Library/PrivateFrameworks/MMCS.framework/Versions/A/MMCS
0x0000000006db4000 	/System/Library/Frameworks/CoreLocation.framework/Versions/A/CoreLocation
0x0000000006db4000 	/System/Library/PrivateFrameworks/ProtectedCloudStorage.framework/Versions/A/ProtectedCloudStorage
0x0000000006db4000 	/System/Library/PrivateFrameworks/GeoServices.framework/Versions/A/GeoServices
0x0000000006db4000 	/System/Library/Frameworks/CoreGraphics.framework/Versions/A/Resources/libCGCMS.A.dylib
0x0000000006db4000 	/System/Library/Frameworks/CoreGraphics.framework/Versions/A/Resources/libRIP.A.dylib
0x0000000006db4000 	/System/Library/Frameworks/CoreGraphics.framework/Versions/A/Resources/libCGXType.A.dylib
0x0000000006db4000 	/System/Library/Frameworks/OpenCL.framework/Versions/A/Libraries/libcldcpuengine.dylib
0x0000000006db4000 	/System/Library/PrivateFrameworks/DiskImages.framework/Versions/A/DiskImages
0x0000000006db4000 	/System/Library/Frameworks/DiscRecording.framework/Versions/A/DiscRecording
0x0000000006db4000 	/usr/lib/libcsfde.dylib
0x0000000006db4000 	/usr/lib/libcurl.4.dylib
0x0000000006db4000 	/System/Library/PrivateFrameworks/MediaKit.framework/Versions/A/MediaKit
0x0000000006db4000 	/usr/lib/libCoreStorage.dylib
0x0000000006db4000 	/System/Library/PrivateFrameworks/EFILogin.framework/Versions/A/EFILogin
0x0000000006db4000 	/usr/lib/libutil.dylib
0x0000000006db4000 	/System/Library/PrivateFrameworks/FindMyDevice.framework/Versions/A/FindMyDevice
0x0000000006db4000 	/System/Library/Frameworks/LDAP.framework/Versions/A/LDAP
0x0000000006db4000 	/usr/lib/libsasl2.2.dylib
0x0000000006db4000 	/System/Library/PrivateFrameworks/CoreDaemon.framework/Versions/B/CoreDaemon
0x0000000006db4000 	/usr/lib/libcrypto.0.9.8.dylib
0x0000000006db4000 	/System/Library/PrivateFrameworks/AppleSRP.framework/Versions/A/AppleSRP
0x0000000006db4000 	/System/Library/PrivateFrameworks/TrustEvaluationAgent.framework/Versions/A/TrustEvaluationAgent
0x000000013184f000 	cl_kernels
0x0000000131851000 	/System/Library/Frameworks/OpenCL.framework/Versions/A/Libraries/ImageFormats/unorm8_bgra.dylib
0x0000000131841000 	cl_kernels
0x0000000006db4000 	/System/Library/PrivateFrameworks/FamilyControls.framework/Versions/A/FamilyControls
0x0000000006db4000 	/System/Library/PrivateFrameworks/CommerceKit.framework/Versions/A/Frameworks/CommerceCore.framework/Versions/A/CommerceCore
0x0000000006db4000 	/System/Library/PrivateFrameworks/SystemAdministration.framework/Versions/A/SystemAdministration
0x0000000006db4000 	/System/Library/PrivateFrameworks/AppContainer.framework/Versions/A/AppContainer
0x0000000006db4000 	/System/Library/PrivateFrameworks/SecCodeWrapper.framework/Versions/A/SecCodeWrapper
0x0000000006db4000 	/System/Library/Frameworks/DirectoryService.framework/Versions/A/DirectoryService
0x0000000006db4000 	/System/Library/PrivateFrameworks/LoginUIKit.framework/Versions/A/Frameworks/LoginUICore.framework/Versions/A/LoginUICore
0x0000000006db4000 	/usr/lib/libodfde.dylib
0x0000000132eb0000 	/System/Library/Frameworks/OpenGL.framework/Resources/GLEngine.bundle/GLEngine
0x0000000006db4000 	/System/Library/Frameworks/OpenGL.framework/Versions/A/Libraries/libGLProgrammability.dylib
0x000000013309b000 	/System/Library/Extensions/AppleIntelHD5000GraphicsGLDriver.bundle/Contents/MacOS/AppleIntelHD5000GraphicsGLDriver
0x0000000006db4000 	/System/Library/PrivateFrameworks/IOAccelerator.framework/Versions/A/IOAccelerator
0x0000000006db4000 	/System/Library/PrivateFrameworks/GPUSupport.framework/Versions/A/Libraries/libGPUSupportMercury.dylib
0x0000000006db4000 	/System/Library/Frameworks/OpenGL.framework/Versions/A/Resources/GLRendererFloat.bundle/GLRendererFloat
0x000000013459d000 	/Library/Java/JavaVirtualMachines/jdk1.8.0_131.jdk/Contents/Home/jre/lib/libfontmanager.dylib
0x00000001358aa000 	/Library/Java/JavaVirtualMachines/jdk1.8.0_131.jdk/Contents/Home/jre/lib/libosxui.dylib
0x000000013647a000 	/Library/Java/JavaVirtualMachines/jdk1.8.0_131.jdk/Contents/Home/jre/lib/libnet.dylib
0x000000013667d000 	/Library/Java/JavaVirtualMachines/jdk1.8.0_131.jdk/Contents/Home/jre/lib/libnio.dylib
0x0000000006db4000 	/System/Library/Frameworks/ApplicationServices.framework/Versions/A/Frameworks/ATS.framework/Versions/A/Resources/libTrueTypeScaler.dylib
0x000000013580f000 	/private/var/folders/dw/m8mh704j5bl04j2yy8ymkxzxqkj2k0/T/jogamp_0000/file_cache/jln5011488119036996489/jln4163093393100040558/libgluegen-rt.jnilib
0x0000000136424000 	/private/var/folders/dw/m8mh704j5bl04j2yy8ymkxzxqkj2k0/T/jogamp_0000/file_cache/jln5011488119036996489/jln4163093393100040558/libnativewindow_awt.jnilib
0x00000001955c5000 	/Library/Java/JavaVirtualMachines/jdk1.8.0_131.jdk/Contents/Home/jre/lib/libjawt.dylib
0x00000001955c8000 	/private/var/folders/dw/m8mh704j5bl04j2yy8ymkxzxqkj2k0/T/jogamp_0000/file_cache/jln5011488119036996489/jln4163093393100040558/libnativewindow_macosx.jnilib
0x0000000195ecf000 	/private/var/folders/dw/m8mh704j5bl04j2yy8ymkxzxqkj2k0/T/jogamp_0000/file_cache/jln5011488119036996489/jln4163093393100040558/libjogl_desktop.jnilib
0x000000019c39d000 	/Library/Java/JavaVirtualMachines/jdk1.8.0_131.jdk/Contents/Home/jre/lib/libt2k.dylib

VM Arguments:
jvm_args: -Djava.security.policy=java.policy.applet -Dfile.encoding=UTF-8 
java_command: sun.applet.AppletViewer module4.EarthquakeCityMap1493834272861.html
java_class_path (initial): /Users/dpei/Documents/workspace/UCSDUnfoldingMaps/build:/Users/dpei/Documents/workspace/UCSDUnfoldingMaps/lib/core.jar:/Users/dpei/Documents/workspace/UCSDUnfoldingMaps/lib/gluegen-rt.jar:/Users/dpei/Documents/workspace/UCSDUnfoldingMaps/lib/jogl-all.jar:/Users/dpei/Documents/workspace/UCSDUnfoldingMaps/lib/log4j-1.2.15.jar:/Users/dpei/Documents/workspace/UCSDUnfoldingMaps/lib/sqlite-jdbc-3.7.2.jar:/Users/dpei/Documents/workspace/UCSDUnfoldingMaps/lib/json4processing.jar:/Users/dpei/Documents/workspace/UCSDUnfoldingMaps/lib/libTUIO.jar:/Users/dpei/Documents/workspace/UCSDUnfoldingMaps/lib/unfolding.0.9.7-uscd.jar
Launcher Type: SUN_STANDARD

Environment Variables:
PATH=/usr/bin:/bin:/usr/sbin:/sbin
SHELL=/bin/bash

Signal Handlers:
SIGSEGV: [libjvm.dylib+0x5b1eb1], sa_mask[0]=11111111011111110111111111111111, sa_flags=SA_ONSTACK|SA_RESTART|SA_SIGINFO
SIGBUS: [libjvm.dylib+0x5b1eb1], sa_mask[0]=11111111011111110111111111111111, sa_flags=SA_RESTART|SA_SIGINFO
SIGFPE: [libjvm.dylib+0x488988], sa_mask[0]=11111111011111110111111111111111, sa_flags=SA_RESTART|SA_SIGINFO
SIGPIPE: [libjvm.dylib+0x488988], sa_mask[0]=11111111011111110111111111111111, sa_flags=SA_RESTART|SA_SIGINFO
SIGXFSZ: [libjvm.dylib+0x488988], sa_mask[0]=11111111011111110111111111111111, sa_flags=SA_RESTART|SA_SIGINFO
SIGILL: [libjvm.dylib+0x488988], sa_mask[0]=11111111011111110111111111111111, sa_flags=SA_RESTART|SA_SIGINFO
SIGUSR1: SIG_DFL, sa_mask[0]=00000000000000000000000000000000, sa_flags=none
SIGUSR2: [libjvm.dylib+0x4884a6], sa_mask[0]=00100000000000000000000000000000, sa_flags=SA_RESTART|SA_SIGINFO
SIGHUP: [libjvm.dylib+0x486a7d], sa_mask[0]=11111111011111110111111111111111, sa_flags=SA_RESTART|SA_SIGINFO
SIGINT: [libjvm.dylib+0x486a7d], sa_mask[0]=11111111011111110111111111111111, sa_flags=SA_RESTART|SA_SIGINFO
SIGTERM: [libjvm.dylib+0x486a7d], sa_mask[0]=11111111011111110111111111111111, sa_flags=SA_RESTART|SA_SIGINFO
SIGQUIT: [libjvm.dylib+0x486a7d], sa_mask[0]=11111111011111110111111111111111, sa_flags=SA_RESTART|SA_SIGINFO


---------------  S Y S T E M  ---------------

OS:Bsduname:Darwin 14.5.0 Darwin Kernel Version 14.5.0: Sun Sep 25 22:07:15 PDT 2016; root:xnu-2782.50.9~1/RELEASE_X86_64 x86_64
rlimit: STACK 8192k, CORE 0k, NPROC 709, NOFILE 10240, AS infinity
load average:3.04 2.10 1.85

CPU:total 8 (initial active 8) (4 cores per cpu, 2 threads per core) family 6 model 70 stepping 1, cmov, cx8, fxsr, mmx, sse, sse2, sse3, ssse3, sse4.1, sse4.2, popcnt, avx, avx2, aes, clmul, erms, lzcnt, ht, tsc, tscinvbit, bmi1, bmi2

Memory: 4k page, physical 16777216k(742724k free)

/proc/meminfo:


vm_info: Java HotSpot(TM) 64-Bit Server VM (25.131-b11) for bsd-amd64 JRE (1.8.0_131-b11), built on Mar 15 2017 01:32:22 by "java_re" with gcc 4.2.1 (Based on Apple Inc. build 5658) (LLVM build 2336.11.00)

time: Wed May  3 13:01:03 2017
elapsed time: 190 seconds (0d 0h 3m 10s)

