#
# A fatal error has been detected by the Java Runtime Environment:
#
#  SIGSEGV (0xb) at pc=0x00000001023350dd, pid=66436, tid=0x0000000000000713
#
# JRE version: Java(TM) SE Runtime Environment (8.0_131-b11) (build 1.8.0_131-b11)
# Java VM: Java HotSpot(TM) 64-Bit Server VM (25.131-b11 mixed mode bsd-amd64 compressed oops)
# Problematic frame:
# C  [libobjc.A.dylib+0x10dd]  objc_msgSend+0x1d
#
# Failed to write core dump. Core dumps have been disabled. To enable core dumping, try "ulimit -c unlimited" before starting Java again
#
# If you would like to submit a bug report, please visit:
#   http://bugreport.java.com/bugreport/crash.jsp
# The crash happened outside the Java Virtual Machine in native code.
# See problematic frame for where to report the bug.
#

---------------  T H R E A D  ---------------

Current thread (0x00007fcf3c873000):  JavaThread "AWT-AppKit" daemon [_thread_in_native, id=1811, stack(0x00007fff5d11c000,0x00007fff5d91c000)]

siginfo: si_signo: 11 (SIGSEGV), si_code: 1 (SEGV_MAPERR), si_addr: 0x0000000000000018

Registers:
RAX=0x00007fcf427ad560, RBX=0x0000000191663450, RCX=0x0000000106ac56a0, RDX=0x00000001068baa20
RSP=0x00007fff5d9174f8, RBP=0x00007fff5d9175b0, RSI=0x0000000104a589c0, RDI=0x00007fcf428b27a0
R8 =0x0000000000000000, R9 =0x0000000000000f50, R10=0x0000000104a589c0, R11=0x0000000000000000
R12=0x0000000000000000, R13=0x0000000195193778, R14=0x0000000191663440, R15=0x00007fcf3c873000
RIP=0x00000001023350dd, EFLAGS=0x0000000000010246, ERR=0x0000000000000004
  TRAPNO=0x000000000000000e

Top of Stack: (sp=0x00007fff5d9174f8)
0x00007fff5d9174f8:   0000000191661157 00007fff5d917550
0x00007fff5d917508:   0000000000000003 00007fff5d917530
0x00007fff5d917518:   000000010aff36d2 0000000195193778
0x00007fff5d917528:   0000000195193778 00007fcf427ad560
0x00007fff5d917538:   00000001916636a0 0000000191663710
0x00007fff5d917548:   00007fff791a4550 0000000104a74c80
0x00007fff5d917558:   0000000191663450 0000000191663690
0x00007fff5d917568:   00007fcf427ad560 00007fcf428b27a0
0x00007fff5d917578:   00007fcf3b7466e0 00007fcf427ad560
0x00007fff5d917588:   00007fcf428b27a0 00007fff5d917638
0x00007fff5d917598:   00007fcf3c8731f8 0000000195193778
0x00007fff5d9175a8:   00007fff5d917660 00007fff5d917628
0x00007fff5d9175b8:   000000010bebd9f4 0000000195193778
0x00007fff5d9175c8:   00007fff5d917660 00007fff5d917628
0x00007fff5d9175d8:   000000010bebd787 000000010bebd742
0x00007fff5d9175e8:   00007fff5d9175e8 0000000195193778
0x00007fff5d9175f8:   00007fff5d917660 0000000195194f28
0x00007fff5d917608:   0000000000000000 0000000195193778
0x00007fff5d917618:   0000000000000000 00007fff5d917648
0x00007fff5d917628:   00007fff5d9176a8 000000010beae2bd
0x00007fff5d917638:   00000006c0e70258 000000010beb7538
0x00007fff5d917648:   00007fcf427ad560 00007fff5d9176a8
0x00007fff5d917658:   00007fcf428b27a0 000000010beb8e02
0x00007fff5d917668:   00007fff5d917668 0000000195193942
0x00007fff5d917678:   00007fff5d9176d0 0000000195194f28
0x00007fff5d917688:   0000000000000000 0000000195193950
0x00007fff5d917698:   00007fff5d917648 00007fff5d9176b8
0x00007fff5d9176a8:   00007fff5d917718 000000010beae2bd
0x00007fff5d9176b8:   00007fcf427ad560 00000006c0ea1748
0x00007fff5d9176c8:   00007fcf428b27a0 00000006c0ea1748
0x00007fff5d9176d8:   00007fff5d9176d8 000000019de5796e
0x00007fff5d9176e8:   00007fff5d917728 000000019de57a28 

Instructions: (pc=0x00000001023350dd)
0x00000001023350bd:   00 00 00 48 85 ff 2e 74 7a 40 f6 c7 01 2e 75 7e
0x00000001023350cd:   49 bb f8 ff ff ff ff 7f 00 00 4c 23 1f 49 89 f2
0x00000001023350dd:   45 23 53 18 49 c1 e2 04 4d 03 53 10 49 3b 32 75
0x00000001023350ed:   04 41 ff 62 08 49 83 3a 00 74 6a 4d 3b 53 10 74 

Register to memory mapping:

RAX=0x00007fcf427ad560 is an unknown value
RBX=0x0000000191663450: Java_jogamp_nativewindow_macosx_OSXUtil_GetScreenRefreshRate0+0x1cf0 in /private/var/folders/dw/m8mh704j5bl04j2yy8ymkxzxqkj2k0/T/jogamp_0000/file_cache/jln7713364821752384010/jln909060711045095479/libnativewindow_macosx.jnilib at 0x000000019165c000
RCX=0x0000000106ac56a0 is an unknown value
RDX=0x00000001068baa20 is an unknown value
RSP=0x00007fff5d9174f8 is pointing into the stack for thread: 0x00007fcf3c873000
RBP=0x00007fff5d9175b0 is pointing into the stack for thread: 0x00007fcf3c873000
RSI=0x0000000104a589c0: _ZN2CA6RenderL13cgpath_countsE+0x8551 in /System/Library/Frameworks/QuartzCore.framework/Versions/A/QuartzCore at 0x00000001048b9000
RDI=0x00007fcf428b27a0 is an unknown value
R8 =0x0000000000000000 is an unknown value
R9 =0x0000000000000f50 is an unknown value
R10=0x0000000104a589c0: _ZN2CA6RenderL13cgpath_countsE+0x8551 in /System/Library/Frameworks/QuartzCore.framework/Versions/A/QuartzCore at 0x00000001048b9000
R11=0x0000000000000000 is an unknown value
R12=0x0000000000000000 is an unknown value
R13={method} {0x0000000195193778} 'UnsetJAWTRootSurfaceLayer0' '(JJ)V' in 'jogamp/nativewindow/jawt/macosx/MacOSXJAWTWindow'
R14=0x0000000191663440: Java_jogamp_nativewindow_macosx_OSXUtil_GetScreenRefreshRate0+0x1ce0 in /private/var/folders/dw/m8mh704j5bl04j2yy8ymkxzxqkj2k0/T/jogamp_0000/file_cache/jln7713364821752384010/jln909060711045095479/libnativewindow_macosx.jnilib at 0x000000019165c000
R15=0x00007fcf3c873000 is a thread


Stack: [0x00007fff5d11c000,0x00007fff5d91c000],  sp=0x00007fff5d9174f8,  free space=8173k
Native frames: (J=compiled Java code, j=interpreted, Vv=VM code, C=native code)
C  [libobjc.A.dylib+0x10dd]  objc_msgSend+0x1d
j  jogamp.nativewindow.jawt.macosx.MacOSXJAWTWindow.UnsetJAWTRootSurfaceLayer0(JJ)V+0
j  jogamp.nativewindow.jawt.macosx.MacOSXJAWTWindow.access$200(JJ)V+2
j  jogamp.nativewindow.jawt.macosx.MacOSXJAWTWindow$1.run()V+38
J 2798 C1 com.jogamp.common.util.RunnableTask.run()V (345 bytes) @ 0x000000010c911374 [0x000000010c9111e0+0x194]
v  ~StubRoutines::call_stub
V  [libjvm.dylib+0x2ee5b6]  JavaCalls::call_helper(JavaValue*, methodHandle*, JavaCallArguments*, Thread*)+0x6ae
V  [libjvm.dylib+0x325765]  jni_invoke_nonstatic(JNIEnv_*, JavaValue*, _jobject*, JNICallType, _jmethodID*, JNI_ArgumentPusher*, Thread*)+0x2ec
V  [libjvm.dylib+0x317f33]  jni_CallVoidMethod+0x16b
C  [libnativewindow_macosx.jnilib+0x5326]  Java_jogamp_nativewindow_jawt_macosx_MacOSXJAWTWindow_UnsetJAWTRootSurfaceLayer0+0x2b6
C  [Foundation+0x92dd0]  __NSThreadPerformPerform+0x125
C  [CoreFoundation+0x80a01]  __CFRUNLOOP_IS_CALLING_OUT_TO_A_SOURCE0_PERFORM_FUNCTION__+0x11
C  [CoreFoundation+0x72c5c]  __CFRunLoopDoSources0+0x1dc
C  [CoreFoundation+0x721bf]  __CFRunLoopRun+0x39f
C  [CoreFoundation+0x71bd8]  CFRunLoopRunSpecific+0x128
C  [HIToolbox+0x3256f]  RunCurrentEventLoopInMode+0xeb
C  [HIToolbox+0x321ee]  ReceiveNextEventCommon+0xb3
C  [HIToolbox+0x3212b]  _BlockUntilNextEventMatchingListInModeWithFilter+0x47
C  [AppKit+0x918ab]  _DPSNextEvent+0x3d2
C  [AppKit+0x90e58]  -[NSApplication nextEventMatchingMask:untilDate:inMode:dequeue:]+0x15a
C  [libosxapp.dylib+0x23aa]  -[NSApplicationAWT nextEventMatchingMask:untilDate:inMode:dequeue:]+0x7c
C  [AppKit+0x86af3]  -[NSApplication run]+0x252
C  [libosxapp.dylib+0x214d]  +[NSApplicationAWT runAWTLoopWithApp:]+0x9c
C  [libawt_lwawt.dylib+0x45edf]  -[AWTStarter starter:]+0x389
C  [Foundation+0x92dd0]  __NSThreadPerformPerform+0x125
C  [CoreFoundation+0x80a01]  __CFRUNLOOP_IS_CALLING_OUT_TO_A_SOURCE0_PERFORM_FUNCTION__+0x11
C  [CoreFoundation+0x72b8d]  __CFRunLoopDoSources0+0x10d
C  [CoreFoundation+0x721bf]  __CFRunLoopRun+0x39f
C  [CoreFoundation+0x71bd8]  CFRunLoopRunSpecific+0x128
C  [java+0x6465]  CreateExecutionEnvironment+0x367
C  [java+0x218c]  JLI_Launch+0x7a0
C  [java+0x84c2]  main+0x65
C  [java+0x19e4]  start+0x34
C  0x0000000000000007

Java frames: (J=compiled Java code, j=interpreted, Vv=VM code)
j  jogamp.nativewindow.jawt.macosx.MacOSXJAWTWindow.UnsetJAWTRootSurfaceLayer0(JJ)V+0
j  jogamp.nativewindow.jawt.macosx.MacOSXJAWTWindow.access$200(JJ)V+2
j  jogamp.nativewindow.jawt.macosx.MacOSXJAWTWindow$1.run()V+38
J 2798 C1 com.jogamp.common.util.RunnableTask.run()V (345 bytes) @ 0x000000010c911374 [0x000000010c9111e0+0x194]
v  ~StubRoutines::call_stub

---------------  P R O C E S S  ---------------

Java Threads: ( => current thread )
  0x00007fcf328bd800 JavaThread "Thread-20" [_thread_blocked, id=40715, stack(0x000000019c560000,0x000000019c660000)]
  0x00007fcf3c9ee000 JavaThread "AWT-EventQueue-1" [_thread_in_native, id=60983, stack(0x0000000191ffc000,0x00000001920fc000)]
  0x00007fcf3c2fb800 JavaThread "DestroyJavaVM" [_thread_blocked, id=4867, stack(0x000000010bda4000,0x000000010bea4000)]
  0x00007fcf3c2ed800 JavaThread "AWT-EventQueue-0" [_thread_blocked, id=60175, stack(0x00000001317c7000,0x00000001318c7000)]
  0x00007fcf3c295000 JavaThread "Java2D Disposer" daemon [_thread_blocked, id=55323, stack(0x0000000130091000,0x0000000130191000)]
  0x00007fcf3c277800 JavaThread "Java2D Queue Flusher" daemon [_thread_blocked, id=54539, stack(0x000000012e9fc000,0x000000012eafc000)]
  0x00007fcf3d10d800 JavaThread "AWT-Shutdown" [_thread_blocked, id=30483, stack(0x000000012b2e2000,0x000000012b3e2000)]
=>0x00007fcf3c873000 JavaThread "AWT-AppKit" daemon [_thread_in_native, id=1811, stack(0x00007fff5d11c000,0x00007fff5d91c000)]
  0x00007fcf3c83f800 JavaThread "Service Thread" daemon [_thread_blocked, id=20739, stack(0x000000012981a000,0x000000012991a000)]
  0x00007fcf3b807000 JavaThread "C1 CompilerThread3" daemon [_thread_blocked, id=20227, stack(0x0000000129717000,0x0000000129817000)]
  0x00007fcf3d013000 JavaThread "C2 CompilerThread2" daemon [_thread_blocked, id=19715, stack(0x0000000129614000,0x0000000129714000)]
  0x00007fcf3c834800 JavaThread "C2 CompilerThread1" daemon [_thread_blocked, id=19203, stack(0x0000000129511000,0x0000000129611000)]
  0x00007fcf3c82a000 JavaThread "C2 CompilerThread0" daemon [_thread_blocked, id=18691, stack(0x000000012940e000,0x000000012950e000)]
  0x00007fcf3c829800 JavaThread "Signal Dispatcher" daemon [_thread_blocked, id=15631, stack(0x000000012930b000,0x000000012940b000)]
  0x00007fcf3c808000 JavaThread "Finalizer" daemon [_thread_blocked, id=13571, stack(0x0000000127888000,0x0000000127988000)]
  0x00007fcf3c06c800 JavaThread "Reference Handler" daemon [_thread_blocked, id=13059, stack(0x0000000127785000,0x0000000127885000)]

Other Threads:
  0x00007fcf3c068000 VMThread [stack: 0x0000000127682000,0x0000000127782000] [id=12547]
  0x00007fcf3c810800 WatcherThread [stack: 0x000000012991d000,0x0000000129a1d000] [id=21251]

VM state:not at safepoint (normal execution)

VM Mutex/Monitor currently owned by a thread: None

Heap:
 PSYoungGen      total 249344K, used 196336K [0x000000076ab00000, 0x000000077af00000, 0x00000007c0000000)
  eden space 235520K, 78% used [0x000000076ab00000,0x0000000776073b50,0x0000000779100000)
  from space 13824K, 76% used [0x000000077a180000,0x000000077abc8590,0x000000077af00000)
  to   space 15360K, 0% used [0x0000000779100000,0x0000000779100000,0x000000077a000000)
 ParOldGen       total 93696K, used 17572K [0x00000006c0000000, 0x00000006c5b80000, 0x000000076ab00000)
  object space 93696K, 18% used [0x00000006c0000000,0x00000006c11291c8,0x00000006c5b80000)
 Metaspace       used 27862K, capacity 28245K, committed 28544K, reserved 1075200K
  class space    used 2228K, capacity 2342K, committed 2432K, reserved 1048576K

Card table byte_map: [0x000000011b266000,0x000000011ba67000] byte_map_base: 0x0000000117c66000

Marking Bits: (ParMarkBitMap*) 0x000000010b6f1ea0
 Begin Bits: [0x000000011c7d5000, 0x00000001207d5000)
 End Bits:   [0x00000001207d5000, 0x00000001247d5000)

Polling page: 0x0000000102306000

CodeCache: size=245760Kb used=11344Kb max_used=11391Kb free=234415Kb
 bounds [0x000000010bea6000, 0x000000010ca26000, 0x000000011aea6000]
 total_blobs=3822 nmethods=2901 adapters=834
 compilation: enabled

Compilation events (10 events):
Event: 58.482 Thread 0x00007fcf3b807000 3354   !   3       sun.lwawt.LWComponentPeer::isShowing (49 bytes)
Event: 58.483 Thread 0x00007fcf3d013000 3355       4       sun.font.FontDesignMetrics::getLatinCharWidth (29 bytes)
Event: 58.484 Thread 0x00007fcf3b807000 nmethod 3354 0x000000010c19b350 code [0x000000010c19b500, 0x000000010c19be08]
Event: 58.484 Thread 0x00007fcf3b807000 3356       1       sun.java2d.SurfaceData::isValid (5 bytes)
Event: 58.484 Thread 0x00007fcf3b807000 nmethod 3356 0x000000010c5c1490 code [0x000000010c5c15e0, 0x000000010c5c16f0]
Event: 58.485 Thread 0x00007fcf3d013000 nmethod 3355 0x000000010c9d2190 code [0x000000010c9d2320, 0x000000010c9d2448]
Event: 58.511 Thread 0x00007fcf3b807000 3357       3       java.awt.Rectangle::isEmpty (20 bytes)
Event: 58.512 Thread 0x00007fcf3b807000 nmethod 3357 0x000000010c19af90 code [0x000000010c19b100, 0x000000010c19b2f0]
Event: 58.512 Thread 0x00007fcf3b807000 3358       3       sun.java2d.pipe.RenderBuffer::putFloat (26 bytes)
Event: 58.512 Thread 0x00007fcf3b807000 nmethod 3358 0x000000010c19abd0 code [0x000000010c19ad40, 0x000000010c19aed0]

GC Heap History (10 events):
Event: 8.099 GC heap before
{Heap before GC invocations=3 (full 1):
 PSYoungGen      total 76288K, used 10749K [0x000000076ab00000, 0x0000000774000000, 0x00000007c0000000)
  eden space 65536K, 0% used [0x000000076ab00000,0x000000076ab00000,0x000000076eb00000)
  from space 10752K, 99% used [0x000000076f580000,0x000000076ffff4d0,0x0000000770000000)
  to   space 10752K, 0% used [0x000000076eb00000,0x000000076eb00000,0x000000076f580000)
 ParOldGen       total 175104K, used 6179K [0x00000006c0000000, 0x00000006cab00000, 0x000000076ab00000)
  object space 175104K, 3% used [0x00000006c0000000,0x00000006c0608e50,0x00000006cab00000)
 Metaspace       used 20925K, capacity 21240K, committed 21296K, reserved 1069056K
  class space    used 2041K, capacity 2148K, committed 2176K, reserved 1048576K
Event: 8.148 GC heap after
Heap after GC invocations=3 (full 1):
 PSYoungGen      total 76288K, used 0K [0x000000076ab00000, 0x0000000774000000, 0x00000007c0000000)
  eden space 65536K, 0% used [0x000000076ab00000,0x000000076ab00000,0x000000076eb00000)
  from space 10752K, 0% used [0x000000076f580000,0x000000076f580000,0x0000000770000000)
  to   space 10752K, 0% used [0x000000076eb00000,0x000000076eb00000,0x000000076f580000)
 ParOldGen       total 93696K, used 16780K [0x00000006c0000000, 0x00000006c5b80000, 0x000000076ab00000)
  object space 93696K, 17% used [0x00000006c0000000,0x00000006c1063198,0x00000006c5b80000)
 Metaspace       used 20925K, capacity 21240K, committed 21296K, reserved 1069056K
  class space    used 2041K, capacity 2148K, committed 2176K, reserved 1048576K
}
Event: 10.982 GC heap before
{Heap before GC invocations=4 (full 1):
 PSYoungGen      total 76288K, used 65536K [0x000000076ab00000, 0x0000000774000000, 0x00000007c0000000)
  eden space 65536K, 100% used [0x000000076ab00000,0x000000076eb00000,0x000000076eb00000)
  from space 10752K, 0% used [0x000000076f580000,0x000000076f580000,0x0000000770000000)
  to   space 10752K, 0% used [0x000000076eb00000,0x000000076eb00000,0x000000076f580000)
 ParOldGen       total 93696K, used 16780K [0x00000006c0000000, 0x00000006c5b80000, 0x000000076ab00000)
  object space 93696K, 17% used [0x00000006c0000000,0x00000006c1063198,0x00000006c5b80000)
 Metaspace       used 27376K, capacity 27765K, committed 28032K, reserved 1075200K
  class space    used 2218K, capacity 2310K, committed 2432K, reserved 1048576K
Event: 10.988 GC heap after
Heap after GC invocations=4 (full 1):
 PSYoungGen      total 76288K, used 8583K [0x000000076ab00000, 0x0000000773c00000, 0x00000007c0000000)
  eden space 65536K, 0% used [0x000000076ab00000,0x000000076ab00000,0x000000076eb00000)
  from space 10752K, 79% used [0x000000076eb00000,0x000000076f361c18,0x000000076f580000)
  to   space 10752K, 0% used [0x0000000773180000,0x0000000773180000,0x0000000773c00000)
 ParOldGen       total 93696K, used 16788K [0x00000006c0000000, 0x00000006c5b80000, 0x000000076ab00000)
  object space 93696K, 17% used [0x00000006c0000000,0x00000006c1065198,0x00000006c5b80000)
 Metaspace       used 27376K, capacity 27765K, committed 28032K, reserved 1075200K
  class space    used 2218K, capacity 2310K, committed 2432K, reserved 1048576K
}
Event: 14.409 GC heap before
{Heap before GC invocations=5 (full 1):
 PSYoungGen      total 76288K, used 74119K [0x000000076ab00000, 0x0000000773c00000, 0x00000007c0000000)
  eden space 65536K, 100% used [0x000000076ab00000,0x000000076eb00000,0x000000076eb00000)
  from space 10752K, 79% used [0x000000076eb00000,0x000000076f361c18,0x000000076f580000)
  to   space 10752K, 0% used [0x0000000773180000,0x0000000773180000,0x0000000773c00000)
 ParOldGen       total 93696K, used 16788K [0x00000006c0000000, 0x00000006c5b80000, 0x000000076ab00000)
  object space 93696K, 17% used [0x00000006c0000000,0x00000006c1065198,0x00000006c5b80000)
 Metaspace       used 27673K, capacity 28021K, committed 28288K, reserved 1075200K
  class space    used 2218K, capacity 2310K, committed 2432K, reserved 1048576K
Event: 14.418 GC heap after
Heap after GC invocations=5 (full 1):
 PSYoungGen      total 136192K, used 10595K [0x000000076ab00000, 0x0000000773c00000, 0x00000007c0000000)
  eden space 125440K, 0% used [0x000000076ab00000,0x000000076ab00000,0x0000000772580000)
  from space 10752K, 98% used [0x0000000773180000,0x0000000773bd8cd8,0x0000000773c00000)
  to   space 10752K, 0% used [0x0000000772700000,0x0000000772700000,0x0000000773180000)
 ParOldGen       total 93696K, used 17564K [0x00000006c0000000, 0x00000006c5b80000, 0x000000076ab00000)
  object space 93696K, 18% used [0x00000006c0000000,0x00000006c11271c8,0x00000006c5b80000)
 Metaspace       used 27673K, capacity 28021K, committed 28288K, reserved 1075200K
  class space    used 2218K, capacity 2310K, committed 2432K, reserved 1048576K
}
Event: 26.728 GC heap before
{Heap before GC invocations=6 (full 1):
 PSYoungGen      total 136192K, used 136035K [0x000000076ab00000, 0x0000000773c00000, 0x00000007c0000000)
  eden space 125440K, 100% used [0x000000076ab00000,0x0000000772580000,0x0000000772580000)
  from space 10752K, 98% used [0x0000000773180000,0x0000000773bd8cd8,0x0000000773c00000)
  to   space 10752K, 0% used [0x0000000772700000,0x0000000772700000,0x0000000773180000)
 ParOldGen       total 93696K, used 17564K [0x00000006c0000000, 0x00000006c5b80000, 0x000000076ab00000)
  object space 93696K, 18% used [0x00000006c0000000,0x00000006c11271c8,0x00000006c5b80000)
 Metaspace       used 27804K, capacity 28149K, committed 28544K, reserved 1075200K
  class space    used 2218K, capacity 2310K, committed 2432K, reserved 1048576K
Event: 26.737 GC heap after
Heap after GC invocations=6 (full 1):
 PSYoungGen      total 137728K, used 10561K [0x000000076ab00000, 0x000000077b100000, 0x00000007c0000000)
  eden space 126976K, 0% used [0x000000076ab00000,0x000000076ab00000,0x0000000772700000)
  from space 10752K, 98% used [0x0000000772700000,0x0000000773150590,0x0000000773180000)
  to   space 15872K, 0% used [0x000000077a180000,0x000000077a180000,0x000000077b100000)
 ParOldGen       total 93696K, used 17572K [0x00000006c0000000, 0x00000006c5b80000, 0x000000076ab00000)
  object space 93696K, 18% used [0x00000006c0000000,0x00000006c11291c8,0x00000006c5b80000)
 Metaspace       used 27804K, capacity 28149K, committed 28544K, reserved 1075200K
  class space    used 2218K, capacity 2310K, committed 2432K, reserved 1048576K
}
Event: 39.446 GC heap before
{Heap before GC invocations=7 (full 1):
 PSYoungGen      total 137728K, used 137537K [0x000000076ab00000, 0x000000077b100000, 0x00000007c0000000)
  eden space 126976K, 100% used [0x000000076ab00000,0x0000000772700000,0x0000000772700000)
  from space 10752K, 98% used [0x0000000772700000,0x0000000773150590,0x0000000773180000)
  to   space 15872K, 0% used [0x000000077a180000,0x000000077a180000,0x000000077b100000)
 ParOldGen       total 93696K, used 17572K [0x00000006c0000000, 0x00000006c5b80000, 0x000000076ab00000)
  object space 93696K, 18% used [0x00000006c0000000,0x00000006c11291c8,0x00000006c5b80000)
 Metaspace       used 27805K, capacity 28149K, committed 28544K, reserved 1075200K
  class space    used 2219K, capacity 2310K, committed 2432K, reserved 1048576K
Event: 39.454 GC heap after
Heap after GC invocations=7 (full 1):
 PSYoungGen      total 249344K, used 10529K [0x000000076ab00000, 0x000000077af00000, 0x00000007c0000000)
  eden space 235520K, 0% used [0x000000076ab00000,0x000000076ab00000,0x0000000779100000)
  from space 13824K, 76% used [0x000000077a180000,0x000000077abc8590,0x000000077af00000)
  to   space 15360K, 0% used [0x0000000779100000,0x0000000779100000,0x000000077a000000)
 ParOldGen       total 93696K, used 17572K [0x00000006c0000000, 0x00000006c5b80000, 0x000000076ab00000)
  object space 93696K, 18% used [0x00000006c0000000,0x00000006c11291c8,0x00000006c5b80000)
 Metaspace       used 27805K, capacity 28149K, committed 28544K, reserved 1075200K
  class space    used 2219K, capacity 2310K, committed 2432K, reserved 1048576K
}

Deoptimization events (10 events):
Event: 58.480 Thread 0x00007fcf3c2ed000 Uncommon trap: reason=unstable_if action=reinterpret pc=0x000000010c6557fc method=java.security.AccessControlContext.combine([Ljava/security/ProtectionDomain;[Ljava/security/ProtectionDomain;)[Ljava/security/ProtectionDomain; @ 151
Event: 58.482 Thread 0x00007fcf3c2ed800 Uncommon trap: reason=unstable_if action=reinterpret pc=0x000000010c9e5de4 method=sun.java2d.pipe.Region.intersectsQuickCheck(Lsun/java2d/pipe/Region;)Z @ 41
Event: 58.483 Thread 0x00007fcf3c2ed800 Uncommon trap: reason=unstable_if action=reinterpret pc=0x000000010c527744 method=java.awt.font.FontRenderContext.equals(Ljava/awt/font/FontRenderContext;)Z @ 2
Event: 58.483 Thread 0x00007fcf3c2ed800 Uncommon trap: reason=unstable_if action=reinterpret pc=0x000000010c508e14 method=java.awt.Font.equals(Ljava/lang/Object;)Z @ 2
Event: 58.510 Thread 0x00007fcf3c2ed000 Uncommon trap: reason=unstable_if action=reinterpret pc=0x000000010c3b3fa8 method=java.util.HashMap.putVal(ILjava/lang/Object;Ljava/lang/Object;ZZ)Ljava/lang/Object; @ 81
Event: 58.510 Thread 0x00007fcf3c2ed000 Uncommon trap: reason=unstable_if action=reinterpret pc=0x000000010c349380 method=java.util.HashMap.putVal(ILjava/lang/Object;Ljava/lang/Object;ZZ)Ljava/lang/Object; @ 81
Event: 58.522 Thread 0x00007fcf3c9ee000 Uncommon trap: reason=unstable_if action=reinterpret pc=0x000000010c354958 method=java.util.LinkedList$ListItr.<init>(Ljava/util/LinkedList;I)V @ 26
Event: 58.522 Thread 0x00007fcf3c9ee000 Uncommon trap: reason=unstable_if action=reinterpret pc=0x000000010c7d9650 method=java.security.AccessControlContext.combine([Ljava/security/ProtectionDomain;[Ljava/security/ProtectionDomain;)[Ljava/security/ProtectionDomain; @ 151
Event: 58.523 Thread 0x00007fcf3c2ed800 Uncommon trap: reason=unstable_if action=reinterpret pc=0x000000010c4fa9f8 method=java.awt.font.FontRenderContext.equals(Ljava/awt/font/FontRenderContext;)Z @ 2
Event: 58.524 Thread 0x00007fcf328bd800 Uncommon trap: reason=predicate action=maybe_recompile pc=0x000000010c44aa20 method=java.util.Vector.indexOf(Ljava/lang/Object;I)I @ 44

Internal exceptions (10 events):
Event: 0.477 Thread 0x00007fcf3d002000 Exception <a 'java/io/FileNotFoundException'> (0x000000076ae7d810) thrown at [/Users/java_re/workspace/8-2-build-macosx-x86_64/jdk8u131/8869/hotspot/src/share/vm/prims/jni.cpp, line 709]
Event: 0.477 Thread 0x00007fcf3d002000 Exception <a 'java/io/FileNotFoundException'> (0x000000076ae7e370) thrown at [/Users/java_re/workspace/8-2-build-macosx-x86_64/jdk8u131/8869/hotspot/src/share/vm/prims/jni.cpp, line 709]
Event: 0.689 Thread 0x00007fcf3d002000 Exception <a 'java/io/FileNotFoundException'> (0x000000076b05e0e0) thrown at [/Users/java_re/workspace/8-2-build-macosx-x86_64/jdk8u131/8869/hotspot/src/share/vm/prims/jni.cpp, line 709]
Event: 6.924 Thread 0x00007fcf3c404800 Exception <a 'java/lang/UnsatisfiedLinkError': com.jogamp.common.util.JarUtil.fixNativeLibAttribs(Ljava/lang/String;)Z> (0x000000076c7df6e0) thrown at [/Users/java_re/workspace/8-2-build-macosx-x86_64/jdk8u131/8869/hotspot/src/share/vm/prims/nativeLookup.
Event: 7.698 Thread 0x00007fcf3c9ee000 Exception <a 'java/io/FileNotFoundException'> (0x000000076db4cd90) thrown at [/Users/java_re/workspace/8-2-build-macosx-x86_64/jdk8u131/8869/hotspot/src/share/vm/prims/jni.cpp, line 709]
Event: 7.698 Thread 0x00007fcf3c9ee000 Exception <a 'java/io/FileNotFoundException'> (0x000000076db542d8) thrown at [/Users/java_re/workspace/8-2-build-macosx-x86_64/jdk8u131/8869/hotspot/src/share/vm/prims/jni.cpp, line 709]
Event: 7.698 Thread 0x00007fcf3c9ee000 Implicit null exception at 0x000000010c08f2b4 to 0x000000010c08f6ad
Event: 7.899 Thread 0x00007fcf3c808000 Exception <a 'java/lang/NullPointerException'> (0x000000076af7c608) thrown at [/Users/java_re/workspace/8-2-build-macosx-x86_64/jdk8u131/8869/hotspot/src/share/vm/interpreter/linkResolver.cpp, line 1197]
Event: 7.969 Thread 0x00007fcf3c9ee000 Implicit null exception at 0x000000010bfce886 to 0x000000010bfceacd
Event: 7.998 Thread 0x00007fcf3f806800 Implicit null exception at 0x000000010c090df5 to 0x000000010c0911b9

Events (10 events):
Event: 58.523 loading class java/awt/Toolkit$ToolkitEventMulticaster done
Event: 58.523 Thread 0x00007fcf3c2ed800 Uncommon trap: trap_request=0xffffff65 fr.pc=0x000000010c4fa9f8
Event: 58.523 Thread 0x00007fcf3c2ed800 DEOPT PACKING pc=0x000000010c4fa9f8 sp=0x00000001318c4540
Event: 58.523 Thread 0x00007fcf3c2ed800 DEOPT UNPACKING pc=0x000000010beab229 sp=0x00000001318c4510 mode 2
Event: 58.524 Thread 0x00007fcf3c2ed000 Thread exited: 0x00007fcf3c2ed000
Event: 58.524 Thread 0x00007fcf328bd800 Uncommon trap: trap_request=0xffffff86 fr.pc=0x000000010c44aa20
Event: 58.524 Thread 0x00007fcf328bd800 DEOPT PACKING pc=0x000000010c44aa20 sp=0x000000019c65f830
Event: 58.524 Thread 0x00007fcf328bd800 DEOPT UNPACKING pc=0x000000010beab229 sp=0x000000019c65f748 mode 2
Event: 58.524 loading class java/awt/Window$1DisposeAction
Event: 58.524 loading class java/awt/Window$1DisposeAction done


Dynamic libraries:
0x0000000102303000 	/System/Library/Frameworks/Cocoa.framework/Versions/A/Cocoa
0x0000000006db4000 	/System/Library/Frameworks/Security.framework/Versions/A/Security
0x0000000102307000 	/System/Library/Frameworks/ApplicationServices.framework/Versions/A/ApplicationServices
0x0000000102310000 	/usr/lib/libz.1.dylib
0x000000010232b000 	/usr/lib/libSystem.B.dylib
0x0000000102334000 	/usr/lib/libobjc.A.dylib
0x0000000006db4000 	/System/Library/Frameworks/CoreFoundation.framework/Versions/A/CoreFoundation
0x0000000102557000 	/System/Library/Frameworks/Foundation.framework/Versions/C/Foundation
0x0000000102adf000 	/System/Library/Frameworks/AppKit.framework/Versions/C/AppKit
0x0000000103e6e000 	/System/Library/Frameworks/CoreData.framework/Versions/A/CoreData
0x000000010422f000 	/System/Library/PrivateFrameworks/RemoteViewServices.framework/Versions/A/RemoteViewServices
0x00000001042a2000 	/System/Library/PrivateFrameworks/UIFoundation.framework/Versions/A/UIFoundation
0x0000000006db4000 	/System/Library/Frameworks/IOSurface.framework/Versions/A/IOSurface
0x000000010446c000 	/System/Library/Frameworks/AudioToolbox.framework/Versions/A/AudioToolbox
0x0000000104670000 	/System/Library/Frameworks/AudioUnit.framework/Versions/A/AudioUnit
0x0000000104676000 	/System/Library/PrivateFrameworks/DataDetectorsCore.framework/Versions/A/DataDetectorsCore
0x000000010471d000 	/System/Library/PrivateFrameworks/DesktopServicesPriv.framework/Versions/A/DesktopServicesPriv
0x0000000006db4000 	/System/Library/Frameworks/Carbon.framework/Versions/A/Frameworks/HIToolbox.framework/Versions/A/HIToolbox
0x00000001048b9000 	/System/Library/Frameworks/QuartzCore.framework/Versions/A/QuartzCore
0x0000000104b48000 	/System/Library/Frameworks/Carbon.framework/Versions/A/Frameworks/SpeechRecognition.framework/Versions/A/SpeechRecognition
0x0000000104b5b000 	/usr/lib/libauto.dylib
0x0000000104bb9000 	/usr/lib/libicucore.A.dylib
0x0000000006db4000 	/usr/lib/libxml2.2.dylib
0x0000000104e60000 	/System/Library/PrivateFrameworks/CoreUI.framework/Versions/A/CoreUI
0x00000001050a3000 	/System/Library/Frameworks/CoreAudio.framework/Versions/A/CoreAudio
0x0000000105119000 	/System/Library/Frameworks/DiskArbitration.framework/Versions/A/DiskArbitration
0x0000000105129000 	/usr/lib/liblangid.dylib
0x0000000006db4000 	/System/Library/PrivateFrameworks/MultitouchSupport.framework/Versions/A/MultitouchSupport
0x0000000105131000 	/System/Library/Frameworks/IOKit.framework/Versions/A/IOKit
0x00000001051e1000 	/usr/lib/libDiagnosticMessagesClient.dylib
0x00000001051e8000 	/System/Library/Frameworks/CoreServices.framework/Versions/A/CoreServices
0x00000001051ec000 	/System/Library/PrivateFrameworks/PerformanceAnalysis.framework/Versions/A/PerformanceAnalysis
0x00000001052f2000 	/System/Library/PrivateFrameworks/GenerationalStorage.framework/Versions/A/GenerationalStorage
0x000000010532c000 	/System/Library/Frameworks/OpenGL.framework/Versions/A/OpenGL
0x0000000105344000 	/System/Library/PrivateFrameworks/Sharing.framework/Versions/A/Sharing
0x000000010539a000 	/System/Library/Frameworks/CoreGraphics.framework/Versions/A/CoreGraphics
0x0000000105d1c000 	/System/Library/Frameworks/CoreText.framework/Versions/A/CoreText
0x0000000105ed3000 	/System/Library/Frameworks/ImageIO.framework/Versions/A/ImageIO
0x000000010607f000 	/usr/lib/libextension.dylib
0x00000001060b7000 	/System/Library/PrivateFrameworks/Backup.framework/Versions/A/Backup
0x0000000106215000 	/usr/lib/libarchive.2.dylib
0x0000000106250000 	/System/Library/Frameworks/CFNetwork.framework/Versions/A/CFNetwork
0x00000001065eb000 	/System/Library/Frameworks/SystemConfiguration.framework/Versions/A/SystemConfiguration
0x00000001066a8000 	/usr/lib/libCRFSuite.dylib
0x00000001066d3000 	/usr/lib/libc++.1.dylib
0x0000000106787000 	/usr/lib/libc++abi.dylib
0x00000001067c5000 	/usr/lib/system/libcache.dylib
0x00000001067ce000 	/usr/lib/system/libcommonCrypto.dylib
0x00000001067ee000 	/usr/lib/system/libcompiler_rt.dylib
0x0000000106808000 	/usr/lib/system/libcopyfile.dylib
0x000000010681e000 	/usr/lib/system/libcorecrypto.dylib
0x0000000006db4000 	/usr/lib/system/libdispatch.dylib
0x00000001068b0000 	/usr/lib/system/libdyld.dylib
0x00000001068bb000 	/usr/lib/system/libkeymgr.dylib
0x00000001068c4000 	/usr/lib/system/liblaunch.dylib
0x00000001068d1000 	/usr/lib/system/libmacho.dylib
0x00000001068df000 	/usr/lib/system/libquarantine.dylib
0x00000001068e9000 	/usr/lib/system/libremovefile.dylib
0x00000001068f3000 	/usr/lib/system/libsystem_asl.dylib
0x000000010691a000 	/usr/lib/system/libsystem_blocks.dylib
0x0000000006db4000 	/usr/lib/system/libsystem_c.dylib
0x0000000106925000 	/usr/lib/system/libsystem_configuration.dylib
0x000000010692f000 	/usr/lib/system/libsystem_coreservices.dylib
0x0000000106938000 	/usr/lib/system/libsystem_coretls.dylib
0x000000010695f000 	/usr/lib/system/libsystem_dnssd.dylib
0x0000000106970000 	/usr/lib/system/libsystem_info.dylib
0x0000000006db4000 	/usr/lib/system/libsystem_kernel.dylib
0x00000001069b4000 	/usr/lib/system/libsystem_m.dylib
0x00000001069f3000 	/usr/lib/system/libsystem_malloc.dylib
0x0000000106a1d000 	/usr/lib/system/libsystem_network.dylib
0x0000000106a82000 	/usr/lib/system/libsystem_networkextension.dylib
0x0000000106a92000 	/usr/lib/system/libsystem_notify.dylib
0x0000000106aab000 	/usr/lib/system/libsystem_platform.dylib
0x0000000006db4000 	/usr/lib/system/libsystem_pthread.dylib
0x0000000106abd000 	/usr/lib/system/libsystem_sandbox.dylib
0x0000000106ac6000 	/usr/lib/system/libsystem_secinit.dylib
0x0000000006db4000 	/usr/lib/system/libsystem_stats.dylib
0x0000000106ad4000 	/usr/lib/system/libsystem_trace.dylib
0x0000000106ae5000 	/usr/lib/system/libunc.dylib
0x0000000106aeb000 	/usr/lib/system/libunwind.dylib
0x0000000106afb000 	/usr/lib/system/libxpc.dylib
0x0000000106b44000 	/usr/lib/libbz2.1.0.dylib
0x0000000106b5a000 	/usr/lib/liblzma.5.dylib
0x0000000106b81000 	/usr/lib/libbsm.0.dylib
0x0000000106b9d000 	/usr/lib/libsqlite3.dylib
0x0000000106d04000 	/usr/lib/system/libkxld.dylib
0x0000000106d17000 	/usr/lib/libxar.1.dylib
0x0000000106d33000 	/usr/lib/libpam.2.dylib
0x0000000106d40000 	/usr/lib/libOpenScriptingUtil.dylib
0x0000000106d48000 	/System/Library/Frameworks/CoreServices.framework/Versions/A/Frameworks/FSEvents.framework/Versions/A/FSEvents
0x0000000006db4000 	/System/Library/Frameworks/CoreServices.framework/Versions/A/Frameworks/CarbonCore.framework/Versions/A/CarbonCore
0x000000010655e000 	/System/Library/Frameworks/CoreServices.framework/Versions/A/Frameworks/Metadata.framework/Versions/A/Metadata
0x0000000106e65000 	/System/Library/Frameworks/CoreServices.framework/Versions/A/Frameworks/OSServices.framework/Versions/A/OSServices
0x0000000106f3a000 	/System/Library/Frameworks/CoreServices.framework/Versions/A/Frameworks/SearchKit.framework/Versions/A/SearchKit
0x0000000106ff4000 	/System/Library/Frameworks/CoreServices.framework/Versions/A/Frameworks/AE.framework/Versions/A/AE
0x0000000107087000 	/System/Library/Frameworks/CoreServices.framework/Versions/A/Frameworks/LaunchServices.framework/Versions/A/LaunchServices
0x000000010725c000 	/System/Library/Frameworks/CoreServices.framework/Versions/A/Frameworks/DictionaryServices.framework/Versions/A/DictionaryServices
0x00000001072ac000 	/System/Library/Frameworks/NetFS.framework/Versions/A/NetFS
0x00000001072bb000 	/System/Library/PrivateFrameworks/NetAuth.framework/Versions/A/NetAuth
0x00000001072d4000 	/System/Library/PrivateFrameworks/login.framework/Versions/A/Frameworks/loginsupport.framework/Versions/A/loginsupport
0x00000001072e0000 	/System/Library/PrivateFrameworks/TCC.framework/Versions/A/TCC
0x00000001072f0000 	/usr/lib/libmecabra.dylib
0x000000010768b000 	/System/Library/Frameworks/ApplicationServices.framework/Versions/A/Frameworks/ATS.framework/Versions/A/ATS
0x000000010772b000 	/System/Library/Frameworks/ApplicationServices.framework/Versions/A/Frameworks/ColorSync.framework/Versions/A/ColorSync
0x0000000006db4000 	/System/Library/Frameworks/ApplicationServices.framework/Versions/A/Frameworks/HIServices.framework/Versions/A/HIServices
0x0000000107809000 	/System/Library/Frameworks/ApplicationServices.framework/Versions/A/Frameworks/LangAnalysis.framework/Versions/A/LangAnalysis
0x000000000d72d000 	/System/Library/Frameworks/ApplicationServices.framework/Versions/A/Frameworks/PrintCore.framework/Versions/A/PrintCore
0x00000001078ac000 	/System/Library/Frameworks/ApplicationServices.framework/Versions/A/Frameworks/QD.framework/Versions/A/QD
0x000000010790b000 	/System/Library/Frameworks/ApplicationServices.framework/Versions/A/Frameworks/SpeechSynthesis.framework/Versions/A/SpeechSynthesis
0x0000000107932000 	/System/Library/Frameworks/Accelerate.framework/Versions/A/Accelerate
0x0000000107939000 	/System/Library/Frameworks/Accelerate.framework/Versions/A/Frameworks/vImage.framework/Versions/A/vImage
0x0000000107ca4000 	/System/Library/Frameworks/Accelerate.framework/Versions/A/Frameworks/vecLib.framework/Versions/A/vecLib
0x0000000107cad000 	/System/Library/Frameworks/Accelerate.framework/Versions/A/Frameworks/vecLib.framework/Versions/A/libvDSP.dylib
0x0000000107dcd000 	/System/Library/Frameworks/Accelerate.framework/Versions/A/Frameworks/vecLib.framework/Versions/A/libvMisc.dylib
0x0000000107e8b000 	/System/Library/Frameworks/Accelerate.framework/Versions/A/Frameworks/vecLib.framework/Versions/A/libLAPACK.dylib
0x0000000108301000 	/System/Library/Frameworks/Accelerate.framework/Versions/A/Frameworks/vecLib.framework/Versions/A/libBLAS.dylib
0x00000001084c1000 	/System/Library/Frameworks/Accelerate.framework/Versions/A/Frameworks/vecLib.framework/Versions/A/libLinearAlgebra.dylib
0x00000001084e1000 	/System/Library/Frameworks/ApplicationServices.framework/Versions/A/Frameworks/ATS.framework/Versions/A/Resources/libFontParser.dylib
0x0000000108654000 	/System/Library/Frameworks/ApplicationServices.framework/Versions/A/Frameworks/ATS.framework/Versions/A/Resources/libFontRegistry.dylib
0x0000000006db4000 	/System/Library/PrivateFrameworks/AppleVPA.framework/Versions/A/AppleVPA
0x00000001086c1000 	/System/Library/PrivateFrameworks/AppleJPEG.framework/Versions/A/AppleJPEG
0x00000001087cd000 	/System/Library/Frameworks/ImageIO.framework/Versions/A/Resources/libJPEG.dylib
0x00000001087fd000 	/System/Library/Frameworks/ImageIO.framework/Versions/A/Resources/libTIFF.dylib
0x000000010886b000 	/System/Library/Frameworks/ImageIO.framework/Versions/A/Resources/libPng.dylib
0x000000010889e000 	/System/Library/Frameworks/ImageIO.framework/Versions/A/Resources/libGIF.dylib
0x00000001088aa000 	/System/Library/Frameworks/ImageIO.framework/Versions/A/Resources/libJP2.dylib
0x00000001089cc000 	/System/Library/Frameworks/ImageIO.framework/Versions/A/Resources/libRadiance.dylib
0x00000001089d8000 	/System/Library/Frameworks/CoreVideo.framework/Versions/A/CoreVideo
0x0000000108a2a000 	/System/Library/Frameworks/OpenGL.framework/Versions/A/Libraries/libGLU.dylib
0x0000000108a7e000 	/System/Library/Frameworks/OpenGL.framework/Versions/A/Libraries/libGFXShared.dylib
0x0000000108a95000 	/System/Library/Frameworks/OpenGL.framework/Versions/A/Libraries/libGL.dylib
0x0000000108ab6000 	/System/Library/Frameworks/OpenGL.framework/Versions/A/Libraries/libGLImage.dylib
0x0000000108b02000 	/System/Library/Frameworks/OpenGL.framework/Versions/A/Libraries/libCVMSPluginSupport.dylib
0x0000000108b0f000 	/System/Library/Frameworks/OpenGL.framework/Versions/A/Libraries/libCoreVMClient.dylib
0x0000000108b1e000 	/usr/lib/libcups.2.dylib
0x0000000108b85000 	/System/Library/Frameworks/Kerberos.framework/Versions/A/Kerberos
0x0000000108bb8000 	/System/Library/Frameworks/GSS.framework/Versions/A/GSS
0x0000000108c0e000 	/usr/lib/libresolv.9.dylib
0x0000000006db4000 	/usr/lib/libiconv.2.dylib
0x0000000108c37000 	/System/Library/PrivateFrameworks/Heimdal.framework/Versions/A/Heimdal
0x0000000108cda000 	/usr/lib/libheimdal-asn1.dylib
0x0000000108ce8000 	/System/Library/Frameworks/OpenDirectory.framework/Versions/A/OpenDirectory
0x0000000108d0e000 	/System/Library/PrivateFrameworks/CommonAuth.framework/Versions/A/CommonAuth
0x0000000108d23000 	/System/Library/Frameworks/OpenDirectory.framework/Versions/A/Frameworks/CFOpenDirectory.framework/Versions/A/CFOpenDirectory
0x0000000108d63000 	/System/Library/Frameworks/SecurityFoundation.framework/Versions/A/SecurityFoundation
0x0000000108e1d000 	/System/Library/PrivateFrameworks/LanguageModeling.framework/Versions/A/LanguageModeling
0x0000000108e89000 	/usr/lib/libcmph.dylib
0x0000000108ead000 	/System/Library/Frameworks/ServiceManagement.framework/Versions/A/ServiceManagement
0x0000000108ebc000 	/usr/lib/libxslt.1.dylib
0x0000000108ef8000 	/System/Library/Frameworks/Carbon.framework/Versions/A/Frameworks/Ink.framework/Versions/A/Ink
0x0000000108fc1000 	/System/Library/Frameworks/QuartzCore.framework/Versions/A/Frameworks/CoreImage.framework/Versions/A/CoreImage
0x00000001093e1000 	/System/Library/PrivateFrameworks/CrashReporterSupport.framework/Versions/A/CrashReporterSupport
0x00000001093ff000 	/System/Library/Frameworks/OpenCL.framework/Versions/A/OpenCL
0x0000000006db4000 	/System/Library/PrivateFrameworks/FaceCore.framework/Versions/A/FaceCore
0x000000010946b000 	/System/Library/PrivateFrameworks/Ubiquity.framework/Versions/A/Ubiquity
0x000000010949c000 	/System/Library/PrivateFrameworks/IconServices.framework/Versions/A/IconServices
0x00000001094e1000 	/System/Library/PrivateFrameworks/ChunkingLibrary.framework/Versions/A/ChunkingLibrary
0x0000000109519000 	/System/Library/PrivateFrameworks/Apple80211.framework/Versions/A/Apple80211
0x000000010954d000 	/System/Library/Frameworks/CoreWLAN.framework/Versions/A/CoreWLAN
0x0000000109605000 	/System/Library/Frameworks/IOBluetooth.framework/Versions/A/IOBluetooth
0x0000000109725000 	/System/Library/PrivateFrameworks/CoreWiFi.framework/Versions/A/CoreWiFi
0x00000001097eb000 	/System/Library/Frameworks/CoreBluetooth.framework/Versions/A/CoreBluetooth
0x0000000109814000 	/System/Library/PrivateFrameworks/DebugSymbols.framework/Versions/A/DebugSymbols
0x000000010986e000 	/System/Library/PrivateFrameworks/CoreSymbolication.framework/Versions/A/CoreSymbolication
0x0000000109913000 	/System/Library/PrivateFrameworks/Symbolication.framework/Versions/A/Symbolication
0x0000000109981000 	/System/Library/PrivateFrameworks/SpeechRecognitionCore.framework/Versions/A/SpeechRecognitionCore
0x000000010ae00000 	/Library/Java/JavaVirtualMachines/jdk1.8.0_131.jdk/Contents/Home/jre/lib/server/libjvm.dylib
0x0000000109c94000 	/usr/lib/libstdc++.6.dylib
0x0000000109d4a000 	/Library/Java/JavaVirtualMachines/jdk1.8.0_131.jdk/Contents/Home/jre/lib/libverify.dylib
0x0000000109d58000 	/Library/Java/JavaVirtualMachines/jdk1.8.0_131.jdk/Contents/Home/jre/lib/libjava.dylib
0x0000000109d95000 	/Library/Java/JavaVirtualMachines/jdk1.8.0_131.jdk/Contents/Home/jre/lib/libzip.dylib
0x000000012798a000 	/System/Library/Frameworks/JavaVM.framework/Frameworks/JavaRuntimeSupport.framework/JavaRuntimeSupport
0x00000001279a5000 	/System/Library/Frameworks/JavaVM.framework/Versions/A/Frameworks/JavaNativeFoundation.framework/Versions/A/JavaNativeFoundation
0x0000000109dee000 	/System/Library/Frameworks/JavaVM.framework/Versions/A/JavaVM
0x0000000102328000 	/System/Library/Frameworks/Carbon.framework/Versions/A/Carbon
0x00000001279ba000 	/System/Library/PrivateFrameworks/JavaLaunching.framework/Versions/A/JavaLaunching
0x00000001279c6000 	/System/Library/Frameworks/Carbon.framework/Versions/A/Frameworks/CommonPanels.framework/Versions/A/CommonPanels
0x00000001279d1000 	/System/Library/Frameworks/Carbon.framework/Versions/A/Frameworks/Help.framework/Versions/A/Help
0x00000001279da000 	/System/Library/Frameworks/Carbon.framework/Versions/A/Frameworks/ImageCapture.framework/Versions/A/ImageCapture
0x0000000127a07000 	/System/Library/Frameworks/Carbon.framework/Versions/A/Frameworks/OpenScripting.framework/Versions/A/OpenScripting
0x000000009f729000 	/System/Library/Frameworks/Carbon.framework/Versions/A/Frameworks/Print.framework/Versions/A/Print
0x0000000105325000 	/System/Library/Frameworks/Carbon.framework/Versions/A/Frameworks/SecurityHI.framework/Versions/A/SecurityHI
0x0000000129a4a000 	/Library/Java/JavaVirtualMachines/jdk1.8.0_131.jdk/Contents/Home/jre/lib/libawt.dylib
0x0000000129af2000 	/Library/Java/JavaVirtualMachines/jdk1.8.0_131.jdk/Contents/Home/jre/lib/./libmlib_image.dylib
0x0000000129bbe000 	/Library/Java/JavaVirtualMachines/jdk1.8.0_131.jdk/Contents/Home/jre/lib/libawt_lwawt.dylib
0x0000000129c75000 	/Library/Java/JavaVirtualMachines/jdk1.8.0_131.jdk/Contents/Home/jre/lib/./libosxapp.dylib
0x0000000006db4000 	/System/Library/Frameworks/ExceptionHandling.framework/Versions/A/ExceptionHandling
0x0000000129cd9000 	/System/Library/PrivateFrameworks/CoreServicesInternal.framework/CoreServicesInternal
0x0000000006db4000 	/System/Library/PrivateFrameworks/CloudDocs.framework/Versions/A/CloudDocs
0x0000000006db4000 	/System/Library/PrivateFrameworks/CoreDuet.framework/Versions/A/CoreDuet
0x0000000006db4000 	/System/Library/Frameworks/CloudKit.framework/Versions/A/CloudKit
0x000000012b26c000 	/System/Library/PrivateFrameworks/ProtocolBuffer.framework/Versions/A/ProtocolBuffer
0x0000000006db4000 	/System/Library/PrivateFrameworks/CoreDuetDaemonProtocol.framework/Versions/A/CoreDuetDaemonProtocol
0x0000000006db4000 	/System/Library/PrivateFrameworks/CoreDuetDebugLogging.framework/Versions/A/CoreDuetDebugLogging
0x0000000006db4000 	/System/Library/PrivateFrameworks/MMCS.framework/Versions/A/MMCS
0x0000000006db4000 	/System/Library/Frameworks/CoreLocation.framework/Versions/A/CoreLocation
0x000000012b287000 	/System/Library/PrivateFrameworks/ProtectedCloudStorage.framework/Versions/A/ProtectedCloudStorage
0x0000000006db4000 	/System/Library/PrivateFrameworks/GeoServices.framework/Versions/A/GeoServices
0x000000012b2d2000 	/System/Library/Frameworks/CoreGraphics.framework/Versions/A/Resources/libCGCMS.A.dylib
0x000000012c0b5000 	/System/Library/Frameworks/CoreGraphics.framework/Versions/A/Resources/libRIP.A.dylib
0x000000012c3fb000 	/System/Library/Frameworks/CoreGraphics.framework/Versions/A/Resources/libCGXType.A.dylib
0x000000012ce57000 	/System/Library/Frameworks/OpenCL.framework/Libraries/libcldcpuengine.dylib
0x000000012ce65000 	/System/Library/PrivateFrameworks/DiskImages.framework/Versions/A/DiskImages
0x000000012cf9b000 	/System/Library/Frameworks/DiscRecording.framework/Versions/A/DiscRecording
0x000000012d0bd000 	/usr/lib/libcsfde.dylib
0x000000012d0d3000 	/usr/lib/libcurl.4.dylib
0x0000000006db4000 	/System/Library/PrivateFrameworks/MediaKit.framework/Versions/A/MediaKit
0x000000012d134000 	/usr/lib/libCoreStorage.dylib
0x000000012d1ee000 	/System/Library/PrivateFrameworks/EFILogin.framework/Versions/A/EFILogin
0x000000012d1f6000 	/usr/lib/libutil.dylib
0x000000012d1fe000 	/System/Library/PrivateFrameworks/FindMyDevice.framework/Versions/A/FindMyDevice
0x000000012d213000 	/System/Library/Frameworks/LDAP.framework/Versions/A/LDAP
0x000000012d257000 	/usr/lib/libsasl2.2.dylib
0x000000012d271000 	/System/Library/PrivateFrameworks/CoreDaemon.framework/Versions/B/CoreDaemon
0x000000012d2b8000 	/usr/lib/libcrypto.0.9.8.dylib
0x000000012d404000 	/System/Library/PrivateFrameworks/AppleSRP.framework/Versions/A/AppleSRP
0x00000001065e4000 	/System/Library/PrivateFrameworks/TrustEvaluationAgent.framework/Versions/A/TrustEvaluationAgent
0x00000001052ef000 	cl_kernels
0x000000012d413000 	/System/Library/Frameworks/OpenCL.framework/Libraries/ImageFormats/unorm8_bgra.dylib
0x0000000105ece000 	cl_kernels
0x0000000006db4000 	/System/Library/PrivateFrameworks/FamilyControls.framework/Versions/A/FamilyControls
0x0000000006db4000 	/System/Library/PrivateFrameworks/CommerceKit.framework/Versions/A/Frameworks/CommerceCore.framework/Versions/A/CommerceCore
0x0000000006db4000 	/System/Library/PrivateFrameworks/SystemAdministration.framework/Versions/A/SystemAdministration
0x000000012e94c000 	/System/Library/PrivateFrameworks/AppContainer.framework/Versions/A/AppContainer
0x000000012c2c3000 	/System/Library/PrivateFrameworks/SecCodeWrapper.framework/Versions/A/SecCodeWrapper
0x0000000006db4000 	/System/Library/Frameworks/DirectoryService.framework/Versions/A/DirectoryService
0x0000000006db4000 	/System/Library/PrivateFrameworks/LoginUIKit.framework/Versions/A/Frameworks/LoginUICore.framework/Versions/A/LoginUICore
0x0000000006db4000 	/usr/lib/libodfde.dylib
0x000000012eafe000 	/System/Library/Frameworks/OpenGL.framework/Resources/GLEngine.bundle/GLEngine
0x000000012ece9000 	/System/Library/Frameworks/OpenGL.framework/Versions/A/Libraries/libGLProgrammability.dylib
0x000000012f12c000 	/System/Library/Extensions/AppleIntelHD5000GraphicsGLDriver.bundle/Contents/MacOS/AppleIntelHD5000GraphicsGLDriver
0x000000012f813000 	/System/Library/PrivateFrameworks/IOAccelerator.framework/Versions/A/IOAccelerator
0x000000012f81f000 	/System/Library/PrivateFrameworks/GPUSupport.framework/Versions/A/Libraries/libGPUSupportMercury.dylib
0x0000000006db4000 	/System/Library/Frameworks/OpenGL.framework/Versions/A/Resources/GLRendererFloat.bundle/GLRendererFloat
0x000000013060b000 	/Library/Java/JavaVirtualMachines/jdk1.8.0_131.jdk/Contents/Home/jre/lib/libfontmanager.dylib
0x00000001319c7000 	/Library/Java/JavaVirtualMachines/jdk1.8.0_131.jdk/Contents/Home/jre/lib/libosxui.dylib
0x00000001325a6000 	/Library/Java/JavaVirtualMachines/jdk1.8.0_131.jdk/Contents/Home/jre/lib/libnet.dylib
0x0000000132790000 	/Library/Java/JavaVirtualMachines/jdk1.8.0_131.jdk/Contents/Home/jre/lib/libnio.dylib
0x000000013847c000 	/System/Library/Frameworks/ApplicationServices.framework/Frameworks/ATS.framework/Resources/libTrueTypeScaler.dylib
0x0000000107935000 	/private/var/folders/dw/m8mh704j5bl04j2yy8ymkxzxqkj2k0/T/jogamp_0000/file_cache/jln7713364821752384010/jln909060711045095479/libgluegen-rt.jnilib
0x0000000106b57000 	/private/var/folders/dw/m8mh704j5bl04j2yy8ymkxzxqkj2k0/T/jogamp_0000/file_cache/jln7713364821752384010/jln909060711045095479/libnativewindow_awt.jnilib
0x0000000106b9a000 	/Library/Java/JavaVirtualMachines/jdk1.8.0_131.jdk/Contents/Home/jre/lib/libjawt.dylib
0x000000019165c000 	/private/var/folders/dw/m8mh704j5bl04j2yy8ymkxzxqkj2k0/T/jogamp_0000/file_cache/jln7713364821752384010/jln909060711045095479/libnativewindow_macosx.jnilib
0x00000001917d4000 	/private/var/folders/dw/m8mh704j5bl04j2yy8ymkxzxqkj2k0/T/jogamp_0000/file_cache/jln7713364821752384010/jln909060711045095479/libjogl_desktop.jnilib
0x000000019197c000 	/Library/Java/JavaVirtualMachines/jdk1.8.0_131.jdk/Contents/Home/jre/lib/libt2k.dylib

VM Arguments:
jvm_args: -Djava.security.policy=java.policy.applet -Dfile.encoding=UTF-8 
java_command: sun.applet.AppletViewer module6.EarthquakeCityMap1494337528480.html
java_class_path (initial): /Users/dpei/Documents/workspace/UCSDUnfoldingMaps/build:/Users/dpei/Documents/workspace/UCSDUnfoldingMaps/lib/core.jar:/Users/dpei/Documents/workspace/UCSDUnfoldingMaps/lib/gluegen-rt.jar:/Users/dpei/Documents/workspace/UCSDUnfoldingMaps/lib/jogl-all.jar:/Users/dpei/Documents/workspace/UCSDUnfoldingMaps/lib/log4j-1.2.15.jar:/Users/dpei/Documents/workspace/UCSDUnfoldingMaps/lib/sqlite-jdbc-3.7.2.jar:/Users/dpei/Documents/workspace/UCSDUnfoldingMaps/lib/json4processing.jar:/Users/dpei/Documents/workspace/UCSDUnfoldingMaps/lib/libTUIO.jar:/Users/dpei/Documents/workspace/UCSDUnfoldingMaps/lib/unfolding.0.9.7-uscd.jar
Launcher Type: SUN_STANDARD

Environment Variables:
PATH=/usr/bin:/bin:/usr/sbin:/sbin
SHELL=/bin/bash

Signal Handlers:
SIGSEGV: [libjvm.dylib+0x5b1eb1], sa_mask[0]=11111111011111110111111111111111, sa_flags=SA_ONSTACK|SA_RESTART|SA_SIGINFO
SIGBUS: [libjvm.dylib+0x5b1eb1], sa_mask[0]=11111111011111110111111111111111, sa_flags=SA_RESTART|SA_SIGINFO
SIGFPE: [libjvm.dylib+0x488988], sa_mask[0]=11111111011111110111111111111111, sa_flags=SA_RESTART|SA_SIGINFO
SIGPIPE: [libjvm.dylib+0x488988], sa_mask[0]=11111111011111110111111111111111, sa_flags=SA_RESTART|SA_SIGINFO
SIGXFSZ: [libjvm.dylib+0x488988], sa_mask[0]=11111111011111110111111111111111, sa_flags=SA_RESTART|SA_SIGINFO
SIGILL: [libjvm.dylib+0x488988], sa_mask[0]=11111111011111110111111111111111, sa_flags=SA_RESTART|SA_SIGINFO
SIGUSR1: SIG_DFL, sa_mask[0]=00000000000000000000000000000000, sa_flags=none
SIGUSR2: [libjvm.dylib+0x4884a6], sa_mask[0]=00100000000000000000000000000000, sa_flags=SA_RESTART|SA_SIGINFO
SIGHUP: [libjvm.dylib+0x486a7d], sa_mask[0]=11111111011111110111111111111111, sa_flags=SA_RESTART|SA_SIGINFO
SIGINT: [libjvm.dylib+0x486a7d], sa_mask[0]=11111111011111110111111111111111, sa_flags=SA_RESTART|SA_SIGINFO
SIGTERM: [libjvm.dylib+0x486a7d], sa_mask[0]=11111111011111110111111111111111, sa_flags=SA_RESTART|SA_SIGINFO
SIGQUIT: [libjvm.dylib+0x486a7d], sa_mask[0]=11111111011111110111111111111111, sa_flags=SA_RESTART|SA_SIGINFO


---------------  S Y S T E M  ---------------

OS:Bsduname:Darwin 14.5.0 Darwin Kernel Version 14.5.0: Sun Sep 25 22:07:15 PDT 2016; root:xnu-2782.50.9~1/RELEASE_X86_64 x86_64
rlimit: STACK 8192k, CORE 0k, NPROC 709, NOFILE 10240, AS infinity
load average:1.56 2.88 4.44

CPU:total 8 (initial active 8) (4 cores per cpu, 2 threads per core) family 6 model 70 stepping 1, cmov, cx8, fxsr, mmx, sse, sse2, sse3, ssse3, sse4.1, sse4.2, popcnt, avx, avx2, aes, clmul, erms, lzcnt, ht, tsc, tscinvbit, bmi1, bmi2

Memory: 4k page, physical 16777216k(157808k free)

/proc/meminfo:


vm_info: Java HotSpot(TM) 64-Bit Server VM (25.131-b11) for bsd-amd64 JRE (1.8.0_131-b11), built on Mar 15 2017 01:32:22 by "java_re" with gcc 4.2.1 (Based on Apple Inc. build 5658) (LLVM build 2336.11.00)

time: Tue May  9 08:46:27 2017
elapsed time: 58 seconds (0d 0h 0m 58s)

