#
# A fatal error has been detected by the Java Runtime Environment:
#
#  SIGSEGV (0xb) at pc=0x00007fff931240dd, pid=37274, tid=0x0000000000000713
#
# JRE version: Java(TM) SE Runtime Environment (8.0_131-b11) (build 1.8.0_131-b11)
# Java VM: Java HotSpot(TM) 64-Bit Server VM (25.131-b11 mixed mode bsd-amd64 compressed oops)
# Problematic frame:
# C  [libobjc.A.dylib+0x10dd]  objc_msgSend+0x1d
#
# Failed to write core dump. Core dumps have been disabled. To enable core dumping, try "ulimit -c unlimited" before starting Java again
#
# If you would like to submit a bug report, please visit:
#   http://bugreport.java.com/bugreport/crash.jsp
# The crash happened outside the Java Virtual Machine in native code.
# See problematic frame for where to report the bug.
#

---------------  T H R E A D  ---------------

Current thread (0x00007fd1e1885000):  JavaThread "AWT-AppKit" daemon [_thread_in_native, id=1811, stack(0x00007fff504db000,0x00007fff50cdb000)]

siginfo: si_signo: 11 (SIGSEGV), si_code: 1 (SEGV_MAPERR), si_addr: 0x0000000000000018

Registers:
RAX=0x00007fd1e76ae920, RBX=0x0000000196868450, RCX=0x0000000137702bc0, RDX=0x0000000137702360
RSP=0x00007fff50cd64f8, RBP=0x00007fff50cd65b0, RSI=0x00007fff880d840f, RDI=0x00007fd1e795ebf0
R8 =0x0000000000000000, R9 =0x0000000000000f50, R10=0x00007fff880d840f, R11=0x0000000000000000
R12=0x0000000000000000, R13=0x000000019a4517b8, R14=0x0000000196868440, R15=0x00007fd1e1885000
RIP=0x00007fff931240dd, EFLAGS=0x0000000000010246, ERR=0x0000000000000004
  TRAPNO=0x000000000000000e

Top of Stack: (sp=0x00007fff50cd64f8)
0x00007fff50cd64f8:   0000000196866157 00007fff50cd6550
0x00007fff50cd6508:   0000000000000003 00007fff50cd6530
0x00007fff50cd6518:   0000000110bf36d2 000000019a4517b8
0x00007fff50cd6528:   000000019a4517b8 00007fd1e76ae920
0x00007fff50cd6538:   00000001968686a0 0000000196868710
0x00007fff50cd6548:   00007fff791a4550 00007fff786dfc80
0x00007fff50cd6558:   0000000196868450 0000000196868690
0x00007fff50cd6568:   00007fd1e76ae920 00007fd1e795ebf0
0x00007fff50cd6578:   00007fd1e74acb40 00007fd1e76ae920
0x00007fff50cd6588:   00007fd1e795ebf0 00007fff50cd6638
0x00007fff50cd6598:   00007fd1e18851f8 000000019a4517b8
0x00007fff50cd65a8:   00007fff50cd6660 00007fff50cd6628
0x00007fff50cd65b8:   0000000111acf9f4 000000019a4517b8
0x00007fff50cd65c8:   00007fff50cd6660 00007fff50cd6628
0x00007fff50cd65d8:   0000000111acf787 0000000111acf742
0x00007fff50cd65e8:   00007fff50cd65e8 000000019a4517b8
0x00007fff50cd65f8:   00007fff50cd6660 000000019a4543f0
0x00007fff50cd6608:   0000000000000000 000000019a4517b8
0x00007fff50cd6618:   0000000000000000 00007fff50cd6648
0x00007fff50cd6628:   00007fff50cd66a8 0000000111ac02bd
0x00007fff50cd6638:   00000006c0e66448 0000000111ac9538
0x00007fff50cd6648:   00007fd1e76ae920 00007fff50cd66a8
0x00007fff50cd6658:   00007fd1e795ebf0 0000000111acae02
0x00007fff50cd6668:   00007fff50cd6668 000000019a451982
0x00007fff50cd6678:   00007fff50cd66d0 000000019a4543f0
0x00007fff50cd6688:   0000000000000000 000000019a451990
0x00007fff50cd6698:   00007fff50cd6648 00007fff50cd66b8
0x00007fff50cd66a8:   00007fff50cd6718 0000000111ac02bd
0x00007fff50cd66b8:   00007fd1e76ae920 00000006c0e8ab38
0x00007fff50cd66c8:   00007fd1e795ebf0 00000006c0e8ab38
0x00007fff50cd66d8:   00007fff50cd66d8 00000001a322838e
0x00007fff50cd66e8:   00007fff50cd6728 00000001a3228448 

Instructions: (pc=0x00007fff931240dd)
0x00007fff931240bd:   00 00 00 48 85 ff 2e 74 7a 40 f6 c7 01 2e 75 7e
0x00007fff931240cd:   49 bb f8 ff ff ff ff 7f 00 00 4c 23 1f 49 89 f2
0x00007fff931240dd:   45 23 53 18 49 c1 e2 04 4d 03 53 10 49 3b 32 75
0x00007fff931240ed:   04 41 ff 62 08 49 83 3a 00 74 6a 4d 3b 53 10 74 

Register to memory mapping:

RAX=0x00007fd1e76ae920 is an unknown value
RBX=0x0000000196868450: Java_jogamp_nativewindow_macosx_OSXUtil_GetScreenRefreshRate0+0x1cf0 in /private/var/folders/dw/m8mh704j5bl04j2yy8ymkxzxqkj2k0/T/jogamp_0000/file_cache/jln4249502003391572359/jln6127136958126674832/libnativewindow_macosx.jnilib at 0x0000000196861000
RCX=0x0000000137702bc0 is an unknown value
RDX=0x0000000137702360 is an unknown value
RSP=0x00007fff50cd64f8 is pointing into the stack for thread: 0x00007fd1e1885000
RBP=0x00007fff50cd65b0 is pointing into the stack for thread: 0x00007fd1e1885000
RSI=0x00007fff880d840f is an unknown value
RDI=0x00007fd1e795ebf0 is an unknown value
R8 =0x0000000000000000 is an unknown value
R9 =0x0000000000000f50 is an unknown value
R10=0x00007fff880d840f is an unknown value
R11=0x0000000000000000 is an unknown value
R12=0x0000000000000000 is an unknown value
R13={method} {0x000000019a4517b8} 'UnsetJAWTRootSurfaceLayer0' '(JJ)V' in 'jogamp/nativewindow/jawt/macosx/MacOSXJAWTWindow'
R14=0x0000000196868440: Java_jogamp_nativewindow_macosx_OSXUtil_GetScreenRefreshRate0+0x1ce0 in /private/var/folders/dw/m8mh704j5bl04j2yy8ymkxzxqkj2k0/T/jogamp_0000/file_cache/jln4249502003391572359/jln6127136958126674832/libnativewindow_macosx.jnilib at 0x0000000196861000
R15=0x00007fd1e1885000 is a thread


Stack: [0x00007fff504db000,0x00007fff50cdb000],  sp=0x00007fff50cd64f8,  free space=8173k
Native frames: (J=compiled Java code, j=interpreted, Vv=VM code, C=native code)
C  [libobjc.A.dylib+0x10dd]  objc_msgSend+0x1d
j  jogamp.nativewindow.jawt.macosx.MacOSXJAWTWindow.UnsetJAWTRootSurfaceLayer0(JJ)V+0
j  jogamp.nativewindow.jawt.macosx.MacOSXJAWTWindow.access$200(JJ)V+2
j  jogamp.nativewindow.jawt.macosx.MacOSXJAWTWindow$1.run()V+38
J 2878 C1 com.jogamp.common.util.RunnableTask.run()V (345 bytes) @ 0x00000001125d7374 [0x00000001125d71e0+0x194]
v  ~StubRoutines::call_stub
V  [libjvm.dylib+0x2ee5b6]
V  [libjvm.dylib+0x325765]
V  [libjvm.dylib+0x317f33]
C  [libnativewindow_macosx.jnilib+0x5326]  Java_jogamp_nativewindow_jawt_macosx_MacOSXJAWTWindow_UnsetJAWTRootSurfaceLayer0+0x2b6
C  [Foundation+0x92dd0]  __NSThreadPerformPerform+0x125
C  [CoreFoundation+0x80a01]  __CFRUNLOOP_IS_CALLING_OUT_TO_A_SOURCE0_PERFORM_FUNCTION__+0x11
C  [CoreFoundation+0x72c5c]  __CFRunLoopDoSources0+0x1dc
C  [CoreFoundation+0x721bf]  __CFRunLoopRun+0x39f
C  [CoreFoundation+0x71bd8]  CFRunLoopRunSpecific+0x128
C  [HIToolbox+0x3256f]  RunCurrentEventLoopInMode+0xeb
C  [HIToolbox+0x321ee]  ReceiveNextEventCommon+0xb3
C  [HIToolbox+0x3212b]  _BlockUntilNextEventMatchingListInModeWithFilter+0x47
C  [AppKit+0x918ab]  _DPSNextEvent+0x3d2
C  [AppKit+0x90e58]  -[NSApplication nextEventMatchingMask:untilDate:inMode:dequeue:]+0x15a
C  [libosxapp.dylib+0x23aa]  -[NSApplicationAWT nextEventMatchingMask:untilDate:inMode:dequeue:]+0x7c
C  [AppKit+0x86af3]  -[NSApplication run]+0x252
C  [libosxapp.dylib+0x214d]  +[NSApplicationAWT runAWTLoopWithApp:]+0x9c
C  [libawt_lwawt.dylib+0x45edf]  -[AWTStarter starter:]+0x389
C  [Foundation+0x92dd0]  __NSThreadPerformPerform+0x125
C  [CoreFoundation+0x80a01]  __CFRUNLOOP_IS_CALLING_OUT_TO_A_SOURCE0_PERFORM_FUNCTION__+0x11
C  [CoreFoundation+0x72b8d]  __CFRunLoopDoSources0+0x10d
C  [CoreFoundation+0x721bf]  __CFRunLoopRun+0x39f
C  [CoreFoundation+0x71bd8]  CFRunLoopRunSpecific+0x128
C  [java+0x6465]  CreateExecutionEnvironment+0x367
C  [java+0x218c]  JLI_Launch+0x7a0
C  [java+0x84c2]  main+0x65
C  [java+0x19e4]  start+0x34
C  0x0000000000000007

Java frames: (J=compiled Java code, j=interpreted, Vv=VM code)
j  jogamp.nativewindow.jawt.macosx.MacOSXJAWTWindow.UnsetJAWTRootSurfaceLayer0(JJ)V+0
j  jogamp.nativewindow.jawt.macosx.MacOSXJAWTWindow.access$200(JJ)V+2
j  jogamp.nativewindow.jawt.macosx.MacOSXJAWTWindow$1.run()V+38
J 2878 C1 com.jogamp.common.util.RunnableTask.run()V (345 bytes) @ 0x00000001125d7374 [0x00000001125d71e0+0x194]
v  ~StubRoutines::call_stub

---------------  P R O C E S S  ---------------

Java Threads: ( => current thread )
  0x00007fd1d20c0800 JavaThread "Thread-20" [_thread_blocked, id=38247, stack(0x00000001a196a000,0x00000001a1a6a000)]
  0x00007fd1e2268800 JavaThread "AWT-EventQueue-1" [_thread_in_native, id=61731, stack(0x00000001972bd000,0x00000001973bd000)]
  0x00007fd1e1964800 JavaThread "DestroyJavaVM" [_thread_blocked, id=4867, stack(0x00000001119a4000,0x0000000111aa4000)]
  0x00007fd1e09d7000 JavaThread "AWT-EventQueue-0" [_thread_blocked, id=59143, stack(0x00000001369e0000,0x0000000136ae0000)]
  0x00007fd1e18b0800 JavaThread "Java2D Disposer" daemon [_thread_blocked, id=56583, stack(0x000000013527b000,0x000000013537b000)]
  0x00007fd1e120a000 JavaThread "Java2D Queue Flusher" daemon [_thread_blocked, id=54539, stack(0x0000000134009000,0x0000000134109000)]
  0x00007fd1e0954000 JavaThread "AWT-Shutdown" [_thread_blocked, id=30483, stack(0x0000000130f60000,0x0000000131060000)]
=>0x00007fd1e1885000 JavaThread "AWT-AppKit" daemon [_thread_in_native, id=1811, stack(0x00007fff504db000,0x00007fff50cdb000)]
  0x00007fd1e0856800 JavaThread "Service Thread" daemon [_thread_blocked, id=20739, stack(0x000000012f4c5000,0x000000012f5c5000)]
  0x00007fd1e0837000 JavaThread "C1 CompilerThread3" daemon [_thread_blocked, id=20227, stack(0x000000012f3c2000,0x000000012f4c2000)]
  0x00007fd1e2002800 JavaThread "C2 CompilerThread2" daemon [_thread_blocked, id=19715, stack(0x000000012f2bf000,0x000000012f3bf000)]
  0x00007fd1e0829800 JavaThread "C2 CompilerThread1" daemon [_thread_blocked, id=19203, stack(0x000000012f1bc000,0x000000012f2bc000)]
  0x00007fd1e180b000 JavaThread "C2 CompilerThread0" daemon [_thread_blocked, id=18691, stack(0x000000012f0b9000,0x000000012f1b9000)]
  0x00007fd1e0829000 JavaThread "Signal Dispatcher" daemon [_thread_blocked, id=15127, stack(0x000000012efb6000,0x000000012f0b6000)]
  0x00007fd1e180a000 JavaThread "Finalizer" daemon [_thread_blocked, id=13571, stack(0x000000012d58e000,0x000000012d68e000)]
  0x00007fd1e1807000 JavaThread "Reference Handler" daemon [_thread_blocked, id=13059, stack(0x000000012d48b000,0x000000012d58b000)]

Other Threads:
  0x00007fd1e1056800 VMThread [stack: 0x000000012d388000,0x000000012d488000] [id=12547]
  0x00007fd1e183e000 WatcherThread [stack: 0x000000012f5c8000,0x000000012f6c8000] [id=21251]

VM state:not at safepoint (normal execution)

VM Mutex/Monitor currently owned by a thread: None

Heap:
 PSYoungGen      total 151552K, used 63219K [0x000000076ab00000, 0x0000000775080000, 0x00000007c0000000)
  eden space 136704K, 38% used [0x000000076ab00000,0x000000076de6a820,0x0000000773080000)
  from space 14848K, 71% used [0x0000000774200000,0x0000000774c526e0,0x0000000775080000)
  to   space 16384K, 0% used [0x0000000773080000,0x0000000773080000,0x0000000774080000)
 ParOldGen       total 116736K, used 18130K [0x00000006c0000000, 0x00000006c7200000, 0x000000076ab00000)
  object space 116736K, 15% used [0x00000006c0000000,0x00000006c11b49c0,0x00000006c7200000)
 Metaspace       used 27808K, capacity 28173K, committed 28544K, reserved 1075200K
  class space    used 2222K, capacity 2342K, committed 2432K, reserved 1048576K

Card table byte_map: [0x0000000120e78000,0x0000000121679000] byte_map_base: 0x000000011d878000

Marking Bits: (ParMarkBitMap*) 0x00000001112f1ea0
 Begin Bits: [0x00000001223e7000, 0x00000001263e7000)
 End Bits:   [0x00000001263e7000, 0x000000012a3e7000)

Polling page: 0x000000010ef43000

CodeCache: size=245760Kb used=11618Kb max_used=12713Kb free=234141Kb
 bounds [0x0000000111ab8000, 0x0000000112738000, 0x0000000120ab8000]
 total_blobs=3815 nmethods=2890 adapters=838
 compilation: enabled

Compilation events (10 events):
Event: 60.371 Thread 0x00007fd1e0837000 3194       3       processing.core.PApplet::mouseMoved (1 bytes)
Event: 60.371 Thread 0x00007fd1e0837000 nmethod 3194 0x0000000111ee9410 code [0x0000000111ee9560, 0x0000000111ee96b0]
Event: 60.455 Thread 0x00007fd1e0837000 3195   !   3       sun.awt.AWTAutoShutdown::getPeer (43 bytes)
Event: 60.455 Thread 0x00007fd1e0837000 nmethod 3195 0x0000000111c98610 code [0x0000000111c987a0, 0x0000000111c98d08]
Event: 60.945 Thread 0x00007fd1e0837000 3196       3       java.awt.Rectangle::isEmpty (20 bytes)
Event: 60.946 Thread 0x00007fd1e0837000 nmethod 3196 0x0000000111bd9e50 code [0x0000000111bd9fc0, 0x0000000111bda1b0]
Event: 60.946 Thread 0x00007fd1e0837000 3198       3       sun.java2d.pipe.RenderBuffer::putInt (26 bytes)
Event: 60.946 Thread 0x00007fd1e0837000 nmethod 3198 0x0000000111c23c10 code [0x0000000111c23d80, 0x0000000111c23ef0]
Event: 60.946 Thread 0x00007fd1e0837000 3197       1       sun.java2d.SurfaceData::isValid (5 bytes)
Event: 60.946 Thread 0x00007fd1e0837000 nmethod 3197 0x0000000112148f50 code [0x00000001121490a0, 0x00000001121491b0]

GC Heap History (10 events):
Event: 2.861 GC heap before
{Heap before GC invocations=3 (full 1):
 PSYoungGen      total 76288K, used 10749K [0x000000076ab00000, 0x0000000774000000, 0x00000007c0000000)
  eden space 65536K, 0% used [0x000000076ab00000,0x000000076ab00000,0x000000076eb00000)
  from space 10752K, 99% used [0x000000076f580000,0x000000076ffff4d0,0x0000000770000000)
  to   space 10752K, 0% used [0x000000076eb00000,0x000000076eb00000,0x000000076f580000)
 ParOldGen       total 175104K, used 6931K [0x00000006c0000000, 0x00000006cab00000, 0x000000076ab00000)
  object space 175104K, 3% used [0x00000006c0000000,0x00000006c06c4f68,0x00000006cab00000)
 Metaspace       used 20922K, capacity 21236K, committed 21296K, reserved 1069056K
  class space    used 2040K, capacity 2148K, committed 2176K, reserved 1048576K
Event: 2.907 GC heap after
Heap after GC invocations=3 (full 1):
 PSYoungGen      total 76288K, used 0K [0x000000076ab00000, 0x0000000774000000, 0x00000007c0000000)
  eden space 65536K, 0% used [0x000000076ab00000,0x000000076ab00000,0x000000076eb00000)
  from space 10752K, 0% used [0x000000076f580000,0x000000076f580000,0x0000000770000000)
  to   space 10752K, 0% used [0x000000076eb00000,0x000000076eb00000,0x000000076f580000)
 ParOldGen       total 116736K, used 17586K [0x00000006c0000000, 0x00000006c7200000, 0x000000076ab00000)
  object space 116736K, 15% used [0x00000006c0000000,0x00000006c112c9a0,0x00000006c7200000)
 Metaspace       used 20922K, capacity 21236K, committed 21296K, reserved 1069056K
  class space    used 2040K, capacity 2148K, committed 2176K, reserved 1048576K
}
Event: 5.799 GC heap before
{Heap before GC invocations=4 (full 1):
 PSYoungGen      total 76288K, used 65536K [0x000000076ab00000, 0x0000000774000000, 0x00000007c0000000)
  eden space 65536K, 100% used [0x000000076ab00000,0x000000076eb00000,0x000000076eb00000)
  from space 10752K, 0% used [0x000000076f580000,0x000000076f580000,0x0000000770000000)
  to   space 10752K, 0% used [0x000000076eb00000,0x000000076eb00000,0x000000076f580000)
 ParOldGen       total 116736K, used 17586K [0x00000006c0000000, 0x00000006c7200000, 0x000000076ab00000)
  object space 116736K, 15% used [0x00000006c0000000,0x00000006c112c9a0,0x00000006c7200000)
 Metaspace       used 27233K, capacity 27565K, committed 27776K, reserved 1075200K
  class space    used 2201K, capacity 2310K, committed 2432K, reserved 1048576K
Event: 5.808 GC heap after
Heap after GC invocations=4 (full 1):
 PSYoungGen      total 76288K, used 10271K [0x000000076ab00000, 0x0000000772300000, 0x00000007c0000000)
  eden space 65536K, 0% used [0x000000076ab00000,0x000000076ab00000,0x000000076eb00000)
  from space 10752K, 95% used [0x000000076eb00000,0x000000076f507c58,0x000000076f580000)
  to   space 10752K, 0% used [0x0000000771880000,0x0000000771880000,0x0000000772300000)
 ParOldGen       total 116736K, used 17594K [0x00000006c0000000, 0x00000006c7200000, 0x000000076ab00000)
  object space 116736K, 15% used [0x00000006c0000000,0x00000006c112e9a0,0x00000006c7200000)
 Metaspace       used 27233K, capacity 27565K, committed 27776K, reserved 1075200K
  class space    used 2201K, capacity 2310K, committed 2432K, reserved 1048576K
}
Event: 15.143 GC heap before
{Heap before GC invocations=5 (full 1):
 PSYoungGen      total 76288K, used 75807K [0x000000076ab00000, 0x0000000772300000, 0x00000007c0000000)
  eden space 65536K, 100% used [0x000000076ab00000,0x000000076eb00000,0x000000076eb00000)
  from space 10752K, 95% used [0x000000076eb00000,0x000000076f507c58,0x000000076f580000)
  to   space 10752K, 0% used [0x0000000771880000,0x0000000771880000,0x0000000772300000)
 ParOldGen       total 116736K, used 17594K [0x00000006c0000000, 0x00000006c7200000, 0x000000076ab00000)
  object space 116736K, 15% used [0x00000006c0000000,0x00000006c112e9a0,0x00000006c7200000)
 Metaspace       used 27652K, capacity 28013K, committed 28288K, reserved 1075200K
  class space    used 2201K, capacity 2310K, committed 2432K, reserved 1048576K
Event: 15.155 GC heap after
Heap after GC invocations=5 (full 1):
 PSYoungGen      total 108032K, used 10569K [0x000000076ab00000, 0x0000000772300000, 0x00000007c0000000)
  eden space 97280K, 0% used [0x000000076ab00000,0x000000076ab00000,0x0000000770a00000)
  from space 10752K, 98% used [0x0000000771880000,0x00000007722d26e0,0x0000000772300000)
  to   space 10752K, 0% used [0x0000000770e00000,0x0000000770e00000,0x0000000771880000)
 ParOldGen       total 116736K, used 18114K [0x00000006c0000000, 0x00000006c7200000, 0x000000076ab00000)
  object space 116736K, 15% used [0x00000006c0000000,0x00000006c11b09c0,0x00000006c7200000)
 Metaspace       used 27652K, capacity 28013K, committed 28288K, reserved 1075200K
  class space    used 2201K, capacity 2310K, committed 2432K, reserved 1048576K
}
Event: 33.292 GC heap before
{Heap before GC invocations=6 (full 1):
 PSYoungGen      total 108032K, used 107849K [0x000000076ab00000, 0x0000000772300000, 0x00000007c0000000)
  eden space 97280K, 100% used [0x000000076ab00000,0x0000000770a00000,0x0000000770a00000)
  from space 10752K, 98% used [0x0000000771880000,0x00000007722d26e0,0x0000000772300000)
  to   space 10752K, 0% used [0x0000000770e00000,0x0000000770e00000,0x0000000771880000)
 ParOldGen       total 116736K, used 18114K [0x00000006c0000000, 0x00000006c7200000, 0x000000076ab00000)
  object space 116736K, 15% used [0x00000006c0000000,0x00000006c11b09c0,0x00000006c7200000)
 Metaspace       used 27654K, capacity 28013K, committed 28288K, reserved 1075200K
  class space    used 2201K, capacity 2310K, committed 2432K, reserved 1048576K
Event: 33.300 GC heap after
Heap after GC invocations=6 (full 1):
 PSYoungGen      total 112128K, used 10523K [0x000000076ab00000, 0x0000000775280000, 0x00000007c0000000)
  eden space 101376K, 0% used [0x000000076ab00000,0x000000076ab00000,0x0000000770e00000)
  from space 10752K, 97% used [0x0000000770e00000,0x0000000771846cb8,0x0000000771880000)
  to   space 16896K, 0% used [0x0000000774200000,0x0000000774200000,0x0000000775280000)
 ParOldGen       total 116736K, used 18122K [0x00000006c0000000, 0x00000006c7200000, 0x000000076ab00000)
  object space 116736K, 15% used [0x00000006c0000000,0x00000006c11b29c0,0x00000006c7200000)
 Metaspace       used 27654K, capacity 28013K, committed 28288K, reserved 1075200K
  class space    used 2201K, capacity 2310K, committed 2432K, reserved 1048576K
}
Event: 52.060 GC heap before
{Heap before GC invocations=7 (full 1):
 PSYoungGen      total 112128K, used 111899K [0x000000076ab00000, 0x0000000775280000, 0x00000007c0000000)
  eden space 101376K, 100% used [0x000000076ab00000,0x0000000770e00000,0x0000000770e00000)
  from space 10752K, 97% used [0x0000000770e00000,0x0000000771846cb8,0x0000000771880000)
  to   space 16896K, 0% used [0x0000000774200000,0x0000000774200000,0x0000000775280000)
 ParOldGen       total 116736K, used 18122K [0x00000006c0000000, 0x00000006c7200000, 0x000000076ab00000)
  object space 116736K, 15% used [0x00000006c0000000,0x00000006c11b29c0,0x00000006c7200000)
 Metaspace       used 27666K, capacity 28013K, committed 28288K, reserved 1075200K
  class space    used 2201K, capacity 2310K, committed 2432K, reserved 1048576K
Event: 52.070 GC heap after
Heap after GC invocations=7 (full 1):
 PSYoungGen      total 151552K, used 10569K [0x000000076ab00000, 0x0000000775080000, 0x00000007c0000000)
  eden space 136704K, 0% used [0x000000076ab00000,0x000000076ab00000,0x0000000773080000)
  from space 14848K, 71% used [0x0000000774200000,0x0000000774c526e0,0x0000000775080000)
  to   space 16384K, 0% used [0x0000000773080000,0x0000000773080000,0x0000000774080000)
 ParOldGen       total 116736K, used 18130K [0x00000006c0000000, 0x00000006c7200000, 0x000000076ab00000)
  object space 116736K, 15% used [0x00000006c0000000,0x00000006c11b49c0,0x00000006c7200000)
 Metaspace       used 27666K, capacity 28013K, committed 28288K, reserved 1075200K
  class space    used 2201K, capacity 2310K, committed 2432K, reserved 1048576K
}

Deoptimization events (10 events):
Event: 60.942 Thread 0x00007fd1e09d7000 Uncommon trap: reason=unstable_if action=reinterpret pc=0x00000001126e804c method=java.lang.Math.round(D)J @ 31
Event: 60.942 Thread 0x00007fd1e09d7000 Uncommon trap: reason=unstable_if action=reinterpret pc=0x00000001126e0c44 method=java.lang.Math.round(D)J @ 31
Event: 60.942 Thread 0x00007fd1e09d7000 Uncommon trap: reason=unstable_if action=reinterpret pc=0x00000001127205ec method=sun.java2d.SunGraphics2D.validateCompClip()V @ 9
Event: 60.943 Thread 0x00007fd1e2268800 Uncommon trap: reason=unstable_if action=reinterpret pc=0x00000001126e1484 method=java.awt.EventQueue.uncacheEQItem(Lsun/awt/EventQueueItem;)V @ 23
Event: 60.943 Thread 0x00007fd1e18ba000 Uncommon trap: reason=unstable_if action=reinterpret pc=0x00000001124f0604 method=java.security.AccessControlContext.combine([Ljava/security/ProtectionDomain;[Ljava/security/ProtectionDomain;)[Ljava/security/ProtectionDomain; @ 151
Event: 60.945 Thread 0x00007fd1e09d7000 Uncommon trap: reason=unstable_if action=reinterpret pc=0x00000001126f2188 method=sun.java2d.pipe.Region.intersectsQuickCheck(Lsun/java2d/pipe/Region;)Z @ 41
Event: 60.946 Thread 0x00007fd1e09d7000 Uncommon trap: reason=unstable_if action=reinterpret pc=0x00000001122e4fc8 method=java.awt.font.FontRenderContext.equals(Ljava/awt/font/FontRenderContext;)Z @ 2
Event: 60.972 Thread 0x00007fd1e18ba000 Uncommon trap: reason=unstable_if action=reinterpret pc=0x000000011203b88c method=java.util.HashMap.putVal(ILjava/lang/Object;Ljava/lang/Object;ZZ)Ljava/lang/Object; @ 81
Event: 60.985 Thread 0x00007fd1e2268800 Uncommon trap: reason=unstable_if action=reinterpret pc=0x00000001122fbc10 method=java.security.AccessControlContext.combine([Ljava/security/ProtectionDomain;[Ljava/security/ProtectionDomain;)[Ljava/security/ProtectionDomain; @ 151
Event: 60.986 Thread 0x00007fd1d20c0800 Uncommon trap: reason=predicate action=maybe_recompile pc=0x000000011268d820 method=java.util.Vector.indexOf(Ljava/lang/Object;I)I @ 44

Internal exceptions (10 events):
Event: 0.352 Thread 0x00007fd1e080e000 Exception <a 'java/io/FileNotFoundException'> (0x000000076ae7d810) thrown at [/Users/java_re/workspace/8-2-build-macosx-x86_64/jdk8u131/8869/hotspot/src/share/vm/prims/jni.cpp, line 709]
Event: 0.352 Thread 0x00007fd1e080e000 Exception <a 'java/io/FileNotFoundException'> (0x000000076ae7e370) thrown at [/Users/java_re/workspace/8-2-build-macosx-x86_64/jdk8u131/8869/hotspot/src/share/vm/prims/jni.cpp, line 709]
Event: 0.436 Thread 0x00007fd1e080e000 Exception <a 'java/io/FileNotFoundException'> (0x000000076b05e0e0) thrown at [/Users/java_re/workspace/8-2-build-macosx-x86_64/jdk8u131/8869/hotspot/src/share/vm/prims/jni.cpp, line 709]
Event: 1.713 Thread 0x00007fd1e1342800 Exception <a 'java/lang/UnsatisfiedLinkError': com.jogamp.common.util.JarUtil.fixNativeLibAttribs(Ljava/lang/String;)Z> (0x000000076c67c8b8) thrown at [/Users/java_re/workspace/8-2-build-macosx-x86_64/jdk8u131/8869/hotspot/src/share/vm/prims/nativeLookup.
Event: 2.448 Thread 0x00007fd1e2268800 Exception <a 'java/io/FileNotFoundException'> (0x000000076da34d10) thrown at [/Users/java_re/workspace/8-2-build-macosx-x86_64/jdk8u131/8869/hotspot/src/share/vm/prims/jni.cpp, line 709]
Event: 2.449 Thread 0x00007fd1e2268800 Exception <a 'java/io/FileNotFoundException'> (0x000000076da3c218) thrown at [/Users/java_re/workspace/8-2-build-macosx-x86_64/jdk8u131/8869/hotspot/src/share/vm/prims/jni.cpp, line 709]
Event: 2.449 Thread 0x00007fd1e2268800 Implicit null exception at 0x0000000111ca4c36 to 0x0000000111ca5005
Event: 2.706 Thread 0x00007fd1e180a000 Exception <a 'java/lang/NullPointerException'> (0x000000076aeaefd0) thrown at [/Users/java_re/workspace/8-2-build-macosx-x86_64/jdk8u131/8869/hotspot/src/share/vm/interpreter/linkResolver.cpp, line 1197]
Event: 2.774 Thread 0x00007fd1e2268800 Implicit null exception at 0x0000000111e80746 to 0x0000000111e8098d
Event: 2.803 Thread 0x00007fd1e179a800 Implicit null exception at 0x0000000111c9baf5 to 0x0000000111c9beb9

Events (10 events):
Event: 60.985 Executing VM operation: Deoptimize
Event: 60.986 Executing VM operation: Deoptimize done
Event: 60.986 loading class java/awt/Toolkit$ToolkitEventMulticaster
Event: 60.986 loading class java/awt/Toolkit$ToolkitEventMulticaster done
Event: 60.986 Thread 0x00007fd1e18ba000 Thread exited: 0x00007fd1e18ba000
Event: 60.986 Thread 0x00007fd1d20c0800 Uncommon trap: trap_request=0xffffff86 fr.pc=0x000000011268d820
Event: 60.986 Thread 0x00007fd1d20c0800 DEOPT PACKING pc=0x000000011268d820 sp=0x00000001a1a69830
Event: 60.986 Thread 0x00007fd1d20c0800 DEOPT UNPACKING pc=0x0000000111abd229 sp=0x00000001a1a69748 mode 2
Event: 60.986 loading class java/awt/Window$1DisposeAction
Event: 60.986 loading class java/awt/Window$1DisposeAction done


Dynamic libraries:
0x0000000006db4000 	/System/Library/Frameworks/Cocoa.framework/Versions/A/Cocoa
0x0000000006db4000 	/System/Library/Frameworks/Security.framework/Versions/A/Security
0x0000000006db4000 	/System/Library/Frameworks/ApplicationServices.framework/Versions/A/ApplicationServices
0x0000000006db4000 	/usr/lib/libz.1.dylib
0x0000000006db4000 	/usr/lib/libSystem.B.dylib
0x0000000006db4000 	/usr/lib/libobjc.A.dylib
0x0000000006db4000 	/System/Library/Frameworks/CoreFoundation.framework/Versions/A/CoreFoundation
0x0000000006db4000 	/System/Library/Frameworks/Foundation.framework/Versions/C/Foundation
0x0000000006db4000 	/System/Library/Frameworks/AppKit.framework/Versions/C/AppKit
0x0000000006db4000 	/System/Library/Frameworks/CoreData.framework/Versions/A/CoreData
0x0000000006db4000 	/System/Library/PrivateFrameworks/RemoteViewServices.framework/Versions/A/RemoteViewServices
0x0000000006db4000 	/System/Library/PrivateFrameworks/UIFoundation.framework/Versions/A/UIFoundation
0x0000000006db4000 	/System/Library/Frameworks/IOSurface.framework/Versions/A/IOSurface
0x0000000006db4000 	/System/Library/Frameworks/AudioToolbox.framework/Versions/A/AudioToolbox
0x0000000006db4000 	/System/Library/Frameworks/AudioUnit.framework/Versions/A/AudioUnit
0x0000000006db4000 	/System/Library/PrivateFrameworks/DataDetectorsCore.framework/Versions/A/DataDetectorsCore
0x0000000006db4000 	/System/Library/PrivateFrameworks/DesktopServicesPriv.framework/Versions/A/DesktopServicesPriv
0x0000000006db4000 	/System/Library/Frameworks/Carbon.framework/Versions/A/Frameworks/HIToolbox.framework/Versions/A/HIToolbox
0x0000000006db4000 	/System/Library/Frameworks/QuartzCore.framework/Versions/A/QuartzCore
0x0000000006db4000 	/System/Library/Frameworks/Carbon.framework/Versions/A/Frameworks/SpeechRecognition.framework/Versions/A/SpeechRecognition
0x0000000006db4000 	/usr/lib/libauto.dylib
0x0000000006db4000 	/usr/lib/libicucore.A.dylib
0x0000000006db4000 	/usr/lib/libxml2.2.dylib
0x0000000006db4000 	/System/Library/PrivateFrameworks/CoreUI.framework/Versions/A/CoreUI
0x0000000006db4000 	/System/Library/Frameworks/CoreAudio.framework/Versions/A/CoreAudio
0x0000000006db4000 	/System/Library/Frameworks/DiskArbitration.framework/Versions/A/DiskArbitration
0x0000000006db4000 	/usr/lib/liblangid.dylib
0x0000000006db4000 	/System/Library/PrivateFrameworks/MultitouchSupport.framework/Versions/A/MultitouchSupport
0x0000000006db4000 	/System/Library/Frameworks/IOKit.framework/Versions/A/IOKit
0x0000000006db4000 	/usr/lib/libDiagnosticMessagesClient.dylib
0x0000000006db4000 	/System/Library/Frameworks/CoreServices.framework/Versions/A/CoreServices
0x0000000006db4000 	/System/Library/PrivateFrameworks/PerformanceAnalysis.framework/Versions/A/PerformanceAnalysis
0x0000000006db4000 	/System/Library/PrivateFrameworks/GenerationalStorage.framework/Versions/A/GenerationalStorage
0x0000000006db4000 	/System/Library/Frameworks/OpenGL.framework/Versions/A/OpenGL
0x0000000006db4000 	/System/Library/PrivateFrameworks/Sharing.framework/Versions/A/Sharing
0x000000010ef44000 	/System/Library/Frameworks/CoreGraphics.framework/Versions/A/CoreGraphics
0x0000000006db4000 	/System/Library/Frameworks/CoreText.framework/Versions/A/CoreText
0x0000000006db4000 	/System/Library/Frameworks/ImageIO.framework/Versions/A/ImageIO
0x0000000006db4000 	/usr/lib/libextension.dylib
0x0000000006db4000 	/System/Library/PrivateFrameworks/Backup.framework/Versions/A/Backup
0x0000000006db4000 	/usr/lib/libarchive.2.dylib
0x0000000006db4000 	/System/Library/Frameworks/CFNetwork.framework/Versions/A/CFNetwork
0x0000000006db4000 	/System/Library/Frameworks/SystemConfiguration.framework/Versions/A/SystemConfiguration
0x0000000006db4000 	/usr/lib/libCRFSuite.dylib
0x0000000006db4000 	/usr/lib/libc++.1.dylib
0x0000000006db4000 	/usr/lib/libc++abi.dylib
0x0000000006db4000 	/usr/lib/system/libcache.dylib
0x0000000006db4000 	/usr/lib/system/libcommonCrypto.dylib
0x0000000006db4000 	/usr/lib/system/libcompiler_rt.dylib
0x0000000006db4000 	/usr/lib/system/libcopyfile.dylib
0x0000000006db4000 	/usr/lib/system/libcorecrypto.dylib
0x0000000006db4000 	/usr/lib/system/libdispatch.dylib
0x0000000006db4000 	/usr/lib/system/libdyld.dylib
0x0000000006db4000 	/usr/lib/system/libkeymgr.dylib
0x0000000006db4000 	/usr/lib/system/liblaunch.dylib
0x0000000006db4000 	/usr/lib/system/libmacho.dylib
0x0000000006db4000 	/usr/lib/system/libquarantine.dylib
0x0000000006db4000 	/usr/lib/system/libremovefile.dylib
0x0000000006db4000 	/usr/lib/system/libsystem_asl.dylib
0x0000000006db4000 	/usr/lib/system/libsystem_blocks.dylib
0x0000000006db4000 	/usr/lib/system/libsystem_c.dylib
0x0000000006db4000 	/usr/lib/system/libsystem_configuration.dylib
0x0000000006db4000 	/usr/lib/system/libsystem_coreservices.dylib
0x0000000006db4000 	/usr/lib/system/libsystem_coretls.dylib
0x0000000006db4000 	/usr/lib/system/libsystem_dnssd.dylib
0x0000000006db4000 	/usr/lib/system/libsystem_info.dylib
0x0000000006db4000 	/usr/lib/system/libsystem_kernel.dylib
0x0000000006db4000 	/usr/lib/system/libsystem_m.dylib
0x0000000006db4000 	/usr/lib/system/libsystem_malloc.dylib
0x0000000006db4000 	/usr/lib/system/libsystem_network.dylib
0x0000000006db4000 	/usr/lib/system/libsystem_networkextension.dylib
0x0000000006db4000 	/usr/lib/system/libsystem_notify.dylib
0x0000000006db4000 	/usr/lib/system/libsystem_platform.dylib
0x0000000006db4000 	/usr/lib/system/libsystem_pthread.dylib
0x0000000006db4000 	/usr/lib/system/libsystem_sandbox.dylib
0x0000000006db4000 	/usr/lib/system/libsystem_secinit.dylib
0x0000000006db4000 	/usr/lib/system/libsystem_stats.dylib
0x0000000006db4000 	/usr/lib/system/libsystem_trace.dylib
0x0000000006db4000 	/usr/lib/system/libunc.dylib
0x0000000006db4000 	/usr/lib/system/libunwind.dylib
0x0000000006db4000 	/usr/lib/system/libxpc.dylib
0x0000000006db4000 	/usr/lib/libbz2.1.0.dylib
0x0000000006db4000 	/usr/lib/liblzma.5.dylib
0x0000000006db4000 	/usr/lib/libbsm.0.dylib
0x0000000006db4000 	/usr/lib/libsqlite3.dylib
0x0000000006db4000 	/usr/lib/system/libkxld.dylib
0x0000000006db4000 	/usr/lib/libxar.1.dylib
0x0000000006db4000 	/usr/lib/libpam.2.dylib
0x0000000006db4000 	/usr/lib/libOpenScriptingUtil.dylib
0x0000000006db4000 	/System/Library/Frameworks/CoreServices.framework/Versions/A/Frameworks/FSEvents.framework/Versions/A/FSEvents
0x0000000006db4000 	/System/Library/Frameworks/CoreServices.framework/Versions/A/Frameworks/CarbonCore.framework/Versions/A/CarbonCore
0x0000000006db4000 	/System/Library/Frameworks/CoreServices.framework/Versions/A/Frameworks/Metadata.framework/Versions/A/Metadata
0x0000000006db4000 	/System/Library/Frameworks/CoreServices.framework/Versions/A/Frameworks/OSServices.framework/Versions/A/OSServices
0x0000000006db4000 	/System/Library/Frameworks/CoreServices.framework/Versions/A/Frameworks/SearchKit.framework/Versions/A/SearchKit
0x0000000006db4000 	/System/Library/Frameworks/CoreServices.framework/Versions/A/Frameworks/AE.framework/Versions/A/AE
0x0000000006db4000 	/System/Library/Frameworks/CoreServices.framework/Versions/A/Frameworks/LaunchServices.framework/Versions/A/LaunchServices
0x0000000006db4000 	/System/Library/Frameworks/CoreServices.framework/Versions/A/Frameworks/DictionaryServices.framework/Versions/A/DictionaryServices
0x0000000006db4000 	/System/Library/Frameworks/NetFS.framework/Versions/A/NetFS
0x0000000006db4000 	/System/Library/PrivateFrameworks/NetAuth.framework/Versions/A/NetAuth
0x0000000006db4000 	/System/Library/PrivateFrameworks/login.framework/Versions/A/Frameworks/loginsupport.framework/Versions/A/loginsupport
0x0000000006db4000 	/System/Library/PrivateFrameworks/TCC.framework/Versions/A/TCC
0x0000000006db4000 	/usr/lib/libmecabra.dylib
0x0000000006db4000 	/System/Library/Frameworks/ApplicationServices.framework/Versions/A/Frameworks/ATS.framework/Versions/A/ATS
0x0000000006db4000 	/System/Library/Frameworks/ApplicationServices.framework/Versions/A/Frameworks/ColorSync.framework/Versions/A/ColorSync
0x0000000006db4000 	/System/Library/Frameworks/ApplicationServices.framework/Versions/A/Frameworks/HIServices.framework/Versions/A/HIServices
0x0000000006db4000 	/System/Library/Frameworks/ApplicationServices.framework/Versions/A/Frameworks/LangAnalysis.framework/Versions/A/LangAnalysis
0x0000000006db4000 	/System/Library/Frameworks/ApplicationServices.framework/Versions/A/Frameworks/PrintCore.framework/Versions/A/PrintCore
0x0000000006db4000 	/System/Library/Frameworks/ApplicationServices.framework/Versions/A/Frameworks/QD.framework/Versions/A/QD
0x0000000006db4000 	/System/Library/Frameworks/ApplicationServices.framework/Versions/A/Frameworks/SpeechSynthesis.framework/Versions/A/SpeechSynthesis
0x0000000006db4000 	/System/Library/Frameworks/Accelerate.framework/Versions/A/Accelerate
0x0000000006db4000 	/System/Library/Frameworks/Accelerate.framework/Versions/A/Frameworks/vImage.framework/Versions/A/vImage
0x0000000006db4000 	/System/Library/Frameworks/Accelerate.framework/Versions/A/Frameworks/vecLib.framework/Versions/A/vecLib
0x0000000006db4000 	/System/Library/Frameworks/Accelerate.framework/Versions/A/Frameworks/vecLib.framework/Versions/A/libvDSP.dylib
0x0000000006db4000 	/System/Library/Frameworks/Accelerate.framework/Versions/A/Frameworks/vecLib.framework/Versions/A/libvMisc.dylib
0x0000000006db4000 	/System/Library/Frameworks/Accelerate.framework/Versions/A/Frameworks/vecLib.framework/Versions/A/libLAPACK.dylib
0x0000000006db4000 	/System/Library/Frameworks/Accelerate.framework/Versions/A/Frameworks/vecLib.framework/Versions/A/libBLAS.dylib
0x0000000006db4000 	/System/Library/Frameworks/Accelerate.framework/Versions/A/Frameworks/vecLib.framework/Versions/A/libLinearAlgebra.dylib
0x0000000006db4000 	/System/Library/Frameworks/ApplicationServices.framework/Versions/A/Frameworks/ATS.framework/Versions/A/Resources/libFontParser.dylib
0x0000000006db4000 	/System/Library/Frameworks/ApplicationServices.framework/Versions/A/Frameworks/ATS.framework/Versions/A/Resources/libFontRegistry.dylib
0x0000000006db4000 	/System/Library/PrivateFrameworks/AppleVPA.framework/Versions/A/AppleVPA
0x0000000006db4000 	/System/Library/PrivateFrameworks/AppleJPEG.framework/Versions/A/AppleJPEG
0x0000000006db4000 	/System/Library/Frameworks/ImageIO.framework/Versions/A/Resources/libJPEG.dylib
0x0000000006db4000 	/System/Library/Frameworks/ImageIO.framework/Versions/A/Resources/libTIFF.dylib
0x0000000006db4000 	/System/Library/Frameworks/ImageIO.framework/Versions/A/Resources/libPng.dylib
0x0000000006db4000 	/System/Library/Frameworks/ImageIO.framework/Versions/A/Resources/libGIF.dylib
0x0000000006db4000 	/System/Library/Frameworks/ImageIO.framework/Versions/A/Resources/libJP2.dylib
0x0000000006db4000 	/System/Library/Frameworks/ImageIO.framework/Versions/A/Resources/libRadiance.dylib
0x0000000006db4000 	/System/Library/Frameworks/CoreVideo.framework/Versions/A/CoreVideo
0x0000000006db4000 	/System/Library/Frameworks/OpenGL.framework/Versions/A/Libraries/libGLU.dylib
0x0000000006db4000 	/System/Library/Frameworks/OpenGL.framework/Versions/A/Libraries/libGFXShared.dylib
0x0000000006db4000 	/System/Library/Frameworks/OpenGL.framework/Versions/A/Libraries/libGL.dylib
0x0000000006db4000 	/System/Library/Frameworks/OpenGL.framework/Versions/A/Libraries/libGLImage.dylib
0x0000000006db4000 	/System/Library/Frameworks/OpenGL.framework/Versions/A/Libraries/libCVMSPluginSupport.dylib
0x0000000006db4000 	/System/Library/Frameworks/OpenGL.framework/Versions/A/Libraries/libCoreVMClient.dylib
0x0000000006db4000 	/usr/lib/libcups.2.dylib
0x0000000006db4000 	/System/Library/Frameworks/Kerberos.framework/Versions/A/Kerberos
0x0000000006db4000 	/System/Library/Frameworks/GSS.framework/Versions/A/GSS
0x0000000006db4000 	/usr/lib/libresolv.9.dylib
0x0000000006db4000 	/usr/lib/libiconv.2.dylib
0x0000000006db4000 	/System/Library/PrivateFrameworks/Heimdal.framework/Versions/A/Heimdal
0x0000000006db4000 	/usr/lib/libheimdal-asn1.dylib
0x0000000006db4000 	/System/Library/Frameworks/OpenDirectory.framework/Versions/A/OpenDirectory
0x0000000006db4000 	/System/Library/PrivateFrameworks/CommonAuth.framework/Versions/A/CommonAuth
0x0000000006db4000 	/System/Library/Frameworks/OpenDirectory.framework/Versions/A/Frameworks/CFOpenDirectory.framework/Versions/A/CFOpenDirectory
0x0000000006db4000 	/System/Library/Frameworks/SecurityFoundation.framework/Versions/A/SecurityFoundation
0x0000000006db4000 	/System/Library/PrivateFrameworks/LanguageModeling.framework/Versions/A/LanguageModeling
0x0000000006db4000 	/usr/lib/libcmph.dylib
0x0000000006db4000 	/System/Library/Frameworks/ServiceManagement.framework/Versions/A/ServiceManagement
0x0000000006db4000 	/usr/lib/libxslt.1.dylib
0x0000000006db4000 	/System/Library/Frameworks/Carbon.framework/Versions/A/Frameworks/Ink.framework/Versions/A/Ink
0x0000000006db4000 	/System/Library/Frameworks/QuartzCore.framework/Versions/A/Frameworks/CoreImage.framework/Versions/A/CoreImage
0x0000000006db4000 	/System/Library/PrivateFrameworks/CrashReporterSupport.framework/Versions/A/CrashReporterSupport
0x0000000006db4000 	/System/Library/Frameworks/OpenCL.framework/Versions/A/OpenCL
0x0000000006db4000 	/System/Library/PrivateFrameworks/FaceCore.framework/Versions/A/FaceCore
0x0000000006db4000 	/System/Library/PrivateFrameworks/Ubiquity.framework/Versions/A/Ubiquity
0x0000000006db4000 	/System/Library/PrivateFrameworks/IconServices.framework/Versions/A/IconServices
0x0000000006db4000 	/System/Library/PrivateFrameworks/ChunkingLibrary.framework/Versions/A/ChunkingLibrary
0x0000000006db4000 	/System/Library/PrivateFrameworks/Apple80211.framework/Versions/A/Apple80211
0x0000000006db4000 	/System/Library/Frameworks/CoreWLAN.framework/Versions/A/CoreWLAN
0x0000000006db4000 	/System/Library/Frameworks/IOBluetooth.framework/Versions/A/IOBluetooth
0x0000000006db4000 	/System/Library/PrivateFrameworks/CoreWiFi.framework/Versions/A/CoreWiFi
0x0000000006db4000 	/System/Library/Frameworks/CoreBluetooth.framework/Versions/A/CoreBluetooth
0x0000000006db4000 	/System/Library/PrivateFrameworks/DebugSymbols.framework/Versions/A/DebugSymbols
0x0000000006db4000 	/System/Library/PrivateFrameworks/CoreSymbolication.framework/Versions/A/CoreSymbolication
0x0000000006db4000 	/System/Library/PrivateFrameworks/Symbolication.framework/Versions/A/Symbolication
0x0000000006db4000 	/System/Library/PrivateFrameworks/SpeechRecognitionCore.framework/Versions/A/SpeechRecognitionCore
0x0000000110a00000 	/Library/Java/JavaVirtualMachines/jdk1.8.0_131.jdk/Contents/Home/jre/lib/server/libjvm.dylib
0x0000000006db4000 	/usr/lib/libstdc++.6.dylib
0x000000010f9bd000 	/Library/Java/JavaVirtualMachines/jdk1.8.0_131.jdk/Contents/Home/jre/lib/libverify.dylib
0x000000010f9cb000 	/Library/Java/JavaVirtualMachines/jdk1.8.0_131.jdk/Contents/Home/jre/lib/libjava.dylib
0x0000000111aaf000 	/Library/Java/JavaVirtualMachines/jdk1.8.0_131.jdk/Contents/Home/jre/lib/libzip.dylib
0x000000012d690000 	/System/Library/Frameworks/JavaVM.framework/Frameworks/JavaRuntimeSupport.framework/JavaRuntimeSupport
0x000000012d6ab000 	/System/Library/Frameworks/JavaVM.framework/Versions/A/Frameworks/JavaNativeFoundation.framework/Versions/A/JavaNativeFoundation
0x000000012d6c0000 	/System/Library/Frameworks/JavaVM.framework/Versions/A/JavaVM
0x0000000006db4000 	/System/Library/Frameworks/Carbon.framework/Versions/A/Carbon
0x000000012d6cd000 	/System/Library/PrivateFrameworks/JavaLaunching.framework/Versions/A/JavaLaunching
0x0000000006db4000 	/System/Library/Frameworks/Carbon.framework/Versions/A/Frameworks/CommonPanels.framework/Versions/A/CommonPanels
0x0000000006db4000 	/System/Library/Frameworks/Carbon.framework/Versions/A/Frameworks/Help.framework/Versions/A/Help
0x0000000006db4000 	/System/Library/Frameworks/Carbon.framework/Versions/A/Frameworks/ImageCapture.framework/Versions/A/ImageCapture
0x0000000006db4000 	/System/Library/Frameworks/Carbon.framework/Versions/A/Frameworks/OpenScripting.framework/Versions/A/OpenScripting
0x0000000006db4000 	/System/Library/Frameworks/Carbon.framework/Versions/A/Frameworks/Print.framework/Versions/A/Print
0x0000000006db4000 	/System/Library/Frameworks/Carbon.framework/Versions/A/Frameworks/SecurityHI.framework/Versions/A/SecurityHI
0x000000012f706000 	/Library/Java/JavaVirtualMachines/jdk1.8.0_131.jdk/Contents/Home/jre/lib/libawt.dylib
0x000000012f7ae000 	/Library/Java/JavaVirtualMachines/jdk1.8.0_131.jdk/Contents/Home/jre/lib/./libmlib_image.dylib
0x000000012f87a000 	/Library/Java/JavaVirtualMachines/jdk1.8.0_131.jdk/Contents/Home/jre/lib/libawt_lwawt.dylib
0x000000012f931000 	/Library/Java/JavaVirtualMachines/jdk1.8.0_131.jdk/Contents/Home/jre/lib/./libosxapp.dylib
0x0000000006db4000 	/System/Library/Frameworks/ExceptionHandling.framework/Versions/A/ExceptionHandling
0x0000000006db4000 	/System/Library/PrivateFrameworks/CoreServicesInternal.framework/Versions/A/CoreServicesInternal
0x0000000006db4000 	/System/Library/PrivateFrameworks/CloudDocs.framework/Versions/A/CloudDocs
0x0000000006db4000 	/System/Library/PrivateFrameworks/CoreDuet.framework/Versions/A/CoreDuet
0x0000000006db4000 	/System/Library/Frameworks/CloudKit.framework/Versions/A/CloudKit
0x0000000006db4000 	/System/Library/PrivateFrameworks/ProtocolBuffer.framework/Versions/A/ProtocolBuffer
0x0000000006db4000 	/System/Library/PrivateFrameworks/CoreDuetDaemonProtocol.framework/Versions/A/CoreDuetDaemonProtocol
0x0000000006db4000 	/System/Library/PrivateFrameworks/CoreDuetDebugLogging.framework/Versions/A/CoreDuetDebugLogging
0x0000000006db4000 	/System/Library/PrivateFrameworks/MMCS.framework/Versions/A/MMCS
0x0000000006db4000 	/System/Library/Frameworks/CoreLocation.framework/Versions/A/CoreLocation
0x0000000006db4000 	/System/Library/PrivateFrameworks/ProtectedCloudStorage.framework/Versions/A/ProtectedCloudStorage
0x0000000006db4000 	/System/Library/PrivateFrameworks/GeoServices.framework/Versions/A/GeoServices
0x0000000006db4000 	/System/Library/Frameworks/CoreGraphics.framework/Versions/A/Resources/libCGCMS.A.dylib
0x0000000006db4000 	/System/Library/Frameworks/CoreGraphics.framework/Versions/A/Resources/libRIP.A.dylib
0x0000000006db4000 	/System/Library/Frameworks/CoreGraphics.framework/Versions/A/Resources/libCGXType.A.dylib
0x0000000006db4000 	/System/Library/Frameworks/OpenCL.framework/Versions/A/Libraries/libcldcpuengine.dylib
0x0000000006db4000 	/System/Library/PrivateFrameworks/DiskImages.framework/Versions/A/DiskImages
0x0000000006db4000 	/System/Library/Frameworks/DiscRecording.framework/Versions/A/DiscRecording
0x0000000006db4000 	/usr/lib/libcsfde.dylib
0x0000000006db4000 	/usr/lib/libcurl.4.dylib
0x0000000006db4000 	/System/Library/PrivateFrameworks/MediaKit.framework/Versions/A/MediaKit
0x0000000006db4000 	/usr/lib/libCoreStorage.dylib
0x0000000006db4000 	/System/Library/PrivateFrameworks/EFILogin.framework/Versions/A/EFILogin
0x0000000006db4000 	/usr/lib/libutil.dylib
0x0000000006db4000 	/System/Library/PrivateFrameworks/FindMyDevice.framework/Versions/A/FindMyDevice
0x0000000006db4000 	/System/Library/Frameworks/LDAP.framework/Versions/A/LDAP
0x0000000006db4000 	/usr/lib/libsasl2.2.dylib
0x0000000006db4000 	/System/Library/PrivateFrameworks/CoreDaemon.framework/Versions/B/CoreDaemon
0x0000000006db4000 	/usr/lib/libcrypto.0.9.8.dylib
0x0000000006db4000 	/System/Library/PrivateFrameworks/AppleSRP.framework/Versions/A/AppleSRP
0x0000000006db4000 	/System/Library/PrivateFrameworks/TrustEvaluationAgent.framework/Versions/A/TrustEvaluationAgent
0x0000000132aaa000 	cl_kernels
0x0000000132aac000 	/System/Library/Frameworks/OpenCL.framework/Versions/A/Libraries/ImageFormats/unorm8_bgra.dylib
0x0000000132a9c000 	cl_kernels
0x0000000006db4000 	/System/Library/PrivateFrameworks/FamilyControls.framework/Versions/A/FamilyControls
0x0000000006db4000 	/System/Library/PrivateFrameworks/CommerceKit.framework/Versions/A/Frameworks/CommerceCore.framework/Versions/A/CommerceCore
0x0000000006db4000 	/System/Library/PrivateFrameworks/SystemAdministration.framework/Versions/A/SystemAdministration
0x0000000006db4000 	/System/Library/PrivateFrameworks/AppContainer.framework/Versions/A/AppContainer
0x0000000006db4000 	/System/Library/PrivateFrameworks/SecCodeWrapper.framework/Versions/A/SecCodeWrapper
0x0000000006db4000 	/System/Library/Frameworks/DirectoryService.framework/Versions/A/DirectoryService
0x0000000006db4000 	/System/Library/PrivateFrameworks/LoginUIKit.framework/Versions/A/Frameworks/LoginUICore.framework/Versions/A/LoginUICore
0x0000000006db4000 	/usr/lib/libodfde.dylib
0x000000013410b000 	/System/Library/Frameworks/OpenGL.framework/Resources/GLEngine.bundle/GLEngine
0x0000000006db4000 	/System/Library/Frameworks/OpenGL.framework/Versions/A/Libraries/libGLProgrammability.dylib
0x00000001342f6000 	/System/Library/Extensions/AppleIntelHD5000GraphicsGLDriver.bundle/Contents/MacOS/AppleIntelHD5000GraphicsGLDriver
0x0000000006db4000 	/System/Library/PrivateFrameworks/IOAccelerator.framework/Versions/A/IOAccelerator
0x0000000006db4000 	/System/Library/PrivateFrameworks/GPUSupport.framework/Versions/A/Libraries/libGPUSupportMercury.dylib
0x0000000006db4000 	/System/Library/Frameworks/OpenGL.framework/Versions/A/Resources/GLRendererFloat.bundle/GLRendererFloat
0x00000001357f8000 	/Library/Java/JavaVirtualMachines/jdk1.8.0_131.jdk/Contents/Home/jre/lib/libfontmanager.dylib
0x0000000136b86000 	/Library/Java/JavaVirtualMachines/jdk1.8.0_131.jdk/Contents/Home/jre/lib/libosxui.dylib
0x0000000137756000 	/Library/Java/JavaVirtualMachines/jdk1.8.0_131.jdk/Contents/Home/jre/lib/libnet.dylib
0x0000000137959000 	/Library/Java/JavaVirtualMachines/jdk1.8.0_131.jdk/Contents/Home/jre/lib/libnio.dylib
0x0000000006db4000 	/System/Library/Frameworks/ApplicationServices.framework/Versions/A/Frameworks/ATS.framework/Versions/A/Resources/libTrueTypeScaler.dylib
0x000000019685a000 	/private/var/folders/dw/m8mh704j5bl04j2yy8ymkxzxqkj2k0/T/jogamp_0000/file_cache/jln4249502003391572359/jln6127136958126674832/libgluegen-rt.jnilib
0x0000000196856000 	/private/var/folders/dw/m8mh704j5bl04j2yy8ymkxzxqkj2k0/T/jogamp_0000/file_cache/jln4249502003391572359/jln6127136958126674832/libnativewindow_awt.jnilib
0x000000019685e000 	/Library/Java/JavaVirtualMachines/jdk1.8.0_131.jdk/Contents/Home/jre/lib/libjawt.dylib
0x0000000196861000 	/private/var/folders/dw/m8mh704j5bl04j2yy8ymkxzxqkj2k0/T/jogamp_0000/file_cache/jln4249502003391572359/jln6127136958126674832/libnativewindow_macosx.jnilib
0x00000001969e0000 	/private/var/folders/dw/m8mh704j5bl04j2yy8ymkxzxqkj2k0/T/jogamp_0000/file_cache/jln4249502003391572359/jln6127136958126674832/libjogl_desktop.jnilib
0x0000000136479000 	/Library/Java/JavaVirtualMachines/jdk1.8.0_131.jdk/Contents/Home/jre/lib/libt2k.dylib

VM Arguments:
jvm_args: -Djava.security.policy=java.policy.applet -Dfile.encoding=UTF-8 
java_command: sun.applet.AppletViewer module4.EarthquakeCityMap1493824098283.html
java_class_path (initial): /Users/dpei/Documents/workspace/UCSDUnfoldingMaps/build:/Users/dpei/Documents/workspace/UCSDUnfoldingMaps/lib/core.jar:/Users/dpei/Documents/workspace/UCSDUnfoldingMaps/lib/gluegen-rt.jar:/Users/dpei/Documents/workspace/UCSDUnfoldingMaps/lib/jogl-all.jar:/Users/dpei/Documents/workspace/UCSDUnfoldingMaps/lib/log4j-1.2.15.jar:/Users/dpei/Documents/workspace/UCSDUnfoldingMaps/lib/sqlite-jdbc-3.7.2.jar:/Users/dpei/Documents/workspace/UCSDUnfoldingMaps/lib/json4processing.jar:/Users/dpei/Documents/workspace/UCSDUnfoldingMaps/lib/libTUIO.jar:/Users/dpei/Documents/workspace/UCSDUnfoldingMaps/lib/unfolding.0.9.7-uscd.jar
Launcher Type: SUN_STANDARD

Environment Variables:
PATH=/usr/bin:/bin:/usr/sbin:/sbin
SHELL=/bin/bash

Signal Handlers:
SIGSEGV: [libjvm.dylib+0x5b1eb1], sa_mask[0]=11111111011111110111111111111111, sa_flags=SA_ONSTACK|SA_RESTART|SA_SIGINFO
SIGBUS: [libjvm.dylib+0x5b1eb1], sa_mask[0]=11111111011111110111111111111111, sa_flags=SA_RESTART|SA_SIGINFO
SIGFPE: [libjvm.dylib+0x488988], sa_mask[0]=11111111011111110111111111111111, sa_flags=SA_RESTART|SA_SIGINFO
SIGPIPE: [libjvm.dylib+0x488988], sa_mask[0]=11111111011111110111111111111111, sa_flags=SA_RESTART|SA_SIGINFO
SIGXFSZ: [libjvm.dylib+0x488988], sa_mask[0]=11111111011111110111111111111111, sa_flags=SA_RESTART|SA_SIGINFO
SIGILL: [libjvm.dylib+0x488988], sa_mask[0]=11111111011111110111111111111111, sa_flags=SA_RESTART|SA_SIGINFO
SIGUSR1: SIG_DFL, sa_mask[0]=00000000000000000000000000000000, sa_flags=none
SIGUSR2: [libjvm.dylib+0x4884a6], sa_mask[0]=00100000000000000000000000000000, sa_flags=SA_RESTART|SA_SIGINFO
SIGHUP: [libjvm.dylib+0x486a7d], sa_mask[0]=11111111011111110111111111111111, sa_flags=SA_RESTART|SA_SIGINFO
SIGINT: [libjvm.dylib+0x486a7d], sa_mask[0]=11111111011111110111111111111111, sa_flags=SA_RESTART|SA_SIGINFO
SIGTERM: [libjvm.dylib+0x486a7d], sa_mask[0]=11111111011111110111111111111111, sa_flags=SA_RESTART|SA_SIGINFO
SIGQUIT: [libjvm.dylib+0x486a7d], sa_mask[0]=11111111011111110111111111111111, sa_flags=SA_RESTART|SA_SIGINFO


---------------  S Y S T E M  ---------------

OS:Bsduname:Darwin 14.5.0 Darwin Kernel Version 14.5.0: Sun Sep 25 22:07:15 PDT 2016; root:xnu-2782.50.9~1/RELEASE_X86_64 x86_64
rlimit: STACK 8192k, CORE 0k, NPROC 709, NOFILE 10240, AS infinity
load average:2.50 1.94 1.90

CPU:total 8 (initial active 8) (4 cores per cpu, 2 threads per core) family 6 model 70 stepping 1, cmov, cx8, fxsr, mmx, sse, sse2, sse3, ssse3, sse4.1, sse4.2, popcnt, avx, avx2, aes, clmul, erms, lzcnt, ht, tsc, tscinvbit, bmi1, bmi2

Memory: 4k page, physical 16777216k(142340k free)

/proc/meminfo:


vm_info: Java HotSpot(TM) 64-Bit Server VM (25.131-b11) for bsd-amd64 JRE (1.8.0_131-b11), built on Mar 15 2017 01:32:22 by "java_re" with gcc 4.2.1 (Based on Apple Inc. build 5658) (LLVM build 2336.11.00)

time: Wed May  3 10:09:19 2017
elapsed time: 61 seconds (0d 0h 1m 1s)

