#
# A fatal error has been detected by the Java Runtime Environment:
#
#  SIGSEGV (0xb) at pc=0x00007fff8f4700dd, pid=11607, tid=0x0000000000000713
#
# JRE version: Java(TM) SE Runtime Environment (8.0_131-b11) (build 1.8.0_131-b11)
# Java VM: Java HotSpot(TM) 64-Bit Server VM (25.131-b11 mixed mode bsd-amd64 compressed oops)
# Problematic frame:
# C  [libobjc.A.dylib+0x10dd]  objc_msgSend+0x1d
#
# Failed to write core dump. Core dumps have been disabled. To enable core dumping, try "ulimit -c unlimited" before starting Java again
#
# If you would like to submit a bug report, please visit:
#   http://bugreport.java.com/bugreport/crash.jsp
# The crash happened outside the Java Virtual Machine in native code.
# See problematic frame for where to report the bug.
#

---------------  T H R E A D  ---------------

Current thread (0x00007fd0d305c800):  JavaThread "AWT-AppKit" daemon [_thread_in_native, id=1811, stack(0x00007fff5b854000,0x00007fff5c054000)]

siginfo: si_signo: 11 (SIGSEGV), si_code: 1 (SEGV_MAPERR), si_addr: 0x0000000000000018

Registers:
RAX=0x00007fd0d255d460, RBX=0x0000000183b70450, RCX=0x0000000123819400, RDX=0x0000000124782fc0
RSP=0x00007fff5c04f438, RBP=0x00007fff5c04f4f0, RSI=0x00007fff8aebf40f, RDI=0x00007fd0d74c2a30
R8 =0x0000000000000000, R9 =0x0000000000000f50, R10=0x00007fff8aebf40f, R11=0x0000000000000000
R12=0x0000000000000000, R13=0x0000000187e7b460, R14=0x0000000183b70440, R15=0x00007fd0d305c800
RIP=0x00007fff8f4700dd, EFLAGS=0x0000000000010246, ERR=0x0000000000000004
  TRAPNO=0x000000000000000e

Top of Stack: (sp=0x00007fff5c04f438)
0x00007fff5c04f438:   0000000183b6e157 00007fff5c04f490
0x00007fff5c04f448:   0000000000000003 00007fff5c04f470
0x00007fff5c04f458:   00000001047f36d2 0000000187e7b460
0x00007fff5c04f468:   0000000187e7b460 00007fd0d255d460
0x00007fff5c04f478:   0000000183b706a0 0000000183b70710
0x00007fff5c04f488:   00007fff7704c550 00007fff76aacc80
0x00007fff5c04f498:   0000000183b70450 0000000183b70690
0x00007fff5c04f4a8:   00007fd0d255d460 00007fd0d74c2a30
0x00007fff5c04f4b8:   00007fd0d265dc30 00007fd0d255d460
0x00007fff5c04f4c8:   00007fd0d74c2a30 00007fff5c04f578
0x00007fff5c04f4d8:   00007fd0d305c9f8 0000000187e7b460
0x00007fff5c04f4e8:   00007fff5c04f5a0 00007fff5c04f568
0x00007fff5c04f4f8:   00000001055ef9f4 0000000187e7b460
0x00007fff5c04f508:   00007fff5c04f5a0 00007fff5c04f568
0x00007fff5c04f518:   00000001055ef787 00000001055ef742
0x00007fff5c04f528:   00007fff5c04f528 0000000187e7b460
0x00007fff5c04f538:   00007fff5c04f5a0 0000000187e7e098
0x00007fff5c04f548:   0000000000000000 0000000187e7b460
0x00007fff5c04f558:   0000000000000000 00007fff5c04f588
0x00007fff5c04f568:   00007fff5c04f5e8 00000001055e02bd
0x00007fff5c04f578:   0000000741007870 00000001055e9538
0x00007fff5c04f588:   00007fd0d255d460 00007fff5c04f5e8
0x00007fff5c04f598:   00007fd0d74c2a30 00000001055eae02
0x00007fff5c04f5a8:   00007fff5c04f5a8 0000000187e7b62a
0x00007fff5c04f5b8:   00007fff5c04f610 0000000187e7e098
0x00007fff5c04f5c8:   0000000000000000 0000000187e7b638
0x00007fff5c04f5d8:   00007fff5c04f588 00007fff5c04f5f8
0x00007fff5c04f5e8:   00007fff5c04f658 00000001055e02bd
0x00007fff5c04f5f8:   00007fd0d255d460 0000000740be45a0
0x00007fff5c04f608:   00007fd0d74c2a30 0000000740be45a0
0x00007fff5c04f618:   00007fff5c04f618 000000018c7063b6
0x00007fff5c04f628:   00007fff5c04f668 000000018c706470 

Instructions: (pc=0x00007fff8f4700dd)
0x00007fff8f4700bd:   00 00 00 48 85 ff 2e 74 7a 40 f6 c7 01 2e 75 7e
0x00007fff8f4700cd:   49 bb f8 ff ff ff ff 7f 00 00 4c 23 1f 49 89 f2
0x00007fff8f4700dd:   45 23 53 18 49 c1 e2 04 4d 03 53 10 49 3b 32 75
0x00007fff8f4700ed:   04 41 ff 62 08 49 83 3a 00 74 6a 4d 3b 53 10 74 

Register to memory mapping:

RAX=0x00007fd0d255d460 is an unknown value
RBX=0x0000000183b70450: Java_jogamp_nativewindow_macosx_OSXUtil_GetScreenRefreshRate0+0x1cf0 in /private/var/folders/1w/_vhdnh917gsgl0z3c94cp27w0000gn/T/jogamp_0000/file_cache/jln3051335331437654906/jln718814259325715640/libnativewindow_macosx.jnilib at 0x0000000183b69000
RCX=0x0000000123819400 is an unknown value
RDX=0x0000000124782fc0 is an unknown value
RSP=0x00007fff5c04f438 is pointing into the stack for thread: 0x00007fd0d305c800
RBP=0x00007fff5c04f4f0 is pointing into the stack for thread: 0x00007fd0d305c800
RSI=0x00007fff8aebf40f is an unknown value
RDI=0x00007fd0d74c2a30 is an unknown value
R8 =0x0000000000000000 is an unknown value
R9 =0x0000000000000f50 is an unknown value
R10=0x00007fff8aebf40f is an unknown value
R11=0x0000000000000000 is an unknown value
R12=0x0000000000000000 is an unknown value
R13={method} {0x0000000187e7b460} 'UnsetJAWTRootSurfaceLayer0' '(JJ)V' in 'jogamp/nativewindow/jawt/macosx/MacOSXJAWTWindow'
R14=0x0000000183b70440: Java_jogamp_nativewindow_macosx_OSXUtil_GetScreenRefreshRate0+0x1ce0 in /private/var/folders/1w/_vhdnh917gsgl0z3c94cp27w0000gn/T/jogamp_0000/file_cache/jln3051335331437654906/jln718814259325715640/libnativewindow_macosx.jnilib at 0x0000000183b69000
R15=0x00007fd0d305c800 is a thread


Stack: [0x00007fff5b854000,0x00007fff5c054000],  sp=0x00007fff5c04f438,  free space=8173k
Native frames: (J=compiled Java code, j=interpreted, Vv=VM code, C=native code)
C  [libobjc.A.dylib+0x10dd]  objc_msgSend+0x1d
j  jogamp.nativewindow.jawt.macosx.MacOSXJAWTWindow.UnsetJAWTRootSurfaceLayer0(JJ)V+0
j  jogamp.nativewindow.jawt.macosx.MacOSXJAWTWindow.access$200(JJ)V+2
j  jogamp.nativewindow.jawt.macosx.MacOSXJAWTWindow$1.run()V+38
J 2976 C1 com.jogamp.common.util.RunnableTask.run()V (345 bytes) @ 0x0000000105fab134 [0x0000000105faafa0+0x194]
v  ~StubRoutines::call_stub
V  [libjvm.dylib+0x2ee5b6]
V  [libjvm.dylib+0x325765]
V  [libjvm.dylib+0x317f33]
C  [libnativewindow_macosx.jnilib+0x5326]  Java_jogamp_nativewindow_jawt_macosx_MacOSXJAWTWindow_UnsetJAWTRootSurfaceLayer0+0x2b6
C  [Foundation+0x92dd0]  __NSThreadPerformPerform+0x125
C  [CoreFoundation+0x80a01]  __CFRUNLOOP_IS_CALLING_OUT_TO_A_SOURCE0_PERFORM_FUNCTION__+0x11
C  [CoreFoundation+0x72c5c]  __CFRunLoopDoSources0+0x1dc
C  [CoreFoundation+0x721bf]  __CFRunLoopRun+0x39f
C  [CoreFoundation+0x71bd8]  CFRunLoopRunSpecific+0x128
C  [HIToolbox+0x3256f]  RunCurrentEventLoopInMode+0xeb
C  [HIToolbox+0x321ee]  ReceiveNextEventCommon+0xb3
C  [HIToolbox+0x3212b]  _BlockUntilNextEventMatchingListInModeWithFilter+0x47
C  [AppKit+0x918ab]  _DPSNextEvent+0x3d2
C  [AppKit+0x90e58]  -[NSApplication nextEventMatchingMask:untilDate:inMode:dequeue:]+0x15a
C  [libosxapp.dylib+0x23aa]  -[NSApplicationAWT nextEventMatchingMask:untilDate:inMode:dequeue:]+0x7c
C  [AppKit+0x86af3]  -[NSApplication run]+0x252
C  [libosxapp.dylib+0x214d]  +[NSApplicationAWT runAWTLoopWithApp:]+0x9c
C  [libawt_lwawt.dylib+0x45edf]  -[AWTStarter starter:]+0x389
C  [Foundation+0x92dd0]  __NSThreadPerformPerform+0x125
C  [CoreFoundation+0x80a01]  __CFRUNLOOP_IS_CALLING_OUT_TO_A_SOURCE0_PERFORM_FUNCTION__+0x11
C  [CoreFoundation+0x72b8d]  __CFRunLoopDoSources0+0x10d
C  [CoreFoundation+0x721bf]  __CFRunLoopRun+0x39f
C  [CoreFoundation+0x71bd8]  CFRunLoopRunSpecific+0x128
C  [java+0x6465]  CreateExecutionEnvironment+0x367
C  [java+0x218c]  JLI_Launch+0x7a0
C  [java+0x84c2]  main+0x65
C  [java+0x19e4]  start+0x34
C  0x0000000000000007

Java frames: (J=compiled Java code, j=interpreted, Vv=VM code)
j  jogamp.nativewindow.jawt.macosx.MacOSXJAWTWindow.UnsetJAWTRootSurfaceLayer0(JJ)V+0
j  jogamp.nativewindow.jawt.macosx.MacOSXJAWTWindow.access$200(JJ)V+2
j  jogamp.nativewindow.jawt.macosx.MacOSXJAWTWindow$1.run()V+38
J 2976 C1 com.jogamp.common.util.RunnableTask.run()V (345 bytes) @ 0x0000000105fab134 [0x0000000105faafa0+0x194]
v  ~StubRoutines::call_stub

---------------  P R O C E S S  ---------------

Java Threads: ( => current thread )
  0x00007fd0c70f7000 JavaThread "Thread-98" [_thread_blocked, id=13127, stack(0x000000018e7fd000,0x000000018e8fd000)]
  0x00007fd0d3993000 JavaThread "AWT-EventQueue-1" [_thread_in_native, id=57383, stack(0x00000001845ee000,0x00000001846ee000)]
  0x00007fd0d4002000 JavaThread "DestroyJavaVM" [_thread_blocked, id=4867, stack(0x0000000103cc3000,0x0000000103dc3000)]
  0x00007fd0d392d000 JavaThread "AWT-EventQueue-0" [_thread_blocked, id=52239, stack(0x000000012480e000,0x000000012490e000)]
  0x00007fd0d4135000 JavaThread "Java2D Disposer" daemon [_thread_blocked, id=51471, stack(0x000000012312f000,0x000000012322f000)]
  0x00007fd0d392a800 JavaThread "Java2D Queue Flusher" daemon [_thread_blocked, id=48659, stack(0x0000000121f13000,0x0000000122013000)]
  0x00007fd0d3917000 JavaThread "AWT-Shutdown" [_thread_blocked, id=28435, stack(0x000000011f05d000,0x000000011f15d000)]
=>0x00007fd0d305c800 JavaThread "AWT-AppKit" daemon [_thread_in_native, id=1811, stack(0x00007fff5b854000,0x00007fff5c054000)]
  0x00007fd0d3004800 JavaThread "Service Thread" daemon [_thread_blocked, id=18179, stack(0x000000011d370000,0x000000011d470000)]
  0x00007fd0d301e000 JavaThread "C1 CompilerThread2" daemon [_thread_blocked, id=17667, stack(0x000000011d26d000,0x000000011d36d000)]
  0x00007fd0d301d000 JavaThread "C2 CompilerThread1" daemon [_thread_blocked, id=17155, stack(0x000000011d16a000,0x000000011d26a000)]
  0x00007fd0d301b800 JavaThread "C2 CompilerThread0" daemon [_thread_blocked, id=16643, stack(0x000000011d067000,0x000000011d167000)]
  0x00007fd0d301a800 JavaThread "Signal Dispatcher" daemon [_thread_blocked, id=12307, stack(0x000000011cf64000,0x000000011d064000)]
  0x00007fd0d3812800 JavaThread "Finalizer" daemon [_thread_blocked, id=11523, stack(0x000000011b54e000,0x000000011b64e000)]
  0x00007fd0d285a800 JavaThread "Reference Handler" daemon [_thread_blocked, id=11011, stack(0x000000011b44b000,0x000000011b54b000)]

Other Threads:
  0x00007fd0d2855800 VMThread [stack: 0x000000011b348000,0x000000011b448000] [id=10499]
  0x00007fd0d3819000 WatcherThread [stack: 0x000000011d473000,0x000000011d573000] [id=18691]

VM state:not at safepoint (normal execution)

VM Mutex/Monitor currently owned by a thread: None

Heap:
 PSYoungGen      total 162816K, used 74488K [0x0000000795580000, 0x00000007a2180000, 0x00000007c0000000)
  eden space 145920K, 39% used [0x0000000795580000,0x0000000798de3cb0,0x000000079e400000)
  from space 16896K, 99% used [0x000000079e400000,0x000000079f45a598,0x000000079f480000)
  to   space 18944K, 0% used [0x00000007a0f00000,0x00000007a0f00000,0x00000007a2180000)
 ParOldGen       total 72192K, used 33929K [0x0000000740000000, 0x0000000744680000, 0x0000000795580000)
  object space 72192K, 46% used [0x0000000740000000,0x0000000742122470,0x0000000744680000)
 Metaspace       used 28329K, capacity 28657K, committed 29056K, reserved 1077248K
  class space    used 2228K, capacity 2310K, committed 2432K, reserved 1048576K

Card table byte_map: [0x0000000114998000,0x0000000114d99000] byte_map_base: 0x0000000110f98000

Marking Bits: (ParMarkBitMap*) 0x0000000104ef1ea0
 Begin Bits: [0x0000000115450000, 0x0000000117450000)
 End Bits:   [0x0000000117450000, 0x0000000119450000)

Polling page: 0x0000000103dd3000

CodeCache: size=245760Kb used=15363Kb max_used=15608Kb free=230397Kb
 bounds [0x00000001055d8000, 0x0000000106548000, 0x00000001145d8000]
 total_blobs=4259 nmethods=3335 adapters=837
 compilation: enabled

Compilation events (10 events):
Event: 44.958 Thread 0x00007fd0d301b800 3873       4       java.util.TimSort::countRunAndMakeAscending (128 bytes)
Event: 44.986 Thread 0x00007fd0d301b800 nmethod 3873 0x0000000105822450 code [0x00000001058226c0, 0x00000001058235c8]
Event: 45.343 Thread 0x00007fd0d301d000 3874       4       processing.opengl.PGraphicsOpenGL::endDraw (111 bytes)
Event: 45.472 Thread 0x00007fd0d301d000 nmethod 3874 0x0000000106530a50 code [0x0000000106531420, 0x00000001065359d8]
Event: 45.655 Thread 0x00007fd0d301e000 3875       3       java.util.HashMap::put (13 bytes)
Event: 45.655 Thread 0x00007fd0d301b800 3876       4       java.util.HashMap$KeyIterator::next (8 bytes)
Event: 45.656 Thread 0x00007fd0d301e000 nmethod 3875 0x000000010576dfd0 code [0x000000010576e160, 0x000000010576e518]
Event: 45.656 Thread 0x00007fd0d301e000 3877       1       sun.java2d.SurfaceData::isSurfaceLost (5 bytes)
Event: 45.657 Thread 0x00007fd0d301e000 nmethod 3877 0x0000000105801d10 code [0x0000000105801e60, 0x0000000105801f70]
Event: 45.660 Thread 0x00007fd0d301b800 nmethod 3876 0x0000000105c219d0 code [0x0000000105c21b20, 0x0000000105c21d38]

GC Heap History (10 events):
Event: 18.973 GC heap before
{Heap before GC invocations=8 (full 1):
 PSYoungGen      total 101376K, used 91752K [0x0000000795580000, 0x000000079d480000, 0x00000007c0000000)
  eden space 87040K, 100% used [0x0000000795580000,0x000000079aa80000,0x000000079aa80000)
  from space 14336K, 32% used [0x000000079b880000,0x000000079bd1a278,0x000000079c680000)
  to   space 14336K, 0% used [0x000000079aa80000,0x000000079aa80000,0x000000079b880000)
 ParOldGen       total 72192K, used 24688K [0x0000000740000000, 0x0000000744680000, 0x0000000795580000)
  object space 72192K, 34% used [0x0000000740000000,0x000000074181c230,0x0000000744680000)
 Metaspace       used 27940K, capacity 28273K, committed 28544K, reserved 1075200K
  class space    used 2220K, capacity 2310K, committed 2432K, reserved 1048576K
Event: 18.978 GC heap after
Heap after GC invocations=8 (full 1):
 PSYoungGen      total 101376K, used 5175K [0x0000000795580000, 0x000000079ed80000, 0x00000007c0000000)
  eden space 87040K, 0% used [0x0000000795580000,0x0000000795580000,0x000000079aa80000)
  from space 14336K, 36% used [0x000000079aa80000,0x000000079af8dd20,0x000000079b880000)
  to   space 14336K, 0% used [0x000000079df80000,0x000000079df80000,0x000000079ed80000)
 ParOldGen       total 72192K, used 24696K [0x0000000740000000, 0x0000000744680000, 0x0000000795580000)
  object space 72192K, 34% used [0x0000000740000000,0x000000074181e230,0x0000000744680000)
 Metaspace       used 27940K, capacity 28273K, committed 28544K, reserved 1075200K
  class space    used 2220K, capacity 2310K, committed 2432K, reserved 1048576K
}
Event: 22.951 GC heap before
{Heap before GC invocations=9 (full 1):
 PSYoungGen      total 101376K, used 92215K [0x0000000795580000, 0x000000079ed80000, 0x00000007c0000000)
  eden space 87040K, 100% used [0x0000000795580000,0x000000079aa80000,0x000000079aa80000)
  from space 14336K, 36% used [0x000000079aa80000,0x000000079af8dd20,0x000000079b880000)
  to   space 14336K, 0% used [0x000000079df80000,0x000000079df80000,0x000000079ed80000)
 ParOldGen       total 72192K, used 24696K [0x0000000740000000, 0x0000000744680000, 0x0000000795580000)
  object space 72192K, 34% used [0x0000000740000000,0x000000074181e230,0x0000000744680000)
 Metaspace       used 28038K, capacity 28401K, committed 28800K, reserved 1075200K
  class space    used 2220K, capacity 2310K, committed 2432K, reserved 1048576K
Event: 22.959 GC heap after
Heap after GC invocations=9 (full 1):
 PSYoungGen      total 131584K, used 9000K [0x0000000795580000, 0x000000079e880000, 0x00000007c0000000)
  eden space 122368K, 0% used [0x0000000795580000,0x0000000795580000,0x000000079cd00000)
  from space 9216K, 97% used [0x000000079df80000,0x000000079e84a3d8,0x000000079e880000)
  to   space 13824K, 0% used [0x000000079cd80000,0x000000079cd80000,0x000000079db00000)
 ParOldGen       total 72192K, used 24696K [0x0000000740000000, 0x0000000744680000, 0x0000000795580000)
  object space 72192K, 34% used [0x0000000740000000,0x000000074181e230,0x0000000744680000)
 Metaspace       used 28038K, capacity 28401K, committed 28800K, reserved 1075200K
  class space    used 2220K, capacity 2310K, committed 2432K, reserved 1048576K
}
Event: 28.026 GC heap before
{Heap before GC invocations=10 (full 1):
 PSYoungGen      total 131584K, used 131368K [0x0000000795580000, 0x000000079e880000, 0x00000007c0000000)
  eden space 122368K, 100% used [0x0000000795580000,0x000000079cd00000,0x000000079cd00000)
  from space 9216K, 97% used [0x000000079df80000,0x000000079e84a3d8,0x000000079e880000)
  to   space 13824K, 0% used [0x000000079cd80000,0x000000079cd80000,0x000000079db00000)
 ParOldGen       total 72192K, used 24696K [0x0000000740000000, 0x0000000744680000, 0x0000000795580000)
  object space 72192K, 34% used [0x0000000740000000,0x000000074181e230,0x0000000744680000)
 Metaspace       used 28100K, capacity 28401K, committed 28800K, reserved 1075200K
  class space    used 2220K, capacity 2310K, committed 2432K, reserved 1048576K
Event: 28.034 GC heap after
Heap after GC invocations=10 (full 1):
 PSYoungGen      total 136704K, used 11959K [0x0000000795580000, 0x00000007a0400000, 0x00000007c0000000)
  eden space 122880K, 0% used [0x0000000795580000,0x0000000795580000,0x000000079cd80000)
  from space 13824K, 86% used [0x000000079cd80000,0x000000079d92deb0,0x000000079db00000)
  to   space 14848K, 0% used [0x000000079f580000,0x000000079f580000,0x00000007a0400000)
 ParOldGen       total 72192K, used 24704K [0x0000000740000000, 0x0000000744680000, 0x0000000795580000)
  object space 72192K, 34% used [0x0000000740000000,0x0000000741820230,0x0000000744680000)
 Metaspace       used 28100K, capacity 28401K, committed 28800K, reserved 1075200K
  class space    used 2220K, capacity 2310K, committed 2432K, reserved 1048576K
}
Event: 35.257 GC heap before
{Heap before GC invocations=11 (full 1):
 PSYoungGen      total 136704K, used 134839K [0x0000000795580000, 0x00000007a0400000, 0x00000007c0000000)
  eden space 122880K, 100% used [0x0000000795580000,0x000000079cd80000,0x000000079cd80000)
  from space 13824K, 86% used [0x000000079cd80000,0x000000079d92deb0,0x000000079db00000)
  to   space 14848K, 0% used [0x000000079f580000,0x000000079f580000,0x00000007a0400000)
 ParOldGen       total 72192K, used 24704K [0x0000000740000000, 0x0000000744680000, 0x0000000795580000)
  object space 72192K, 34% used [0x0000000740000000,0x0000000741820230,0x0000000744680000)
 Metaspace       used 28143K, capacity 28465K, committed 28800K, reserved 1075200K
  class space    used 2220K, capacity 2310K, committed 2432K, reserved 1048576K
Event: 35.268 GC heap after
Heap after GC invocations=11 (full 1):
 PSYoungGen      total 160768K, used 14825K [0x0000000795580000, 0x00000007a0500000, 0x00000007c0000000)
  eden space 145920K, 0% used [0x0000000795580000,0x0000000795580000,0x000000079e400000)
  from space 14848K, 99% used [0x000000079f580000,0x00000007a03fa538,0x00000007a0400000)
  to   space 16896K, 0% used [0x000000079e400000,0x000000079e400000,0x000000079f480000)
 ParOldGen       total 72192K, used 24712K [0x0000000740000000, 0x0000000744680000, 0x0000000795580000)
  object space 72192K, 34% used [0x0000000740000000,0x0000000741822230,0x0000000744680000)
 Metaspace       used 28143K, capacity 28465K, committed 28800K, reserved 1075200K
  class space    used 2220K, capacity 2310K, committed 2432K, reserved 1048576K
}
Event: 41.743 GC heap before
{Heap before GC invocations=12 (full 1):
 PSYoungGen      total 160768K, used 160745K [0x0000000795580000, 0x00000007a0500000, 0x00000007c0000000)
  eden space 145920K, 100% used [0x0000000795580000,0x000000079e400000,0x000000079e400000)
  from space 14848K, 99% used [0x000000079f580000,0x00000007a03fa538,0x00000007a0400000)
  to   space 16896K, 0% used [0x000000079e400000,0x000000079e400000,0x000000079f480000)
 ParOldGen       total 72192K, used 24712K [0x0000000740000000, 0x0000000744680000, 0x0000000795580000)
  object space 72192K, 34% used [0x0000000740000000,0x0000000741822230,0x0000000744680000)
 Metaspace       used 28294K, capacity 28593K, committed 28800K, reserved 1075200K
  class space    used 2221K, capacity 2310K, committed 2432K, reserved 1048576K
Event: 41.758 GC heap after
Heap after GC invocations=12 (full 1):
 PSYoungGen      total 162816K, used 16745K [0x0000000795580000, 0x00000007a2180000, 0x00000007c0000000)
  eden space 145920K, 0% used [0x0000000795580000,0x0000000795580000,0x000000079e400000)
  from space 16896K, 99% used [0x000000079e400000,0x000000079f45a598,0x000000079f480000)
  to   space 18944K, 0% used [0x00000007a0f00000,0x00000007a0f00000,0x00000007a2180000)
 ParOldGen       total 72192K, used 33929K [0x0000000740000000, 0x0000000744680000, 0x0000000795580000)
  object space 72192K, 46% used [0x0000000740000000,0x0000000742122470,0x0000000744680000)
 Metaspace       used 28294K, capacity 28593K, committed 28800K, reserved 1075200K
  class space    used 2221K, capacity 2310K, committed 2432K, reserved 1048576K
}

Deoptimization events (10 events):
Event: 45.624 Thread 0x00007fd0d3993000 Uncommon trap: reason=unstable_if action=reinterpret pc=0x0000000105ef8268 method=com.jogamp.common.util.VersionNumber.compareTo(Lcom/jogamp/common/util/VersionNumber;)I @ 21
Event: 45.625 Thread 0x00007fd0d3993000 Uncommon trap: reason=unstable_if action=reinterpret pc=0x0000000105834088 method=java.awt.EventQueue.uncacheEQItem(Lsun/awt/EventQueueItem;)V @ 23
Event: 45.625 Thread 0x00007fd0d392b000 Uncommon trap: reason=unstable_if action=reinterpret pc=0x0000000106059894 method=java.security.AccessControlContext.combine([Ljava/security/ProtectionDomain;[Ljava/security/ProtectionDomain;)[Ljava/security/ProtectionDomain; @ 151
Event: 45.627 Thread 0x00007fd0d392d000 Uncommon trap: reason=unstable_if action=reinterpret pc=0x00000001065142f0 method=sun.java2d.pipe.Region.intersectsQuickCheck(Lsun/java2d/pipe/Region;)Z @ 41
Event: 45.627 Thread 0x00007fd0d392d000 Uncommon trap: reason=unstable_if action=reinterpret pc=0x0000000105d1688c method=java.awt.Font.equals(Ljava/lang/Object;)Z @ 2
Event: 45.655 Thread 0x00007fd0d392b000 Uncommon trap: reason=unstable_if action=reinterpret pc=0x0000000105ac33e8 method=java.util.HashMap.putVal(ILjava/lang/Object;Ljava/lang/Object;ZZ)Ljava/lang/Object; @ 81
Event: 45.655 Thread 0x00007fd0d392b000 Uncommon trap: reason=unstable_if action=reinterpret pc=0x0000000105ab4140 method=java.util.HashMap.putVal(ILjava/lang/Object;Ljava/lang/Object;ZZ)Ljava/lang/Object; @ 81
Event: 45.668 Thread 0x00007fd0d3993000 Uncommon trap: reason=unstable_if action=reinterpret pc=0x00000001064d5018 method=java.util.LinkedList$ListItr.<init>(Ljava/util/LinkedList;I)V @ 26
Event: 45.670 Thread 0x00007fd0d3993000 Uncommon trap: reason=unstable_if action=reinterpret pc=0x0000000105df5290 method=java.security.AccessControlContext.combine([Ljava/security/ProtectionDomain;[Ljava/security/ProtectionDomain;)[Ljava/security/ProtectionDomain; @ 151
Event: 45.672 Thread 0x00007fd0c70f7000 Uncommon trap: reason=predicate action=maybe_recompile pc=0x0000000105d53bd0 method=java.util.Vector.indexOf(Ljava/lang/Object;I)I @ 44

Internal exceptions (10 events):
Event: 0.784 Thread 0x00007fd0d4002000 Exception <a 'java/io/FileNotFoundException'> (0x000000079585e210) thrown at [/Users/java_re/workspace/8-2-build-macosx-x86_64/jdk8u131/8869/hotspot/src/share/vm/prims/jni.cpp, line 709]
Event: 0.784 Thread 0x00007fd0d4002000 Exception <a 'java/io/FileNotFoundException'> (0x000000079585ed80) thrown at [/Users/java_re/workspace/8-2-build-macosx-x86_64/jdk8u131/8869/hotspot/src/share/vm/prims/jni.cpp, line 709]
Event: 0.946 Thread 0x00007fd0d4002000 Exception <a 'java/io/FileNotFoundException'> (0x000000079599eaf0) thrown at [/Users/java_re/workspace/8-2-build-macosx-x86_64/jdk8u131/8869/hotspot/src/share/vm/prims/jni.cpp, line 709]
Event: 2.824 Thread 0x00007fd0d33c1000 Exception <a 'java/lang/UnsatisfiedLinkError': com.jogamp.common.util.JarUtil.fixNativeLibAttribs(Ljava/lang/String;)Z> (0x0000000796c58038) thrown at [/Users/java_re/workspace/8-2-build-macosx-x86_64/jdk8u131/8869/hotspot/src/share/vm/prims/nativeLookup.
Event: 3.139 Thread 0x00007fd0d3812800 Exception <a 'java/lang/NullPointerException'> (0x0000000795749148) thrown at [/Users/java_re/workspace/8-2-build-macosx-x86_64/jdk8u131/8869/hotspot/src/share/vm/interpreter/linkResolver.cpp, line 1197]
Event: 4.119 Thread 0x00007fd0d3993000 Exception <a 'java/io/FileNotFoundException'> (0x0000000796145758) thrown at [/Users/java_re/workspace/8-2-build-macosx-x86_64/jdk8u131/8869/hotspot/src/share/vm/prims/jni.cpp, line 709]
Event: 4.120 Thread 0x00007fd0d3993000 Exception <a 'java/io/FileNotFoundException'> (0x000000079614d1a8) thrown at [/Users/java_re/workspace/8-2-build-macosx-x86_64/jdk8u131/8869/hotspot/src/share/vm/prims/jni.cpp, line 709]
Event: 4.120 Thread 0x00007fd0d3993000 Implicit null exception at 0x00000001057c6936 to 0x00000001057c6d05
Event: 5.154 Thread 0x00007fd0d3993000 Implicit null exception at 0x00000001059b2646 to 0x00000001059b288d
Event: 5.216 Thread 0x00007fd0d2894800 Implicit null exception at 0x00000001057cd2b5 to 0x00000001057cd679

Events (10 events):
Event: 45.670 Executing VM operation: Deoptimize
Event: 45.671 Executing VM operation: Deoptimize done
Event: 45.671 loading class java/awt/Toolkit$ToolkitEventMulticaster
Event: 45.671 loading class java/awt/Toolkit$ToolkitEventMulticaster done
Event: 45.672 Thread 0x00007fd0d392b000 Thread exited: 0x00007fd0d392b000
Event: 45.672 Thread 0x00007fd0c70f7000 Uncommon trap: trap_request=0xffffff86 fr.pc=0x0000000105d53bd0
Event: 45.672 Thread 0x00007fd0c70f7000 DEOPT PACKING pc=0x0000000105d53bd0 sp=0x000000018e8fc770
Event: 45.672 Thread 0x00007fd0c70f7000 DEOPT UNPACKING pc=0x00000001055dd229 sp=0x000000018e8fc748 mode 2
Event: 45.672 loading class java/awt/Window$1DisposeAction
Event: 45.672 loading class java/awt/Window$1DisposeAction done


Dynamic libraries:
0x0000000004bff000 	/System/Library/Frameworks/Cocoa.framework/Versions/A/Cocoa
0x0000000004bff000 	/System/Library/Frameworks/Security.framework/Versions/A/Security
0x0000000004bff000 	/System/Library/Frameworks/ApplicationServices.framework/Versions/A/ApplicationServices
0x0000000004bff000 	/usr/lib/libz.1.dylib
0x0000000004bff000 	/usr/lib/libSystem.B.dylib
0x0000000004bff000 	/usr/lib/libobjc.A.dylib
0x0000000004bff000 	/System/Library/Frameworks/CoreFoundation.framework/Versions/A/CoreFoundation
0x0000000004bff000 	/System/Library/Frameworks/Foundation.framework/Versions/C/Foundation
0x0000000004bff000 	/System/Library/Frameworks/AppKit.framework/Versions/C/AppKit
0x0000000004bff000 	/System/Library/Frameworks/CoreData.framework/Versions/A/CoreData
0x0000000004bff000 	/System/Library/PrivateFrameworks/RemoteViewServices.framework/Versions/A/RemoteViewServices
0x0000000004bff000 	/System/Library/PrivateFrameworks/UIFoundation.framework/Versions/A/UIFoundation
0x0000000004bff000 	/System/Library/Frameworks/IOSurface.framework/Versions/A/IOSurface
0x0000000004bff000 	/System/Library/Frameworks/AudioToolbox.framework/Versions/A/AudioToolbox
0x0000000004bff000 	/System/Library/Frameworks/AudioUnit.framework/Versions/A/AudioUnit
0x0000000004bff000 	/System/Library/PrivateFrameworks/DataDetectorsCore.framework/Versions/A/DataDetectorsCore
0x0000000004bff000 	/System/Library/PrivateFrameworks/DesktopServicesPriv.framework/Versions/A/DesktopServicesPriv
0x0000000004bff000 	/System/Library/Frameworks/Carbon.framework/Versions/A/Frameworks/HIToolbox.framework/Versions/A/HIToolbox
0x0000000004bff000 	/System/Library/Frameworks/QuartzCore.framework/Versions/A/QuartzCore
0x0000000004bff000 	/System/Library/Frameworks/Carbon.framework/Versions/A/Frameworks/SpeechRecognition.framework/Versions/A/SpeechRecognition
0x0000000004bff000 	/usr/lib/libauto.dylib
0x0000000004bff000 	/usr/lib/libicucore.A.dylib
0x0000000004bff000 	/usr/lib/libxml2.2.dylib
0x0000000004bff000 	/System/Library/PrivateFrameworks/CoreUI.framework/Versions/A/CoreUI
0x0000000004bff000 	/System/Library/Frameworks/CoreAudio.framework/Versions/A/CoreAudio
0x0000000004bff000 	/System/Library/Frameworks/DiskArbitration.framework/Versions/A/DiskArbitration
0x0000000004bff000 	/usr/lib/liblangid.dylib
0x0000000004bff000 	/System/Library/PrivateFrameworks/MultitouchSupport.framework/Versions/A/MultitouchSupport
0x0000000004bff000 	/System/Library/Frameworks/IOKit.framework/Versions/A/IOKit
0x0000000004bff000 	/usr/lib/libDiagnosticMessagesClient.dylib
0x0000000004bff000 	/System/Library/Frameworks/CoreServices.framework/Versions/A/CoreServices
0x0000000004bff000 	/System/Library/PrivateFrameworks/PerformanceAnalysis.framework/Versions/A/PerformanceAnalysis
0x0000000004bff000 	/System/Library/PrivateFrameworks/GenerationalStorage.framework/Versions/A/GenerationalStorage
0x0000000004bff000 	/System/Library/Frameworks/OpenGL.framework/Versions/A/OpenGL
0x0000000004bff000 	/System/Library/PrivateFrameworks/Sharing.framework/Versions/A/Sharing
0x0000000004bff000 	/System/Library/Frameworks/CoreGraphics.framework/Versions/A/CoreGraphics
0x0000000004bff000 	/System/Library/Frameworks/CoreText.framework/Versions/A/CoreText
0x0000000004bff000 	/System/Library/Frameworks/ImageIO.framework/Versions/A/ImageIO
0x0000000004bff000 	/usr/lib/libextension.dylib
0x0000000004bff000 	/System/Library/PrivateFrameworks/Backup.framework/Versions/A/Backup
0x0000000004bff000 	/usr/lib/libarchive.2.dylib
0x0000000004bff000 	/System/Library/Frameworks/CFNetwork.framework/Versions/A/CFNetwork
0x0000000004bff000 	/System/Library/Frameworks/SystemConfiguration.framework/Versions/A/SystemConfiguration
0x0000000004bff000 	/usr/lib/libCRFSuite.dylib
0x0000000004bff000 	/usr/lib/libc++.1.dylib
0x0000000004bff000 	/usr/lib/libc++abi.dylib
0x0000000004bff000 	/usr/lib/system/libcache.dylib
0x0000000004bff000 	/usr/lib/system/libcommonCrypto.dylib
0x0000000004bff000 	/usr/lib/system/libcompiler_rt.dylib
0x0000000004bff000 	/usr/lib/system/libcopyfile.dylib
0x0000000004bff000 	/usr/lib/system/libcorecrypto.dylib
0x0000000004bff000 	/usr/lib/system/libdispatch.dylib
0x0000000004bff000 	/usr/lib/system/libdyld.dylib
0x0000000004bff000 	/usr/lib/system/libkeymgr.dylib
0x0000000004bff000 	/usr/lib/system/liblaunch.dylib
0x0000000004bff000 	/usr/lib/system/libmacho.dylib
0x0000000004bff000 	/usr/lib/system/libquarantine.dylib
0x0000000004bff000 	/usr/lib/system/libremovefile.dylib
0x0000000004bff000 	/usr/lib/system/libsystem_asl.dylib
0x0000000004bff000 	/usr/lib/system/libsystem_blocks.dylib
0x0000000004bff000 	/usr/lib/system/libsystem_c.dylib
0x0000000004bff000 	/usr/lib/system/libsystem_configuration.dylib
0x0000000004bff000 	/usr/lib/system/libsystem_coreservices.dylib
0x0000000004bff000 	/usr/lib/system/libsystem_coretls.dylib
0x0000000004bff000 	/usr/lib/system/libsystem_dnssd.dylib
0x0000000004bff000 	/usr/lib/system/libsystem_info.dylib
0x0000000004bff000 	/usr/lib/system/libsystem_kernel.dylib
0x0000000004bff000 	/usr/lib/system/libsystem_m.dylib
0x0000000004bff000 	/usr/lib/system/libsystem_malloc.dylib
0x0000000004bff000 	/usr/lib/system/libsystem_network.dylib
0x0000000004bff000 	/usr/lib/system/libsystem_networkextension.dylib
0x0000000004bff000 	/usr/lib/system/libsystem_notify.dylib
0x0000000004bff000 	/usr/lib/system/libsystem_platform.dylib
0x0000000004bff000 	/usr/lib/system/libsystem_pthread.dylib
0x0000000004bff000 	/usr/lib/system/libsystem_sandbox.dylib
0x0000000004bff000 	/usr/lib/system/libsystem_secinit.dylib
0x0000000004bff000 	/usr/lib/system/libsystem_stats.dylib
0x0000000004bff000 	/usr/lib/system/libsystem_trace.dylib
0x0000000004bff000 	/usr/lib/system/libunc.dylib
0x0000000004bff000 	/usr/lib/system/libunwind.dylib
0x0000000004bff000 	/usr/lib/system/libxpc.dylib
0x0000000004bff000 	/usr/lib/libbz2.1.0.dylib
0x0000000004bff000 	/usr/lib/liblzma.5.dylib
0x0000000004bff000 	/usr/lib/libbsm.0.dylib
0x0000000004bff000 	/usr/lib/libsqlite3.dylib
0x0000000004bff000 	/usr/lib/system/libkxld.dylib
0x0000000004bff000 	/usr/lib/libxar.1.dylib
0x0000000004bff000 	/usr/lib/libpam.2.dylib
0x0000000004bff000 	/usr/lib/libOpenScriptingUtil.dylib
0x0000000004bff000 	/System/Library/Frameworks/CoreServices.framework/Versions/A/Frameworks/FSEvents.framework/Versions/A/FSEvents
0x0000000004bff000 	/System/Library/Frameworks/CoreServices.framework/Versions/A/Frameworks/CarbonCore.framework/Versions/A/CarbonCore
0x0000000004bff000 	/System/Library/Frameworks/CoreServices.framework/Versions/A/Frameworks/Metadata.framework/Versions/A/Metadata
0x0000000004bff000 	/System/Library/Frameworks/CoreServices.framework/Versions/A/Frameworks/OSServices.framework/Versions/A/OSServices
0x0000000004bff000 	/System/Library/Frameworks/CoreServices.framework/Versions/A/Frameworks/SearchKit.framework/Versions/A/SearchKit
0x0000000004bff000 	/System/Library/Frameworks/CoreServices.framework/Versions/A/Frameworks/AE.framework/Versions/A/AE
0x0000000004bff000 	/System/Library/Frameworks/CoreServices.framework/Versions/A/Frameworks/LaunchServices.framework/Versions/A/LaunchServices
0x0000000004bff000 	/System/Library/Frameworks/CoreServices.framework/Versions/A/Frameworks/DictionaryServices.framework/Versions/A/DictionaryServices
0x0000000004bff000 	/System/Library/Frameworks/NetFS.framework/Versions/A/NetFS
0x0000000004bff000 	/System/Library/PrivateFrameworks/NetAuth.framework/Versions/A/NetAuth
0x0000000004bff000 	/System/Library/PrivateFrameworks/login.framework/Versions/A/Frameworks/loginsupport.framework/Versions/A/loginsupport
0x0000000004bff000 	/System/Library/PrivateFrameworks/TCC.framework/Versions/A/TCC
0x0000000004bff000 	/usr/lib/libmecabra.dylib
0x0000000004bff000 	/System/Library/Frameworks/ApplicationServices.framework/Versions/A/Frameworks/ATS.framework/Versions/A/ATS
0x0000000004bff000 	/System/Library/Frameworks/ApplicationServices.framework/Versions/A/Frameworks/ColorSync.framework/Versions/A/ColorSync
0x0000000004bff000 	/System/Library/Frameworks/ApplicationServices.framework/Versions/A/Frameworks/HIServices.framework/Versions/A/HIServices
0x0000000004bff000 	/System/Library/Frameworks/ApplicationServices.framework/Versions/A/Frameworks/LangAnalysis.framework/Versions/A/LangAnalysis
0x0000000004bff000 	/System/Library/Frameworks/ApplicationServices.framework/Versions/A/Frameworks/PrintCore.framework/Versions/A/PrintCore
0x0000000004bff000 	/System/Library/Frameworks/ApplicationServices.framework/Versions/A/Frameworks/QD.framework/Versions/A/QD
0x0000000004bff000 	/System/Library/Frameworks/ApplicationServices.framework/Versions/A/Frameworks/SpeechSynthesis.framework/Versions/A/SpeechSynthesis
0x0000000004bff000 	/System/Library/Frameworks/Accelerate.framework/Versions/A/Accelerate
0x0000000004bff000 	/System/Library/Frameworks/Accelerate.framework/Versions/A/Frameworks/vImage.framework/Versions/A/vImage
0x0000000004bff000 	/System/Library/Frameworks/Accelerate.framework/Versions/A/Frameworks/vecLib.framework/Versions/A/vecLib
0x0000000004bff000 	/System/Library/Frameworks/Accelerate.framework/Versions/A/Frameworks/vecLib.framework/Versions/A/libvDSP.dylib
0x0000000004bff000 	/System/Library/Frameworks/Accelerate.framework/Versions/A/Frameworks/vecLib.framework/Versions/A/libvMisc.dylib
0x0000000004bff000 	/System/Library/Frameworks/Accelerate.framework/Versions/A/Frameworks/vecLib.framework/Versions/A/libLAPACK.dylib
0x0000000004bff000 	/System/Library/Frameworks/Accelerate.framework/Versions/A/Frameworks/vecLib.framework/Versions/A/libBLAS.dylib
0x0000000004bff000 	/System/Library/Frameworks/Accelerate.framework/Versions/A/Frameworks/vecLib.framework/Versions/A/libLinearAlgebra.dylib
0x0000000004bff000 	/System/Library/Frameworks/ApplicationServices.framework/Versions/A/Frameworks/ATS.framework/Versions/A/Resources/libFontParser.dylib
0x0000000004bff000 	/System/Library/Frameworks/ApplicationServices.framework/Versions/A/Frameworks/ATS.framework/Versions/A/Resources/libFontRegistry.dylib
0x0000000004bff000 	/System/Library/PrivateFrameworks/AppleVPA.framework/Versions/A/AppleVPA
0x0000000004bff000 	/System/Library/PrivateFrameworks/AppleJPEG.framework/Versions/A/AppleJPEG
0x0000000004bff000 	/System/Library/Frameworks/ImageIO.framework/Versions/A/Resources/libJPEG.dylib
0x0000000004bff000 	/System/Library/Frameworks/ImageIO.framework/Versions/A/Resources/libTIFF.dylib
0x0000000004bff000 	/System/Library/Frameworks/ImageIO.framework/Versions/A/Resources/libPng.dylib
0x0000000004bff000 	/System/Library/Frameworks/ImageIO.framework/Versions/A/Resources/libGIF.dylib
0x0000000004bff000 	/System/Library/Frameworks/ImageIO.framework/Versions/A/Resources/libJP2.dylib
0x0000000004bff000 	/System/Library/Frameworks/ImageIO.framework/Versions/A/Resources/libRadiance.dylib
0x0000000004bff000 	/System/Library/Frameworks/CoreVideo.framework/Versions/A/CoreVideo
0x0000000004bff000 	/System/Library/Frameworks/OpenGL.framework/Versions/A/Libraries/libGLU.dylib
0x0000000004bff000 	/System/Library/Frameworks/OpenGL.framework/Versions/A/Libraries/libGFXShared.dylib
0x0000000004bff000 	/System/Library/Frameworks/OpenGL.framework/Versions/A/Libraries/libGL.dylib
0x0000000004bff000 	/System/Library/Frameworks/OpenGL.framework/Versions/A/Libraries/libGLImage.dylib
0x0000000004bff000 	/System/Library/Frameworks/OpenGL.framework/Versions/A/Libraries/libCVMSPluginSupport.dylib
0x0000000004bff000 	/System/Library/Frameworks/OpenGL.framework/Versions/A/Libraries/libCoreVMClient.dylib
0x0000000004bff000 	/usr/lib/libcups.2.dylib
0x0000000004bff000 	/System/Library/Frameworks/Kerberos.framework/Versions/A/Kerberos
0x0000000004bff000 	/System/Library/Frameworks/GSS.framework/Versions/A/GSS
0x0000000004bff000 	/usr/lib/libresolv.9.dylib
0x0000000004bff000 	/usr/lib/libiconv.2.dylib
0x0000000004bff000 	/System/Library/PrivateFrameworks/Heimdal.framework/Versions/A/Heimdal
0x0000000004bff000 	/usr/lib/libheimdal-asn1.dylib
0x0000000004bff000 	/System/Library/Frameworks/OpenDirectory.framework/Versions/A/OpenDirectory
0x0000000004bff000 	/System/Library/PrivateFrameworks/CommonAuth.framework/Versions/A/CommonAuth
0x0000000004bff000 	/System/Library/Frameworks/OpenDirectory.framework/Versions/A/Frameworks/CFOpenDirectory.framework/Versions/A/CFOpenDirectory
0x0000000004bff000 	/System/Library/Frameworks/SecurityFoundation.framework/Versions/A/SecurityFoundation
0x0000000004bff000 	/System/Library/PrivateFrameworks/LanguageModeling.framework/Versions/A/LanguageModeling
0x0000000004bff000 	/usr/lib/libcmph.dylib
0x0000000004bff000 	/System/Library/Frameworks/ServiceManagement.framework/Versions/A/ServiceManagement
0x0000000004bff000 	/usr/lib/libxslt.1.dylib
0x0000000004bff000 	/System/Library/Frameworks/Carbon.framework/Versions/A/Frameworks/Ink.framework/Versions/A/Ink
0x0000000004bff000 	/System/Library/Frameworks/QuartzCore.framework/Versions/A/Frameworks/CoreImage.framework/Versions/A/CoreImage
0x0000000004bff000 	/System/Library/PrivateFrameworks/CrashReporterSupport.framework/Versions/A/CrashReporterSupport
0x0000000004bff000 	/System/Library/Frameworks/OpenCL.framework/Versions/A/OpenCL
0x0000000004bff000 	/System/Library/PrivateFrameworks/FaceCore.framework/Versions/A/FaceCore
0x0000000004bff000 	/System/Library/PrivateFrameworks/Ubiquity.framework/Versions/A/Ubiquity
0x0000000004bff000 	/System/Library/PrivateFrameworks/IconServices.framework/Versions/A/IconServices
0x0000000004bff000 	/System/Library/PrivateFrameworks/ChunkingLibrary.framework/Versions/A/ChunkingLibrary
0x0000000004bff000 	/System/Library/PrivateFrameworks/Apple80211.framework/Versions/A/Apple80211
0x0000000004bff000 	/System/Library/Frameworks/CoreWLAN.framework/Versions/A/CoreWLAN
0x0000000004bff000 	/System/Library/Frameworks/IOBluetooth.framework/Versions/A/IOBluetooth
0x0000000004bff000 	/System/Library/PrivateFrameworks/CoreWiFi.framework/Versions/A/CoreWiFi
0x0000000004bff000 	/System/Library/Frameworks/CoreBluetooth.framework/Versions/A/CoreBluetooth
0x0000000004bff000 	/System/Library/PrivateFrameworks/DebugSymbols.framework/Versions/A/DebugSymbols
0x0000000004bff000 	/System/Library/PrivateFrameworks/CoreSymbolication.framework/Versions/A/CoreSymbolication
0x0000000004bff000 	/System/Library/PrivateFrameworks/Symbolication.framework/Versions/A/Symbolication
0x0000000004bff000 	/System/Library/PrivateFrameworks/SpeechRecognitionCore.framework/Versions/A/SpeechRecognitionCore
0x0000000104600000 	/Library/Java/JavaVirtualMachines/jdk1.8.0_131.jdk/Contents/Home/jre/lib/server/libjvm.dylib
0x0000000004bff000 	/usr/lib/libstdc++.6.dylib
0x0000000103dc5000 	/Library/Java/JavaVirtualMachines/jdk1.8.0_131.jdk/Contents/Home/jre/lib/libverify.dylib
0x00000001055a3000 	/Library/Java/JavaVirtualMachines/jdk1.8.0_131.jdk/Contents/Home/jre/lib/libjava.dylib
0x0000000103ddd000 	/Library/Java/JavaVirtualMachines/jdk1.8.0_131.jdk/Contents/Home/jre/lib/libzip.dylib
0x0000000103de7000 	/System/Library/Frameworks/JavaVM.framework/Frameworks/JavaRuntimeSupport.framework/JavaRuntimeSupport
0x000000011b650000 	/System/Library/Frameworks/JavaVM.framework/Versions/A/Frameworks/JavaNativeFoundation.framework/Versions/A/JavaNativeFoundation
0x000000011b665000 	/System/Library/Frameworks/JavaVM.framework/Versions/A/JavaVM
0x0000000004bff000 	/System/Library/Frameworks/Carbon.framework/Versions/A/Carbon
0x000000011b672000 	/System/Library/PrivateFrameworks/JavaLaunching.framework/Versions/A/JavaLaunching
0x0000000004bff000 	/System/Library/Frameworks/Carbon.framework/Versions/A/Frameworks/CommonPanels.framework/Versions/A/CommonPanels
0x0000000004bff000 	/System/Library/Frameworks/Carbon.framework/Versions/A/Frameworks/Help.framework/Versions/A/Help
0x0000000004bff000 	/System/Library/Frameworks/Carbon.framework/Versions/A/Frameworks/ImageCapture.framework/Versions/A/ImageCapture
0x0000000004bff000 	/System/Library/Frameworks/Carbon.framework/Versions/A/Frameworks/OpenScripting.framework/Versions/A/OpenScripting
0x0000000004bff000 	/System/Library/Frameworks/Carbon.framework/Versions/A/Frameworks/Print.framework/Versions/A/Print
0x0000000004bff000 	/System/Library/Frameworks/Carbon.framework/Versions/A/Frameworks/SecurityHI.framework/Versions/A/SecurityHI
0x000000011d5a7000 	/Library/Java/JavaVirtualMachines/jdk1.8.0_131.jdk/Contents/Home/jre/lib/libawt.dylib
0x000000011d64f000 	/Library/Java/JavaVirtualMachines/jdk1.8.0_131.jdk/Contents/Home/jre/lib/./libmlib_image.dylib
0x000000011d71b000 	/Library/Java/JavaVirtualMachines/jdk1.8.0_131.jdk/Contents/Home/jre/lib/libawt_lwawt.dylib
0x000000011d7d2000 	/Library/Java/JavaVirtualMachines/jdk1.8.0_131.jdk/Contents/Home/jre/lib/./libosxapp.dylib
0x0000000004bff000 	/System/Library/Frameworks/ExceptionHandling.framework/Versions/A/ExceptionHandling
0x0000000004bff000 	/System/Library/PrivateFrameworks/CoreServicesInternal.framework/Versions/A/CoreServicesInternal
0x0000000004bff000 	/System/Library/PrivateFrameworks/CloudDocs.framework/Versions/A/CloudDocs
0x0000000004bff000 	/System/Library/PrivateFrameworks/CoreDuet.framework/Versions/A/CoreDuet
0x0000000004bff000 	/System/Library/Frameworks/CloudKit.framework/Versions/A/CloudKit
0x0000000004bff000 	/System/Library/PrivateFrameworks/ProtocolBuffer.framework/Versions/A/ProtocolBuffer
0x0000000004bff000 	/System/Library/PrivateFrameworks/CoreDuetDaemonProtocol.framework/Versions/A/CoreDuetDaemonProtocol
0x0000000004bff000 	/System/Library/PrivateFrameworks/CoreDuetDebugLogging.framework/Versions/A/CoreDuetDebugLogging
0x0000000004bff000 	/System/Library/PrivateFrameworks/MMCS.framework/Versions/A/MMCS
0x0000000004bff000 	/System/Library/Frameworks/CoreLocation.framework/Versions/A/CoreLocation
0x0000000004bff000 	/System/Library/PrivateFrameworks/ProtectedCloudStorage.framework/Versions/A/ProtectedCloudStorage
0x0000000004bff000 	/System/Library/PrivateFrameworks/GeoServices.framework/Versions/A/GeoServices
0x000000011f04d000 	/System/Library/Frameworks/CoreGraphics.framework/Versions/A/Resources/libCGCMS.A.dylib
0x000000011fe30000 	/System/Library/Frameworks/CoreGraphics.framework/Versions/A/Resources/libRIP.A.dylib
0x0000000120168000 	/System/Library/Frameworks/CoreGraphics.framework/Versions/A/Resources/libCGXType.A.dylib
0x0000000004bff000 	/System/Library/Frameworks/OpenCL.framework/Versions/A/Libraries/libcldcpuengine.dylib
0x0000000004bff000 	/System/Library/PrivateFrameworks/DiskImages.framework/Versions/A/DiskImages
0x0000000004bff000 	/System/Library/Frameworks/DiscRecording.framework/Versions/A/DiscRecording
0x0000000004bff000 	/usr/lib/libcsfde.dylib
0x0000000004bff000 	/usr/lib/libcurl.4.dylib
0x0000000004bff000 	/System/Library/PrivateFrameworks/MediaKit.framework/Versions/A/MediaKit
0x0000000004bff000 	/usr/lib/libCoreStorage.dylib
0x0000000004bff000 	/System/Library/PrivateFrameworks/EFILogin.framework/Versions/A/EFILogin
0x0000000004bff000 	/usr/lib/libutil.dylib
0x0000000004bff000 	/System/Library/PrivateFrameworks/FindMyDevice.framework/Versions/A/FindMyDevice
0x0000000004bff000 	/System/Library/Frameworks/LDAP.framework/Versions/A/LDAP
0x0000000004bff000 	/usr/lib/libsasl2.2.dylib
0x0000000004bff000 	/System/Library/PrivateFrameworks/CoreDaemon.framework/Versions/B/CoreDaemon
0x0000000004bff000 	/usr/lib/libcrypto.0.9.8.dylib
0x0000000004bff000 	/System/Library/PrivateFrameworks/AppleSRP.framework/Versions/A/AppleSRP
0x0000000004bff000 	/System/Library/PrivateFrameworks/TrustEvaluationAgent.framework/Versions/A/TrustEvaluationAgent
0x0000000120bdb000 	cl_kernels
0x0000000120bdd000 	/System/Library/Frameworks/OpenCL.framework/Versions/A/Libraries/ImageFormats/unorm8_bgra.dylib
0x0000000120bcd000 	cl_kernels
0x0000000004bff000 	/System/Library/PrivateFrameworks/FamilyControls.framework/Versions/A/FamilyControls
0x0000000004bff000 	/System/Library/PrivateFrameworks/CommerceKit.framework/Versions/A/Frameworks/CommerceCore.framework/Versions/A/CommerceCore
0x0000000004bff000 	/System/Library/PrivateFrameworks/SystemAdministration.framework/Versions/A/SystemAdministration
0x0000000004bff000 	/System/Library/PrivateFrameworks/AppContainer.framework/Versions/A/AppContainer
0x0000000004bff000 	/System/Library/PrivateFrameworks/SecCodeWrapper.framework/Versions/A/SecCodeWrapper
0x0000000004bff000 	/System/Library/Frameworks/DirectoryService.framework/Versions/A/DirectoryService
0x0000000004bff000 	/System/Library/PrivateFrameworks/LoginUIKit.framework/Versions/A/Frameworks/LoginUICore.framework/Versions/A/LoginUICore
0x0000000004bff000 	/usr/lib/libodfde.dylib
0x0000000122015000 	/System/Library/Frameworks/OpenGL.framework/Resources/GLEngine.bundle/GLEngine
0x0000000004bff000 	/System/Library/Frameworks/OpenGL.framework/Versions/A/Libraries/libGLProgrammability.dylib
0x0000000122200000 	/System/Library/Extensions/AppleIntelHD4000GraphicsGLDriver.bundle/Contents/MacOS/AppleIntelHD4000GraphicsGLDriver
0x0000000004bff000 	/System/Library/PrivateFrameworks/IOAccelerator.framework/Versions/A/IOAccelerator
0x0000000004bff000 	/System/Library/PrivateFrameworks/GPUSupport.framework/Versions/A/Libraries/libGPUSupportMercury.dylib
0x000000012285f000 	/System/Library/Frameworks/OpenGL.framework/Resources//GLRendererFloat.bundle/GLRendererFloat
0x00000001236ac000 	/Library/Java/JavaVirtualMachines/jdk1.8.0_131.jdk/Contents/Home/jre/lib/libfontmanager.dylib
0x0000000124778000 	/Library/Java/JavaVirtualMachines/jdk1.8.0_131.jdk/Contents/Home/jre/lib/libosxui.dylib
0x0000000124a60000 	/Library/Java/JavaVirtualMachines/jdk1.8.0_131.jdk/Contents/Home/jre/lib/libnet.dylib
0x0000000124c5a000 	/Library/Java/JavaVirtualMachines/jdk1.8.0_131.jdk/Contents/Home/jre/lib/libnio.dylib
0x0000000004bff000 	/System/Library/Frameworks/ApplicationServices.framework/Versions/A/Frameworks/ATS.framework/Versions/A/Resources/libTrueTypeScaler.dylib
0x0000000183b5f000 	/private/var/folders/1w/_vhdnh917gsgl0z3c94cp27w0000gn/T/jogamp_0000/file_cache/jln3051335331437654906/jln718814259325715640/libgluegen-rt.jnilib
0x0000000183b63000 	/private/var/folders/1w/_vhdnh917gsgl0z3c94cp27w0000gn/T/jogamp_0000/file_cache/jln3051335331437654906/jln718814259325715640/libnativewindow_awt.jnilib
0x0000000183b66000 	/Library/Java/JavaVirtualMachines/jdk1.8.0_131.jdk/Contents/Home/jre/lib/libjawt.dylib
0x0000000183b69000 	/private/var/folders/1w/_vhdnh917gsgl0z3c94cp27w0000gn/T/jogamp_0000/file_cache/jln3051335331437654906/jln718814259325715640/libnativewindow_macosx.jnilib
0x000000018449b000 	/private/var/folders/1w/_vhdnh917gsgl0z3c94cp27w0000gn/T/jogamp_0000/file_cache/jln3051335331437654906/jln718814259325715640/libjogl_desktop.jnilib
0x0000000185080000 	/Library/Java/JavaVirtualMachines/jdk1.8.0_131.jdk/Contents/Home/jre/lib/libt2k.dylib

VM Arguments:
jvm_args: -Djava.security.policy=java.policy.applet -Dfile.encoding=UTF-8 
java_command: sun.applet.AppletViewer module5.EarthquakeCityMap1494095519936.html
java_class_path (initial): /Users/dongpei/Desktop/Java/UCSD_OOinJava/UCSDUnfoldingMaps/build:/Users/dongpei/Desktop/Java/UCSD_OOinJava/UCSDUnfoldingMaps/lib/core.jar:/Users/dongpei/Desktop/Java/UCSD_OOinJava/UCSDUnfoldingMaps/lib/gluegen-rt.jar:/Users/dongpei/Desktop/Java/UCSD_OOinJava/UCSDUnfoldingMaps/lib/jogl-all.jar:/Users/dongpei/Desktop/Java/UCSD_OOinJava/UCSDUnfoldingMaps/lib/log4j-1.2.15.jar:/Users/dongpei/Desktop/Java/UCSD_OOinJava/UCSDUnfoldingMaps/lib/sqlite-jdbc-3.7.2.jar:/Users/dongpei/Desktop/Java/UCSD_OOinJava/UCSDUnfoldingMaps/lib/json4processing.jar:/Users/dongpei/Desktop/Java/UCSD_OOinJava/UCSDUnfoldingMaps/lib/libTUIO.jar:/Users/dongpei/Desktop/Java/UCSD_OOinJava/UCSDUnfoldingMaps/lib/unfolding.0.9.7-uscd.jar
Launcher Type: SUN_STANDARD

Environment Variables:
PATH=/usr/bin:/bin:/usr/sbin:/sbin
SHELL=/bin/bash
DISPLAY=/private/tmp/com.apple.launchd.uIYdWOxu9w/org.macosforge.xquartz:0

Signal Handlers:
SIGSEGV: [libjvm.dylib+0x5b1eb1], sa_mask[0]=11111111011111110111111111111111, sa_flags=SA_ONSTACK|SA_RESTART|SA_SIGINFO
SIGBUS: [libjvm.dylib+0x5b1eb1], sa_mask[0]=11111111011111110111111111111111, sa_flags=SA_RESTART|SA_SIGINFO
SIGFPE: [libjvm.dylib+0x488988], sa_mask[0]=11111111011111110111111111111111, sa_flags=SA_RESTART|SA_SIGINFO
SIGPIPE: [libjvm.dylib+0x488988], sa_mask[0]=11111111011111110111111111111111, sa_flags=SA_RESTART|SA_SIGINFO
SIGXFSZ: [libjvm.dylib+0x488988], sa_mask[0]=11111111011111110111111111111111, sa_flags=SA_RESTART|SA_SIGINFO
SIGILL: [libjvm.dylib+0x488988], sa_mask[0]=11111111011111110111111111111111, sa_flags=SA_RESTART|SA_SIGINFO
SIGUSR1: SIG_DFL, sa_mask[0]=00000000000000000000000000000000, sa_flags=none
SIGUSR2: [libjvm.dylib+0x4884a6], sa_mask[0]=00100000000000000000000000000000, sa_flags=SA_RESTART|SA_SIGINFO
SIGHUP: [libjvm.dylib+0x486a7d], sa_mask[0]=11111111011111110111111111111111, sa_flags=SA_RESTART|SA_SIGINFO
SIGINT: [libjvm.dylib+0x486a7d], sa_mask[0]=11111111011111110111111111111111, sa_flags=SA_RESTART|SA_SIGINFO
SIGTERM: [libjvm.dylib+0x486a7d], sa_mask[0]=11111111011111110111111111111111, sa_flags=SA_RESTART|SA_SIGINFO
SIGQUIT: [libjvm.dylib+0x486a7d], sa_mask[0]=11111111011111110111111111111111, sa_flags=SA_RESTART|SA_SIGINFO


---------------  S Y S T E M  ---------------

OS:Bsduname:Darwin 14.5.0 Darwin Kernel Version 14.5.0: Sun Sep 25 22:07:15 PDT 2016; root:xnu-2782.50.9~1/RELEASE_X86_64 x86_64
rlimit: STACK 8192k, CORE 0k, NPROC 709, NOFILE 10240, AS infinity
load average:1.83 1.63 1.52

CPU:total 4 (initial active 4) (2 cores per cpu, 2 threads per core) family 6 model 58 stepping 9, cmov, cx8, fxsr, mmx, sse, sse2, sse3, ssse3, sse4.1, sse4.2, popcnt, avx, aes, clmul, erms, ht, tsc, tscinvbit, tscinv

Memory: 4k page, physical 8388608k(217124k free)

/proc/meminfo:


vm_info: Java HotSpot(TM) 64-Bit Server VM (25.131-b11) for bsd-amd64 JRE (1.8.0_131-b11), built on Mar 15 2017 01:32:22 by "java_re" with gcc 4.2.1 (Based on Apple Inc. build 5658) (LLVM build 2336.11.00)

time: Sat May  6 13:32:45 2017
elapsed time: 45 seconds (0d 0h 0m 45s)

