#
# A fatal error has been detected by the Java Runtime Environment:
#
#  SIGSEGV (0xb) at pc=0x00007fff9312c44c, pid=39733, tid=0x0000000000000713
#
# JRE version: Java(TM) SE Runtime Environment (8.0_131-b11) (build 1.8.0_131-b11)
# Java VM: Java HotSpot(TM) 64-Bit Server VM (25.131-b11 mixed mode bsd-amd64 compressed oops)
# Problematic frame:
# C  [libobjc.A.dylib+0x944c]  objc_release+0xc
#
# Failed to write core dump. Core dumps have been disabled. To enable core dumping, try "ulimit -c unlimited" before starting Java again
#
# If you would like to submit a bug report, please visit:
#   http://bugreport.java.com/bugreport/crash.jsp
# The crash happened outside the Java Virtual Machine in native code.
# See problematic frame for where to report the bug.
#

---------------  T H R E A D  ---------------

Current thread (0x00007fa293861000):  JavaThread "AWT-AppKit" daemon [_thread_in_native, id=1811, stack(0x00007fff56c91000,0x00007fff57491000)]

siginfo: si_signo: 11 (SIGSEGV), si_code: 0 (unknown), si_addr: 0x0000000000000000

Registers:
RAX=0x0000000000000008, RBX=0x0000000000000000, RCX=0x0000000000000003, RDX=0x00007fa299603868
RSP=0x00007fff5748c4c8, RBP=0x00007fff5748c4f0, RSI=0x0000000129141010, RDI=0x600007fa29156736
R8 =0x0000000000000001, R9 =0x00007fa299100000, R10=0x00007fa293b2c5d0, R11=0x0000000190258840
R12=0x0000000000000000, R13=0x0000000193e50838, R14=0x00007fa2991f3390, R15=0x00007fa293861000
RIP=0x00007fff9312c44c, EFLAGS=0x0000000000010246, ERR=0x0000000000000000
  TRAPNO=0x000000000000000d

Top of Stack: (sp=0x00007fff5748c4c8)
0x00007fff5748c4c8:   00000001290c8ebc 00007fff5748c4f0
0x00007fff5748c4d8:   0000000190258450 0000000190258440
0x00007fff5748c4e8:   00007fa293861000 00007fff5748c5b0
0x00007fff5748c4f8:   0000000190256215 0000000190258700
0x00007fff5748c508:   00000001902586e0 00000001902584b0
0x00007fff5748c518:   0000000000000000 0000000193e50838
0x00007fff5748c528:   0000000193e50838 00007fa299603860
0x00007fff5748c538:   00000001902586a0 0000000190258710
0x00007fff5748c548:   00007fff791a4550 00007fff786dfc80
0x00007fff5748c558:   0000000190258450 0000000190258690
0x00007fff5748c568:   00007fa299603860 00007fa2991f3390
0x00007fff5748c578:   00007fa291558980 00007fa299603860
0x00007fff5748c588:   00007fa2991f3390 00007fff5748c638
0x00007fff5748c598:   00007fa2938611f8 0000000193e50838
0x00007fff5748c5a8:   00007fff5748c660 00007fff5748c628
0x00007fff5748c5b8:   000000010b31c9f4 0000000193e50838
0x00007fff5748c5c8:   00007fff5748c660 00007fff5748c628
0x00007fff5748c5d8:   000000010b31c787 000000010b31c742
0x00007fff5748c5e8:   00007fff5748c5e8 0000000193e50838
0x00007fff5748c5f8:   00007fff5748c660 0000000193e53470
0x00007fff5748c608:   0000000000000000 0000000193e50838
0x00007fff5748c618:   0000000000000000 00007fff5748c648
0x00007fff5748c628:   00007fff5748c6a8 000000010b30d2bd
0x00007fff5748c638:   00000006c0ee83a8 000000010b316538
0x00007fff5748c648:   00007fa299603860 00007fff5748c6a8
0x00007fff5748c658:   00007fa2991f3390 000000010b317e02
0x00007fff5748c668:   00007fff5748c668 0000000193e50a02
0x00007fff5748c678:   00007fff5748c6d0 0000000193e53470
0x00007fff5748c688:   0000000000000000 0000000193e50a10
0x00007fff5748c698:   00007fff5748c648 00007fff5748c6b8
0x00007fff5748c6a8:   00007fff5748c718 000000010b30d2bd
0x00007fff5748c6b8:   00007fa299603860 00000006c0ecd558 

Instructions: (pc=0x00007fff9312c44c)
0x00007fff9312c42c:   5d c3 31 c0 48 85 ff 74 04 48 8b 47 08 c3 90 90
0x00007fff9312c43c:   90 90 90 90 48 85 ff 74 06 40 f6 c7 01 74 01 c3
0x00007fff9312c44c:   48 8b 07 f6 40 20 02 74 0a be 01 00 00 00 e9 51
0x00007fff9312c45c:   83 01 00 48 8d 05 7a 86 b4 e5 48 8b 30 e9 52 7c 

Register to memory mapping:

RAX=0x0000000000000008 is an unknown value
RBX=0x0000000000000000 is an unknown value
RCX=0x0000000000000003 is an unknown value
RDX=0x00007fa299603868 is an unknown value
RSP=0x00007fff5748c4c8 is pointing into the stack for thread: 0x00007fa293861000
RBP=0x00007fff5748c4f0 is pointing into the stack for thread: 0x00007fa293861000
RSI=0x0000000129141010: OBJC_IVAR_$_PrinterView.fCurPeekGraphics+0x1af0 in /Library/Java/JavaVirtualMachines/jdk1.8.0_131.jdk/Contents/Home/jre/lib/libawt_lwawt.dylib at 0x00000001290c4000
RDI=0x600007fa29156736 is an unknown value
R8 =0x0000000000000001 is an unknown value
R9 =0x00007fa299100000 is an unknown value
R10=0x00007fa293b2c5d0 is an unknown value
R11=0x0000000190258840: OBJC_CLASS_$_MyCALayer+0 in /private/var/folders/dw/m8mh704j5bl04j2yy8ymkxzxqkj2k0/T/jogamp_0000/file_cache/jln4997364224501598762/jln8322736990126983764/libnativewindow_macosx.jnilib at 0x0000000190251000
R12=0x0000000000000000 is an unknown value
R13={method} {0x0000000193e50838} 'UnsetJAWTRootSurfaceLayer0' '(JJ)V' in 'jogamp/nativewindow/jawt/macosx/MacOSXJAWTWindow'
R14=0x00007fa2991f3390 is an unknown value
R15=0x00007fa293861000 is a thread


Stack: [0x00007fff56c91000,0x00007fff57491000],  sp=0x00007fff5748c4c8,  free space=8173k
Native frames: (J=compiled Java code, j=interpreted, Vv=VM code, C=native code)
C  [libobjc.A.dylib+0x944c]  objc_release+0xc
C  [libnativewindow_macosx.jnilib+0x5215]  Java_jogamp_nativewindow_jawt_macosx_MacOSXJAWTWindow_UnsetJAWTRootSurfaceLayer0+0x1a5
j  jogamp.nativewindow.jawt.macosx.MacOSXJAWTWindow.UnsetJAWTRootSurfaceLayer0(JJ)V+0
j  jogamp.nativewindow.jawt.macosx.MacOSXJAWTWindow.access$200(JJ)V+2
j  jogamp.nativewindow.jawt.macosx.MacOSXJAWTWindow$1.run()V+38
J 2634 C1 com.jogamp.common.util.RunnableTask.run()V (345 bytes) @ 0x000000010bd4a1f4 [0x000000010bd4a060+0x194]
v  ~StubRoutines::call_stub
V  [libjvm.dylib+0x2ee5b6]
V  [libjvm.dylib+0x325765]
V  [libjvm.dylib+0x317f33]
C  [libnativewindow_macosx.jnilib+0x5326]  Java_jogamp_nativewindow_jawt_macosx_MacOSXJAWTWindow_UnsetJAWTRootSurfaceLayer0+0x2b6
C  [Foundation+0x92dd0]  __NSThreadPerformPerform+0x125
C  [CoreFoundation+0x80a01]  __CFRUNLOOP_IS_CALLING_OUT_TO_A_SOURCE0_PERFORM_FUNCTION__+0x11
C  [CoreFoundation+0x72c5c]  __CFRunLoopDoSources0+0x1dc
C  [CoreFoundation+0x721bf]  __CFRunLoopRun+0x39f
C  [CoreFoundation+0x71bd8]  CFRunLoopRunSpecific+0x128
C  [HIToolbox+0x3256f]  RunCurrentEventLoopInMode+0xeb
C  [HIToolbox+0x321ee]  ReceiveNextEventCommon+0xb3
C  [HIToolbox+0x3212b]  _BlockUntilNextEventMatchingListInModeWithFilter+0x47
C  [AppKit+0x918ab]  _DPSNextEvent+0x3d2
C  [AppKit+0x90e58]  -[NSApplication nextEventMatchingMask:untilDate:inMode:dequeue:]+0x15a
C  [libosxapp.dylib+0x23aa]  -[NSApplicationAWT nextEventMatchingMask:untilDate:inMode:dequeue:]+0x7c
C  [AppKit+0x86af3]  -[NSApplication run]+0x252
C  [libosxapp.dylib+0x214d]  +[NSApplicationAWT runAWTLoopWithApp:]+0x9c
C  [libawt_lwawt.dylib+0x45edf]  -[AWTStarter starter:]+0x389
C  [Foundation+0x92dd0]  __NSThreadPerformPerform+0x125
C  [CoreFoundation+0x80a01]  __CFRUNLOOP_IS_CALLING_OUT_TO_A_SOURCE0_PERFORM_FUNCTION__+0x11
C  [CoreFoundation+0x72b8d]  __CFRunLoopDoSources0+0x10d
C  [CoreFoundation+0x721bf]  __CFRunLoopRun+0x39f
C  [CoreFoundation+0x71bd8]  CFRunLoopRunSpecific+0x128
C  [java+0x6465]  CreateExecutionEnvironment+0x367
C  [java+0x218c]  JLI_Launch+0x7a0
C  [java+0x84c2]  main+0x65
C  [java+0x19e4]  start+0x34
C  0x0000000000000007

Java frames: (J=compiled Java code, j=interpreted, Vv=VM code)
j  jogamp.nativewindow.jawt.macosx.MacOSXJAWTWindow.UnsetJAWTRootSurfaceLayer0(JJ)V+0
j  jogamp.nativewindow.jawt.macosx.MacOSXJAWTWindow.access$200(JJ)V+2
j  jogamp.nativewindow.jawt.macosx.MacOSXJAWTWindow$1.run()V+38
J 2634 C1 com.jogamp.common.util.RunnableTask.run()V (345 bytes) @ 0x000000010bd4a1f4 [0x000000010bd4a060+0x194]
v  ~StubRoutines::call_stub

---------------  P R O C E S S  ---------------

Java Threads: ( => current thread )
  0x00007fa2879c3800 JavaThread "Thread-20" [_thread_blocked, id=15259, stack(0x000000019bf05000,0x000000019c005000)]
  0x00007fa294046800 JavaThread "AWT-EventQueue-1" [_thread_in_native, id=61983, stack(0x000000019096e000,0x0000000190a6e000)]
  0x00007fa292265800 JavaThread "DestroyJavaVM" [_thread_blocked, id=4867, stack(0x000000010b1b7000,0x000000010b2b7000)]
  0x00007fa29218a000 JavaThread "AWT-EventQueue-0" [_thread_blocked, id=57863, stack(0x0000000130330000,0x0000000130430000)]
  0x00007fa294019800 JavaThread "Java2D Disposer" daemon [_thread_blocked, id=54799, stack(0x000000012ebcb000,0x000000012eccb000)]
  0x00007fa294000000 JavaThread "Java2D Queue Flusher" daemon [_thread_blocked, id=55047, stack(0x000000012d959000,0x000000012da59000)]
  0x00007fa293078800 JavaThread "AWT-Shutdown" [_thread_blocked, id=30483, stack(0x000000012a729000,0x000000012a829000)]
=>0x00007fa293861000 JavaThread "AWT-AppKit" daemon [_thread_in_native, id=1811, stack(0x00007fff56c91000,0x00007fff57491000)]
  0x00007fa294014800 JavaThread "Service Thread" daemon [_thread_blocked, id=20739, stack(0x0000000128d0f000,0x0000000128e0f000)]
  0x00007fa292028800 JavaThread "C1 CompilerThread3" daemon [_thread_blocked, id=20227, stack(0x0000000128c0c000,0x0000000128d0c000)]
  0x00007fa294001800 JavaThread "C2 CompilerThread2" daemon [_thread_blocked, id=19715, stack(0x0000000128b09000,0x0000000128c09000)]
  0x00007fa295002000 JavaThread "C2 CompilerThread1" daemon [_thread_blocked, id=19203, stack(0x0000000128a06000,0x0000000128b06000)]
  0x00007fa295000000 JavaThread "C2 CompilerThread0" daemon [_thread_blocked, id=18691, stack(0x0000000128903000,0x0000000128a03000)]
  0x00007fa292001000 JavaThread "Signal Dispatcher" daemon [_thread_blocked, id=14615, stack(0x0000000128800000,0x0000000128900000)]
  0x00007fa292024800 JavaThread "Finalizer" daemon [_thread_blocked, id=13571, stack(0x0000000126dda000,0x0000000126eda000)]
  0x00007fa293836800 JavaThread "Reference Handler" daemon [_thread_blocked, id=13059, stack(0x0000000126cd7000,0x0000000126dd7000)]

Other Threads:
  0x00007fa293832000 VMThread [stack: 0x0000000126bd4000,0x0000000126cd4000] [id=12547]
  0x00007fa293017000 WatcherThread [stack: 0x0000000128e12000,0x0000000128f12000] [id=21251]

VM state:not at safepoint (normal execution)

VM Mutex/Monitor currently owned by a thread: None

Heap:
 PSYoungGen      total 111616K, used 101854K [0x000000076ab00000, 0x0000000775080000, 0x00000007c0000000)
  eden space 100864K, 90% used [0x000000076ab00000,0x00000007703f9420,0x0000000770d80000)
  from space 10752K, 99% used [0x0000000770d80000,0x00000007717fe590,0x0000000771800000)
  to   space 16896K, 0% used [0x0000000774000000,0x0000000774000000,0x0000000775080000)
 ParOldGen       total 117248K, used 17869K [0x00000006c0000000, 0x00000006c7280000, 0x000000076ab00000)
  object space 117248K, 15% used [0x00000006c0000000,0x00000006c1173550,0x00000006c7280000)
 Metaspace       used 27626K, capacity 27981K, committed 28288K, reserved 1075200K
  class space    used 2211K, capacity 2342K, committed 2432K, reserved 1048576K

Card table byte_map: [0x000000011a6c5000,0x000000011aec6000] byte_map_base: 0x00000001170c5000

Marking Bits: (ParMarkBitMap*) 0x000000010ab04ea0
 Begin Bits: [0x000000011bc34000, 0x000000011fc34000)
 End Bits:   [0x000000011fc34000, 0x0000000123c34000)

Polling page: 0x00000001091f3000

CodeCache: size=245760Kb used=12558Kb max_used=12559Kb free=233201Kb
 bounds [0x000000010b305000, 0x000000010bf65000, 0x000000011a305000]
 total_blobs=4021 nmethods=3100 adapters=834
 compilation: enabled

Compilation events (10 events):
Event: 36.633 Thread 0x00007fa292028800 3124       1       sun.java2d.SurfaceData::isValid (5 bytes)
Event: 36.633 Thread 0x00007fa292028800 nmethod 3124 0x000000010bf115d0 code [0x000000010bf11720, 0x000000010bf11830]
Event: 36.634 Thread 0x00007fa292028800 3125       3       sun.java2d.pipe.RenderBuffer::putFloat (26 bytes)
Event: 36.634 Thread 0x00007fa292028800 nmethod 3125 0x000000010bf2cd90 code [0x000000010bf2cf00, 0x000000010bf2d090]
Event: 36.634 Thread 0x00007fa292028800 3127       3       sun.lwawt.LWComponentPeer::getLocationOnScreen (41 bytes)
Event: 36.634 Thread 0x00007fa292028800 nmethod 3127 0x000000010bf2bc90 code [0x000000010bf2be80, 0x000000010bf2c808]
Event: 36.636 Thread 0x00007fa292028800 3128       3       java.awt.Rectangle::isEmpty (20 bytes)
Event: 36.636 Thread 0x00007fa292028800 nmethod 3128 0x000000010bf2b8d0 code [0x000000010bf2ba40, 0x000000010bf2bc30]
Event: 36.650 Thread 0x00007fa292028800 3129   !   3       sun.lwawt.LWComponentPeer::isEnabled (19 bytes)
Event: 36.651 Thread 0x00007fa292028800 nmethod 3129 0x000000010bf2b310 code [0x000000010bf2b480, 0x000000010bf2b7f0]

GC Heap History (10 events):
Event: 3.225 GC heap before
{Heap before GC invocations=2 (full 0):
 PSYoungGen      total 76288K, used 38191K [0x000000076ab00000, 0x0000000770000000, 0x00000007c0000000)
  eden space 65536K, 44% used [0x000000076ab00000,0x000000076c78ed00,0x000000076eb00000)
  from space 10752K, 83% used [0x000000076eb00000,0x000000076f3bd138,0x000000076f580000)
  to   space 10752K, 0% used [0x000000076f580000,0x000000076f580000,0x0000000770000000)
 ParOldGen       total 175104K, used 80K [0x00000006c0000000, 0x00000006cab00000, 0x000000076ab00000)
  object space 175104K, 0% used [0x00000006c0000000,0x00000006c0014010,0x00000006cab00000)
 Metaspace       used 20957K, capacity 21236K, committed 21296K, reserved 1069056K
  class space    used 2048K, capacity 2148K, committed 2176K, reserved 1048576K
Event: 3.242 GC heap after
Heap after GC invocations=2 (full 0):
 PSYoungGen      total 76288K, used 10749K [0x000000076ab00000, 0x0000000774000000, 0x00000007c0000000)
  eden space 65536K, 0% used [0x000000076ab00000,0x000000076ab00000,0x000000076eb00000)
  from space 10752K, 99% used [0x000000076f580000,0x000000076ffff4f0,0x0000000770000000)
  to   space 10752K, 0% used [0x000000076eb00000,0x000000076eb00000,0x000000076f580000)
 ParOldGen       total 175104K, used 6944K [0x00000006c0000000, 0x00000006cab00000, 0x000000076ab00000)
  object space 175104K, 3% used [0x00000006c0000000,0x00000006c06c82c8,0x00000006cab00000)
 Metaspace       used 20957K, capacity 21236K, committed 21296K, reserved 1069056K
  class space    used 2048K, capacity 2148K, committed 2176K, reserved 1048576K
}
Event: 3.242 GC heap before
{Heap before GC invocations=3 (full 1):
 PSYoungGen      total 76288K, used 10749K [0x000000076ab00000, 0x0000000774000000, 0x00000007c0000000)
  eden space 65536K, 0% used [0x000000076ab00000,0x000000076ab00000,0x000000076eb00000)
  from space 10752K, 99% used [0x000000076f580000,0x000000076ffff4f0,0x0000000770000000)
  to   space 10752K, 0% used [0x000000076eb00000,0x000000076eb00000,0x000000076f580000)
 ParOldGen       total 175104K, used 6944K [0x00000006c0000000, 0x00000006cab00000, 0x000000076ab00000)
  object space 175104K, 3% used [0x00000006c0000000,0x00000006c06c82c8,0x00000006cab00000)
 Metaspace       used 20957K, capacity 21236K, committed 21296K, reserved 1069056K
  class space    used 2048K, capacity 2148K, committed 2176K, reserved 1048576K
Event: 3.314 GC heap after
Heap after GC invocations=3 (full 1):
 PSYoungGen      total 76288K, used 0K [0x000000076ab00000, 0x0000000774000000, 0x00000007c0000000)
  eden space 65536K, 0% used [0x000000076ab00000,0x000000076ab00000,0x000000076eb00000)
  from space 10752K, 0% used [0x000000076f580000,0x000000076f580000,0x0000000770000000)
  to   space 10752K, 0% used [0x000000076eb00000,0x000000076eb00000,0x000000076f580000)
 ParOldGen       total 117248K, used 17592K [0x00000006c0000000, 0x00000006c7280000, 0x000000076ab00000)
  object space 117248K, 15% used [0x00000006c0000000,0x00000006c112e180,0x00000006c7280000)
 Metaspace       used 20957K, capacity 21236K, committed 21296K, reserved 1069056K
  class space    used 2048K, capacity 2148K, committed 2176K, reserved 1048576K
}
Event: 6.349 GC heap before
{Heap before GC invocations=4 (full 1):
 PSYoungGen      total 76288K, used 65536K [0x000000076ab00000, 0x0000000774000000, 0x00000007c0000000)
  eden space 65536K, 100% used [0x000000076ab00000,0x000000076eb00000,0x000000076eb00000)
  from space 10752K, 0% used [0x000000076f580000,0x000000076f580000,0x0000000770000000)
  to   space 10752K, 0% used [0x000000076eb00000,0x000000076eb00000,0x000000076f580000)
 ParOldGen       total 117248K, used 17592K [0x00000006c0000000, 0x00000006c7280000, 0x000000076ab00000)
  object space 117248K, 15% used [0x00000006c0000000,0x00000006c112e180,0x00000006c7280000)
 Metaspace       used 27199K, capacity 27565K, committed 27776K, reserved 1075200K
  class space    used 2203K, capacity 2310K, committed 2432K, reserved 1048576K
Event: 6.360 GC heap after
Heap after GC invocations=4 (full 1):
 PSYoungGen      total 76288K, used 9046K [0x000000076ab00000, 0x0000000772280000, 0x00000007c0000000)
  eden space 65536K, 0% used [0x000000076ab00000,0x000000076ab00000,0x000000076eb00000)
  from space 10752K, 84% used [0x000000076eb00000,0x000000076f3d5868,0x000000076f580000)
  to   space 10752K, 0% used [0x0000000771800000,0x0000000771800000,0x0000000772280000)
 ParOldGen       total 117248K, used 17600K [0x00000006c0000000, 0x00000006c7280000, 0x000000076ab00000)
  object space 117248K, 15% used [0x00000006c0000000,0x00000006c1130180,0x00000006c7280000)
 Metaspace       used 27199K, capacity 27565K, committed 27776K, reserved 1075200K
  class space    used 2203K, capacity 2310K, committed 2432K, reserved 1048576K
}
Event: 12.395 GC heap before
{Heap before GC invocations=5 (full 1):
 PSYoungGen      total 76288K, used 74582K [0x000000076ab00000, 0x0000000772280000, 0x00000007c0000000)
  eden space 65536K, 100% used [0x000000076ab00000,0x000000076eb00000,0x000000076eb00000)
  from space 10752K, 84% used [0x000000076eb00000,0x000000076f3d5868,0x000000076f580000)
  to   space 10752K, 0% used [0x0000000771800000,0x0000000771800000,0x0000000772280000)
 ParOldGen       total 117248K, used 17600K [0x00000006c0000000, 0x00000006c7280000, 0x000000076ab00000)
  object space 117248K, 15% used [0x00000006c0000000,0x00000006c1130180,0x00000006c7280000)
 Metaspace       used 27585K, capacity 27949K, committed 28288K, reserved 1075200K
  class space    used 2204K, capacity 2310K, committed 2432K, reserved 1048576K
Event: 12.404 GC heap after
Heap after GC invocations=5 (full 1):
 PSYoungGen      total 107520K, used 10730K [0x000000076ab00000, 0x0000000772280000, 0x00000007c0000000)
  eden space 96768K, 0% used [0x000000076ab00000,0x000000076ab00000,0x0000000770980000)
  from space 10752K, 99% used [0x0000000771800000,0x000000077227ab68,0x0000000772280000)
  to   space 10752K, 0% used [0x0000000770d80000,0x0000000770d80000,0x0000000771800000)
 ParOldGen       total 117248K, used 17801K [0x00000006c0000000, 0x00000006c7280000, 0x000000076ab00000)
  object space 117248K, 15% used [0x00000006c0000000,0x00000006c1162460,0x00000006c7280000)
 Metaspace       used 27585K, capacity 27949K, committed 28288K, reserved 1075200K
  class space    used 2204K, capacity 2310K, committed 2432K, reserved 1048576K
}
Event: 25.029 GC heap before
{Heap before GC invocations=6 (full 1):
 PSYoungGen      total 107520K, used 107498K [0x000000076ab00000, 0x0000000772280000, 0x00000007c0000000)
  eden space 96768K, 100% used [0x000000076ab00000,0x0000000770980000,0x0000000770980000)
  from space 10752K, 99% used [0x0000000771800000,0x000000077227ab68,0x0000000772280000)
  to   space 10752K, 0% used [0x0000000770d80000,0x0000000770d80000,0x0000000771800000)
 ParOldGen       total 117248K, used 17801K [0x00000006c0000000, 0x00000006c7280000, 0x000000076ab00000)
  object space 117248K, 15% used [0x00000006c0000000,0x00000006c1162460,0x00000006c7280000)
 Metaspace       used 27591K, capacity 27949K, committed 28288K, reserved 1075200K
  class space    used 2204K, capacity 2310K, committed 2432K, reserved 1048576K
Event: 25.038 GC heap after
Heap after GC invocations=6 (full 1):
 PSYoungGen      total 111616K, used 10745K [0x000000076ab00000, 0x0000000775080000, 0x00000007c0000000)
  eden space 100864K, 0% used [0x000000076ab00000,0x000000076ab00000,0x0000000770d80000)
  from space 10752K, 99% used [0x0000000770d80000,0x00000007717fe590,0x0000000771800000)
  to   space 16896K, 0% used [0x0000000774000000,0x0000000774000000,0x0000000775080000)
 ParOldGen       total 117248K, used 17869K [0x00000006c0000000, 0x00000006c7280000, 0x000000076ab00000)
  object space 117248K, 15% used [0x00000006c0000000,0x00000006c1173550,0x00000006c7280000)
 Metaspace       used 27591K, capacity 27949K, committed 28288K, reserved 1075200K
  class space    used 2204K, capacity 2310K, committed 2432K, reserved 1048576K
}

Deoptimization events (10 events):
Event: 36.633 Thread 0x00007fa29218a000 Uncommon trap: reason=unstable_if action=reinterpret pc=0x000000010bf18ae0 method=java.awt.EventQueue.getPriority(Ljava/awt/AWTEvent;)I @ 71
Event: 36.633 Thread 0x00007fa294046800 Uncommon trap: reason=unstable_if action=reinterpret pc=0x000000010bc044e8 method=com.jogamp.common.util.VersionNumber.compareTo(Lcom/jogamp/common/util/VersionNumber;)I @ 21
Event: 36.634 Thread 0x00007fa29401a800 Uncommon trap: reason=unstable_if action=reinterpret pc=0x000000010be84454 method=java.security.AccessControlContext.combine([Ljava/security/ProtectionDomain;[Ljava/security/ProtectionDomain;)[Ljava/security/ProtectionDomain; @ 151
Event: 36.636 Thread 0x00007fa29218a000 Uncommon trap: reason=unstable_if action=reinterpret pc=0x000000010bf31b04 method=sun.java2d.pipe.Region.intersectsQuickCheck(Lsun/java2d/pipe/Region;)Z @ 41
Event: 36.636 Thread 0x00007fa29218a000 Uncommon trap: reason=unstable_if action=reinterpret pc=0x000000010bb57b38 method=java.awt.font.FontRenderContext.equals(Ljava/awt/font/FontRenderContext;)Z @ 2
Event: 36.636 Thread 0x00007fa29218a000 Uncommon trap: reason=unstable_if action=reinterpret pc=0x000000010bb561d4 method=java.awt.Font.equals(Ljava/lang/Object;)Z @ 2
Event: 36.650 Thread 0x00007fa29401a800 Uncommon trap: reason=unstable_if action=reinterpret pc=0x000000010b8bfa8c method=java.util.HashMap.putVal(ILjava/lang/Object;Ljava/lang/Object;ZZ)Ljava/lang/Object; @ 81
Event: 36.650 Thread 0x00007fa29401a800 Uncommon trap: reason=unstable_if action=reinterpret pc=0x000000010b86a094 method=java.util.HashMap.putVal(ILjava/lang/Object;Ljava/lang/Object;ZZ)Ljava/lang/Object; @ 81
Event: 36.657 Thread 0x00007fa294046800 Uncommon trap: reason=unstable_if action=reinterpret pc=0x000000010bd0158c method=java.security.AccessControlContext.combine([Ljava/security/ProtectionDomain;[Ljava/security/ProtectionDomain;)[Ljava/security/ProtectionDomain; @ 151
Event: 36.657 Thread 0x00007fa2879c3800 Uncommon trap: reason=predicate action=maybe_recompile pc=0x000000010b42e420 method=java.util.Vector.indexOf(Ljava/lang/Object;I)I @ 44

Internal exceptions (10 events):
Event: 0.384 Thread 0x00007fa293003000 Exception <a 'java/io/FileNotFoundException'> (0x000000076ae7d810) thrown at [/Users/java_re/workspace/8-2-build-macosx-x86_64/jdk8u131/8869/hotspot/src/share/vm/prims/jni.cpp, line 709]
Event: 0.384 Thread 0x00007fa293003000 Exception <a 'java/io/FileNotFoundException'> (0x000000076ae7e370) thrown at [/Users/java_re/workspace/8-2-build-macosx-x86_64/jdk8u131/8869/hotspot/src/share/vm/prims/jni.cpp, line 709]
Event: 0.504 Thread 0x00007fa293003000 Exception <a 'java/io/FileNotFoundException'> (0x000000076b05e0e0) thrown at [/Users/java_re/workspace/8-2-build-macosx-x86_64/jdk8u131/8869/hotspot/src/share/vm/prims/jni.cpp, line 709]
Event: 1.920 Thread 0x00007fa29229b000 Exception <a 'java/lang/UnsatisfiedLinkError': com.jogamp.common.util.JarUtil.fixNativeLibAttribs(Ljava/lang/String;)Z> (0x000000076c68c408) thrown at [/Users/java_re/workspace/8-2-build-macosx-x86_64/jdk8u131/8869/hotspot/src/share/vm/prims/nativeLookup.
Event: 2.706 Thread 0x00007fa294046800 Exception <a 'java/io/FileNotFoundException'> (0x000000076da088c0) thrown at [/Users/java_re/workspace/8-2-build-macosx-x86_64/jdk8u131/8869/hotspot/src/share/vm/prims/jni.cpp, line 709]
Event: 2.706 Thread 0x00007fa294046800 Exception <a 'java/io/FileNotFoundException'> (0x000000076da0fe08) thrown at [/Users/java_re/workspace/8-2-build-macosx-x86_64/jdk8u131/8869/hotspot/src/share/vm/prims/jni.cpp, line 709]
Event: 2.707 Thread 0x00007fa294046800 Implicit null exception at 0x000000010b4f6934 to 0x000000010b4f6d65
Event: 3.014 Thread 0x00007fa292024800 Exception <a 'java/lang/NullPointerException'> (0x000000076aeaf018) thrown at [/Users/java_re/workspace/8-2-build-macosx-x86_64/jdk8u131/8869/hotspot/src/share/vm/interpreter/linkResolver.cpp, line 1197]
Event: 3.117 Thread 0x00007fa294046800 Implicit null exception at 0x000000010b6d4386 to 0x000000010b6d45cd
Event: 3.155 Thread 0x00007fa2940a5000 Implicit null exception at 0x000000010b4f8e75 to 0x000000010b4f9239

Events (10 events):
Event: 36.657 loading class java/awt/event/AWTEventListenerProxy
Event: 36.657 loading class java/awt/event/AWTEventListenerProxy done
Event: 36.657 loading class java/awt/Toolkit$ToolkitEventMulticaster
Event: 36.657 loading class java/awt/Toolkit$ToolkitEventMulticaster done
Event: 36.657 Thread 0x00007fa29401a800 Thread exited: 0x00007fa29401a800
Event: 36.657 Thread 0x00007fa2879c3800 Uncommon trap: trap_request=0xffffff86 fr.pc=0x000000010b42e420
Event: 36.657 Thread 0x00007fa2879c3800 DEOPT PACKING pc=0x000000010b42e420 sp=0x000000019c004830
Event: 36.657 Thread 0x00007fa2879c3800 DEOPT UNPACKING pc=0x000000010b30a229 sp=0x000000019c004748 mode 2
Event: 36.657 loading class java/awt/Window$1DisposeAction
Event: 36.657 loading class java/awt/Window$1DisposeAction done


Dynamic libraries:
0x0000000006db4000 	/System/Library/Frameworks/Cocoa.framework/Versions/A/Cocoa
0x0000000006db4000 	/System/Library/Frameworks/Security.framework/Versions/A/Security
0x0000000006db4000 	/System/Library/Frameworks/ApplicationServices.framework/Versions/A/ApplicationServices
0x0000000006db4000 	/usr/lib/libz.1.dylib
0x0000000006db4000 	/usr/lib/libSystem.B.dylib
0x0000000006db4000 	/usr/lib/libobjc.A.dylib
0x0000000006db4000 	/System/Library/Frameworks/CoreFoundation.framework/Versions/A/CoreFoundation
0x0000000006db4000 	/System/Library/Frameworks/Foundation.framework/Versions/C/Foundation
0x0000000006db4000 	/System/Library/Frameworks/AppKit.framework/Versions/C/AppKit
0x0000000006db4000 	/System/Library/Frameworks/CoreData.framework/Versions/A/CoreData
0x0000000006db4000 	/System/Library/PrivateFrameworks/RemoteViewServices.framework/Versions/A/RemoteViewServices
0x0000000006db4000 	/System/Library/PrivateFrameworks/UIFoundation.framework/Versions/A/UIFoundation
0x0000000006db4000 	/System/Library/Frameworks/IOSurface.framework/Versions/A/IOSurface
0x0000000006db4000 	/System/Library/Frameworks/AudioToolbox.framework/Versions/A/AudioToolbox
0x0000000006db4000 	/System/Library/Frameworks/AudioUnit.framework/Versions/A/AudioUnit
0x0000000006db4000 	/System/Library/PrivateFrameworks/DataDetectorsCore.framework/Versions/A/DataDetectorsCore
0x0000000006db4000 	/System/Library/PrivateFrameworks/DesktopServicesPriv.framework/Versions/A/DesktopServicesPriv
0x0000000006db4000 	/System/Library/Frameworks/Carbon.framework/Versions/A/Frameworks/HIToolbox.framework/Versions/A/HIToolbox
0x0000000006db4000 	/System/Library/Frameworks/QuartzCore.framework/Versions/A/QuartzCore
0x0000000006db4000 	/System/Library/Frameworks/Carbon.framework/Versions/A/Frameworks/SpeechRecognition.framework/Versions/A/SpeechRecognition
0x0000000006db4000 	/usr/lib/libauto.dylib
0x0000000006db4000 	/usr/lib/libicucore.A.dylib
0x0000000006db4000 	/usr/lib/libxml2.2.dylib
0x0000000006db4000 	/System/Library/PrivateFrameworks/CoreUI.framework/Versions/A/CoreUI
0x0000000006db4000 	/System/Library/Frameworks/CoreAudio.framework/Versions/A/CoreAudio
0x0000000006db4000 	/System/Library/Frameworks/DiskArbitration.framework/Versions/A/DiskArbitration
0x0000000006db4000 	/usr/lib/liblangid.dylib
0x0000000006db4000 	/System/Library/PrivateFrameworks/MultitouchSupport.framework/Versions/A/MultitouchSupport
0x0000000006db4000 	/System/Library/Frameworks/IOKit.framework/Versions/A/IOKit
0x0000000006db4000 	/usr/lib/libDiagnosticMessagesClient.dylib
0x0000000006db4000 	/System/Library/Frameworks/CoreServices.framework/Versions/A/CoreServices
0x0000000006db4000 	/System/Library/PrivateFrameworks/PerformanceAnalysis.framework/Versions/A/PerformanceAnalysis
0x0000000006db4000 	/System/Library/PrivateFrameworks/GenerationalStorage.framework/Versions/A/GenerationalStorage
0x0000000006db4000 	/System/Library/Frameworks/OpenGL.framework/Versions/A/OpenGL
0x0000000006db4000 	/System/Library/PrivateFrameworks/Sharing.framework/Versions/A/Sharing
0x0000000108789000 	/System/Library/Frameworks/CoreGraphics.framework/Versions/A/CoreGraphics
0x0000000006db4000 	/System/Library/Frameworks/CoreText.framework/Versions/A/CoreText
0x0000000006db4000 	/System/Library/Frameworks/ImageIO.framework/Versions/A/ImageIO
0x0000000006db4000 	/usr/lib/libextension.dylib
0x0000000006db4000 	/System/Library/PrivateFrameworks/Backup.framework/Versions/A/Backup
0x0000000006db4000 	/usr/lib/libarchive.2.dylib
0x0000000006db4000 	/System/Library/Frameworks/CFNetwork.framework/Versions/A/CFNetwork
0x0000000006db4000 	/System/Library/Frameworks/SystemConfiguration.framework/Versions/A/SystemConfiguration
0x0000000006db4000 	/usr/lib/libCRFSuite.dylib
0x0000000006db4000 	/usr/lib/libc++.1.dylib
0x0000000006db4000 	/usr/lib/libc++abi.dylib
0x0000000006db4000 	/usr/lib/system/libcache.dylib
0x0000000006db4000 	/usr/lib/system/libcommonCrypto.dylib
0x0000000006db4000 	/usr/lib/system/libcompiler_rt.dylib
0x0000000006db4000 	/usr/lib/system/libcopyfile.dylib
0x0000000006db4000 	/usr/lib/system/libcorecrypto.dylib
0x0000000006db4000 	/usr/lib/system/libdispatch.dylib
0x0000000006db4000 	/usr/lib/system/libdyld.dylib
0x0000000006db4000 	/usr/lib/system/libkeymgr.dylib
0x0000000006db4000 	/usr/lib/system/liblaunch.dylib
0x0000000006db4000 	/usr/lib/system/libmacho.dylib
0x0000000006db4000 	/usr/lib/system/libquarantine.dylib
0x0000000006db4000 	/usr/lib/system/libremovefile.dylib
0x0000000006db4000 	/usr/lib/system/libsystem_asl.dylib
0x0000000006db4000 	/usr/lib/system/libsystem_blocks.dylib
0x0000000006db4000 	/usr/lib/system/libsystem_c.dylib
0x0000000006db4000 	/usr/lib/system/libsystem_configuration.dylib
0x0000000006db4000 	/usr/lib/system/libsystem_coreservices.dylib
0x0000000006db4000 	/usr/lib/system/libsystem_coretls.dylib
0x0000000006db4000 	/usr/lib/system/libsystem_dnssd.dylib
0x0000000006db4000 	/usr/lib/system/libsystem_info.dylib
0x0000000006db4000 	/usr/lib/system/libsystem_kernel.dylib
0x0000000006db4000 	/usr/lib/system/libsystem_m.dylib
0x0000000006db4000 	/usr/lib/system/libsystem_malloc.dylib
0x0000000006db4000 	/usr/lib/system/libsystem_network.dylib
0x0000000006db4000 	/usr/lib/system/libsystem_networkextension.dylib
0x0000000006db4000 	/usr/lib/system/libsystem_notify.dylib
0x0000000006db4000 	/usr/lib/system/libsystem_platform.dylib
0x0000000006db4000 	/usr/lib/system/libsystem_pthread.dylib
0x0000000006db4000 	/usr/lib/system/libsystem_sandbox.dylib
0x0000000006db4000 	/usr/lib/system/libsystem_secinit.dylib
0x0000000006db4000 	/usr/lib/system/libsystem_stats.dylib
0x0000000006db4000 	/usr/lib/system/libsystem_trace.dylib
0x0000000006db4000 	/usr/lib/system/libunc.dylib
0x0000000006db4000 	/usr/lib/system/libunwind.dylib
0x0000000006db4000 	/usr/lib/system/libxpc.dylib
0x0000000006db4000 	/usr/lib/libbz2.1.0.dylib
0x0000000006db4000 	/usr/lib/liblzma.5.dylib
0x0000000006db4000 	/usr/lib/libbsm.0.dylib
0x0000000006db4000 	/usr/lib/libsqlite3.dylib
0x0000000006db4000 	/usr/lib/system/libkxld.dylib
0x0000000006db4000 	/usr/lib/libxar.1.dylib
0x0000000006db4000 	/usr/lib/libpam.2.dylib
0x0000000006db4000 	/usr/lib/libOpenScriptingUtil.dylib
0x0000000006db4000 	/System/Library/Frameworks/CoreServices.framework/Versions/A/Frameworks/FSEvents.framework/Versions/A/FSEvents
0x0000000006db4000 	/System/Library/Frameworks/CoreServices.framework/Versions/A/Frameworks/CarbonCore.framework/Versions/A/CarbonCore
0x0000000006db4000 	/System/Library/Frameworks/CoreServices.framework/Versions/A/Frameworks/Metadata.framework/Versions/A/Metadata
0x0000000006db4000 	/System/Library/Frameworks/CoreServices.framework/Versions/A/Frameworks/OSServices.framework/Versions/A/OSServices
0x0000000006db4000 	/System/Library/Frameworks/CoreServices.framework/Versions/A/Frameworks/SearchKit.framework/Versions/A/SearchKit
0x0000000006db4000 	/System/Library/Frameworks/CoreServices.framework/Versions/A/Frameworks/AE.framework/Versions/A/AE
0x0000000006db4000 	/System/Library/Frameworks/CoreServices.framework/Versions/A/Frameworks/LaunchServices.framework/Versions/A/LaunchServices
0x0000000006db4000 	/System/Library/Frameworks/CoreServices.framework/Versions/A/Frameworks/DictionaryServices.framework/Versions/A/DictionaryServices
0x0000000006db4000 	/System/Library/Frameworks/NetFS.framework/Versions/A/NetFS
0x0000000006db4000 	/System/Library/PrivateFrameworks/NetAuth.framework/Versions/A/NetAuth
0x0000000006db4000 	/System/Library/PrivateFrameworks/login.framework/Versions/A/Frameworks/loginsupport.framework/Versions/A/loginsupport
0x0000000006db4000 	/System/Library/PrivateFrameworks/TCC.framework/Versions/A/TCC
0x0000000006db4000 	/usr/lib/libmecabra.dylib
0x0000000006db4000 	/System/Library/Frameworks/ApplicationServices.framework/Versions/A/Frameworks/ATS.framework/Versions/A/ATS
0x0000000006db4000 	/System/Library/Frameworks/ApplicationServices.framework/Versions/A/Frameworks/ColorSync.framework/Versions/A/ColorSync
0x0000000006db4000 	/System/Library/Frameworks/ApplicationServices.framework/Versions/A/Frameworks/HIServices.framework/Versions/A/HIServices
0x0000000006db4000 	/System/Library/Frameworks/ApplicationServices.framework/Versions/A/Frameworks/LangAnalysis.framework/Versions/A/LangAnalysis
0x0000000006db4000 	/System/Library/Frameworks/ApplicationServices.framework/Versions/A/Frameworks/PrintCore.framework/Versions/A/PrintCore
0x0000000006db4000 	/System/Library/Frameworks/ApplicationServices.framework/Versions/A/Frameworks/QD.framework/Versions/A/QD
0x0000000006db4000 	/System/Library/Frameworks/ApplicationServices.framework/Versions/A/Frameworks/SpeechSynthesis.framework/Versions/A/SpeechSynthesis
0x0000000006db4000 	/System/Library/Frameworks/Accelerate.framework/Versions/A/Accelerate
0x0000000006db4000 	/System/Library/Frameworks/Accelerate.framework/Versions/A/Frameworks/vImage.framework/Versions/A/vImage
0x0000000006db4000 	/System/Library/Frameworks/Accelerate.framework/Versions/A/Frameworks/vecLib.framework/Versions/A/vecLib
0x0000000006db4000 	/System/Library/Frameworks/Accelerate.framework/Versions/A/Frameworks/vecLib.framework/Versions/A/libvDSP.dylib
0x0000000006db4000 	/System/Library/Frameworks/Accelerate.framework/Versions/A/Frameworks/vecLib.framework/Versions/A/libvMisc.dylib
0x0000000006db4000 	/System/Library/Frameworks/Accelerate.framework/Versions/A/Frameworks/vecLib.framework/Versions/A/libLAPACK.dylib
0x0000000006db4000 	/System/Library/Frameworks/Accelerate.framework/Versions/A/Frameworks/vecLib.framework/Versions/A/libBLAS.dylib
0x0000000006db4000 	/System/Library/Frameworks/Accelerate.framework/Versions/A/Frameworks/vecLib.framework/Versions/A/libLinearAlgebra.dylib
0x0000000006db4000 	/System/Library/Frameworks/ApplicationServices.framework/Versions/A/Frameworks/ATS.framework/Versions/A/Resources/libFontParser.dylib
0x0000000006db4000 	/System/Library/Frameworks/ApplicationServices.framework/Versions/A/Frameworks/ATS.framework/Versions/A/Resources/libFontRegistry.dylib
0x0000000006db4000 	/System/Library/PrivateFrameworks/AppleVPA.framework/Versions/A/AppleVPA
0x0000000006db4000 	/System/Library/PrivateFrameworks/AppleJPEG.framework/Versions/A/AppleJPEG
0x0000000006db4000 	/System/Library/Frameworks/ImageIO.framework/Versions/A/Resources/libJPEG.dylib
0x0000000006db4000 	/System/Library/Frameworks/ImageIO.framework/Versions/A/Resources/libTIFF.dylib
0x0000000006db4000 	/System/Library/Frameworks/ImageIO.framework/Versions/A/Resources/libPng.dylib
0x0000000006db4000 	/System/Library/Frameworks/ImageIO.framework/Versions/A/Resources/libGIF.dylib
0x0000000006db4000 	/System/Library/Frameworks/ImageIO.framework/Versions/A/Resources/libJP2.dylib
0x0000000006db4000 	/System/Library/Frameworks/ImageIO.framework/Versions/A/Resources/libRadiance.dylib
0x0000000006db4000 	/System/Library/Frameworks/CoreVideo.framework/Versions/A/CoreVideo
0x0000000006db4000 	/System/Library/Frameworks/OpenGL.framework/Versions/A/Libraries/libGLU.dylib
0x0000000006db4000 	/System/Library/Frameworks/OpenGL.framework/Versions/A/Libraries/libGFXShared.dylib
0x0000000006db4000 	/System/Library/Frameworks/OpenGL.framework/Versions/A/Libraries/libGL.dylib
0x0000000006db4000 	/System/Library/Frameworks/OpenGL.framework/Versions/A/Libraries/libGLImage.dylib
0x0000000006db4000 	/System/Library/Frameworks/OpenGL.framework/Versions/A/Libraries/libCVMSPluginSupport.dylib
0x0000000006db4000 	/System/Library/Frameworks/OpenGL.framework/Versions/A/Libraries/libCoreVMClient.dylib
0x0000000006db4000 	/usr/lib/libcups.2.dylib
0x0000000006db4000 	/System/Library/Frameworks/Kerberos.framework/Versions/A/Kerberos
0x0000000006db4000 	/System/Library/Frameworks/GSS.framework/Versions/A/GSS
0x0000000006db4000 	/usr/lib/libresolv.9.dylib
0x0000000006db4000 	/usr/lib/libiconv.2.dylib
0x0000000006db4000 	/System/Library/PrivateFrameworks/Heimdal.framework/Versions/A/Heimdal
0x0000000006db4000 	/usr/lib/libheimdal-asn1.dylib
0x0000000006db4000 	/System/Library/Frameworks/OpenDirectory.framework/Versions/A/OpenDirectory
0x0000000006db4000 	/System/Library/PrivateFrameworks/CommonAuth.framework/Versions/A/CommonAuth
0x0000000006db4000 	/System/Library/Frameworks/OpenDirectory.framework/Versions/A/Frameworks/CFOpenDirectory.framework/Versions/A/CFOpenDirectory
0x0000000006db4000 	/System/Library/Frameworks/SecurityFoundation.framework/Versions/A/SecurityFoundation
0x0000000006db4000 	/System/Library/PrivateFrameworks/LanguageModeling.framework/Versions/A/LanguageModeling
0x0000000006db4000 	/usr/lib/libcmph.dylib
0x0000000006db4000 	/System/Library/Frameworks/ServiceManagement.framework/Versions/A/ServiceManagement
0x0000000006db4000 	/usr/lib/libxslt.1.dylib
0x0000000006db4000 	/System/Library/Frameworks/Carbon.framework/Versions/A/Frameworks/Ink.framework/Versions/A/Ink
0x0000000006db4000 	/System/Library/Frameworks/QuartzCore.framework/Versions/A/Frameworks/CoreImage.framework/Versions/A/CoreImage
0x0000000006db4000 	/System/Library/PrivateFrameworks/CrashReporterSupport.framework/Versions/A/CrashReporterSupport
0x0000000006db4000 	/System/Library/Frameworks/OpenCL.framework/Versions/A/OpenCL
0x0000000006db4000 	/System/Library/PrivateFrameworks/FaceCore.framework/Versions/A/FaceCore
0x0000000006db4000 	/System/Library/PrivateFrameworks/Ubiquity.framework/Versions/A/Ubiquity
0x0000000006db4000 	/System/Library/PrivateFrameworks/IconServices.framework/Versions/A/IconServices
0x0000000006db4000 	/System/Library/PrivateFrameworks/ChunkingLibrary.framework/Versions/A/ChunkingLibrary
0x0000000006db4000 	/System/Library/PrivateFrameworks/Apple80211.framework/Versions/A/Apple80211
0x0000000006db4000 	/System/Library/Frameworks/CoreWLAN.framework/Versions/A/CoreWLAN
0x0000000006db4000 	/System/Library/Frameworks/IOBluetooth.framework/Versions/A/IOBluetooth
0x0000000006db4000 	/System/Library/PrivateFrameworks/CoreWiFi.framework/Versions/A/CoreWiFi
0x0000000006db4000 	/System/Library/Frameworks/CoreBluetooth.framework/Versions/A/CoreBluetooth
0x0000000006db4000 	/System/Library/PrivateFrameworks/DebugSymbols.framework/Versions/A/DebugSymbols
0x0000000006db4000 	/System/Library/PrivateFrameworks/CoreSymbolication.framework/Versions/A/CoreSymbolication
0x0000000006db4000 	/System/Library/PrivateFrameworks/Symbolication.framework/Versions/A/Symbolication
0x0000000006db4000 	/System/Library/PrivateFrameworks/SpeechRecognitionCore.framework/Versions/A/SpeechRecognitionCore
0x000000010a213000 	/Library/Java/JavaVirtualMachines/jdk1.8.0_131.jdk/Contents/Home/jre/lib/server/libjvm.dylib
0x0000000006db4000 	/usr/lib/libstdc++.6.dylib
0x000000010b2b9000 	/Library/Java/JavaVirtualMachines/jdk1.8.0_131.jdk/Contents/Home/jre/lib/libverify.dylib
0x000000010b2c7000 	/Library/Java/JavaVirtualMachines/jdk1.8.0_131.jdk/Contents/Home/jre/lib/libjava.dylib
0x000000010b2fc000 	/Library/Java/JavaVirtualMachines/jdk1.8.0_131.jdk/Contents/Home/jre/lib/libzip.dylib
0x0000000126edc000 	/System/Library/Frameworks/JavaVM.framework/Frameworks/JavaRuntimeSupport.framework/JavaRuntimeSupport
0x0000000126ef7000 	/System/Library/Frameworks/JavaVM.framework/Versions/A/Frameworks/JavaNativeFoundation.framework/Versions/A/JavaNativeFoundation
0x0000000126f0c000 	/System/Library/Frameworks/JavaVM.framework/Versions/A/JavaVM
0x0000000006db4000 	/System/Library/Frameworks/Carbon.framework/Versions/A/Carbon
0x0000000126f19000 	/System/Library/PrivateFrameworks/JavaLaunching.framework/Versions/A/JavaLaunching
0x0000000006db4000 	/System/Library/Frameworks/Carbon.framework/Versions/A/Frameworks/CommonPanels.framework/Versions/A/CommonPanels
0x0000000006db4000 	/System/Library/Frameworks/Carbon.framework/Versions/A/Frameworks/Help.framework/Versions/A/Help
0x0000000006db4000 	/System/Library/Frameworks/Carbon.framework/Versions/A/Frameworks/ImageCapture.framework/Versions/A/ImageCapture
0x0000000006db4000 	/System/Library/Frameworks/Carbon.framework/Versions/A/Frameworks/OpenScripting.framework/Versions/A/OpenScripting
0x0000000006db4000 	/System/Library/Frameworks/Carbon.framework/Versions/A/Frameworks/Print.framework/Versions/A/Print
0x0000000006db4000 	/System/Library/Frameworks/Carbon.framework/Versions/A/Frameworks/SecurityHI.framework/Versions/A/SecurityHI
0x0000000128f50000 	/Library/Java/JavaVirtualMachines/jdk1.8.0_131.jdk/Contents/Home/jre/lib/libawt.dylib
0x0000000128ff8000 	/Library/Java/JavaVirtualMachines/jdk1.8.0_131.jdk/Contents/Home/jre/lib/./libmlib_image.dylib
0x00000001290c4000 	/Library/Java/JavaVirtualMachines/jdk1.8.0_131.jdk/Contents/Home/jre/lib/libawt_lwawt.dylib
0x000000012917b000 	/Library/Java/JavaVirtualMachines/jdk1.8.0_131.jdk/Contents/Home/jre/lib/./libosxapp.dylib
0x0000000006db4000 	/System/Library/Frameworks/ExceptionHandling.framework/Versions/A/ExceptionHandling
0x0000000006db4000 	/System/Library/PrivateFrameworks/CoreServicesInternal.framework/Versions/A/CoreServicesInternal
0x0000000006db4000 	/System/Library/PrivateFrameworks/CloudDocs.framework/Versions/A/CloudDocs
0x0000000006db4000 	/System/Library/PrivateFrameworks/CoreDuet.framework/Versions/A/CoreDuet
0x0000000006db4000 	/System/Library/Frameworks/CloudKit.framework/Versions/A/CloudKit
0x0000000006db4000 	/System/Library/PrivateFrameworks/ProtocolBuffer.framework/Versions/A/ProtocolBuffer
0x0000000006db4000 	/System/Library/PrivateFrameworks/CoreDuetDaemonProtocol.framework/Versions/A/CoreDuetDaemonProtocol
0x0000000006db4000 	/System/Library/PrivateFrameworks/CoreDuetDebugLogging.framework/Versions/A/CoreDuetDebugLogging
0x0000000006db4000 	/System/Library/PrivateFrameworks/MMCS.framework/Versions/A/MMCS
0x0000000006db4000 	/System/Library/Frameworks/CoreLocation.framework/Versions/A/CoreLocation
0x0000000006db4000 	/System/Library/PrivateFrameworks/ProtectedCloudStorage.framework/Versions/A/ProtectedCloudStorage
0x0000000006db4000 	/System/Library/PrivateFrameworks/GeoServices.framework/Versions/A/GeoServices
0x0000000006db4000 	/System/Library/Frameworks/CoreGraphics.framework/Versions/A/Resources/libCGCMS.A.dylib
0x0000000006db4000 	/System/Library/Frameworks/CoreGraphics.framework/Versions/A/Resources/libRIP.A.dylib
0x0000000006db4000 	/System/Library/Frameworks/CoreGraphics.framework/Versions/A/Resources/libCGXType.A.dylib
0x0000000006db4000 	/System/Library/Frameworks/OpenCL.framework/Versions/A/Libraries/libcldcpuengine.dylib
0x0000000006db4000 	/System/Library/PrivateFrameworks/DiskImages.framework/Versions/A/DiskImages
0x0000000006db4000 	/System/Library/Frameworks/DiscRecording.framework/Versions/A/DiscRecording
0x0000000006db4000 	/usr/lib/libcsfde.dylib
0x0000000006db4000 	/usr/lib/libcurl.4.dylib
0x0000000006db4000 	/System/Library/PrivateFrameworks/MediaKit.framework/Versions/A/MediaKit
0x0000000006db4000 	/usr/lib/libCoreStorage.dylib
0x0000000006db4000 	/System/Library/PrivateFrameworks/EFILogin.framework/Versions/A/EFILogin
0x0000000006db4000 	/usr/lib/libutil.dylib
0x0000000006db4000 	/System/Library/PrivateFrameworks/FindMyDevice.framework/Versions/A/FindMyDevice
0x0000000006db4000 	/System/Library/Frameworks/LDAP.framework/Versions/A/LDAP
0x0000000006db4000 	/usr/lib/libsasl2.2.dylib
0x0000000006db4000 	/System/Library/PrivateFrameworks/CoreDaemon.framework/Versions/B/CoreDaemon
0x0000000006db4000 	/usr/lib/libcrypto.0.9.8.dylib
0x0000000006db4000 	/System/Library/PrivateFrameworks/AppleSRP.framework/Versions/A/AppleSRP
0x0000000006db4000 	/System/Library/PrivateFrameworks/TrustEvaluationAgent.framework/Versions/A/TrustEvaluationAgent
0x000000012c271000 	cl_kernels
0x000000012c273000 	/System/Library/Frameworks/OpenCL.framework/Versions/A/Libraries/ImageFormats/unorm8_bgra.dylib
0x000000012c263000 	cl_kernels
0x0000000006db4000 	/System/Library/PrivateFrameworks/FamilyControls.framework/Versions/A/FamilyControls
0x0000000006db4000 	/System/Library/PrivateFrameworks/CommerceKit.framework/Versions/A/Frameworks/CommerceCore.framework/Versions/A/CommerceCore
0x0000000006db4000 	/System/Library/PrivateFrameworks/SystemAdministration.framework/Versions/A/SystemAdministration
0x0000000006db4000 	/System/Library/PrivateFrameworks/AppContainer.framework/Versions/A/AppContainer
0x0000000006db4000 	/System/Library/PrivateFrameworks/SecCodeWrapper.framework/Versions/A/SecCodeWrapper
0x0000000006db4000 	/System/Library/Frameworks/DirectoryService.framework/Versions/A/DirectoryService
0x0000000006db4000 	/System/Library/PrivateFrameworks/LoginUIKit.framework/Versions/A/Frameworks/LoginUICore.framework/Versions/A/LoginUICore
0x0000000006db4000 	/usr/lib/libodfde.dylib
0x000000012da5b000 	/System/Library/Frameworks/OpenGL.framework/Resources/GLEngine.bundle/GLEngine
0x0000000006db4000 	/System/Library/Frameworks/OpenGL.framework/Versions/A/Libraries/libGLProgrammability.dylib
0x000000012dc46000 	/System/Library/Extensions/AppleIntelHD5000GraphicsGLDriver.bundle/Contents/MacOS/AppleIntelHD5000GraphicsGLDriver
0x0000000006db4000 	/System/Library/PrivateFrameworks/IOAccelerator.framework/Versions/A/IOAccelerator
0x0000000006db4000 	/System/Library/PrivateFrameworks/GPUSupport.framework/Versions/A/Libraries/libGPUSupportMercury.dylib
0x0000000006db4000 	/System/Library/Frameworks/OpenGL.framework/Versions/A/Resources/GLRendererFloat.bundle/GLRendererFloat
0x000000012f148000 	/Library/Java/JavaVirtualMachines/jdk1.8.0_131.jdk/Contents/Home/jre/lib/libfontmanager.dylib
0x00000001304d6000 	/Library/Java/JavaVirtualMachines/jdk1.8.0_131.jdk/Contents/Home/jre/lib/libosxui.dylib
0x00000001310a6000 	/Library/Java/JavaVirtualMachines/jdk1.8.0_131.jdk/Contents/Home/jre/lib/libnet.dylib
0x00000001312a9000 	/Library/Java/JavaVirtualMachines/jdk1.8.0_131.jdk/Contents/Home/jre/lib/libnio.dylib
0x0000000006db4000 	/System/Library/Frameworks/ApplicationServices.framework/Versions/A/Frameworks/ATS.framework/Versions/A/Resources/libTrueTypeScaler.dylib
0x0000000190201000 	/private/var/folders/dw/m8mh704j5bl04j2yy8ymkxzxqkj2k0/T/jogamp_0000/file_cache/jln4997364224501598762/jln8322736990126983764/libgluegen-rt.jnilib
0x000000019024b000 	/private/var/folders/dw/m8mh704j5bl04j2yy8ymkxzxqkj2k0/T/jogamp_0000/file_cache/jln4997364224501598762/jln8322736990126983764/libnativewindow_awt.jnilib
0x000000019024e000 	/Library/Java/JavaVirtualMachines/jdk1.8.0_131.jdk/Contents/Home/jre/lib/libjawt.dylib
0x0000000190251000 	/private/var/folders/dw/m8mh704j5bl04j2yy8ymkxzxqkj2k0/T/jogamp_0000/file_cache/jln4997364224501598762/jln8322736990126983764/libnativewindow_macosx.jnilib
0x0000000190a70000 	/private/var/folders/dw/m8mh704j5bl04j2yy8ymkxzxqkj2k0/T/jogamp_0000/file_cache/jln4997364224501598762/jln8322736990126983764/libjogl_desktop.jnilib
0x00000001945b6000 	/Library/Java/JavaVirtualMachines/jdk1.8.0_131.jdk/Contents/Home/jre/lib/libt2k.dylib

VM Arguments:
jvm_args: -Djava.security.policy=java.policy.applet -Dfile.encoding=UTF-8 
java_command: sun.applet.AppletViewer module4.EarthquakeCityMap1493834456600.html
java_class_path (initial): /Users/dpei/Documents/workspace/UCSDUnfoldingMaps/build:/Users/dpei/Documents/workspace/UCSDUnfoldingMaps/lib/core.jar:/Users/dpei/Documents/workspace/UCSDUnfoldingMaps/lib/gluegen-rt.jar:/Users/dpei/Documents/workspace/UCSDUnfoldingMaps/lib/jogl-all.jar:/Users/dpei/Documents/workspace/UCSDUnfoldingMaps/lib/log4j-1.2.15.jar:/Users/dpei/Documents/workspace/UCSDUnfoldingMaps/lib/sqlite-jdbc-3.7.2.jar:/Users/dpei/Documents/workspace/UCSDUnfoldingMaps/lib/json4processing.jar:/Users/dpei/Documents/workspace/UCSDUnfoldingMaps/lib/libTUIO.jar:/Users/dpei/Documents/workspace/UCSDUnfoldingMaps/lib/unfolding.0.9.7-uscd.jar
Launcher Type: SUN_STANDARD

Environment Variables:
PATH=/usr/bin:/bin:/usr/sbin:/sbin
SHELL=/bin/bash

Signal Handlers:
SIGSEGV: [libjvm.dylib+0x5b1eb1], sa_mask[0]=11111111011111110111111111111111, sa_flags=SA_ONSTACK|SA_RESTART|SA_SIGINFO
SIGBUS: [libjvm.dylib+0x5b1eb1], sa_mask[0]=11111111011111110111111111111111, sa_flags=SA_RESTART|SA_SIGINFO
SIGFPE: [libjvm.dylib+0x488988], sa_mask[0]=11111111011111110111111111111111, sa_flags=SA_RESTART|SA_SIGINFO
SIGPIPE: [libjvm.dylib+0x488988], sa_mask[0]=11111111011111110111111111111111, sa_flags=SA_RESTART|SA_SIGINFO
SIGXFSZ: [libjvm.dylib+0x488988], sa_mask[0]=11111111011111110111111111111111, sa_flags=SA_RESTART|SA_SIGINFO
SIGILL: [libjvm.dylib+0x488988], sa_mask[0]=11111111011111110111111111111111, sa_flags=SA_RESTART|SA_SIGINFO
SIGUSR1: SIG_DFL, sa_mask[0]=00000000000000000000000000000000, sa_flags=none
SIGUSR2: [libjvm.dylib+0x4884a6], sa_mask[0]=00100000000000000000000000000000, sa_flags=SA_RESTART|SA_SIGINFO
SIGHUP: [libjvm.dylib+0x486a7d], sa_mask[0]=11111111011111110111111111111111, sa_flags=SA_RESTART|SA_SIGINFO
SIGINT: [libjvm.dylib+0x486a7d], sa_mask[0]=11111111011111110111111111111111, sa_flags=SA_RESTART|SA_SIGINFO
SIGTERM: [libjvm.dylib+0x486a7d], sa_mask[0]=11111111011111110111111111111111, sa_flags=SA_RESTART|SA_SIGINFO
SIGQUIT: [libjvm.dylib+0x486a7d], sa_mask[0]=11111111011111110111111111111111, sa_flags=SA_RESTART|SA_SIGINFO


---------------  S Y S T E M  ---------------

OS:Bsduname:Darwin 14.5.0 Darwin Kernel Version 14.5.0: Sun Sep 25 22:07:15 PDT 2016; root:xnu-2782.50.9~1/RELEASE_X86_64 x86_64
rlimit: STACK 8192k, CORE 0k, NPROC 709, NOFILE 10240, AS infinity
load average:2.30 2.01 1.82

CPU:total 8 (initial active 8) (4 cores per cpu, 2 threads per core) family 6 model 70 stepping 1, cmov, cx8, fxsr, mmx, sse, sse2, sse3, ssse3, sse4.1, sse4.2, popcnt, avx, avx2, aes, clmul, erms, lzcnt, ht, tsc, tscinvbit, bmi1, bmi2

Memory: 4k page, physical 16777216k(1084136k free)

/proc/meminfo:


vm_info: Java HotSpot(TM) 64-Bit Server VM (25.131-b11) for bsd-amd64 JRE (1.8.0_131-b11), built on Mar 15 2017 01:32:22 by "java_re" with gcc 4.2.1 (Based on Apple Inc. build 5658) (LLVM build 2336.11.00)

time: Wed May  3 13:01:33 2017
elapsed time: 36 seconds (0d 0h 0m 36s)

