#
# A fatal error has been detected by the Java Runtime Environment:
#
#  SIGSEGV (0xb) at pc=0x00007fff931240dd, pid=9366, tid=0x0000000000000713
#
# JRE version: Java(TM) SE Runtime Environment (8.0_131-b11) (build 1.8.0_131-b11)
# Java VM: Java HotSpot(TM) 64-Bit Server VM (25.131-b11 mixed mode bsd-amd64 compressed oops)
# Problematic frame:
# C  [libobjc.A.dylib+0x10dd]  objc_msgSend+0x1d
#
# Failed to write core dump. Core dumps have been disabled. To enable core dumping, try "ulimit -c unlimited" before starting Java again
#
# If you would like to submit a bug report, please visit:
#   http://bugreport.java.com/bugreport/crash.jsp
# The crash happened outside the Java Virtual Machine in native code.
# See problematic frame for where to report the bug.
#

---------------  T H R E A D  ---------------

Current thread (0x00007f94dd902000):  JavaThread "AWT-AppKit" daemon [_thread_in_native, id=1811, stack(0x00007fff51878000,0x00007fff52078000)]

siginfo: si_signo: 11 (SIGSEGV), si_code: 1 (SEGV_MAPERR), si_addr: 0x0000000000000018

Registers:
RAX=0x00007f94e1fef990, RBX=0x000000019528d450, RCX=0x000000013612c3c0, RDX=0x000000013612c880
RSP=0x00007fff520735e8, RBP=0x00007fff520736a0, RSI=0x00007fff880d840f, RDI=0x00007f94e23ac0e0
R8 =0x0000000000000000, R9 =0x0000000000000f50, R10=0x00007fff880d840f, R11=0x0000000000000000
R12=0x0000000000000000, R13=0x00000001989c76f0, R14=0x000000019528d440, R15=0x00007f94dd902000
RIP=0x00007fff931240dd, EFLAGS=0x0000000000010246, ERR=0x0000000000000004
  TRAPNO=0x000000000000000e

Top of Stack: (sp=0x00007fff520735e8)
0x00007fff520735e8:   000000019528b157 00007fff52073640
0x00007fff520735f8:   0000000000000003 00007fff52073620
0x00007fff52073608:   000000010f9f36d2 00000001989c76f0
0x00007fff52073618:   00000001989c76f0 00007f94e1fef990
0x00007fff52073628:   000000019528d6a0 000000019528d710
0x00007fff52073638:   00007fff791a4550 00007fff786dfc80
0x00007fff52073648:   000000019528d450 000000019528d690
0x00007fff52073658:   00007f94e1fef990 00007f94e23ac0e0
0x00007fff52073668:   00007f94dad44a20 00007f94e1fef990
0x00007fff52073678:   00007f94e23ac0e0 00007fff52073728
0x00007fff52073688:   00007f94dd9021f8 00000001989c76f0
0x00007fff52073698:   00007fff52073750 00007fff52073718
0x00007fff520736a8:   00000001107ba9f4 00000001989c76f0
0x00007fff520736b8:   00007fff52073750 00007fff52073718
0x00007fff520736c8:   00000001107ba787 00000001107ba742
0x00007fff520736d8:   00007fff520736d8 00000001989c76f0
0x00007fff520736e8:   00007fff52073750 00000001989ca328
0x00007fff520736f8:   0000000000000000 00000001989c76f0
0x00007fff52073708:   0000000000000000 00007fff52073738
0x00007fff52073718:   00007fff52073798 00000001107ab2bd
0x00007fff52073728:   00000006c0ef1918 00000001107b4538
0x00007fff52073738:   00007f94e1fef990 00007fff52073798
0x00007fff52073748:   00007f94e23ac0e0 00000001107b5e02
0x00007fff52073758:   00007fff52073758 00000001989c78ba
0x00007fff52073768:   00007fff520737c0 00000001989ca328
0x00007fff52073778:   0000000000000000 00000001989c78c8
0x00007fff52073788:   00007fff52073738 00007fff520737a8
0x00007fff52073798:   00007fff52073808 00000001107ab2bd
0x00007fff520737a8:   00007f94e1fef990 00000006c0f440d0
0x00007fff520737b8:   00007f94e23ac0e0 00000006c0f440d0
0x00007fff520737c8:   00007fff520737c8 00000001a02eb306
0x00007fff520737d8:   00007fff52073818 00000001a02eb3c0 

Instructions: (pc=0x00007fff931240dd)
0x00007fff931240bd:   00 00 00 48 85 ff 2e 74 7a 40 f6 c7 01 2e 75 7e
0x00007fff931240cd:   49 bb f8 ff ff ff ff 7f 00 00 4c 23 1f 49 89 f2
0x00007fff931240dd:   45 23 53 18 49 c1 e2 04 4d 03 53 10 49 3b 32 75
0x00007fff931240ed:   04 41 ff 62 08 49 83 3a 00 74 6a 4d 3b 53 10 74 

Register to memory mapping:

RAX=0x00007f94e1fef990 is an unknown value
RBX=0x000000019528d450: Java_jogamp_nativewindow_macosx_OSXUtil_GetScreenRefreshRate0+0x1cf0 in /private/var/folders/dw/m8mh704j5bl04j2yy8ymkxzxqkj2k0/T/jogamp_0000/file_cache/jln3054553969790609061/jln414999498688441073/libnativewindow_macosx.jnilib at 0x0000000195286000
RCX=0x000000013612c3c0 is an unknown value
RDX=0x000000013612c880 is an unknown value
RSP=0x00007fff520735e8 is pointing into the stack for thread: 0x00007f94dd902000
RBP=0x00007fff520736a0 is pointing into the stack for thread: 0x00007f94dd902000
RSI=0x00007fff880d840f is an unknown value
RDI=0x00007f94e23ac0e0 is an unknown value
R8 =0x0000000000000000 is an unknown value
R9 =0x0000000000000f50 is an unknown value
R10=0x00007fff880d840f is an unknown value
R11=0x0000000000000000 is an unknown value
R12=0x0000000000000000 is an unknown value
R13={method} {0x00000001989c76f0} 'UnsetJAWTRootSurfaceLayer0' '(JJ)V' in 'jogamp/nativewindow/jawt/macosx/MacOSXJAWTWindow'
R14=0x000000019528d440: Java_jogamp_nativewindow_macosx_OSXUtil_GetScreenRefreshRate0+0x1ce0 in /private/var/folders/dw/m8mh704j5bl04j2yy8ymkxzxqkj2k0/T/jogamp_0000/file_cache/jln3054553969790609061/jln414999498688441073/libnativewindow_macosx.jnilib at 0x0000000195286000
R15=0x00007f94dd902000 is a thread


Stack: [0x00007fff51878000,0x00007fff52078000],  sp=0x00007fff520735e8,  free space=8173k
Native frames: (J=compiled Java code, j=interpreted, Vv=VM code, C=native code)
C  [libobjc.A.dylib+0x10dd]  objc_msgSend+0x1d
j  jogamp.nativewindow.jawt.macosx.MacOSXJAWTWindow.UnsetJAWTRootSurfaceLayer0(JJ)V+0
j  jogamp.nativewindow.jawt.macosx.MacOSXJAWTWindow.access$200(JJ)V+2
j  jogamp.nativewindow.jawt.macosx.MacOSXJAWTWindow$1.run()V+38
j  com.jogamp.common.util.RunnableTask.run()V+24
v  ~StubRoutines::call_stub
V  [libjvm.dylib+0x2ee5b6]
V  [libjvm.dylib+0x325765]
V  [libjvm.dylib+0x317f33]
C  [libnativewindow_macosx.jnilib+0x5326]  Java_jogamp_nativewindow_jawt_macosx_MacOSXJAWTWindow_UnsetJAWTRootSurfaceLayer0+0x2b6
C  [Foundation+0x92dd0]  __NSThreadPerformPerform+0x125
C  [CoreFoundation+0x80a01]  __CFRUNLOOP_IS_CALLING_OUT_TO_A_SOURCE0_PERFORM_FUNCTION__+0x11
C  [CoreFoundation+0x72c5c]  __CFRunLoopDoSources0+0x1dc
C  [CoreFoundation+0x721bf]  __CFRunLoopRun+0x39f
C  [CoreFoundation+0x71bd8]  CFRunLoopRunSpecific+0x128
C  [HIToolbox+0x3256f]  RunCurrentEventLoopInMode+0xeb
C  [HIToolbox+0x321ee]  ReceiveNextEventCommon+0xb3
C  [HIToolbox+0x3212b]  _BlockUntilNextEventMatchingListInModeWithFilter+0x47
C  [AppKit+0x918ab]  _DPSNextEvent+0x3d2
C  [AppKit+0x90e58]  -[NSApplication nextEventMatchingMask:untilDate:inMode:dequeue:]+0x15a
C  [libosxapp.dylib+0x23aa]  -[NSApplicationAWT nextEventMatchingMask:untilDate:inMode:dequeue:]+0x7c
C  [AppKit+0x86af3]  -[NSApplication run]+0x252
C  [libosxapp.dylib+0x214d]  +[NSApplicationAWT runAWTLoopWithApp:]+0x9c
C  [libawt_lwawt.dylib+0x45edf]  -[AWTStarter starter:]+0x389
C  [Foundation+0x92dd0]  __NSThreadPerformPerform+0x125
C  [CoreFoundation+0x80a01]  __CFRUNLOOP_IS_CALLING_OUT_TO_A_SOURCE0_PERFORM_FUNCTION__+0x11
C  [CoreFoundation+0x72b8d]  __CFRunLoopDoSources0+0x10d
C  [CoreFoundation+0x721bf]  __CFRunLoopRun+0x39f
C  [CoreFoundation+0x71bd8]  CFRunLoopRunSpecific+0x128
C  [java+0x6465]  CreateExecutionEnvironment+0x367
C  [java+0x218c]  JLI_Launch+0x7a0
C  [java+0x84c2]  main+0x65
C  [java+0x19e4]  start+0x34
C  0x0000000000000007

Java frames: (J=compiled Java code, j=interpreted, Vv=VM code)
j  jogamp.nativewindow.jawt.macosx.MacOSXJAWTWindow.UnsetJAWTRootSurfaceLayer0(JJ)V+0
j  jogamp.nativewindow.jawt.macosx.MacOSXJAWTWindow.access$200(JJ)V+2
j  jogamp.nativewindow.jawt.macosx.MacOSXJAWTWindow$1.run()V+38
j  com.jogamp.common.util.RunnableTask.run()V+24
v  ~StubRoutines::call_stub

---------------  P R O C E S S  ---------------

Java Threads: ( => current thread )
  0x00007f94d1113800 JavaThread "Thread-8" [_thread_blocked, id=37939, stack(0x000000019ed12000,0x000000019ee12000)]
  0x00007f94dc1f6000 JavaThread "AWT-EventQueue-1" [_thread_in_native, id=61715, stack(0x0000000195cc7000,0x0000000195dc7000)]
  0x00007f94db012800 JavaThread "DestroyJavaVM" [_thread_blocked, id=4867, stack(0x000000010e620000,0x000000010e720000)]
  0x00007f94db2e5000 JavaThread "AWT-EventQueue-0" [_thread_blocked, id=59399, stack(0x0000000135418000,0x0000000135518000)]
  0x00007f94dc0a8800 JavaThread "Java2D Disposer" daemon [_thread_blocked, id=55831, stack(0x0000000133cf3000,0x0000000133df3000)]
  0x00007f94dc04c800 JavaThread "Java2D Queue Flusher" daemon [_thread_blocked, id=54279, stack(0x0000000132c6c000,0x0000000132d6c000)]
  0x00007f94dc043000 JavaThread "AWT-Shutdown" [_thread_blocked, id=30227, stack(0x000000012fb47000,0x000000012fc47000)]
=>0x00007f94dd902000 JavaThread "AWT-AppKit" daemon [_thread_in_native, id=1811, stack(0x00007fff51878000,0x00007fff52078000)]
  0x00007f94dc02a800 JavaThread "Service Thread" daemon [_thread_blocked, id=20739, stack(0x000000012e128000,0x000000012e228000)]
  0x00007f94dc00f000 JavaThread "C1 CompilerThread3" daemon [_thread_blocked, id=20227, stack(0x000000012e025000,0x000000012e125000)]
  0x00007f94dc00e800 JavaThread "C2 CompilerThread2" daemon [_thread_blocked, id=19715, stack(0x000000012df22000,0x000000012e022000)]
  0x00007f94dc00d800 JavaThread "C2 CompilerThread1" daemon [_thread_blocked, id=19203, stack(0x000000012de1f000,0x000000012df1f000)]
  0x00007f94db06c800 JavaThread "C2 CompilerThread0" daemon [_thread_blocked, id=18691, stack(0x000000012dd1c000,0x000000012de1c000)]
  0x00007f94db06c000 JavaThread "Signal Dispatcher" daemon [_thread_blocked, id=14615, stack(0x000000012dc19000,0x000000012dd19000)]
  0x00007f94dc008000 JavaThread "Finalizer" daemon [_thread_blocked, id=13571, stack(0x000000012c200000,0x000000012c300000)]
  0x00007f94dc005000 JavaThread "Reference Handler" daemon [_thread_blocked, id=13059, stack(0x000000012c0fd000,0x000000012c1fd000)]

Other Threads:
  0x00007f94db04a000 VMThread [stack: 0x000000012bffa000,0x000000012c0fa000] [id=12547]
  0x00007f94dd807800 WatcherThread [stack: 0x000000012e22b000,0x000000012e32b000] [id=21251]

VM state:not at safepoint (normal execution)

VM Mutex/Monitor currently owned by a thread: None

Heap:
 PSYoungGen      total 290304K, used 132730K [0x000000076ab00000, 0x000000077f180000, 0x00000007c0000000)
  eden space 289792K, 45% used [0x000000076ab00000,0x0000000772c7ea90,0x000000077c600000)
  from space 512K, 25% used [0x000000077d180000,0x000000077d1a0000,0x000000077d200000)
  to   space 19456K, 0% used [0x000000077de80000,0x000000077de80000,0x000000077f180000)
 ParOldGen       total 98304K, used 24902K [0x00000006c0000000, 0x00000006c6000000, 0x000000076ab00000)
  object space 98304K, 25% used [0x00000006c0000000,0x00000006c18519d0,0x00000006c6000000)
 Metaspace       used 27055K, capacity 27389K, committed 27648K, reserved 1075200K
  class space    used 2168K, capacity 2276K, committed 2304K, reserved 1048576K

Card table byte_map: [0x000000011fb63000,0x0000000120364000] byte_map_base: 0x000000011c563000

Marking Bits: (ParMarkBitMap*) 0x00000001100f1ea0
 Begin Bits: [0x00000001210d2000, 0x00000001250d2000)
 End Bits:   [0x00000001250d2000, 0x00000001290d2000)

Polling page: 0x000000010e765000

CodeCache: size=245760Kb used=11048Kb max_used=11057Kb free=234712Kb
 bounds [0x00000001107a3000, 0x0000000111283000, 0x000000011f7a3000]
 total_blobs=3783 nmethods=2872 adapters=825
 compilation: enabled

Compilation events (10 events):
Event: 386.653 Thread 0x00007f94dc00f000 2886       3       sun.java2d.pipe.RenderBuffer::putFloat (26 bytes)
Event: 386.654 Thread 0x00007f94db06c800 nmethod 2884 0x0000000111203a90 code [0x0000000111203be0, 0x0000000111203c58]
Event: 386.654 Thread 0x00007f94dc00f000 nmethod 2886 0x000000011121b710 code [0x000000011121b880, 0x000000011121ba10]
Event: 386.654 Thread 0x00007f94dc00d800 nmethod 2883 0x000000011121b390 code [0x000000011121b4e0, 0x000000011121b5b8]
Event: 386.656 Thread 0x00007f94dc00e800 2888       4       java.awt.geom.AffineTransform::getTranslateX (5 bytes)
Event: 386.656 Thread 0x00007f94dc00f000 2889       2       java.awt.geom.AffineTransform::getTranslateY (5 bytes)
Event: 386.656 Thread 0x00007f94dc00f000 nmethod 2889 0x000000011121b090 code [0x000000011121b1e0, 0x000000011121b330]
Event: 386.656 Thread 0x00007f94dc00e800 nmethod 2888 0x00000001110b5010 code [0x00000001110b5160, 0x00000001110b51b8]
Event: 386.684 Thread 0x00007f94dc00f000 2890       3       java.util.HashSet::<init> (16 bytes)
Event: 386.685 Thread 0x00007f94dc00f000 nmethod 2890 0x0000000111260a10 code [0x0000000111260ba0, 0x0000000111260fb0]

GC Heap History (10 events):
Event: 75.150 GC heap before
{Heap before GC invocations=6 (full 1):
 PSYoungGen      total 124928K, used 124891K [0x000000076ab00000, 0x0000000773280000, 0x00000007c0000000)
  eden space 117248K, 100% used [0x000000076ab00000,0x0000000771d80000,0x0000000771d80000)
  from space 7680K, 99% used [0x0000000772b00000,0x0000000773276c18,0x0000000773280000)
  to   space 10752K, 0% used [0x0000000771d80000,0x0000000771d80000,0x0000000772800000)
 ParOldGen       total 98304K, used 17236K [0x00000006c0000000, 0x00000006c6000000, 0x000000076ab00000)
  object space 98304K, 17% used [0x00000006c0000000,0x00000006c10d5068,0x00000006c6000000)
 Metaspace       used 27024K, capacity 27389K, committed 27648K, reserved 1075200K
  class space    used 2161K, capacity 2276K, committed 2304K, reserved 1048576K
Event: 75.157 GC heap after
Heap after GC invocations=6 (full 1):
 PSYoungGen      total 128000K, used 7579K [0x000000076ab00000, 0x0000000779780000, 0x00000007c0000000)
  eden space 117248K, 0% used [0x000000076ab00000,0x000000076ab00000,0x0000000771d80000)
  from space 10752K, 70% used [0x0000000771d80000,0x00000007724e6c18,0x0000000772800000)
  to   space 19456K, 0% used [0x0000000778480000,0x0000000778480000,0x0000000779780000)
 ParOldGen       total 98304K, used 17244K [0x00000006c0000000, 0x00000006c6000000, 0x000000076ab00000)
  object space 98304K, 17% used [0x00000006c0000000,0x00000006c10d7068,0x00000006c6000000)
 Metaspace       used 27024K, capacity 27389K, committed 27648K, reserved 1075200K
  class space    used 2161K, capacity 2276K, committed 2304K, reserved 1048576K
}
Event: 113.603 GC heap before
{Heap before GC invocations=7 (full 1):
 PSYoungGen      total 128000K, used 124827K [0x000000076ab00000, 0x0000000779780000, 0x00000007c0000000)
  eden space 117248K, 100% used [0x000000076ab00000,0x0000000771d80000,0x0000000771d80000)
  from space 10752K, 70% used [0x0000000771d80000,0x00000007724e6c18,0x0000000772800000)
  to   space 19456K, 0% used [0x0000000778480000,0x0000000778480000,0x0000000779780000)
 ParOldGen       total 98304K, used 17244K [0x00000006c0000000, 0x00000006c6000000, 0x000000076ab00000)
  object space 98304K, 17% used [0x00000006c0000000,0x00000006c10d7068,0x00000006c6000000)
 Metaspace       used 27025K, capacity 27389K, committed 27648K, reserved 1075200K
  class space    used 2161K, capacity 2276K, committed 2304K, reserved 1048576K
Event: 113.609 GC heap after
Heap after GC invocations=7 (full 1):
 PSYoungGen      total 207360K, used 7675K [0x000000076ab00000, 0x0000000778f80000, 0x00000007c0000000)
  eden space 196096K, 0% used [0x000000076ab00000,0x000000076ab00000,0x0000000776a80000)
  from space 11264K, 68% used [0x0000000778480000,0x0000000778bfec18,0x0000000778f80000)
  to   space 18944K, 0% used [0x0000000776a80000,0x0000000776a80000,0x0000000777d00000)
 ParOldGen       total 98304K, used 17252K [0x00000006c0000000, 0x00000006c6000000, 0x000000076ab00000)
  object space 98304K, 17% used [0x00000006c0000000,0x00000006c10d9068,0x00000006c6000000)
 Metaspace       used 27025K, capacity 27389K, committed 27648K, reserved 1075200K
  class space    used 2161K, capacity 2276K, committed 2304K, reserved 1048576K
}
Event: 178.593 GC heap before
{Heap before GC invocations=8 (full 1):
 PSYoungGen      total 207360K, used 203771K [0x000000076ab00000, 0x0000000778f80000, 0x00000007c0000000)
  eden space 196096K, 100% used [0x000000076ab00000,0x0000000776a80000,0x0000000776a80000)
  from space 11264K, 68% used [0x0000000778480000,0x0000000778bfec18,0x0000000778f80000)
  to   space 18944K, 0% used [0x0000000776a80000,0x0000000776a80000,0x0000000777d00000)
 ParOldGen       total 98304K, used 17252K [0x00000006c0000000, 0x00000006c6000000, 0x000000076ab00000)
  object space 98304K, 17% used [0x00000006c0000000,0x00000006c10d9068,0x00000006c6000000)
 Metaspace       used 27025K, capacity 27389K, committed 27648K, reserved 1075200K
  class space    used 2161K, capacity 2276K, committed 2304K, reserved 1048576K
Event: 178.604 GC heap after
Heap after GC invocations=8 (full 1):
 PSYoungGen      total 215040K, used 7658K [0x000000076ab00000, 0x0000000780300000, 0x00000007c0000000)
  eden space 196096K, 0% used [0x000000076ab00000,0x000000076ab00000,0x0000000776a80000)
  from space 18944K, 40% used [0x0000000776a80000,0x00000007771faaa8,0x0000000777d00000)
  to   space 18432K, 0% used [0x000000077f100000,0x000000077f100000,0x0000000780300000)
 ParOldGen       total 98304K, used 17260K [0x00000006c0000000, 0x00000006c6000000, 0x000000076ab00000)
  object space 98304K, 17% used [0x00000006c0000000,0x00000006c10db068,0x00000006c6000000)
 Metaspace       used 27025K, capacity 27389K, committed 27648K, reserved 1075200K
  class space    used 2161K, capacity 2276K, committed 2304K, reserved 1048576K
}
Event: 243.666 GC heap before
{Heap before GC invocations=9 (full 1):
 PSYoungGen      total 215040K, used 203754K [0x000000076ab00000, 0x0000000780300000, 0x00000007c0000000)
  eden space 196096K, 100% used [0x000000076ab00000,0x0000000776a80000,0x0000000776a80000)
  from space 18944K, 40% used [0x0000000776a80000,0x00000007771faaa8,0x0000000777d00000)
  to   space 18432K, 0% used [0x000000077f100000,0x000000077f100000,0x0000000780300000)
 ParOldGen       total 98304K, used 17260K [0x00000006c0000000, 0x00000006c6000000, 0x000000076ab00000)
  object space 98304K, 17% used [0x00000006c0000000,0x00000006c10db068,0x00000006c6000000)
 Metaspace       used 27025K, capacity 27389K, committed 27648K, reserved 1075200K
  class space    used 2161K, capacity 2276K, committed 2304K, reserved 1048576K
Event: 243.677 GC heap after
Heap after GC invocations=9 (full 1):
 PSYoungGen      total 307200K, used 256K [0x000000076ab00000, 0x000000077f680000, 0x00000007c0000000)
  eden space 301568K, 0% used [0x000000076ab00000,0x000000076ab00000,0x000000077d180000)
  from space 5632K, 4% used [0x000000077f100000,0x000000077f140000,0x000000077f680000)
  to   space 18944K, 0% used [0x000000077d180000,0x000000077d180000,0x000000077e400000)
 ParOldGen       total 98304K, used 24838K [0x00000006c0000000, 0x00000006c6000000, 0x000000076ab00000)
  object space 98304K, 25% used [0x00000006c0000000,0x00000006c18419d0,0x00000006c6000000)
 Metaspace       used 27025K, capacity 27389K, committed 27648K, reserved 1075200K
  class space    used 2161K, capacity 2276K, committed 2304K, reserved 1048576K
}
Event: 346.018 GC heap before
{Heap before GC invocations=10 (full 1):
 PSYoungGen      total 307200K, used 301824K [0x000000076ab00000, 0x000000077f680000, 0x00000007c0000000)
  eden space 301568K, 100% used [0x000000076ab00000,0x000000077d180000,0x000000077d180000)
  from space 5632K, 4% used [0x000000077f100000,0x000000077f140000,0x000000077f680000)
  to   space 18944K, 0% used [0x000000077d180000,0x000000077d180000,0x000000077e400000)
 ParOldGen       total 98304K, used 24838K [0x00000006c0000000, 0x00000006c6000000, 0x000000076ab00000)
  object space 98304K, 25% used [0x00000006c0000000,0x00000006c18419d0,0x00000006c6000000)
 Metaspace       used 27025K, capacity 27389K, committed 27648K, reserved 1075200K
  class space    used 2161K, capacity 2276K, committed 2304K, reserved 1048576K
Event: 346.021 GC heap after
Heap after GC invocations=10 (full 1):
 PSYoungGen      total 290304K, used 128K [0x000000076ab00000, 0x000000077f180000, 0x00000007c0000000)
  eden space 289792K, 0% used [0x000000076ab00000,0x000000076ab00000,0x000000077c600000)
  from space 512K, 25% used [0x000000077d180000,0x000000077d1a0000,0x000000077d200000)
  to   space 19456K, 0% used [0x000000077de80000,0x000000077de80000,0x000000077f180000)
 ParOldGen       total 98304K, used 24902K [0x00000006c0000000, 0x00000006c6000000, 0x000000076ab00000)
  object space 98304K, 25% used [0x00000006c0000000,0x00000006c18519d0,0x00000006c6000000)
 Metaspace       used 27025K, capacity 27389K, committed 27648K, reserved 1075200K
  class space    used 2161K, capacity 2276K, committed 2304K, reserved 1048576K
}

Deoptimization events (10 events):
Event: 386.686 Thread 0x00007f94dd902000 Uncommon trap: reason=class_check action=maybe_recompile pc=0x00000001108d9200 method=com.jogamp.common.util.RunnableTask.run()V @ 24
Event: 386.687 Thread 0x00007f94dd902000 Uncommon trap: reason=unstable_if action=reinterpret pc=0x00000001108c1e7c method=jogamp.nativewindow.macosx.OSXUtil.RunOnMainThread(ZZLjava/lang/Runnable;)V @ 3
Event: 386.692 Thread 0x00007f94dc1f6000 Uncommon trap: reason=unstable_if action=reinterpret pc=0x000000011123f8ac method=jogamp.opengl.GLContextImpl.release(Z)V @ 161
Event: 386.694 Thread 0x00007f94dc1f6000 Uncommon trap: reason=unstable_if action=reinterpret pc=0x0000000111190018 method=java.util.LinkedList$ListItr.<init>(Ljava/util/LinkedList;I)V @ 26
Event: 386.694 Thread 0x00007f94dc1f6000 Uncommon trap: reason=unstable_if action=reinterpret pc=0x000000011101dd0c method=java.security.AccessControlContext.combine([Ljava/security/ProtectionDomain;[Ljava/security/ProtectionDomain;)[Ljava/security/ProtectionDomain; @ 151
Event: 386.695 Thread 0x00007f94dc1f6000 Uncommon trap: reason=unstable_if action=reinterpret pc=0x0000000111190544 method=java.util.LinkedList$ListItr.<init>(Ljava/util/LinkedList;I)V @ 26
Event: 386.695 Thread 0x00007f94dc1f6000 Uncommon trap: reason=unstable_if action=reinterpret pc=0x00000001111923e8 method=java.util.HashMap.removeNode(ILjava/lang/Object;Ljava/lang/Object;ZZ)Ljava/util/HashMap$Node; @ 46
Event: 386.695 Thread 0x00007f94d1113800 Uncommon trap: reason=predicate action=maybe_recompile pc=0x000000011111fa14 method=java.util.Vector.indexOf(Ljava/lang/Object;I)I @ 44
Event: 386.696 Thread 0x00007f94dc1f6000 Uncommon trap: reason=class_check action=maybe_recompile pc=0x00000001112268a8 method=java.awt.event.InvocationEvent.dispatch()V @ 11
Event: 386.702 Thread 0x00007f94dd902000 Uncommon trap: reason=class_check action=maybe_recompile pc=0x00000001108d9200 method=com.jogamp.common.util.RunnableTask.run()V @ 24

Internal exceptions (10 events):
Event: 0.282 Thread 0x00007f94db012800 Exception <a 'java/io/FileNotFoundException'> (0x000000076ae7e368) thrown at [/Users/java_re/workspace/8-2-build-macosx-x86_64/jdk8u131/8869/hotspot/src/share/vm/prims/jni.cpp, line 709]
Event: 0.371 Thread 0x00007f94db012800 Exception <a 'java/io/FileNotFoundException'> (0x000000076b05e0d8) thrown at [/Users/java_re/workspace/8-2-build-macosx-x86_64/jdk8u131/8869/hotspot/src/share/vm/prims/jni.cpp, line 709]
Event: 1.561 Thread 0x00007f94dca77000 Exception <a 'java/lang/UnsatisfiedLinkError': com.jogamp.common.util.JarUtil.fixNativeLibAttribs(Ljava/lang/String;)Z> (0x000000076c7ba058) thrown at [/Users/java_re/workspace/8-2-build-macosx-x86_64/jdk8u131/8869/hotspot/src/share/vm/prims/nativeLookup.
Event: 2.218 Thread 0x00007f94dc1f6000 Exception <a 'java/io/FileNotFoundException'> (0x000000076db626e0) thrown at [/Users/java_re/workspace/8-2-build-macosx-x86_64/jdk8u131/8869/hotspot/src/share/vm/prims/jni.cpp, line 709]
Event: 2.219 Thread 0x00007f94dc1f6000 Exception <a 'java/io/FileNotFoundException'> (0x000000076db69be8) thrown at [/Users/java_re/workspace/8-2-build-macosx-x86_64/jdk8u131/8869/hotspot/src/share/vm/prims/jni.cpp, line 709]
Event: 2.219 Thread 0x00007f94dc1f6000 Implicit null exception at 0x000000011098d776 to 0x000000011098db45
Event: 2.412 Thread 0x00007f94dc1f6000 Implicit null exception at 0x0000000110b64246 to 0x0000000110b6448d
Event: 2.437 Thread 0x00007f94ddb98000 Implicit null exception at 0x000000011098e0b5 to 0x000000011098e479
Event: 2.455 Thread 0x00007f94dc008000 Exception <a 'java/lang/NullPointerException'> (0x000000076ae55188) thrown at [/Users/java_re/workspace/8-2-build-macosx-x86_64/jdk8u131/8869/hotspot/src/share/vm/interpreter/linkResolver.cpp, line 1197]
Event: 386.668 Thread 0x00007f94dc1f6000 Implicit null exception at 0x0000000111267a8d to 0x0000000111268655

Events (10 events):
Event: 386.695 Thread 0x00007f94d1113800 DEOPT PACKING pc=0x000000011111fa14 sp=0x000000019ee117f0
Event: 386.695 Thread 0x00007f94d1113800 DEOPT UNPACKING pc=0x00000001107a8229 sp=0x000000019ee117a0 mode 2
Event: 386.695 loading class java/awt/Window$1DisposeAction
Event: 386.695 loading class java/awt/Window$1DisposeAction done
Event: 386.696 Thread 0x00007f94dc1f6000 Uncommon trap: trap_request=0xffffffde fr.pc=0x00000001112268a8
Event: 386.696 Thread 0x00007f94dc1f6000 DEOPT PACKING pc=0x00000001112268a8 sp=0x0000000195dc4f40
Event: 386.696 Thread 0x00007f94dc1f6000 DEOPT UNPACKING pc=0x00000001107a8229 sp=0x0000000195dc4ed8 mode 2
Event: 386.702 Thread 0x00007f94dd902000 Uncommon trap: trap_request=0xffffffde fr.pc=0x00000001108d9200
Event: 386.702 Thread 0x00007f94dd902000 DEOPT PACKING pc=0x00000001108d9200 sp=0x00007fff52073860
Event: 386.702 Thread 0x00007f94dd902000 DEOPT UNPACKING pc=0x00000001107a8229 sp=0x00007fff52073808 mode 2


Dynamic libraries:
0x0000000006db4000 	/System/Library/Frameworks/Cocoa.framework/Versions/A/Cocoa
0x0000000006db4000 	/System/Library/Frameworks/Security.framework/Versions/A/Security
0x0000000006db4000 	/System/Library/Frameworks/ApplicationServices.framework/Versions/A/ApplicationServices
0x0000000006db4000 	/usr/lib/libz.1.dylib
0x0000000006db4000 	/usr/lib/libSystem.B.dylib
0x0000000006db4000 	/usr/lib/libobjc.A.dylib
0x0000000006db4000 	/System/Library/Frameworks/CoreFoundation.framework/Versions/A/CoreFoundation
0x0000000006db4000 	/System/Library/Frameworks/Foundation.framework/Versions/C/Foundation
0x0000000006db4000 	/System/Library/Frameworks/AppKit.framework/Versions/C/AppKit
0x0000000006db4000 	/System/Library/Frameworks/CoreData.framework/Versions/A/CoreData
0x0000000006db4000 	/System/Library/PrivateFrameworks/RemoteViewServices.framework/Versions/A/RemoteViewServices
0x0000000006db4000 	/System/Library/PrivateFrameworks/UIFoundation.framework/Versions/A/UIFoundation
0x0000000006db4000 	/System/Library/Frameworks/IOSurface.framework/Versions/A/IOSurface
0x0000000006db4000 	/System/Library/Frameworks/AudioToolbox.framework/Versions/A/AudioToolbox
0x0000000006db4000 	/System/Library/Frameworks/AudioUnit.framework/Versions/A/AudioUnit
0x0000000006db4000 	/System/Library/PrivateFrameworks/DataDetectorsCore.framework/Versions/A/DataDetectorsCore
0x0000000006db4000 	/System/Library/PrivateFrameworks/DesktopServicesPriv.framework/Versions/A/DesktopServicesPriv
0x0000000006db4000 	/System/Library/Frameworks/Carbon.framework/Versions/A/Frameworks/HIToolbox.framework/Versions/A/HIToolbox
0x0000000006db4000 	/System/Library/Frameworks/QuartzCore.framework/Versions/A/QuartzCore
0x0000000006db4000 	/System/Library/Frameworks/Carbon.framework/Versions/A/Frameworks/SpeechRecognition.framework/Versions/A/SpeechRecognition
0x0000000006db4000 	/usr/lib/libauto.dylib
0x0000000006db4000 	/usr/lib/libicucore.A.dylib
0x0000000006db4000 	/usr/lib/libxml2.2.dylib
0x0000000006db4000 	/System/Library/PrivateFrameworks/CoreUI.framework/Versions/A/CoreUI
0x0000000006db4000 	/System/Library/Frameworks/CoreAudio.framework/Versions/A/CoreAudio
0x0000000006db4000 	/System/Library/Frameworks/DiskArbitration.framework/Versions/A/DiskArbitration
0x0000000006db4000 	/usr/lib/liblangid.dylib
0x0000000006db4000 	/System/Library/PrivateFrameworks/MultitouchSupport.framework/Versions/A/MultitouchSupport
0x0000000006db4000 	/System/Library/Frameworks/IOKit.framework/Versions/A/IOKit
0x0000000006db4000 	/usr/lib/libDiagnosticMessagesClient.dylib
0x0000000006db4000 	/System/Library/Frameworks/CoreServices.framework/Versions/A/CoreServices
0x0000000006db4000 	/System/Library/PrivateFrameworks/PerformanceAnalysis.framework/Versions/A/PerformanceAnalysis
0x0000000006db4000 	/System/Library/PrivateFrameworks/GenerationalStorage.framework/Versions/A/GenerationalStorage
0x0000000006db4000 	/System/Library/Frameworks/OpenGL.framework/Versions/A/OpenGL
0x0000000006db4000 	/System/Library/PrivateFrameworks/Sharing.framework/Versions/A/Sharing
0x000000010dba4000 	/System/Library/Frameworks/CoreGraphics.framework/Versions/A/CoreGraphics
0x0000000006db4000 	/System/Library/Frameworks/CoreText.framework/Versions/A/CoreText
0x0000000006db4000 	/System/Library/Frameworks/ImageIO.framework/Versions/A/ImageIO
0x0000000006db4000 	/usr/lib/libextension.dylib
0x0000000006db4000 	/System/Library/PrivateFrameworks/Backup.framework/Versions/A/Backup
0x0000000006db4000 	/usr/lib/libarchive.2.dylib
0x0000000006db4000 	/System/Library/Frameworks/CFNetwork.framework/Versions/A/CFNetwork
0x0000000006db4000 	/System/Library/Frameworks/SystemConfiguration.framework/Versions/A/SystemConfiguration
0x0000000006db4000 	/usr/lib/libCRFSuite.dylib
0x0000000006db4000 	/usr/lib/libc++.1.dylib
0x0000000006db4000 	/usr/lib/libc++abi.dylib
0x0000000006db4000 	/usr/lib/system/libcache.dylib
0x0000000006db4000 	/usr/lib/system/libcommonCrypto.dylib
0x0000000006db4000 	/usr/lib/system/libcompiler_rt.dylib
0x0000000006db4000 	/usr/lib/system/libcopyfile.dylib
0x0000000006db4000 	/usr/lib/system/libcorecrypto.dylib
0x0000000006db4000 	/usr/lib/system/libdispatch.dylib
0x0000000006db4000 	/usr/lib/system/libdyld.dylib
0x0000000006db4000 	/usr/lib/system/libkeymgr.dylib
0x0000000006db4000 	/usr/lib/system/liblaunch.dylib
0x0000000006db4000 	/usr/lib/system/libmacho.dylib
0x0000000006db4000 	/usr/lib/system/libquarantine.dylib
0x0000000006db4000 	/usr/lib/system/libremovefile.dylib
0x0000000006db4000 	/usr/lib/system/libsystem_asl.dylib
0x0000000006db4000 	/usr/lib/system/libsystem_blocks.dylib
0x0000000006db4000 	/usr/lib/system/libsystem_c.dylib
0x0000000006db4000 	/usr/lib/system/libsystem_configuration.dylib
0x0000000006db4000 	/usr/lib/system/libsystem_coreservices.dylib
0x0000000006db4000 	/usr/lib/system/libsystem_coretls.dylib
0x0000000006db4000 	/usr/lib/system/libsystem_dnssd.dylib
0x0000000006db4000 	/usr/lib/system/libsystem_info.dylib
0x0000000006db4000 	/usr/lib/system/libsystem_kernel.dylib
0x0000000006db4000 	/usr/lib/system/libsystem_m.dylib
0x0000000006db4000 	/usr/lib/system/libsystem_malloc.dylib
0x0000000006db4000 	/usr/lib/system/libsystem_network.dylib
0x0000000006db4000 	/usr/lib/system/libsystem_networkextension.dylib
0x0000000006db4000 	/usr/lib/system/libsystem_notify.dylib
0x0000000006db4000 	/usr/lib/system/libsystem_platform.dylib
0x0000000006db4000 	/usr/lib/system/libsystem_pthread.dylib
0x0000000006db4000 	/usr/lib/system/libsystem_sandbox.dylib
0x0000000006db4000 	/usr/lib/system/libsystem_secinit.dylib
0x0000000006db4000 	/usr/lib/system/libsystem_stats.dylib
0x0000000006db4000 	/usr/lib/system/libsystem_trace.dylib
0x0000000006db4000 	/usr/lib/system/libunc.dylib
0x0000000006db4000 	/usr/lib/system/libunwind.dylib
0x0000000006db4000 	/usr/lib/system/libxpc.dylib
0x0000000006db4000 	/usr/lib/libbz2.1.0.dylib
0x0000000006db4000 	/usr/lib/liblzma.5.dylib
0x0000000006db4000 	/usr/lib/libbsm.0.dylib
0x0000000006db4000 	/usr/lib/libsqlite3.dylib
0x0000000006db4000 	/usr/lib/system/libkxld.dylib
0x0000000006db4000 	/usr/lib/libxar.1.dylib
0x0000000006db4000 	/usr/lib/libpam.2.dylib
0x0000000006db4000 	/usr/lib/libOpenScriptingUtil.dylib
0x0000000006db4000 	/System/Library/Frameworks/CoreServices.framework/Versions/A/Frameworks/FSEvents.framework/Versions/A/FSEvents
0x0000000006db4000 	/System/Library/Frameworks/CoreServices.framework/Versions/A/Frameworks/CarbonCore.framework/Versions/A/CarbonCore
0x0000000006db4000 	/System/Library/Frameworks/CoreServices.framework/Versions/A/Frameworks/Metadata.framework/Versions/A/Metadata
0x0000000006db4000 	/System/Library/Frameworks/CoreServices.framework/Versions/A/Frameworks/OSServices.framework/Versions/A/OSServices
0x0000000006db4000 	/System/Library/Frameworks/CoreServices.framework/Versions/A/Frameworks/SearchKit.framework/Versions/A/SearchKit
0x0000000006db4000 	/System/Library/Frameworks/CoreServices.framework/Versions/A/Frameworks/AE.framework/Versions/A/AE
0x0000000006db4000 	/System/Library/Frameworks/CoreServices.framework/Versions/A/Frameworks/LaunchServices.framework/Versions/A/LaunchServices
0x0000000006db4000 	/System/Library/Frameworks/CoreServices.framework/Versions/A/Frameworks/DictionaryServices.framework/Versions/A/DictionaryServices
0x0000000006db4000 	/System/Library/Frameworks/NetFS.framework/Versions/A/NetFS
0x0000000006db4000 	/System/Library/PrivateFrameworks/NetAuth.framework/Versions/A/NetAuth
0x0000000006db4000 	/System/Library/PrivateFrameworks/login.framework/Versions/A/Frameworks/loginsupport.framework/Versions/A/loginsupport
0x0000000006db4000 	/System/Library/PrivateFrameworks/TCC.framework/Versions/A/TCC
0x0000000006db4000 	/usr/lib/libmecabra.dylib
0x0000000006db4000 	/System/Library/Frameworks/ApplicationServices.framework/Versions/A/Frameworks/ATS.framework/Versions/A/ATS
0x0000000006db4000 	/System/Library/Frameworks/ApplicationServices.framework/Versions/A/Frameworks/ColorSync.framework/Versions/A/ColorSync
0x0000000006db4000 	/System/Library/Frameworks/ApplicationServices.framework/Versions/A/Frameworks/HIServices.framework/Versions/A/HIServices
0x0000000006db4000 	/System/Library/Frameworks/ApplicationServices.framework/Versions/A/Frameworks/LangAnalysis.framework/Versions/A/LangAnalysis
0x0000000006db4000 	/System/Library/Frameworks/ApplicationServices.framework/Versions/A/Frameworks/PrintCore.framework/Versions/A/PrintCore
0x0000000006db4000 	/System/Library/Frameworks/ApplicationServices.framework/Versions/A/Frameworks/QD.framework/Versions/A/QD
0x0000000006db4000 	/System/Library/Frameworks/ApplicationServices.framework/Versions/A/Frameworks/SpeechSynthesis.framework/Versions/A/SpeechSynthesis
0x0000000006db4000 	/System/Library/Frameworks/Accelerate.framework/Versions/A/Accelerate
0x0000000006db4000 	/System/Library/Frameworks/Accelerate.framework/Versions/A/Frameworks/vImage.framework/Versions/A/vImage
0x0000000006db4000 	/System/Library/Frameworks/Accelerate.framework/Versions/A/Frameworks/vecLib.framework/Versions/A/vecLib
0x0000000006db4000 	/System/Library/Frameworks/Accelerate.framework/Versions/A/Frameworks/vecLib.framework/Versions/A/libvDSP.dylib
0x0000000006db4000 	/System/Library/Frameworks/Accelerate.framework/Versions/A/Frameworks/vecLib.framework/Versions/A/libvMisc.dylib
0x0000000006db4000 	/System/Library/Frameworks/Accelerate.framework/Versions/A/Frameworks/vecLib.framework/Versions/A/libLAPACK.dylib
0x0000000006db4000 	/System/Library/Frameworks/Accelerate.framework/Versions/A/Frameworks/vecLib.framework/Versions/A/libBLAS.dylib
0x0000000006db4000 	/System/Library/Frameworks/Accelerate.framework/Versions/A/Frameworks/vecLib.framework/Versions/A/libLinearAlgebra.dylib
0x0000000006db4000 	/System/Library/Frameworks/ApplicationServices.framework/Versions/A/Frameworks/ATS.framework/Versions/A/Resources/libFontParser.dylib
0x0000000006db4000 	/System/Library/Frameworks/ApplicationServices.framework/Versions/A/Frameworks/ATS.framework/Versions/A/Resources/libFontRegistry.dylib
0x0000000006db4000 	/System/Library/PrivateFrameworks/AppleVPA.framework/Versions/A/AppleVPA
0x0000000006db4000 	/System/Library/PrivateFrameworks/AppleJPEG.framework/Versions/A/AppleJPEG
0x0000000006db4000 	/System/Library/Frameworks/ImageIO.framework/Versions/A/Resources/libJPEG.dylib
0x0000000006db4000 	/System/Library/Frameworks/ImageIO.framework/Versions/A/Resources/libTIFF.dylib
0x0000000006db4000 	/System/Library/Frameworks/ImageIO.framework/Versions/A/Resources/libPng.dylib
0x0000000006db4000 	/System/Library/Frameworks/ImageIO.framework/Versions/A/Resources/libGIF.dylib
0x0000000006db4000 	/System/Library/Frameworks/ImageIO.framework/Versions/A/Resources/libJP2.dylib
0x0000000006db4000 	/System/Library/Frameworks/ImageIO.framework/Versions/A/Resources/libRadiance.dylib
0x0000000006db4000 	/System/Library/Frameworks/CoreVideo.framework/Versions/A/CoreVideo
0x0000000006db4000 	/System/Library/Frameworks/OpenGL.framework/Versions/A/Libraries/libGLU.dylib
0x0000000006db4000 	/System/Library/Frameworks/OpenGL.framework/Versions/A/Libraries/libGFXShared.dylib
0x0000000006db4000 	/System/Library/Frameworks/OpenGL.framework/Versions/A/Libraries/libGL.dylib
0x0000000006db4000 	/System/Library/Frameworks/OpenGL.framework/Versions/A/Libraries/libGLImage.dylib
0x0000000006db4000 	/System/Library/Frameworks/OpenGL.framework/Versions/A/Libraries/libCVMSPluginSupport.dylib
0x0000000006db4000 	/System/Library/Frameworks/OpenGL.framework/Versions/A/Libraries/libCoreVMClient.dylib
0x0000000006db4000 	/usr/lib/libcups.2.dylib
0x0000000006db4000 	/System/Library/Frameworks/Kerberos.framework/Versions/A/Kerberos
0x0000000006db4000 	/System/Library/Frameworks/GSS.framework/Versions/A/GSS
0x0000000006db4000 	/usr/lib/libresolv.9.dylib
0x0000000006db4000 	/usr/lib/libiconv.2.dylib
0x0000000006db4000 	/System/Library/PrivateFrameworks/Heimdal.framework/Versions/A/Heimdal
0x0000000006db4000 	/usr/lib/libheimdal-asn1.dylib
0x0000000006db4000 	/System/Library/Frameworks/OpenDirectory.framework/Versions/A/OpenDirectory
0x0000000006db4000 	/System/Library/PrivateFrameworks/CommonAuth.framework/Versions/A/CommonAuth
0x0000000006db4000 	/System/Library/Frameworks/OpenDirectory.framework/Versions/A/Frameworks/CFOpenDirectory.framework/Versions/A/CFOpenDirectory
0x0000000006db4000 	/System/Library/Frameworks/SecurityFoundation.framework/Versions/A/SecurityFoundation
0x0000000006db4000 	/System/Library/PrivateFrameworks/LanguageModeling.framework/Versions/A/LanguageModeling
0x0000000006db4000 	/usr/lib/libcmph.dylib
0x0000000006db4000 	/System/Library/Frameworks/ServiceManagement.framework/Versions/A/ServiceManagement
0x0000000006db4000 	/usr/lib/libxslt.1.dylib
0x0000000006db4000 	/System/Library/Frameworks/Carbon.framework/Versions/A/Frameworks/Ink.framework/Versions/A/Ink
0x0000000006db4000 	/System/Library/Frameworks/QuartzCore.framework/Versions/A/Frameworks/CoreImage.framework/Versions/A/CoreImage
0x0000000006db4000 	/System/Library/PrivateFrameworks/CrashReporterSupport.framework/Versions/A/CrashReporterSupport
0x0000000006db4000 	/System/Library/Frameworks/OpenCL.framework/Versions/A/OpenCL
0x0000000006db4000 	/System/Library/PrivateFrameworks/FaceCore.framework/Versions/A/FaceCore
0x0000000006db4000 	/System/Library/PrivateFrameworks/Ubiquity.framework/Versions/A/Ubiquity
0x0000000006db4000 	/System/Library/PrivateFrameworks/IconServices.framework/Versions/A/IconServices
0x0000000006db4000 	/System/Library/PrivateFrameworks/ChunkingLibrary.framework/Versions/A/ChunkingLibrary
0x0000000006db4000 	/System/Library/PrivateFrameworks/Apple80211.framework/Versions/A/Apple80211
0x0000000006db4000 	/System/Library/Frameworks/CoreWLAN.framework/Versions/A/CoreWLAN
0x0000000006db4000 	/System/Library/Frameworks/IOBluetooth.framework/Versions/A/IOBluetooth
0x0000000006db4000 	/System/Library/PrivateFrameworks/CoreWiFi.framework/Versions/A/CoreWiFi
0x0000000006db4000 	/System/Library/Frameworks/CoreBluetooth.framework/Versions/A/CoreBluetooth
0x0000000006db4000 	/System/Library/PrivateFrameworks/DebugSymbols.framework/Versions/A/DebugSymbols
0x0000000006db4000 	/System/Library/PrivateFrameworks/CoreSymbolication.framework/Versions/A/CoreSymbolication
0x0000000006db4000 	/System/Library/PrivateFrameworks/Symbolication.framework/Versions/A/Symbolication
0x0000000006db4000 	/System/Library/PrivateFrameworks/SpeechRecognitionCore.framework/Versions/A/SpeechRecognitionCore
0x000000010f800000 	/Library/Java/JavaVirtualMachines/jdk1.8.0_131.jdk/Contents/Home/jre/lib/server/libjvm.dylib
0x0000000006db4000 	/usr/lib/libstdc++.6.dylib
0x000000010e722000 	/Library/Java/JavaVirtualMachines/jdk1.8.0_131.jdk/Contents/Home/jre/lib/libverify.dylib
0x000000010e730000 	/Library/Java/JavaVirtualMachines/jdk1.8.0_131.jdk/Contents/Home/jre/lib/libjava.dylib
0x000000010e76f000 	/Library/Java/JavaVirtualMachines/jdk1.8.0_131.jdk/Contents/Home/jre/lib/libzip.dylib
0x000000012c302000 	/System/Library/Frameworks/JavaVM.framework/Frameworks/JavaRuntimeSupport.framework/JavaRuntimeSupport
0x000000012c31d000 	/System/Library/Frameworks/JavaVM.framework/Versions/A/Frameworks/JavaNativeFoundation.framework/Versions/A/JavaNativeFoundation
0x000000010e7f1000 	/System/Library/Frameworks/JavaVM.framework/Versions/A/JavaVM
0x0000000006db4000 	/System/Library/Frameworks/Carbon.framework/Versions/A/Carbon
0x000000012c332000 	/System/Library/PrivateFrameworks/JavaLaunching.framework/Versions/A/JavaLaunching
0x0000000006db4000 	/System/Library/Frameworks/Carbon.framework/Versions/A/Frameworks/CommonPanels.framework/Versions/A/CommonPanels
0x0000000006db4000 	/System/Library/Frameworks/Carbon.framework/Versions/A/Frameworks/Help.framework/Versions/A/Help
0x0000000006db4000 	/System/Library/Frameworks/Carbon.framework/Versions/A/Frameworks/ImageCapture.framework/Versions/A/ImageCapture
0x0000000006db4000 	/System/Library/Frameworks/Carbon.framework/Versions/A/Frameworks/OpenScripting.framework/Versions/A/OpenScripting
0x0000000006db4000 	/System/Library/Frameworks/Carbon.framework/Versions/A/Frameworks/Print.framework/Versions/A/Print
0x0000000006db4000 	/System/Library/Frameworks/Carbon.framework/Versions/A/Frameworks/SecurityHI.framework/Versions/A/SecurityHI
0x000000012e369000 	/Library/Java/JavaVirtualMachines/jdk1.8.0_131.jdk/Contents/Home/jre/lib/libawt.dylib
0x000000012e411000 	/Library/Java/JavaVirtualMachines/jdk1.8.0_131.jdk/Contents/Home/jre/lib/./libmlib_image.dylib
0x000000012e4dd000 	/Library/Java/JavaVirtualMachines/jdk1.8.0_131.jdk/Contents/Home/jre/lib/libawt_lwawt.dylib
0x000000012e594000 	/Library/Java/JavaVirtualMachines/jdk1.8.0_131.jdk/Contents/Home/jre/lib/./libosxapp.dylib
0x0000000006db4000 	/System/Library/Frameworks/ExceptionHandling.framework/Versions/A/ExceptionHandling
0x0000000006db4000 	/System/Library/PrivateFrameworks/CoreServicesInternal.framework/Versions/A/CoreServicesInternal
0x0000000006db4000 	/System/Library/PrivateFrameworks/CloudDocs.framework/Versions/A/CloudDocs
0x0000000006db4000 	/System/Library/PrivateFrameworks/CoreDuet.framework/Versions/A/CoreDuet
0x0000000006db4000 	/System/Library/Frameworks/CloudKit.framework/Versions/A/CloudKit
0x0000000006db4000 	/System/Library/PrivateFrameworks/ProtocolBuffer.framework/Versions/A/ProtocolBuffer
0x0000000006db4000 	/System/Library/PrivateFrameworks/CoreDuetDaemonProtocol.framework/Versions/A/CoreDuetDaemonProtocol
0x0000000006db4000 	/System/Library/PrivateFrameworks/CoreDuetDebugLogging.framework/Versions/A/CoreDuetDebugLogging
0x0000000006db4000 	/System/Library/PrivateFrameworks/MMCS.framework/Versions/A/MMCS
0x0000000006db4000 	/System/Library/Frameworks/CoreLocation.framework/Versions/A/CoreLocation
0x0000000006db4000 	/System/Library/PrivateFrameworks/ProtectedCloudStorage.framework/Versions/A/ProtectedCloudStorage
0x0000000006db4000 	/System/Library/PrivateFrameworks/GeoServices.framework/Versions/A/GeoServices
0x0000000006db4000 	/System/Library/Frameworks/CoreGraphics.framework/Versions/A/Resources/libCGCMS.A.dylib
0x0000000006db4000 	/System/Library/Frameworks/CoreGraphics.framework/Versions/A/Resources/libRIP.A.dylib
0x0000000006db4000 	/System/Library/Frameworks/CoreGraphics.framework/Versions/A/Resources/libCGXType.A.dylib
0x0000000006db4000 	/System/Library/Frameworks/OpenCL.framework/Versions/A/Libraries/libcldcpuengine.dylib
0x0000000006db4000 	/System/Library/PrivateFrameworks/DiskImages.framework/Versions/A/DiskImages
0x0000000006db4000 	/System/Library/Frameworks/DiscRecording.framework/Versions/A/DiscRecording
0x0000000006db4000 	/usr/lib/libcsfde.dylib
0x0000000006db4000 	/usr/lib/libcurl.4.dylib
0x0000000006db4000 	/System/Library/PrivateFrameworks/MediaKit.framework/Versions/A/MediaKit
0x0000000006db4000 	/usr/lib/libCoreStorage.dylib
0x0000000006db4000 	/System/Library/PrivateFrameworks/EFILogin.framework/Versions/A/EFILogin
0x0000000006db4000 	/usr/lib/libutil.dylib
0x0000000006db4000 	/System/Library/PrivateFrameworks/FindMyDevice.framework/Versions/A/FindMyDevice
0x0000000006db4000 	/System/Library/Frameworks/LDAP.framework/Versions/A/LDAP
0x0000000006db4000 	/usr/lib/libsasl2.2.dylib
0x0000000006db4000 	/System/Library/PrivateFrameworks/CoreDaemon.framework/Versions/B/CoreDaemon
0x0000000006db4000 	/usr/lib/libcrypto.0.9.8.dylib
0x0000000006db4000 	/System/Library/PrivateFrameworks/AppleSRP.framework/Versions/A/AppleSRP
0x0000000006db4000 	/System/Library/PrivateFrameworks/TrustEvaluationAgent.framework/Versions/A/TrustEvaluationAgent
0x000000013168a000 	cl_kernels
0x000000013168c000 	/System/Library/Frameworks/OpenCL.framework/Versions/A/Libraries/ImageFormats/unorm8_bgra.dylib
0x000000013167c000 	cl_kernels
0x0000000006db4000 	/System/Library/PrivateFrameworks/FamilyControls.framework/Versions/A/FamilyControls
0x0000000006db4000 	/System/Library/PrivateFrameworks/CommerceKit.framework/Versions/A/Frameworks/CommerceCore.framework/Versions/A/CommerceCore
0x0000000006db4000 	/System/Library/PrivateFrameworks/SystemAdministration.framework/Versions/A/SystemAdministration
0x0000000006db4000 	/System/Library/PrivateFrameworks/AppContainer.framework/Versions/A/AppContainer
0x0000000006db4000 	/System/Library/PrivateFrameworks/SecCodeWrapper.framework/Versions/A/SecCodeWrapper
0x0000000006db4000 	/System/Library/Frameworks/DirectoryService.framework/Versions/A/DirectoryService
0x0000000006db4000 	/System/Library/PrivateFrameworks/LoginUIKit.framework/Versions/A/Frameworks/LoginUICore.framework/Versions/A/LoginUICore
0x0000000006db4000 	/usr/lib/libodfde.dylib
0x0000000006db4000 	/System/Library/Frameworks/OpenGL.framework/Versions/A/Resources/GLEngine.bundle/GLEngine
0x0000000006db4000 	/System/Library/Frameworks/OpenGL.framework/Versions/A/Libraries/libGLProgrammability.dylib
0x0000000132d6e000 	/System/Library/Extensions/AppleIntelHD5000GraphicsGLDriver.bundle/Contents/MacOS/AppleIntelHD5000GraphicsGLDriver
0x0000000006db4000 	/System/Library/PrivateFrameworks/IOAccelerator.framework/Versions/A/IOAccelerator
0x0000000006db4000 	/System/Library/PrivateFrameworks/GPUSupport.framework/Versions/A/Libraries/libGPUSupportMercury.dylib
0x0000000006db4000 	/System/Library/Frameworks/OpenGL.framework/Versions/A/Resources/GLRendererFloat.bundle/GLRendererFloat
0x0000000134230000 	/Library/Java/JavaVirtualMachines/jdk1.8.0_131.jdk/Contents/Home/jre/lib/libfontmanager.dylib
0x00000001355be000 	/Library/Java/JavaVirtualMachines/jdk1.8.0_131.jdk/Contents/Home/jre/lib/libosxui.dylib
0x0000000136180000 	/Library/Java/JavaVirtualMachines/jdk1.8.0_131.jdk/Contents/Home/jre/lib/libnet.dylib
0x0000000136375000 	/Library/Java/JavaVirtualMachines/jdk1.8.0_131.jdk/Contents/Home/jre/lib/libnio.dylib
0x0000000006db4000 	/System/Library/Frameworks/ApplicationServices.framework/Versions/A/Frameworks/ATS.framework/Versions/A/Resources/libTrueTypeScaler.dylib
0x0000000195382000 	/private/var/folders/dw/m8mh704j5bl04j2yy8ymkxzxqkj2k0/T/jogamp_0000/file_cache/jln3054553969790609061/jln414999498688441073/libgluegen-rt.jnilib
0x0000000195280000 	/private/var/folders/dw/m8mh704j5bl04j2yy8ymkxzxqkj2k0/T/jogamp_0000/file_cache/jln3054553969790609061/jln414999498688441073/libnativewindow_awt.jnilib
0x0000000195283000 	/Library/Java/JavaVirtualMachines/jdk1.8.0_131.jdk/Contents/Home/jre/lib/libjawt.dylib
0x0000000195286000 	/private/var/folders/dw/m8mh704j5bl04j2yy8ymkxzxqkj2k0/T/jogamp_0000/file_cache/jln3054553969790609061/jln414999498688441073/libnativewindow_macosx.jnilib
0x0000000198afb000 	/private/var/folders/dw/m8mh704j5bl04j2yy8ymkxzxqkj2k0/T/jogamp_0000/file_cache/jln3054553969790609061/jln414999498688441073/libjogl_desktop.jnilib

VM Arguments:
jvm_args: -Djava.security.policy=java.policy.applet -Dfile.encoding=UTF-8 
java_command: sun.applet.AppletViewer module3.EarthquakeCityMap1493156435666.html
java_class_path (initial): /Users/dpei/Documents/workspace/UCSDUnfoldingMaps/build:/Users/dpei/Documents/workspace/UCSDUnfoldingMaps/lib/core.jar:/Users/dpei/Documents/workspace/UCSDUnfoldingMaps/lib/gluegen-rt.jar:/Users/dpei/Documents/workspace/UCSDUnfoldingMaps/lib/jogl-all.jar:/Users/dpei/Documents/workspace/UCSDUnfoldingMaps/lib/log4j-1.2.15.jar:/Users/dpei/Documents/workspace/UCSDUnfoldingMaps/lib/sqlite-jdbc-3.7.2.jar:/Users/dpei/Documents/workspace/UCSDUnfoldingMaps/lib/json4processing.jar:/Users/dpei/Documents/workspace/UCSDUnfoldingMaps/lib/libTUIO.jar:/Users/dpei/Documents/workspace/UCSDUnfoldingMaps/lib/unfolding.0.9.7-uscd.jar
Launcher Type: SUN_STANDARD

Environment Variables:
PATH=/usr/bin:/bin:/usr/sbin:/sbin
SHELL=/bin/bash

Signal Handlers:
SIGSEGV: [libjvm.dylib+0x5b1eb1], sa_mask[0]=11111111011111110111111111111111, sa_flags=SA_ONSTACK|SA_RESTART|SA_SIGINFO
SIGBUS: [libjvm.dylib+0x5b1eb1], sa_mask[0]=11111111011111110111111111111111, sa_flags=SA_RESTART|SA_SIGINFO
SIGFPE: [libjvm.dylib+0x488988], sa_mask[0]=11111111011111110111111111111111, sa_flags=SA_RESTART|SA_SIGINFO
SIGPIPE: [libjvm.dylib+0x488988], sa_mask[0]=11111111011111110111111111111111, sa_flags=SA_RESTART|SA_SIGINFO
SIGXFSZ: [libjvm.dylib+0x488988], sa_mask[0]=11111111011111110111111111111111, sa_flags=SA_RESTART|SA_SIGINFO
SIGILL: [libjvm.dylib+0x488988], sa_mask[0]=11111111011111110111111111111111, sa_flags=SA_RESTART|SA_SIGINFO
SIGUSR1: SIG_DFL, sa_mask[0]=00000000000000000000000000000000, sa_flags=none
SIGUSR2: [libjvm.dylib+0x4884a6], sa_mask[0]=00100000000000000000000000000000, sa_flags=SA_RESTART|SA_SIGINFO
SIGHUP: [libjvm.dylib+0x486a7d], sa_mask[0]=11111111011111110111111111111111, sa_flags=SA_RESTART|SA_SIGINFO
SIGINT: [libjvm.dylib+0x486a7d], sa_mask[0]=11111111011111110111111111111111, sa_flags=SA_RESTART|SA_SIGINFO
SIGTERM: [libjvm.dylib+0x486a7d], sa_mask[0]=11111111011111110111111111111111, sa_flags=SA_RESTART|SA_SIGINFO
SIGQUIT: [libjvm.dylib+0x486a7d], sa_mask[0]=11111111011111110111111111111111, sa_flags=SA_RESTART|SA_SIGINFO


---------------  S Y S T E M  ---------------

OS:Bsduname:Darwin 14.5.0 Darwin Kernel Version 14.5.0: Sun Sep 25 22:07:15 PDT 2016; root:xnu-2782.50.9~1/RELEASE_X86_64 x86_64
rlimit: STACK 8192k, CORE 0k, NPROC 709, NOFILE 10240, AS infinity
load average:2.87 2.20 1.83

CPU:total 8 (initial active 8) (4 cores per cpu, 2 threads per core) family 6 model 70 stepping 1, cmov, cx8, fxsr, mmx, sse, sse2, sse3, ssse3, sse4.1, sse4.2, popcnt, avx, avx2, aes, clmul, erms, lzcnt, ht, tsc, tscinvbit, bmi1, bmi2

Memory: 4k page, physical 16777216k(2917156k free)

/proc/meminfo:


vm_info: Java HotSpot(TM) 64-Bit Server VM (25.131-b11) for bsd-amd64 JRE (1.8.0_131-b11), built on Mar 15 2017 01:32:22 by "java_re" with gcc 4.2.1 (Based on Apple Inc. build 5658) (LLVM build 2336.11.00)

time: Tue Apr 25 16:47:02 2017
elapsed time: 386 seconds (0d 0h 6m 26s)

