#
# A fatal error has been detected by the Java Runtime Environment:
#
#  SIGSEGV (0xb) at pc=0x00007fff8f4700dd, pid=4499, tid=0x0000000000000713
#
# JRE version: Java(TM) SE Runtime Environment (8.0_131-b11) (build 1.8.0_131-b11)
# Java VM: Java HotSpot(TM) 64-Bit Server VM (25.131-b11 mixed mode bsd-amd64 compressed oops)
# Problematic frame:
# C  [libobjc.A.dylib+0x10dd]  objc_msgSend+0x1d
#
# Failed to write core dump. Core dumps have been disabled. To enable core dumping, try "ulimit -c unlimited" before starting Java again
#
# If you would like to submit a bug report, please visit:
#   http://bugreport.java.com/bugreport/crash.jsp
# The crash happened outside the Java Virtual Machine in native code.
# See problematic frame for where to report the bug.
#

---------------  T H R E A D  ---------------

Current thread (0x00007f960b8ee000):  JavaThread "AWT-AppKit" daemon [_thread_in_native, id=1811, stack(0x00007fff4fb09000,0x00007fff50309000)]

siginfo: si_signo: 11 (SIGSEGV), si_code: 1 (SEGV_MAPERR), si_addr: 0x0000000000000018

Registers:
RAX=0x00007f960f610d40, RBX=0x000000018f866450, RCX=0x00000001904302a0, RDX=0x000000012f564020
RSP=0x00007fff50304538, RBP=0x00007fff503045f0, RSI=0x00007fff8aebf40f, RDI=0x00007f960f3ef9d0
R8 =0x0000000000000000, R9 =0x0000000000000f50, R10=0x00007fff8aebf40f, R11=0x0000000000000000
R12=0x0000000000000000, R13=0x0000000193732c58, R14=0x000000018f866440, R15=0x00007f960b8ee000
RIP=0x00007fff8f4700dd, EFLAGS=0x0000000000010246, ERR=0x0000000000000004
  TRAPNO=0x000000000000000e

Top of Stack: (sp=0x00007fff50304538)
0x00007fff50304538:   000000018f864157 00007fff50304590
0x00007fff50304548:   0000000000000003 00007fff50304570
0x00007fff50304558:   00000001104066d2 0000000193732c58
0x00007fff50304568:   0000000193732c58 00007f960f610d40
0x00007fff50304578:   000000018f8666a0 000000018f866710
0x00007fff50304588:   00007fff7704c550 00007fff76aacc80
0x00007fff50304598:   000000018f866450 000000018f866690
0x00007fff503045a8:   00007f960f610d40 00007f960f3ef9d0
0x00007fff503045b8:   00007f960f6281a0 00007f960f610d40
0x00007fff503045c8:   00007f960f3ef9d0 00007fff50304678
0x00007fff503045d8:   00007f960b8ee1f8 0000000193732c58
0x00007fff503045e8:   00007fff503046a0 00007fff50304668
0x00007fff503045f8:   00000001113249f4 0000000193732c58
0x00007fff50304608:   00007fff503046a0 00007fff50304668
0x00007fff50304618:   0000000111324787 0000000111324742
0x00007fff50304628:   00007fff50304628 0000000193732c58
0x00007fff50304638:   00007fff503046a0 0000000193746028
0x00007fff50304648:   0000000000000000 0000000193732c58
0x00007fff50304658:   0000000000000000 00007fff50304688
0x00007fff50304668:   00007fff503046e8 00000001113152bd
0x00007fff50304678:   000000074106aa50 000000011131e538
0x00007fff50304688:   00007f960f610d40 00007fff503046e8
0x00007fff50304698:   00007f960f3ef9d0 000000011131fe02
0x00007fff503046a8:   00007fff503046a8 0000000193732e22
0x00007fff503046b8:   00007fff50304710 0000000193746028
0x00007fff503046c8:   0000000000000000 0000000193732e30
0x00007fff503046d8:   00007fff50304688 00007fff503046f8
0x00007fff503046e8:   00007fff50304758 00000001113152bd
0x00007fff503046f8:   00007f960f610d40 0000000740e4a378
0x00007fff50304708:   00007f960f3ef9d0 0000000740e4a378
0x00007fff50304718:   00007fff50304718 00000001992e1d6e
0x00007fff50304728:   00007fff50304768 00000001992e1e28 

Instructions: (pc=0x00007fff8f4700dd)
0x00007fff8f4700bd:   00 00 00 48 85 ff 2e 74 7a 40 f6 c7 01 2e 75 7e
0x00007fff8f4700cd:   49 bb f8 ff ff ff ff 7f 00 00 4c 23 1f 49 89 f2
0x00007fff8f4700dd:   45 23 53 18 49 c1 e2 04 4d 03 53 10 49 3b 32 75
0x00007fff8f4700ed:   04 41 ff 62 08 49 83 3a 00 74 6a 4d 3b 53 10 74 

Register to memory mapping:

RAX=0x00007f960f610d40 is an unknown value
RBX=0x000000018f866450: Java_jogamp_nativewindow_macosx_OSXUtil_GetScreenRefreshRate0+0x1cf0 in /private/var/folders/1w/_vhdnh917gsgl0z3c94cp27w0000gn/T/jogamp_0000/file_cache/jln7475159687144227439/jln7340165487074153829/libnativewindow_macosx.jnilib at 0x000000018f85f000
RCX=0x00000001904302a0 is an unknown value
RDX=0x000000012f564020 is an unknown value
RSP=0x00007fff50304538 is pointing into the stack for thread: 0x00007f960b8ee000
RBP=0x00007fff503045f0 is pointing into the stack for thread: 0x00007f960b8ee000
RSI=0x00007fff8aebf40f is an unknown value
RDI=0x00007f960f3ef9d0 is an unknown value
R8 =0x0000000000000000 is an unknown value
R9 =0x0000000000000f50 is an unknown value
R10=0x00007fff8aebf40f is an unknown value
R11=0x0000000000000000 is an unknown value
R12=0x0000000000000000 is an unknown value
R13={method} {0x0000000193732c58} 'UnsetJAWTRootSurfaceLayer0' '(JJ)V' in 'jogamp/nativewindow/jawt/macosx/MacOSXJAWTWindow'
R14=0x000000018f866440: Java_jogamp_nativewindow_macosx_OSXUtil_GetScreenRefreshRate0+0x1ce0 in /private/var/folders/1w/_vhdnh917gsgl0z3c94cp27w0000gn/T/jogamp_0000/file_cache/jln7475159687144227439/jln7340165487074153829/libnativewindow_macosx.jnilib at 0x000000018f85f000
R15=0x00007f960b8ee000 is a thread


Stack: [0x00007fff4fb09000,0x00007fff50309000],  sp=0x00007fff50304538,  free space=8173k
Native frames: (J=compiled Java code, j=interpreted, Vv=VM code, C=native code)
C  [libobjc.A.dylib+0x10dd]  objc_msgSend+0x1d
j  jogamp.nativewindow.jawt.macosx.MacOSXJAWTWindow.UnsetJAWTRootSurfaceLayer0(JJ)V+0
j  jogamp.nativewindow.jawt.macosx.MacOSXJAWTWindow.access$200(JJ)V+2
j  jogamp.nativewindow.jawt.macosx.MacOSXJAWTWindow$1.run()V+38
j  com.jogamp.common.util.RunnableTask.run()V+24
v  ~StubRoutines::call_stub
V  [libjvm.dylib+0x2ee5b6]
V  [libjvm.dylib+0x325765]
V  [libjvm.dylib+0x317f33]
C  [libnativewindow_macosx.jnilib+0x5326]  Java_jogamp_nativewindow_jawt_macosx_MacOSXJAWTWindow_UnsetJAWTRootSurfaceLayer0+0x2b6
C  [Foundation+0x92dd0]  __NSThreadPerformPerform+0x125
C  [CoreFoundation+0x80a01]  __CFRUNLOOP_IS_CALLING_OUT_TO_A_SOURCE0_PERFORM_FUNCTION__+0x11
C  [CoreFoundation+0x72c5c]  __CFRunLoopDoSources0+0x1dc
C  [CoreFoundation+0x721bf]  __CFRunLoopRun+0x39f
C  [CoreFoundation+0x71bd8]  CFRunLoopRunSpecific+0x128
C  [HIToolbox+0x3256f]  RunCurrentEventLoopInMode+0xeb
C  [HIToolbox+0x321ee]  ReceiveNextEventCommon+0xb3
C  [HIToolbox+0x3212b]  _BlockUntilNextEventMatchingListInModeWithFilter+0x47
C  [AppKit+0x918ab]  _DPSNextEvent+0x3d2
C  [AppKit+0x90e58]  -[NSApplication nextEventMatchingMask:untilDate:inMode:dequeue:]+0x15a
C  [libosxapp.dylib+0x23aa]  -[NSApplicationAWT nextEventMatchingMask:untilDate:inMode:dequeue:]+0x7c
C  [AppKit+0x86af3]  -[NSApplication run]+0x252
C  [libosxapp.dylib+0x214d]  +[NSApplicationAWT runAWTLoopWithApp:]+0x9c
C  [libawt_lwawt.dylib+0x45edf]  -[AWTStarter starter:]+0x389
C  [Foundation+0x92dd0]  __NSThreadPerformPerform+0x125
C  [CoreFoundation+0x80a01]  __CFRUNLOOP_IS_CALLING_OUT_TO_A_SOURCE0_PERFORM_FUNCTION__+0x11
C  [CoreFoundation+0x72b8d]  __CFRunLoopDoSources0+0x10d
C  [CoreFoundation+0x721bf]  __CFRunLoopRun+0x39f
C  [CoreFoundation+0x71bd8]  CFRunLoopRunSpecific+0x128
C  [java+0x6465]  CreateExecutionEnvironment+0x367
C  [java+0x218c]  JLI_Launch+0x7a0
C  [java+0x84c2]  main+0x65
C  [java+0x19e4]  start+0x34
C  0x0000000000000007

Java frames: (J=compiled Java code, j=interpreted, Vv=VM code)
j  jogamp.nativewindow.jawt.macosx.MacOSXJAWTWindow.UnsetJAWTRootSurfaceLayer0(JJ)V+0
j  jogamp.nativewindow.jawt.macosx.MacOSXJAWTWindow.access$200(JJ)V+2
j  jogamp.nativewindow.jawt.macosx.MacOSXJAWTWindow$1.run()V+38
j  com.jogamp.common.util.RunnableTask.run()V+24
v  ~StubRoutines::call_stub

---------------  P R O C E S S  ---------------

Java Threads: ( => current thread )
  0x00007f95fe877800 JavaThread "Thread-20" [_thread_blocked, id=37207, stack(0x000000019abea000,0x000000019acea000)]
  0x00007f960b235000 JavaThread "AWT-EventQueue-1" [_thread_in_native, id=57619, stack(0x000000019032e000,0x000000019042e000)]
  0x00007f960a936800 JavaThread "DestroyJavaVM" [_thread_blocked, id=4867, stack(0x00000001111b7000,0x00000001112b7000)]
  0x00007f960b1f0000 JavaThread "AWT-EventQueue-0" [_thread_blocked, id=54803, stack(0x0000000130539000,0x0000000130639000)]
  0x00007f960b92b800 JavaThread "Java2D Disposer" daemon [_thread_blocked, id=48923, stack(0x000000012ee7a000,0x000000012ef7a000)]
  0x00007f960a8cf000 JavaThread "Java2D Queue Flusher" daemon [_thread_blocked, id=49671, stack(0x000000012dc5e000,0x000000012dd5e000)]
  0x00007f960b196000 JavaThread "AWT-Shutdown" [_thread_blocked, id=28179, stack(0x000000012ada7000,0x000000012aea7000)]
=>0x00007f960b8ee000 JavaThread "AWT-AppKit" daemon [_thread_in_native, id=1811, stack(0x00007fff4fb09000,0x00007fff50309000)]
  0x00007f960a83e000 JavaThread "Service Thread" daemon [_thread_blocked, id=18179, stack(0x00000001290bb000,0x00000001291bb000)]
  0x00007f960a825800 JavaThread "C1 CompilerThread2" daemon [_thread_blocked, id=17667, stack(0x0000000128fb8000,0x00000001290b8000)]
  0x00007f960a820000 JavaThread "C2 CompilerThread1" daemon [_thread_blocked, id=17155, stack(0x0000000128eb5000,0x0000000128fb5000)]
  0x00007f960a824000 JavaThread "C2 CompilerThread0" daemon [_thread_blocked, id=16643, stack(0x0000000128db2000,0x0000000128eb2000)]
  0x00007f960a823000 JavaThread "Signal Dispatcher" daemon [_thread_blocked, id=13335, stack(0x0000000128caf000,0x0000000128daf000)]
  0x00007f960a816000 JavaThread "Finalizer" daemon [_thread_blocked, id=11523, stack(0x0000000127283000,0x0000000127383000)]
  0x00007f960c061000 JavaThread "Reference Handler" daemon [_thread_blocked, id=11011, stack(0x0000000127180000,0x0000000127280000)]

Other Threads:
  0x00007f960c05e800 VMThread [stack: 0x000000012707d000,0x000000012717d000] [id=10499]
  0x00007f960b800800 WatcherThread [stack: 0x00000001291be000,0x00000001292be000] [id=18691]

VM state:not at safepoint (normal execution)

VM Mutex/Monitor currently owned by a thread: None

Heap:
 PSYoungGen      total 100864K, used 5056K [0x0000000795580000, 0x000000079fb80000, 0x00000007c0000000)
  eden space 96256K, 5% used [0x0000000795580000,0x0000000795a602f8,0x000000079b380000)
  from space 4608K, 1% used [0x000000079f280000,0x000000079f290000,0x000000079f700000)
  to   space 4096K, 0% used [0x000000079f780000,0x000000079f780000,0x000000079fb80000)
 ParOldGen       total 65024K, used 27917K [0x0000000740000000, 0x0000000743f80000, 0x0000000795580000)
  object space 65024K, 42% used [0x0000000740000000,0x0000000741b43780,0x0000000743f80000)
 Metaspace       used 27158K, capacity 27505K, committed 27648K, reserved 1075200K
  class space    used 2171K, capacity 2276K, committed 2304K, reserved 1048576K

Card table byte_map: [0x00000001206cd000,0x0000000120ace000] byte_map_base: 0x000000011cccd000

Marking Bits: (ParMarkBitMap*) 0x0000000110b04ea0
 Begin Bits: [0x0000000121185000, 0x0000000123185000)
 End Bits:   [0x0000000123185000, 0x0000000125185000)

Polling page: 0x000000010f9fa000

CodeCache: size=245760Kb used=10839Kb max_used=10950Kb free=234920Kb
 bounds [0x000000011130d000, 0x0000000111ddd000, 0x000000012030d000]
 total_blobs=3587 nmethods=2676 adapters=825
 compilation: enabled

Compilation events (10 events):
Event: 1164.413 Thread 0x00007f960a820000 nmethod 2924 0x00000001117f78d0 code [0x00000001117f7a20, 0x00000001117f7af8]
Event: 1164.413 Thread 0x00007f960a825800 nmethod 2926 0x000000011156abd0 code [0x000000011156ad20, 0x000000011156ae30]
Event: 1164.437 Thread 0x00007f960a825800 2928       3       java.awt.Rectangle::isEmpty (20 bytes)
Event: 1164.438 Thread 0x00007f960a825800 nmethod 2928 0x00000001115a7890 code [0x00000001115a7a00, 0x00000001115a7bf0]
Event: 1164.440 Thread 0x00007f960a825800 2929       1       java.awt.Component::isEnabledImpl (5 bytes)
Event: 1164.440 Thread 0x00007f960a825800 nmethod 2929 0x00000001116ae7d0 code [0x00000001116ae920, 0x00000001116aea30]
Event: 1164.479 Thread 0x00007f960a825800 2930       3       java.util.HashMap::put (13 bytes)
Event: 1164.480 Thread 0x00007f960a825800 nmethod 2930 0x0000000111a03750 code [0x0000000111a038e0, 0x0000000111a03c98]
Event: 1164.550 Thread 0x00007f960a825800 2931       3       sun.lwawt.LWComponentPeer::localToWindow (14 bytes)
Event: 1164.550 Thread 0x00007f960a825800 nmethod 2931 0x00000001117ba5d0 code [0x00000001117ba760, 0x00000001117baae8]

GC Heap History (10 events):
Event: 1063.662 GC heap before
{Heap before GC invocations=32 (full 1):
 PSYoungGen      total 115712K, used 115232K [0x0000000795580000, 0x00000007a0480000, 0x00000007c0000000)
  eden space 115200K, 100% used [0x0000000795580000,0x000000079c600000,0x000000079c600000)
  from space 512K, 6% used [0x00000007a0400000,0x00000007a0408000,0x00000007a0480000)
  to   space 5632K, 0% used [0x000000079f980000,0x000000079f980000,0x000000079ff00000)
 ParOldGen       total 65024K, used 27917K [0x0000000740000000, 0x0000000743f80000, 0x0000000795580000)
  object space 65024K, 42% used [0x0000000740000000,0x0000000741b43780,0x0000000743f80000)
 Metaspace       used 27109K, capacity 27441K, committed 27648K, reserved 1075200K
  class space    used 2164K, capacity 2276K, committed 2304K, reserved 1048576K
Event: 1063.663 GC heap after
Heap after GC invocations=32 (full 1):
 PSYoungGen      total 116736K, used 64K [0x0000000795580000, 0x00000007a0480000, 0x00000007c0000000)
  eden space 111104K, 0% used [0x0000000795580000,0x0000000795580000,0x000000079c200000)
  from space 5632K, 1% used [0x000000079f980000,0x000000079f990000,0x000000079ff00000)
  to   space 5632K, 0% used [0x000000079ff00000,0x000000079ff00000,0x00000007a0480000)
 ParOldGen       total 65024K, used 27917K [0x0000000740000000, 0x0000000743f80000, 0x0000000795580000)
  object space 65024K, 42% used [0x0000000740000000,0x0000000741b43780,0x0000000743f80000)
 Metaspace       used 27109K, capacity 27441K, committed 27648K, reserved 1075200K
  class space    used 2164K, capacity 2276K, committed 2304K, reserved 1048576K
}
Event: 1089.743 GC heap before
{Heap before GC invocations=33 (full 1):
 PSYoungGen      total 116736K, used 111168K [0x0000000795580000, 0x00000007a0480000, 0x00000007c0000000)
  eden space 111104K, 100% used [0x0000000795580000,0x000000079c200000,0x000000079c200000)
  from space 5632K, 1% used [0x000000079f980000,0x000000079f990000,0x000000079ff00000)
  to   space 5632K, 0% used [0x000000079ff00000,0x000000079ff00000,0x00000007a0480000)
 ParOldGen       total 65024K, used 27917K [0x0000000740000000, 0x0000000743f80000, 0x0000000795580000)
  object space 65024K, 42% used [0x0000000740000000,0x0000000741b43780,0x0000000743f80000)
 Metaspace       used 27112K, capacity 27441K, committed 27648K, reserved 1075200K
  class space    used 2164K, capacity 2276K, committed 2304K, reserved 1048576K
Event: 1089.746 GC heap after
Heap after GC invocations=33 (full 1):
 PSYoungGen      total 107520K, used 64K [0x0000000795580000, 0x000000079ff80000, 0x00000007c0000000)
  eden space 107008K, 0% used [0x0000000795580000,0x0000000795580000,0x000000079be00000)
  from space 512K, 12% used [0x000000079ff00000,0x000000079ff10000,0x000000079ff80000)
  to   space 5120K, 0% used [0x000000079f580000,0x000000079f580000,0x000000079fa80000)
 ParOldGen       total 65024K, used 27917K [0x0000000740000000, 0x0000000743f80000, 0x0000000795580000)
  object space 65024K, 42% used [0x0000000740000000,0x0000000741b43780,0x0000000743f80000)
 Metaspace       used 27112K, capacity 27441K, committed 27648K, reserved 1075200K
  class space    used 2164K, capacity 2276K, committed 2304K, reserved 1048576K
}
Event: 1115.794 GC heap before
{Heap before GC invocations=34 (full 1):
 PSYoungGen      total 107520K, used 107072K [0x0000000795580000, 0x000000079ff80000, 0x00000007c0000000)
  eden space 107008K, 100% used [0x0000000795580000,0x000000079be00000,0x000000079be00000)
  from space 512K, 12% used [0x000000079ff00000,0x000000079ff10000,0x000000079ff80000)
  to   space 5120K, 0% used [0x000000079f580000,0x000000079f580000,0x000000079fa80000)
 ParOldGen       total 65024K, used 27917K [0x0000000740000000, 0x0000000743f80000, 0x0000000795580000)
  object space 65024K, 42% used [0x0000000740000000,0x0000000741b43780,0x0000000743f80000)
 Metaspace       used 27118K, capacity 27441K, committed 27648K, reserved 1075200K
  class space    used 2164K, capacity 2276K, committed 2304K, reserved 1048576K
Event: 1115.797 GC heap after
Heap after GC invocations=34 (full 1):
 PSYoungGen      total 108544K, used 32K [0x0000000795580000, 0x000000079ff80000, 0x00000007c0000000)
  eden space 103424K, 0% used [0x0000000795580000,0x0000000795580000,0x000000079ba80000)
  from space 5120K, 0% used [0x000000079f580000,0x000000079f588000,0x000000079fa80000)
  to   space 4608K, 0% used [0x000000079fb00000,0x000000079fb00000,0x000000079ff80000)
 ParOldGen       total 65024K, used 27917K [0x0000000740000000, 0x0000000743f80000, 0x0000000795580000)
  object space 65024K, 42% used [0x0000000740000000,0x0000000741b43780,0x0000000743f80000)
 Metaspace       used 27118K, capacity 27441K, committed 27648K, reserved 1075200K
  class space    used 2164K, capacity 2276K, committed 2304K, reserved 1048576K
}
Event: 1140.511 GC heap before
{Heap before GC invocations=35 (full 1):
 PSYoungGen      total 108544K, used 103456K [0x0000000795580000, 0x000000079ff80000, 0x00000007c0000000)
  eden space 103424K, 100% used [0x0000000795580000,0x000000079ba80000,0x000000079ba80000)
  from space 5120K, 0% used [0x000000079f580000,0x000000079f588000,0x000000079fa80000)
  to   space 4608K, 0% used [0x000000079fb00000,0x000000079fb00000,0x000000079ff80000)
 ParOldGen       total 65024K, used 27917K [0x0000000740000000, 0x0000000743f80000, 0x0000000795580000)
  object space 65024K, 42% used [0x0000000740000000,0x0000000741b43780,0x0000000743f80000)
 Metaspace       used 27118K, capacity 27441K, committed 27648K, reserved 1075200K
  class space    used 2164K, capacity 2276K, committed 2304K, reserved 1048576K
Event: 1140.514 GC heap after
Heap after GC invocations=35 (full 1):
 PSYoungGen      total 100352K, used 64K [0x0000000795580000, 0x000000079fb80000, 0x00000007c0000000)
  eden space 99840K, 0% used [0x0000000795580000,0x0000000795580000,0x000000079b700000)
  from space 512K, 12% used [0x000000079fb00000,0x000000079fb10000,0x000000079fb80000)
  to   space 4608K, 0% used [0x000000079f280000,0x000000079f280000,0x000000079f700000)
 ParOldGen       total 65024K, used 27917K [0x0000000740000000, 0x0000000743f80000, 0x0000000795580000)
  object space 65024K, 42% used [0x0000000740000000,0x0000000741b43780,0x0000000743f80000)
 Metaspace       used 27118K, capacity 27441K, committed 27648K, reserved 1075200K
  class space    used 2164K, capacity 2276K, committed 2304K, reserved 1048576K
}
Event: 1163.877 GC heap before
{Heap before GC invocations=36 (full 1):
 PSYoungGen      total 100352K, used 99904K [0x0000000795580000, 0x000000079fb80000, 0x00000007c0000000)
  eden space 99840K, 100% used [0x0000000795580000,0x000000079b700000,0x000000079b700000)
  from space 512K, 12% used [0x000000079fb00000,0x000000079fb10000,0x000000079fb80000)
  to   space 4608K, 0% used [0x000000079f280000,0x000000079f280000,0x000000079f700000)
 ParOldGen       total 65024K, used 27917K [0x0000000740000000, 0x0000000743f80000, 0x0000000795580000)
  object space 65024K, 42% used [0x0000000740000000,0x0000000741b43780,0x0000000743f80000)
 Metaspace       used 27128K, capacity 27441K, committed 27648K, reserved 1075200K
  class space    used 2164K, capacity 2276K, committed 2304K, reserved 1048576K
Event: 1163.879 GC heap after
Heap after GC invocations=36 (full 1):
 PSYoungGen      total 100864K, used 64K [0x0000000795580000, 0x000000079fb80000, 0x00000007c0000000)
  eden space 96256K, 0% used [0x0000000795580000,0x0000000795580000,0x000000079b380000)
  from space 4608K, 1% used [0x000000079f280000,0x000000079f290000,0x000000079f700000)
  to   space 4096K, 0% used [0x000000079f780000,0x000000079f780000,0x000000079fb80000)
 ParOldGen       total 65024K, used 27917K [0x0000000740000000, 0x0000000743f80000, 0x0000000795580000)
  object space 65024K, 42% used [0x0000000740000000,0x0000000741b43780,0x0000000743f80000)
 Metaspace       used 27128K, capacity 27441K, committed 27648K, reserved 1075200K
  class space    used 2164K, capacity 2276K, committed 2304K, reserved 1048576K
}

Deoptimization events (10 events):
Event: 1164.481 Thread 0x00007f960b235000 Uncommon trap: reason=unstable_if action=reinterpret pc=0x00000001119d0084 method=java.awt.EventQueue.isDispatchThreadImpl()Z @ 65
Event: 1164.512 Thread 0x00007f960b8ee000 Uncommon trap: reason=class_check action=maybe_recompile pc=0x0000000111677480 method=com.jogamp.common.util.RunnableTask.run()V @ 24
Event: 1164.516 Thread 0x00007f960b8ee000 Uncommon trap: reason=unstable_if action=reinterpret pc=0x000000011181d33c method=jogamp.nativewindow.macosx.OSXUtil.RunOnMainThread(ZZLjava/lang/Runnable;)V @ 3
Event: 1164.541 Thread 0x00007f960b235000 Uncommon trap: reason=unstable_if action=reinterpret pc=0x000000011199a4e8 method=jogamp.opengl.GLContextImpl.release(Z)V @ 161
Event: 1164.547 Thread 0x00007f960b235000 Uncommon trap: reason=unstable_if action=reinterpret pc=0x00000001117f3918 method=java.util.LinkedList$ListItr.<init>(Ljava/util/LinkedList;I)V @ 26
Event: 1164.548 Thread 0x00007f960b235000 Uncommon trap: reason=unstable_if action=reinterpret pc=0x0000000111c47fcc method=java.security.AccessControlContext.combine([Ljava/security/ProtectionDomain;[Ljava/security/ProtectionDomain;)[Ljava/security/ProtectionDomain; @ 151
Event: 1164.550 Thread 0x00007f960b1f0000 Uncommon trap: reason=class_check action=maybe_recompile pc=0x000000011199d18c method=java.awt.Component.getGraphics()Ljava/awt/Graphics; @ 114
Event: 1164.550 Thread 0x00007f95fe877800 Uncommon trap: reason=predicate action=maybe_recompile pc=0x0000000111ba7c64 method=java.util.Vector.indexOf(Ljava/lang/Object;I)I @ 44
Event: 1164.551 Thread 0x00007f960b235000 Uncommon trap: reason=class_check action=maybe_recompile pc=0x00000001117d99ac method=java.awt.event.InvocationEvent.dispatch()V @ 11
Event: 1164.557 Thread 0x00007f960b8ee000 Uncommon trap: reason=class_check action=maybe_recompile pc=0x0000000111677480 method=com.jogamp.common.util.RunnableTask.run()V @ 24

Internal exceptions (10 events):
Event: 0.623 Thread 0x00007f960c005000 Exception <a 'java/io/FileNotFoundException'> (0x000000079585ed78) thrown at [/Users/java_re/workspace/8-2-build-macosx-x86_64/jdk8u131/8869/hotspot/src/share/vm/prims/jni.cpp, line 709]
Event: 0.788 Thread 0x00007f960c005000 Exception <a 'java/io/FileNotFoundException'> (0x000000079599eaf0) thrown at [/Users/java_re/workspace/8-2-build-macosx-x86_64/jdk8u131/8869/hotspot/src/share/vm/prims/jni.cpp, line 709]
Event: 2.891 Thread 0x00007f960ab50800 Exception <a 'java/lang/UnsatisfiedLinkError': com.jogamp.common.util.JarUtil.fixNativeLibAttribs(Ljava/lang/String;)Z> (0x0000000796ccd718) thrown at [/Users/java_re/workspace/8-2-build-macosx-x86_64/jdk8u131/8869/hotspot/src/share/vm/prims/nativeLookup.
Event: 3.161 Thread 0x00007f960a816000 Exception <a 'java/lang/NullPointerException'> (0x00000007956266a8) thrown at [/Users/java_re/workspace/8-2-build-macosx-x86_64/jdk8u131/8869/hotspot/src/share/vm/interpreter/linkResolver.cpp, line 1197]
Event: 3.917 Thread 0x00007f960b235000 Exception <a 'java/io/FileNotFoundException'> (0x0000000796203c90) thrown at [/Users/java_re/workspace/8-2-build-macosx-x86_64/jdk8u131/8869/hotspot/src/share/vm/prims/jni.cpp, line 709]
Event: 3.917 Thread 0x00007f960b235000 Exception <a 'java/io/FileNotFoundException'> (0x000000079620b6a0) thrown at [/Users/java_re/workspace/8-2-build-macosx-x86_64/jdk8u131/8869/hotspot/src/share/vm/prims/jni.cpp, line 709]
Event: 3.917 Thread 0x00007f960b235000 Implicit null exception at 0x0000000111505bb4 to 0x0000000111505fad
Event: 4.324 Thread 0x00007f960b235000 Implicit null exception at 0x00000001116d8806 to 0x00000001116d8a4d
Event: 4.414 Thread 0x00007f960ba93800 Implicit null exception at 0x000000011150bdf3 to 0x000000011150c1d9
Event: 1164.462 Thread 0x00007f960b235000 Implicit null exception at 0x0000000111dc7fc2 to 0x0000000111dc89ed

Events (10 events):
Event: 1164.550 Thread 0x00007f960a825800 flushing nmethod 0x00000001117f1f50
Event: 1164.550 loading class java/awt/Window$1DisposeAction done
Event: 1164.551 Thread 0x00007f960a825800 flushing nmethod 0x0000000111873f90
Event: 1164.551 Thread 0x00007f960a825800 flushing nmethod 0x000000011187d7d0
Event: 1164.551 Thread 0x00007f960b235000 Uncommon trap: trap_request=0xffffffde fr.pc=0x00000001117d99ac
Event: 1164.551 Thread 0x00007f960b235000 DEOPT PACKING pc=0x00000001117d99ac sp=0x000000019042be80
Event: 1164.551 Thread 0x00007f960b235000 DEOPT UNPACKING pc=0x0000000111312229 sp=0x000000019042bd08 mode 2
Event: 1164.557 Thread 0x00007f960b8ee000 Uncommon trap: trap_request=0xffffffde fr.pc=0x0000000111677480
Event: 1164.557 Thread 0x00007f960b8ee000 DEOPT PACKING pc=0x0000000111677480 sp=0x00007fff503047b0
Event: 1164.557 Thread 0x00007f960b8ee000 DEOPT UNPACKING pc=0x0000000111312229 sp=0x00007fff50304758 mode 2


Dynamic libraries:
0x0000000004bff000 	/System/Library/Frameworks/Cocoa.framework/Versions/A/Cocoa
0x0000000004bff000 	/System/Library/Frameworks/Security.framework/Versions/A/Security
0x0000000004bff000 	/System/Library/Frameworks/ApplicationServices.framework/Versions/A/ApplicationServices
0x0000000004bff000 	/usr/lib/libz.1.dylib
0x0000000004bff000 	/usr/lib/libSystem.B.dylib
0x0000000004bff000 	/usr/lib/libobjc.A.dylib
0x0000000004bff000 	/System/Library/Frameworks/CoreFoundation.framework/Versions/A/CoreFoundation
0x0000000004bff000 	/System/Library/Frameworks/Foundation.framework/Versions/C/Foundation
0x0000000004bff000 	/System/Library/Frameworks/AppKit.framework/Versions/C/AppKit
0x0000000004bff000 	/System/Library/Frameworks/CoreData.framework/Versions/A/CoreData
0x0000000004bff000 	/System/Library/PrivateFrameworks/RemoteViewServices.framework/Versions/A/RemoteViewServices
0x0000000004bff000 	/System/Library/PrivateFrameworks/UIFoundation.framework/Versions/A/UIFoundation
0x0000000004bff000 	/System/Library/Frameworks/IOSurface.framework/Versions/A/IOSurface
0x0000000004bff000 	/System/Library/Frameworks/AudioToolbox.framework/Versions/A/AudioToolbox
0x0000000004bff000 	/System/Library/Frameworks/AudioUnit.framework/Versions/A/AudioUnit
0x0000000004bff000 	/System/Library/PrivateFrameworks/DataDetectorsCore.framework/Versions/A/DataDetectorsCore
0x0000000004bff000 	/System/Library/PrivateFrameworks/DesktopServicesPriv.framework/Versions/A/DesktopServicesPriv
0x0000000004bff000 	/System/Library/Frameworks/Carbon.framework/Versions/A/Frameworks/HIToolbox.framework/Versions/A/HIToolbox
0x0000000004bff000 	/System/Library/Frameworks/QuartzCore.framework/Versions/A/QuartzCore
0x0000000004bff000 	/System/Library/Frameworks/Carbon.framework/Versions/A/Frameworks/SpeechRecognition.framework/Versions/A/SpeechRecognition
0x0000000004bff000 	/usr/lib/libauto.dylib
0x0000000004bff000 	/usr/lib/libicucore.A.dylib
0x0000000004bff000 	/usr/lib/libxml2.2.dylib
0x0000000004bff000 	/System/Library/PrivateFrameworks/CoreUI.framework/Versions/A/CoreUI
0x0000000004bff000 	/System/Library/Frameworks/CoreAudio.framework/Versions/A/CoreAudio
0x0000000004bff000 	/System/Library/Frameworks/DiskArbitration.framework/Versions/A/DiskArbitration
0x0000000004bff000 	/usr/lib/liblangid.dylib
0x0000000004bff000 	/System/Library/PrivateFrameworks/MultitouchSupport.framework/Versions/A/MultitouchSupport
0x0000000004bff000 	/System/Library/Frameworks/IOKit.framework/Versions/A/IOKit
0x0000000004bff000 	/usr/lib/libDiagnosticMessagesClient.dylib
0x0000000004bff000 	/System/Library/Frameworks/CoreServices.framework/Versions/A/CoreServices
0x0000000004bff000 	/System/Library/PrivateFrameworks/PerformanceAnalysis.framework/Versions/A/PerformanceAnalysis
0x0000000004bff000 	/System/Library/PrivateFrameworks/GenerationalStorage.framework/Versions/A/GenerationalStorage
0x0000000004bff000 	/System/Library/Frameworks/OpenGL.framework/Versions/A/OpenGL
0x0000000004bff000 	/System/Library/PrivateFrameworks/Sharing.framework/Versions/A/Sharing
0x0000000004bff000 	/System/Library/Frameworks/CoreGraphics.framework/Versions/A/CoreGraphics
0x0000000004bff000 	/System/Library/Frameworks/CoreText.framework/Versions/A/CoreText
0x0000000004bff000 	/System/Library/Frameworks/ImageIO.framework/Versions/A/ImageIO
0x0000000004bff000 	/usr/lib/libextension.dylib
0x0000000004bff000 	/System/Library/PrivateFrameworks/Backup.framework/Versions/A/Backup
0x0000000004bff000 	/usr/lib/libarchive.2.dylib
0x0000000004bff000 	/System/Library/Frameworks/CFNetwork.framework/Versions/A/CFNetwork
0x0000000004bff000 	/System/Library/Frameworks/SystemConfiguration.framework/Versions/A/SystemConfiguration
0x0000000004bff000 	/usr/lib/libCRFSuite.dylib
0x0000000004bff000 	/usr/lib/libc++.1.dylib
0x0000000004bff000 	/usr/lib/libc++abi.dylib
0x0000000004bff000 	/usr/lib/system/libcache.dylib
0x0000000004bff000 	/usr/lib/system/libcommonCrypto.dylib
0x0000000004bff000 	/usr/lib/system/libcompiler_rt.dylib
0x0000000004bff000 	/usr/lib/system/libcopyfile.dylib
0x0000000004bff000 	/usr/lib/system/libcorecrypto.dylib
0x0000000004bff000 	/usr/lib/system/libdispatch.dylib
0x0000000004bff000 	/usr/lib/system/libdyld.dylib
0x0000000004bff000 	/usr/lib/system/libkeymgr.dylib
0x0000000004bff000 	/usr/lib/system/liblaunch.dylib
0x0000000004bff000 	/usr/lib/system/libmacho.dylib
0x0000000004bff000 	/usr/lib/system/libquarantine.dylib
0x0000000004bff000 	/usr/lib/system/libremovefile.dylib
0x0000000004bff000 	/usr/lib/system/libsystem_asl.dylib
0x0000000004bff000 	/usr/lib/system/libsystem_blocks.dylib
0x0000000004bff000 	/usr/lib/system/libsystem_c.dylib
0x0000000004bff000 	/usr/lib/system/libsystem_configuration.dylib
0x0000000004bff000 	/usr/lib/system/libsystem_coreservices.dylib
0x0000000004bff000 	/usr/lib/system/libsystem_coretls.dylib
0x0000000004bff000 	/usr/lib/system/libsystem_dnssd.dylib
0x0000000004bff000 	/usr/lib/system/libsystem_info.dylib
0x0000000004bff000 	/usr/lib/system/libsystem_kernel.dylib
0x0000000004bff000 	/usr/lib/system/libsystem_m.dylib
0x0000000004bff000 	/usr/lib/system/libsystem_malloc.dylib
0x0000000004bff000 	/usr/lib/system/libsystem_network.dylib
0x0000000004bff000 	/usr/lib/system/libsystem_networkextension.dylib
0x0000000004bff000 	/usr/lib/system/libsystem_notify.dylib
0x0000000004bff000 	/usr/lib/system/libsystem_platform.dylib
0x0000000004bff000 	/usr/lib/system/libsystem_pthread.dylib
0x0000000004bff000 	/usr/lib/system/libsystem_sandbox.dylib
0x0000000004bff000 	/usr/lib/system/libsystem_secinit.dylib
0x0000000004bff000 	/usr/lib/system/libsystem_stats.dylib
0x0000000004bff000 	/usr/lib/system/libsystem_trace.dylib
0x0000000004bff000 	/usr/lib/system/libunc.dylib
0x0000000004bff000 	/usr/lib/system/libunwind.dylib
0x0000000004bff000 	/usr/lib/system/libxpc.dylib
0x0000000004bff000 	/usr/lib/libbz2.1.0.dylib
0x0000000004bff000 	/usr/lib/liblzma.5.dylib
0x0000000004bff000 	/usr/lib/libbsm.0.dylib
0x0000000004bff000 	/usr/lib/libsqlite3.dylib
0x0000000004bff000 	/usr/lib/system/libkxld.dylib
0x0000000004bff000 	/usr/lib/libxar.1.dylib
0x0000000004bff000 	/usr/lib/libpam.2.dylib
0x0000000004bff000 	/usr/lib/libOpenScriptingUtil.dylib
0x0000000004bff000 	/System/Library/Frameworks/CoreServices.framework/Versions/A/Frameworks/FSEvents.framework/Versions/A/FSEvents
0x0000000004bff000 	/System/Library/Frameworks/CoreServices.framework/Versions/A/Frameworks/CarbonCore.framework/Versions/A/CarbonCore
0x0000000004bff000 	/System/Library/Frameworks/CoreServices.framework/Versions/A/Frameworks/Metadata.framework/Versions/A/Metadata
0x0000000004bff000 	/System/Library/Frameworks/CoreServices.framework/Versions/A/Frameworks/OSServices.framework/Versions/A/OSServices
0x0000000004bff000 	/System/Library/Frameworks/CoreServices.framework/Versions/A/Frameworks/SearchKit.framework/Versions/A/SearchKit
0x0000000004bff000 	/System/Library/Frameworks/CoreServices.framework/Versions/A/Frameworks/AE.framework/Versions/A/AE
0x0000000004bff000 	/System/Library/Frameworks/CoreServices.framework/Versions/A/Frameworks/LaunchServices.framework/Versions/A/LaunchServices
0x0000000004bff000 	/System/Library/Frameworks/CoreServices.framework/Versions/A/Frameworks/DictionaryServices.framework/Versions/A/DictionaryServices
0x0000000004bff000 	/System/Library/Frameworks/NetFS.framework/Versions/A/NetFS
0x0000000004bff000 	/System/Library/PrivateFrameworks/NetAuth.framework/Versions/A/NetAuth
0x0000000004bff000 	/System/Library/PrivateFrameworks/login.framework/Versions/A/Frameworks/loginsupport.framework/Versions/A/loginsupport
0x0000000004bff000 	/System/Library/PrivateFrameworks/TCC.framework/Versions/A/TCC
0x0000000004bff000 	/usr/lib/libmecabra.dylib
0x0000000004bff000 	/System/Library/Frameworks/ApplicationServices.framework/Versions/A/Frameworks/ATS.framework/Versions/A/ATS
0x0000000004bff000 	/System/Library/Frameworks/ApplicationServices.framework/Versions/A/Frameworks/ColorSync.framework/Versions/A/ColorSync
0x0000000004bff000 	/System/Library/Frameworks/ApplicationServices.framework/Versions/A/Frameworks/HIServices.framework/Versions/A/HIServices
0x0000000004bff000 	/System/Library/Frameworks/ApplicationServices.framework/Versions/A/Frameworks/LangAnalysis.framework/Versions/A/LangAnalysis
0x0000000004bff000 	/System/Library/Frameworks/ApplicationServices.framework/Versions/A/Frameworks/PrintCore.framework/Versions/A/PrintCore
0x0000000004bff000 	/System/Library/Frameworks/ApplicationServices.framework/Versions/A/Frameworks/QD.framework/Versions/A/QD
0x0000000004bff000 	/System/Library/Frameworks/ApplicationServices.framework/Versions/A/Frameworks/SpeechSynthesis.framework/Versions/A/SpeechSynthesis
0x0000000004bff000 	/System/Library/Frameworks/Accelerate.framework/Versions/A/Accelerate
0x0000000004bff000 	/System/Library/Frameworks/Accelerate.framework/Versions/A/Frameworks/vImage.framework/Versions/A/vImage
0x0000000004bff000 	/System/Library/Frameworks/Accelerate.framework/Versions/A/Frameworks/vecLib.framework/Versions/A/vecLib
0x0000000004bff000 	/System/Library/Frameworks/Accelerate.framework/Versions/A/Frameworks/vecLib.framework/Versions/A/libvDSP.dylib
0x0000000004bff000 	/System/Library/Frameworks/Accelerate.framework/Versions/A/Frameworks/vecLib.framework/Versions/A/libvMisc.dylib
0x0000000004bff000 	/System/Library/Frameworks/Accelerate.framework/Versions/A/Frameworks/vecLib.framework/Versions/A/libLAPACK.dylib
0x0000000004bff000 	/System/Library/Frameworks/Accelerate.framework/Versions/A/Frameworks/vecLib.framework/Versions/A/libBLAS.dylib
0x0000000004bff000 	/System/Library/Frameworks/Accelerate.framework/Versions/A/Frameworks/vecLib.framework/Versions/A/libLinearAlgebra.dylib
0x0000000004bff000 	/System/Library/Frameworks/ApplicationServices.framework/Versions/A/Frameworks/ATS.framework/Versions/A/Resources/libFontParser.dylib
0x0000000004bff000 	/System/Library/Frameworks/ApplicationServices.framework/Versions/A/Frameworks/ATS.framework/Versions/A/Resources/libFontRegistry.dylib
0x0000000004bff000 	/System/Library/PrivateFrameworks/AppleVPA.framework/Versions/A/AppleVPA
0x0000000004bff000 	/System/Library/PrivateFrameworks/AppleJPEG.framework/Versions/A/AppleJPEG
0x0000000004bff000 	/System/Library/Frameworks/ImageIO.framework/Versions/A/Resources/libJPEG.dylib
0x0000000004bff000 	/System/Library/Frameworks/ImageIO.framework/Versions/A/Resources/libTIFF.dylib
0x0000000004bff000 	/System/Library/Frameworks/ImageIO.framework/Versions/A/Resources/libPng.dylib
0x0000000004bff000 	/System/Library/Frameworks/ImageIO.framework/Versions/A/Resources/libGIF.dylib
0x0000000004bff000 	/System/Library/Frameworks/ImageIO.framework/Versions/A/Resources/libJP2.dylib
0x0000000004bff000 	/System/Library/Frameworks/ImageIO.framework/Versions/A/Resources/libRadiance.dylib
0x0000000004bff000 	/System/Library/Frameworks/CoreVideo.framework/Versions/A/CoreVideo
0x0000000004bff000 	/System/Library/Frameworks/OpenGL.framework/Versions/A/Libraries/libGLU.dylib
0x0000000004bff000 	/System/Library/Frameworks/OpenGL.framework/Versions/A/Libraries/libGFXShared.dylib
0x0000000004bff000 	/System/Library/Frameworks/OpenGL.framework/Versions/A/Libraries/libGL.dylib
0x0000000004bff000 	/System/Library/Frameworks/OpenGL.framework/Versions/A/Libraries/libGLImage.dylib
0x0000000004bff000 	/System/Library/Frameworks/OpenGL.framework/Versions/A/Libraries/libCVMSPluginSupport.dylib
0x0000000004bff000 	/System/Library/Frameworks/OpenGL.framework/Versions/A/Libraries/libCoreVMClient.dylib
0x0000000004bff000 	/usr/lib/libcups.2.dylib
0x0000000004bff000 	/System/Library/Frameworks/Kerberos.framework/Versions/A/Kerberos
0x0000000004bff000 	/System/Library/Frameworks/GSS.framework/Versions/A/GSS
0x0000000004bff000 	/usr/lib/libresolv.9.dylib
0x0000000004bff000 	/usr/lib/libiconv.2.dylib
0x0000000004bff000 	/System/Library/PrivateFrameworks/Heimdal.framework/Versions/A/Heimdal
0x0000000004bff000 	/usr/lib/libheimdal-asn1.dylib
0x0000000004bff000 	/System/Library/Frameworks/OpenDirectory.framework/Versions/A/OpenDirectory
0x0000000004bff000 	/System/Library/PrivateFrameworks/CommonAuth.framework/Versions/A/CommonAuth
0x0000000004bff000 	/System/Library/Frameworks/OpenDirectory.framework/Versions/A/Frameworks/CFOpenDirectory.framework/Versions/A/CFOpenDirectory
0x0000000004bff000 	/System/Library/Frameworks/SecurityFoundation.framework/Versions/A/SecurityFoundation
0x0000000004bff000 	/System/Library/PrivateFrameworks/LanguageModeling.framework/Versions/A/LanguageModeling
0x0000000004bff000 	/usr/lib/libcmph.dylib
0x0000000004bff000 	/System/Library/Frameworks/ServiceManagement.framework/Versions/A/ServiceManagement
0x0000000004bff000 	/usr/lib/libxslt.1.dylib
0x0000000004bff000 	/System/Library/Frameworks/Carbon.framework/Versions/A/Frameworks/Ink.framework/Versions/A/Ink
0x0000000004bff000 	/System/Library/Frameworks/QuartzCore.framework/Versions/A/Frameworks/CoreImage.framework/Versions/A/CoreImage
0x0000000004bff000 	/System/Library/PrivateFrameworks/CrashReporterSupport.framework/Versions/A/CrashReporterSupport
0x0000000004bff000 	/System/Library/Frameworks/OpenCL.framework/Versions/A/OpenCL
0x0000000004bff000 	/System/Library/PrivateFrameworks/FaceCore.framework/Versions/A/FaceCore
0x0000000004bff000 	/System/Library/PrivateFrameworks/Ubiquity.framework/Versions/A/Ubiquity
0x0000000004bff000 	/System/Library/PrivateFrameworks/IconServices.framework/Versions/A/IconServices
0x0000000004bff000 	/System/Library/PrivateFrameworks/ChunkingLibrary.framework/Versions/A/ChunkingLibrary
0x0000000004bff000 	/System/Library/PrivateFrameworks/Apple80211.framework/Versions/A/Apple80211
0x0000000004bff000 	/System/Library/Frameworks/CoreWLAN.framework/Versions/A/CoreWLAN
0x0000000004bff000 	/System/Library/Frameworks/IOBluetooth.framework/Versions/A/IOBluetooth
0x0000000004bff000 	/System/Library/PrivateFrameworks/CoreWiFi.framework/Versions/A/CoreWiFi
0x0000000004bff000 	/System/Library/Frameworks/CoreBluetooth.framework/Versions/A/CoreBluetooth
0x0000000004bff000 	/System/Library/PrivateFrameworks/DebugSymbols.framework/Versions/A/DebugSymbols
0x0000000004bff000 	/System/Library/PrivateFrameworks/CoreSymbolication.framework/Versions/A/CoreSymbolication
0x0000000004bff000 	/System/Library/PrivateFrameworks/Symbolication.framework/Versions/A/Symbolication
0x0000000004bff000 	/System/Library/PrivateFrameworks/SpeechRecognitionCore.framework/Versions/A/SpeechRecognitionCore
0x0000000110213000 	/Library/Java/JavaVirtualMachines/jdk1.8.0_131.jdk/Contents/Home/jre/lib/server/libjvm.dylib
0x0000000004bff000 	/usr/lib/libstdc++.6.dylib
0x00000001112b9000 	/Library/Java/JavaVirtualMachines/jdk1.8.0_131.jdk/Contents/Home/jre/lib/libverify.dylib
0x00000001112c7000 	/Library/Java/JavaVirtualMachines/jdk1.8.0_131.jdk/Contents/Home/jre/lib/libjava.dylib
0x0000000111304000 	/Library/Java/JavaVirtualMachines/jdk1.8.0_131.jdk/Contents/Home/jre/lib/libzip.dylib
0x0000000127385000 	/System/Library/Frameworks/JavaVM.framework/Frameworks/JavaRuntimeSupport.framework/JavaRuntimeSupport
0x000000012739d000 	/System/Library/Frameworks/JavaVM.framework/Versions/A/Frameworks/JavaNativeFoundation.framework/Versions/A/JavaNativeFoundation
0x00000001273b2000 	/System/Library/Frameworks/JavaVM.framework/Versions/A/JavaVM
0x0000000004bff000 	/System/Library/Frameworks/Carbon.framework/Versions/A/Carbon
0x00000001273bf000 	/System/Library/PrivateFrameworks/JavaLaunching.framework/Versions/A/JavaLaunching
0x0000000004bff000 	/System/Library/Frameworks/Carbon.framework/Versions/A/Frameworks/CommonPanels.framework/Versions/A/CommonPanels
0x0000000004bff000 	/System/Library/Frameworks/Carbon.framework/Versions/A/Frameworks/Help.framework/Versions/A/Help
0x0000000004bff000 	/System/Library/Frameworks/Carbon.framework/Versions/A/Frameworks/ImageCapture.framework/Versions/A/ImageCapture
0x0000000004bff000 	/System/Library/Frameworks/Carbon.framework/Versions/A/Frameworks/OpenScripting.framework/Versions/A/OpenScripting
0x0000000004bff000 	/System/Library/Frameworks/Carbon.framework/Versions/A/Frameworks/Print.framework/Versions/A/Print
0x0000000004bff000 	/System/Library/Frameworks/Carbon.framework/Versions/A/Frameworks/SecurityHI.framework/Versions/A/SecurityHI
0x00000001292f2000 	/Library/Java/JavaVirtualMachines/jdk1.8.0_131.jdk/Contents/Home/jre/lib/libawt.dylib
0x000000012939a000 	/Library/Java/JavaVirtualMachines/jdk1.8.0_131.jdk/Contents/Home/jre/lib/./libmlib_image.dylib
0x0000000129466000 	/Library/Java/JavaVirtualMachines/jdk1.8.0_131.jdk/Contents/Home/jre/lib/libawt_lwawt.dylib
0x000000012951d000 	/Library/Java/JavaVirtualMachines/jdk1.8.0_131.jdk/Contents/Home/jre/lib/./libosxapp.dylib
0x0000000004bff000 	/System/Library/Frameworks/ExceptionHandling.framework/Versions/A/ExceptionHandling
0x0000000004bff000 	/System/Library/PrivateFrameworks/CoreServicesInternal.framework/Versions/A/CoreServicesInternal
0x0000000004bff000 	/System/Library/PrivateFrameworks/CloudDocs.framework/Versions/A/CloudDocs
0x0000000004bff000 	/System/Library/PrivateFrameworks/CoreDuet.framework/Versions/A/CoreDuet
0x0000000004bff000 	/System/Library/Frameworks/CloudKit.framework/Versions/A/CloudKit
0x0000000004bff000 	/System/Library/PrivateFrameworks/ProtocolBuffer.framework/Versions/A/ProtocolBuffer
0x0000000004bff000 	/System/Library/PrivateFrameworks/CoreDuetDaemonProtocol.framework/Versions/A/CoreDuetDaemonProtocol
0x0000000004bff000 	/System/Library/PrivateFrameworks/CoreDuetDebugLogging.framework/Versions/A/CoreDuetDebugLogging
0x0000000004bff000 	/System/Library/PrivateFrameworks/MMCS.framework/Versions/A/MMCS
0x0000000004bff000 	/System/Library/Frameworks/CoreLocation.framework/Versions/A/CoreLocation
0x0000000004bff000 	/System/Library/PrivateFrameworks/ProtectedCloudStorage.framework/Versions/A/ProtectedCloudStorage
0x0000000004bff000 	/System/Library/PrivateFrameworks/GeoServices.framework/Versions/A/GeoServices
0x000000012ad97000 	/System/Library/Frameworks/CoreGraphics.framework/Versions/A/Resources/libCGCMS.A.dylib
0x000000012bb7a000 	/System/Library/Frameworks/CoreGraphics.framework/Versions/A/Resources/libRIP.A.dylib
0x000000012beb2000 	/System/Library/Frameworks/CoreGraphics.framework/Versions/A/Resources/libCGXType.A.dylib
0x0000000004bff000 	/System/Library/Frameworks/OpenCL.framework/Versions/A/Libraries/libcldcpuengine.dylib
0x0000000004bff000 	/System/Library/PrivateFrameworks/DiskImages.framework/Versions/A/DiskImages
0x0000000004bff000 	/System/Library/Frameworks/DiscRecording.framework/Versions/A/DiscRecording
0x0000000004bff000 	/usr/lib/libcsfde.dylib
0x0000000004bff000 	/usr/lib/libcurl.4.dylib
0x0000000004bff000 	/System/Library/PrivateFrameworks/MediaKit.framework/Versions/A/MediaKit
0x0000000004bff000 	/usr/lib/libCoreStorage.dylib
0x0000000004bff000 	/System/Library/PrivateFrameworks/EFILogin.framework/Versions/A/EFILogin
0x0000000004bff000 	/usr/lib/libutil.dylib
0x0000000004bff000 	/System/Library/PrivateFrameworks/FindMyDevice.framework/Versions/A/FindMyDevice
0x0000000004bff000 	/System/Library/Frameworks/LDAP.framework/Versions/A/LDAP
0x0000000004bff000 	/usr/lib/libsasl2.2.dylib
0x0000000004bff000 	/System/Library/PrivateFrameworks/CoreDaemon.framework/Versions/B/CoreDaemon
0x0000000004bff000 	/usr/lib/libcrypto.0.9.8.dylib
0x0000000004bff000 	/System/Library/PrivateFrameworks/AppleSRP.framework/Versions/A/AppleSRP
0x0000000004bff000 	/System/Library/PrivateFrameworks/TrustEvaluationAgent.framework/Versions/A/TrustEvaluationAgent
0x000000012c926000 	cl_kernels
0x000000012c928000 	/System/Library/Frameworks/OpenCL.framework/Versions/A/Libraries/ImageFormats/unorm8_bgra.dylib
0x000000012c918000 	cl_kernels
0x0000000004bff000 	/System/Library/PrivateFrameworks/FamilyControls.framework/Versions/A/FamilyControls
0x0000000004bff000 	/System/Library/PrivateFrameworks/CommerceKit.framework/Versions/A/Frameworks/CommerceCore.framework/Versions/A/CommerceCore
0x0000000004bff000 	/System/Library/PrivateFrameworks/SystemAdministration.framework/Versions/A/SystemAdministration
0x0000000004bff000 	/System/Library/PrivateFrameworks/AppContainer.framework/Versions/A/AppContainer
0x0000000004bff000 	/System/Library/PrivateFrameworks/SecCodeWrapper.framework/Versions/A/SecCodeWrapper
0x0000000004bff000 	/System/Library/Frameworks/DirectoryService.framework/Versions/A/DirectoryService
0x0000000004bff000 	/System/Library/PrivateFrameworks/LoginUIKit.framework/Versions/A/Frameworks/LoginUICore.framework/Versions/A/LoginUICore
0x0000000004bff000 	/usr/lib/libodfde.dylib
0x000000012dd60000 	/System/Library/Frameworks/OpenGL.framework/Resources/GLEngine.bundle/GLEngine
0x0000000004bff000 	/System/Library/Frameworks/OpenGL.framework/Versions/A/Libraries/libGLProgrammability.dylib
0x000000012df4b000 	/System/Library/Extensions/AppleIntelHD4000GraphicsGLDriver.bundle/Contents/MacOS/AppleIntelHD4000GraphicsGLDriver
0x0000000004bff000 	/System/Library/PrivateFrameworks/IOAccelerator.framework/Versions/A/IOAccelerator
0x0000000004bff000 	/System/Library/PrivateFrameworks/GPUSupport.framework/Versions/A/Libraries/libGPUSupportMercury.dylib
0x000000012e5aa000 	/System/Library/Frameworks/OpenGL.framework/Resources//GLRendererFloat.bundle/GLRendererFloat
0x000000012f3f7000 	/Library/Java/JavaVirtualMachines/jdk1.8.0_131.jdk/Contents/Home/jre/lib/libfontmanager.dylib
0x00000001306df000 	/Library/Java/JavaVirtualMachines/jdk1.8.0_131.jdk/Contents/Home/jre/lib/libosxui.dylib
0x00000001307a6000 	/Library/Java/JavaVirtualMachines/jdk1.8.0_131.jdk/Contents/Home/jre/lib/libnet.dylib
0x00000001309a0000 	/Library/Java/JavaVirtualMachines/jdk1.8.0_131.jdk/Contents/Home/jre/lib/libnio.dylib
0x0000000004bff000 	/System/Library/Frameworks/ApplicationServices.framework/Versions/A/Frameworks/ATS.framework/Versions/A/Resources/libTrueTypeScaler.dylib
0x000000018f854000 	/private/var/folders/1w/_vhdnh917gsgl0z3c94cp27w0000gn/T/jogamp_0000/file_cache/jln7475159687144227439/jln7340165487074153829/libgluegen-rt.jnilib
0x000000018f859000 	/private/var/folders/1w/_vhdnh917gsgl0z3c94cp27w0000gn/T/jogamp_0000/file_cache/jln7475159687144227439/jln7340165487074153829/libnativewindow_awt.jnilib
0x000000018f85c000 	/Library/Java/JavaVirtualMachines/jdk1.8.0_131.jdk/Contents/Home/jre/lib/libjawt.dylib
0x000000018f85f000 	/private/var/folders/1w/_vhdnh917gsgl0z3c94cp27w0000gn/T/jogamp_0000/file_cache/jln7475159687144227439/jln7340165487074153829/libnativewindow_macosx.jnilib
0x00000001901db000 	/private/var/folders/1w/_vhdnh917gsgl0z3c94cp27w0000gn/T/jogamp_0000/file_cache/jln7475159687144227439/jln7340165487074153829/libjogl_desktop.jnilib

VM Arguments:
jvm_args: -Djava.security.policy=java.policy.applet -Dfile.encoding=UTF-8 
java_command: sun.applet.AppletViewer module3.EarthquakeCityMap1493204773537.html
java_class_path (initial): /Users/dongpei/Desktop/Java/UCSD_OOinJava/UCSDUnfoldingMaps/build:/Users/dongpei/Desktop/Java/UCSD_OOinJava/UCSDUnfoldingMaps/lib/core.jar:/Users/dongpei/Desktop/Java/UCSD_OOinJava/UCSDUnfoldingMaps/lib/gluegen-rt.jar:/Users/dongpei/Desktop/Java/UCSD_OOinJava/UCSDUnfoldingMaps/lib/jogl-all.jar:/Users/dongpei/Desktop/Java/UCSD_OOinJava/UCSDUnfoldingMaps/lib/log4j-1.2.15.jar:/Users/dongpei/Desktop/Java/UCSD_OOinJava/UCSDUnfoldingMaps/lib/sqlite-jdbc-3.7.2.jar:/Users/dongpei/Desktop/Java/UCSD_OOinJava/UCSDUnfoldingMaps/lib/json4processing.jar:/Users/dongpei/Desktop/Java/UCSD_OOinJava/UCSDUnfoldingMaps/lib/libTUIO.jar:/Users/dongpei/Desktop/Java/UCSD_OOinJava/UCSDUnfoldingMaps/lib/unfolding.0.9.7-uscd.jar
Launcher Type: SUN_STANDARD

Environment Variables:
PATH=/usr/bin:/bin:/usr/sbin:/sbin
SHELL=/bin/bash
DISPLAY=/private/tmp/com.apple.launchd.uIYdWOxu9w/org.macosforge.xquartz:0

Signal Handlers:
SIGSEGV: [libjvm.dylib+0x5b1eb1], sa_mask[0]=11111111011111110111111111111111, sa_flags=SA_ONSTACK|SA_RESTART|SA_SIGINFO
SIGBUS: [libjvm.dylib+0x5b1eb1], sa_mask[0]=11111111011111110111111111111111, sa_flags=SA_RESTART|SA_SIGINFO
SIGFPE: [libjvm.dylib+0x488988], sa_mask[0]=11111111011111110111111111111111, sa_flags=SA_RESTART|SA_SIGINFO
SIGPIPE: [libjvm.dylib+0x488988], sa_mask[0]=11111111011111110111111111111111, sa_flags=SA_RESTART|SA_SIGINFO
SIGXFSZ: [libjvm.dylib+0x488988], sa_mask[0]=11111111011111110111111111111111, sa_flags=SA_RESTART|SA_SIGINFO
SIGILL: [libjvm.dylib+0x488988], sa_mask[0]=11111111011111110111111111111111, sa_flags=SA_RESTART|SA_SIGINFO
SIGUSR1: SIG_DFL, sa_mask[0]=00000000000000000000000000000000, sa_flags=none
SIGUSR2: [libjvm.dylib+0x4884a6], sa_mask[0]=00100000000000000000000000000000, sa_flags=SA_RESTART|SA_SIGINFO
SIGHUP: [libjvm.dylib+0x486a7d], sa_mask[0]=11111111011111110111111111111111, sa_flags=SA_RESTART|SA_SIGINFO
SIGINT: [libjvm.dylib+0x486a7d], sa_mask[0]=11111111011111110111111111111111, sa_flags=SA_RESTART|SA_SIGINFO
SIGTERM: [libjvm.dylib+0x486a7d], sa_mask[0]=11111111011111110111111111111111, sa_flags=SA_RESTART|SA_SIGINFO
SIGQUIT: [libjvm.dylib+0x486a7d], sa_mask[0]=11111111011111110111111111111111, sa_flags=SA_RESTART|SA_SIGINFO


---------------  S Y S T E M  ---------------

OS:Bsduname:Darwin 14.5.0 Darwin Kernel Version 14.5.0: Sun Sep 25 22:07:15 PDT 2016; root:xnu-2782.50.9~1/RELEASE_X86_64 x86_64
rlimit: STACK 8192k, CORE 0k, NPROC 709, NOFILE 10240, AS infinity
load average:3.51 3.07 2.59

CPU:total 4 (initial active 4) (2 cores per cpu, 2 threads per core) family 6 model 58 stepping 9, cmov, cx8, fxsr, mmx, sse, sse2, sse3, ssse3, sse4.1, sse4.2, popcnt, avx, aes, clmul, erms, ht, tsc, tscinvbit, tscinv

Memory: 4k page, physical 8388608k(117876k free)

/proc/meminfo:


vm_info: Java HotSpot(TM) 64-Bit Server VM (25.131-b11) for bsd-amd64 JRE (1.8.0_131-b11), built on Mar 15 2017 01:32:22 by "java_re" with gcc 4.2.1 (Based on Apple Inc. build 5658) (LLVM build 2336.11.00)

time: Wed Apr 26 06:25:38 2017
elapsed time: 1164 seconds (0d 0h 19m 24s)

