#
# A fatal error has been detected by the Java Runtime Environment:
#
#  SIGSEGV (0xb) at pc=0x00007fff8f4700dd, pid=11761, tid=0x0000000000000713
#
# JRE version: Java(TM) SE Runtime Environment (8.0_131-b11) (build 1.8.0_131-b11)
# Java VM: Java HotSpot(TM) 64-Bit Server VM (25.131-b11 mixed mode bsd-amd64 compressed oops)
# Problematic frame:
# C  [libobjc.A.dylib+0x10dd]  objc_msgSend+0x1d
#
# Failed to write core dump. Core dumps have been disabled. To enable core dumping, try "ulimit -c unlimited" before starting Java again
#
# If you would like to submit a bug report, please visit:
#   http://bugreport.java.com/bugreport/crash.jsp
# The crash happened outside the Java Virtual Machine in native code.
# See problematic frame for where to report the bug.
#

---------------  T H R E A D  ---------------

Current thread (0x00007fde9991f800):  JavaThread "AWT-AppKit" daemon [_thread_in_native, id=1811, stack(0x00007fff564f7000,0x00007fff56cf7000)]

siginfo: si_signo: 11 (SIGSEGV), si_code: 1 (SEGV_MAPERR), si_addr: 0x000007fde9de6188

Registers:
RAX=0x00007fde9de60350, RBX=0x0000000188fdd450, RCX=0x0000000129e27580, RDX=0x0000000128bf9540
RSP=0x00007fff56cf2438, RBP=0x00007fff56cf24f0, RSI=0x00007fff8aebf40f, RDI=0x00007fde9de59000
R8 =0x0000000000000000, R9 =0x0000000000000f50, R10=0x00007fff8aebf40f, R11=0x000007fde9de6170
R12=0x0000000000000000, R13=0x000000018cad9670, R14=0x0000000188fdd440, R15=0x00007fde9991f800
RIP=0x00007fff8f4700dd, EFLAGS=0x0000000000010202, ERR=0x0000000000000004
  TRAPNO=0x000000000000000e

Top of Stack: (sp=0x00007fff56cf2438)
0x00007fff56cf2438:   0000000188fdb157 00007fff56cf2490
0x00007fff56cf2448:   0000000000000003 00007fff56cf2470
0x00007fff56cf2458:   0000000109bf36d2 000000018cad9670
0x00007fff56cf2468:   000000018cad9670 00007fde9de60350
0x00007fff56cf2478:   0000000188fdd6a0 0000000188fdd710
0x00007fff56cf2488:   00007fff7704c550 00007fff76aacc80
0x00007fff56cf2498:   0000000188fdd450 0000000188fdd690
0x00007fff56cf24a8:   00007fde9de60350 00007fde9de59000
0x00007fff56cf24b8:   00007fde98c3d380 00007fde9de60350
0x00007fff56cf24c8:   00007fde9de59000 00007fff56cf2578
0x00007fff56cf24d8:   00007fde9991f9f8 000000018cad9670
0x00007fff56cf24e8:   00007fff56cf25a0 00007fff56cf2568
0x00007fff56cf24f8:   000000010a9ba9f4 000000018cad9670
0x00007fff56cf2508:   00007fff56cf25a0 00007fff56cf2568
0x00007fff56cf2518:   000000010a9ba787 000000010a9ba742
0x00007fff56cf2528:   00007fff56cf2528 000000018cad9670
0x00007fff56cf2538:   00007fff56cf25a0 000000018cadc2a8
0x00007fff56cf2548:   0000000000000000 000000018cad9670
0x00007fff56cf2558:   0000000000000000 00007fff56cf2588
0x00007fff56cf2568:   00007fff56cf25e8 000000010a9ab2bd
0x00007fff56cf2578:   0000000740d3be68 000000010a9b4538
0x00007fff56cf2588:   00007fde9de60350 00007fff56cf25e8
0x00007fff56cf2598:   00007fde9de59000 000000010a9b5e02
0x00007fff56cf25a8:   00007fff56cf25a8 000000018cad983a
0x00007fff56cf25b8:   00007fff56cf2610 000000018cadc2a8
0x00007fff56cf25c8:   0000000000000000 000000018cad9848
0x00007fff56cf25d8:   00007fff56cf2588 00007fff56cf25f8
0x00007fff56cf25e8:   00007fff56cf2658 000000010a9ab2bd
0x00007fff56cf25f8:   00007fde9de60350 0000000740d47460
0x00007fff56cf2608:   00007fde9de59000 0000000740d47460
0x00007fff56cf2618:   00007fff56cf2618 0000000198a7cfa6
0x00007fff56cf2628:   00007fff56cf2668 0000000198a7d060 

Instructions: (pc=0x00007fff8f4700dd)
0x00007fff8f4700bd:   00 00 00 48 85 ff 2e 74 7a 40 f6 c7 01 2e 75 7e
0x00007fff8f4700cd:   49 bb f8 ff ff ff ff 7f 00 00 4c 23 1f 49 89 f2
0x00007fff8f4700dd:   45 23 53 18 49 c1 e2 04 4d 03 53 10 49 3b 32 75
0x00007fff8f4700ed:   04 41 ff 62 08 49 83 3a 00 74 6a 4d 3b 53 10 74 

Register to memory mapping:

RAX=0x00007fde9de60350 is an unknown value
RBX=0x0000000188fdd450: Java_jogamp_nativewindow_macosx_OSXUtil_GetScreenRefreshRate0+0x1cf0 in /private/var/folders/1w/_vhdnh917gsgl0z3c94cp27w0000gn/T/jogamp_0000/file_cache/jln8319463211465047202/jln5010720920038465338/libnativewindow_macosx.jnilib at 0x0000000188fd6000
RCX=0x0000000129e27580 is an unknown value
RDX=0x0000000128bf9540 is an unknown value
RSP=0x00007fff56cf2438 is pointing into the stack for thread: 0x00007fde9991f800
RBP=0x00007fff56cf24f0 is pointing into the stack for thread: 0x00007fde9991f800
RSI=0x00007fff8aebf40f is an unknown value
RDI=0x00007fde9de59000 is an unknown value
R8 =0x0000000000000000 is an unknown value
R9 =0x0000000000000f50 is an unknown value
R10=0x00007fff8aebf40f is an unknown value
R11=0x000007fde9de6170 is an unknown value
R12=0x0000000000000000 is an unknown value
R13={method} {0x000000018cad9670} 'UnsetJAWTRootSurfaceLayer0' '(JJ)V' in 'jogamp/nativewindow/jawt/macosx/MacOSXJAWTWindow'
R14=0x0000000188fdd440: Java_jogamp_nativewindow_macosx_OSXUtil_GetScreenRefreshRate0+0x1ce0 in /private/var/folders/1w/_vhdnh917gsgl0z3c94cp27w0000gn/T/jogamp_0000/file_cache/jln8319463211465047202/jln5010720920038465338/libnativewindow_macosx.jnilib at 0x0000000188fd6000
R15=0x00007fde9991f800 is a thread


Stack: [0x00007fff564f7000,0x00007fff56cf7000],  sp=0x00007fff56cf2438,  free space=8173k
Native frames: (J=compiled Java code, j=interpreted, Vv=VM code, C=native code)
C  [libobjc.A.dylib+0x10dd]  objc_msgSend+0x1d
j  jogamp.nativewindow.jawt.macosx.MacOSXJAWTWindow.UnsetJAWTRootSurfaceLayer0(JJ)V+0
j  jogamp.nativewindow.jawt.macosx.MacOSXJAWTWindow.access$200(JJ)V+2
j  jogamp.nativewindow.jawt.macosx.MacOSXJAWTWindow$1.run()V+38
J 3062 C1 com.jogamp.common.util.RunnableTask.run()V (345 bytes) @ 0x000000010b516a24 [0x000000010b516880+0x1a4]
v  ~StubRoutines::call_stub
V  [libjvm.dylib+0x2ee5b6]  JavaCalls::call_helper(JavaValue*, methodHandle*, JavaCallArguments*, Thread*)+0x6ae
V  [libjvm.dylib+0x325765]  jni_invoke_nonstatic(JNIEnv_*, JavaValue*, _jobject*, JNICallType, _jmethodID*, JNI_ArgumentPusher*, Thread*)+0x2ec
V  [libjvm.dylib+0x317f33]  jni_CallVoidMethod+0x16b
C  [libnativewindow_macosx.jnilib+0x5326]  Java_jogamp_nativewindow_jawt_macosx_MacOSXJAWTWindow_UnsetJAWTRootSurfaceLayer0+0x2b6
C  [Foundation+0x92dd0]  __NSThreadPerformPerform+0x125
C  [CoreFoundation+0x80a01]  __CFRUNLOOP_IS_CALLING_OUT_TO_A_SOURCE0_PERFORM_FUNCTION__+0x11
C  [CoreFoundation+0x72c5c]  __CFRunLoopDoSources0+0x1dc
C  [CoreFoundation+0x721bf]  __CFRunLoopRun+0x39f
C  [CoreFoundation+0x71bd8]  CFRunLoopRunSpecific+0x128
C  [HIToolbox+0x3256f]  RunCurrentEventLoopInMode+0xeb
C  [HIToolbox+0x321ee]  ReceiveNextEventCommon+0xb3
C  [HIToolbox+0x3212b]  _BlockUntilNextEventMatchingListInModeWithFilter+0x47
C  [AppKit+0x918ab]  _DPSNextEvent+0x3d2
C  [AppKit+0x90e58]  -[NSApplication nextEventMatchingMask:untilDate:inMode:dequeue:]+0x15a
C  [libosxapp.dylib+0x23aa]  -[NSApplicationAWT nextEventMatchingMask:untilDate:inMode:dequeue:]+0x7c
C  [AppKit+0x86af3]  -[NSApplication run]+0x252
C  [libosxapp.dylib+0x214d]  +[NSApplicationAWT runAWTLoopWithApp:]+0x9c
C  [libawt_lwawt.dylib+0x45edf]  -[AWTStarter starter:]+0x389
C  [Foundation+0x92dd0]  __NSThreadPerformPerform+0x125
C  [CoreFoundation+0x80a01]  __CFRUNLOOP_IS_CALLING_OUT_TO_A_SOURCE0_PERFORM_FUNCTION__+0x11
C  [CoreFoundation+0x72b8d]  __CFRunLoopDoSources0+0x10d
C  [CoreFoundation+0x721bf]  __CFRunLoopRun+0x39f
C  [CoreFoundation+0x71bd8]  CFRunLoopRunSpecific+0x128
C  [java+0x6465]  CreateExecutionEnvironment+0x367
C  [java+0x218c]  JLI_Launch+0x7a0
C  [java+0x84c2]  main+0x65
C  [java+0x19e4]  start+0x34
C  0x0000000000000007

Java frames: (J=compiled Java code, j=interpreted, Vv=VM code)
j  jogamp.nativewindow.jawt.macosx.MacOSXJAWTWindow.UnsetJAWTRootSurfaceLayer0(JJ)V+0
j  jogamp.nativewindow.jawt.macosx.MacOSXJAWTWindow.access$200(JJ)V+2
j  jogamp.nativewindow.jawt.macosx.MacOSXJAWTWindow$1.run()V+38
J 3062 C1 com.jogamp.common.util.RunnableTask.run()V (345 bytes) @ 0x000000010b516a24 [0x000000010b516880+0x1a4]
v  ~StubRoutines::call_stub

---------------  P R O C E S S  ---------------

Java Threads: ( => current thread )
  0x00007fde9a471800 JavaThread "Thread-195" [_thread_blocked, id=58155, stack(0x0000000198373000,0x0000000198473000)]
  0x00007fde990ed000 JavaThread "AWT-EventQueue-1" [_thread_in_native, id=57639, stack(0x0000000189a06000,0x0000000189b06000)]
  0x00007fde9a9b8800 JavaThread "DestroyJavaVM" [_thread_blocked, id=4867, stack(0x0000000109020000,0x0000000109120000)]
  0x00007fde9a1db000 JavaThread "AWT-EventQueue-0" [_thread_blocked, id=52491, stack(0x0000000129bf2000,0x0000000129cf2000)]
  0x00007fde9a1a7800 JavaThread "Java2D Disposer" daemon [_thread_blocked, id=50971, stack(0x000000012850f000,0x000000012860f000)]
  0x00007fde999cc000 JavaThread "Java2D Queue Flusher" daemon [_thread_blocked, id=49159, stack(0x00000001272f3000,0x00000001273f3000)]
  0x00007fde99803800 JavaThread "AWT-Shutdown" [_thread_blocked, id=27923, stack(0x00000001243ba000,0x00000001244ba000)]
=>0x00007fde9991f800 JavaThread "AWT-AppKit" daemon [_thread_in_native, id=1811, stack(0x00007fff564f7000,0x00007fff56cf7000)]
  0x00007fde99005800 JavaThread "Service Thread" daemon [_thread_blocked, id=18179, stack(0x00000001226cc000,0x00000001227cc000)]
  0x00007fde99847000 JavaThread "C1 CompilerThread2" daemon [_thread_blocked, id=17667, stack(0x00000001225c9000,0x00000001226c9000)]
  0x00007fde99846800 JavaThread "C2 CompilerThread1" daemon [_thread_blocked, id=17155, stack(0x00000001224c6000,0x00000001225c6000)]
  0x00007fde99844000 JavaThread "C2 CompilerThread0" daemon [_thread_blocked, id=16643, stack(0x00000001223c3000,0x00000001224c3000)]
  0x00007fde9a82d000 JavaThread "Signal Dispatcher" daemon [_thread_blocked, id=13583, stack(0x00000001222c0000,0x00000001223c0000)]
  0x00007fde9a00b800 JavaThread "Finalizer" daemon [_thread_blocked, id=11523, stack(0x00000001208a9000,0x00000001209a9000)]
  0x00007fde99012800 JavaThread "Reference Handler" daemon [_thread_blocked, id=11011, stack(0x00000001207a6000,0x00000001208a6000)]

Other Threads:
  0x00007fde99836800 VMThread [stack: 0x00000001206a3000,0x00000001207a3000] [id=10499]
  0x00007fde99845000 WatcherThread [stack: 0x00000001227cf000,0x00000001228cf000] [id=18691]

VM state:not at safepoint (normal execution)

VM Mutex/Monitor currently owned by a thread: None

Heap:
 PSYoungGen      total 148992K, used 117923K [0x0000000795580000, 0x00000007a0080000, 0x00000007c0000000)
  eden space 129536K, 76% used [0x0000000795580000,0x000000079b5c0b30,0x000000079d400000)
  from space 19456K, 99% used [0x000000079e980000,0x000000079fc68450,0x000000079fc80000)
  to   space 22016K, 0% used [0x000000079d400000,0x000000079d400000,0x000000079e980000)
 ParOldGen       total 73728K, used 51529K [0x0000000740000000, 0x0000000744800000, 0x0000000795580000)
  object space 73728K, 69% used [0x0000000740000000,0x0000000743252448,0x0000000744800000)
 Metaspace       used 28528K, capacity 28881K, committed 29056K, reserved 1077248K
  class space    used 2236K, capacity 2342K, committed 2432K, reserved 1048576K

Card table byte_map: [0x0000000119d63000,0x000000011a164000] byte_map_base: 0x0000000116363000

Marking Bits: (ParMarkBitMap*) 0x000000010a2f1ea0
 Begin Bits: [0x000000011a81b000, 0x000000011c81b000)
 End Bits:   [0x000000011c81b000, 0x000000011e81b000)

Polling page: 0x0000000109165000

CodeCache: size=245760Kb used=16806Kb max_used=16838Kb free=228953Kb
 bounds [0x000000010a9a3000, 0x000000010ba23000, 0x00000001199a3000]
 total_blobs=4430 nmethods=3504 adapters=839
 compilation: enabled

Compilation events (10 events):
Event: 24.916 Thread 0x00007fde99846800 nmethod 3952 0x000000010b9eefd0 code [0x000000010b9ef120, 0x000000010b9ef1f8]
Event: 25.061 Thread 0x00007fde99844000 nmethod 3951 0x000000010ba143d0 code [0x000000010ba14a20, 0x000000010ba1a9d8]
Event: 25.860 Thread 0x00007fde99847000 3953       1       java.awt.Component::getX (5 bytes)
Event: 25.860 Thread 0x00007fde99847000 nmethod 3953 0x000000010b9eed10 code [0x000000010b9eee60, 0x000000010b9eef70]
Event: 25.860 Thread 0x00007fde99847000 3954       1       java.awt.Component::getY (5 bytes)
Event: 25.861 Thread 0x00007fde99847000 nmethod 3954 0x000000010ba0a010 code [0x000000010ba0a160, 0x000000010ba0a270]
Event: 25.869 Thread 0x00007fde99847000 3955       3       sun.java2d.pipe.PixelToParallelogramConverter::normalize (15 bytes)
Event: 25.869 Thread 0x00007fde99847000 nmethod 3955 0x000000010ba09ad0 code [0x000000010ba09c80, 0x000000010ba09f08]
Event: 25.878 Thread 0x00007fde99847000 3956       3       java.lang.Boolean::valueOf (14 bytes)
Event: 25.878 Thread 0x00007fde99847000 nmethod 3956 0x000000010ba09750 code [0x000000010ba098c0, 0x000000010ba09a50]

GC Heap History (10 events):
Event: 6.261 GC heap before
{Heap before GC invocations=5 (full 1):
 PSYoungGen      total 38400K, used 33280K [0x0000000795580000, 0x000000079a080000, 0x00000007c0000000)
  eden space 33280K, 100% used [0x0000000795580000,0x0000000797600000,0x0000000797600000)
  from space 5120K, 0% used [0x0000000797600000,0x0000000797600000,0x0000000797b00000)
  to   space 5120K, 0% used [0x0000000799b80000,0x0000000799b80000,0x000000079a080000)
 ParOldGen       total 73728K, used 17509K [0x0000000740000000, 0x0000000744800000, 0x0000000795580000)
  object space 73728K, 23% used [0x0000000740000000,0x0000000741119628,0x0000000744800000)
 Metaspace       used 26889K, capacity 27208K, committed 27520K, reserved 1075200K
  class space    used 2224K, capacity 2310K, committed 2432K, reserved 1048576K
Event: 6.272 GC heap after
Heap after GC invocations=5 (full 1):
 PSYoungGen      total 59392K, used 5112K [0x0000000795580000, 0x000000079a080000, 0x00000007c0000000)
  eden space 54272K, 0% used [0x0000000795580000,0x0000000795580000,0x0000000798a80000)
  from space 5120K, 99% used [0x0000000799b80000,0x000000079a07e278,0x000000079a080000)
  to   space 5120K, 0% used [0x0000000799680000,0x0000000799680000,0x0000000799b80000)
 ParOldGen       total 73728K, used 19911K [0x0000000740000000, 0x0000000744800000, 0x0000000795580000)
  object space 73728K, 27% used [0x0000000740000000,0x0000000741371cb8,0x0000000744800000)
 Metaspace       used 26889K, capacity 27208K, committed 27520K, reserved 1075200K
  class space    used 2224K, capacity 2310K, committed 2432K, reserved 1048576K
}
Event: 8.701 GC heap before
{Heap before GC invocations=6 (full 1):
 PSYoungGen      total 59392K, used 59231K [0x0000000795580000, 0x000000079a080000, 0x00000007c0000000)
  eden space 54272K, 99% used [0x0000000795580000,0x0000000798a59cb8,0x0000000798a80000)
  from space 5120K, 99% used [0x0000000799b80000,0x000000079a07e278,0x000000079a080000)
  to   space 5120K, 0% used [0x0000000799680000,0x0000000799680000,0x0000000799b80000)
 ParOldGen       total 73728K, used 19911K [0x0000000740000000, 0x0000000744800000, 0x0000000795580000)
  object space 73728K, 27% used [0x0000000740000000,0x0000000741371cb8,0x0000000744800000)
 Metaspace       used 27462K, capacity 27825K, committed 28032K, reserved 1075200K
  class space    used 2227K, capacity 2310K, committed 2432K, reserved 1048576K
Event: 8.709 GC heap after
Heap after GC invocations=6 (full 1):
 PSYoungGen      total 71680K, used 5099K [0x0000000795580000, 0x000000079c600000, 0x00000007c0000000)
  eden space 66560K, 0% used [0x0000000795580000,0x0000000795580000,0x0000000799680000)
  from space 5120K, 99% used [0x0000000799680000,0x0000000799b7ae30,0x0000000799b80000)
  to   space 14848K, 0% used [0x000000079b780000,0x000000079b780000,0x000000079c600000)
 ParOldGen       total 73728K, used 24421K [0x0000000740000000, 0x0000000744800000, 0x0000000795580000)
  object space 73728K, 33% used [0x0000000740000000,0x00000007417d9608,0x0000000744800000)
 Metaspace       used 27462K, capacity 27825K, committed 28032K, reserved 1075200K
  class space    used 2227K, capacity 2310K, committed 2432K, reserved 1048576K
}
Event: 11.237 GC heap before
{Heap before GC invocations=7 (full 1):
 PSYoungGen      total 71680K, used 71659K [0x0000000795580000, 0x000000079c600000, 0x00000007c0000000)
  eden space 66560K, 100% used [0x0000000795580000,0x0000000799680000,0x0000000799680000)
  from space 5120K, 99% used [0x0000000799680000,0x0000000799b7ae30,0x0000000799b80000)
  to   space 14848K, 0% used [0x000000079b780000,0x000000079b780000,0x000000079c600000)
 ParOldGen       total 73728K, used 24421K [0x0000000740000000, 0x0000000744800000, 0x0000000795580000)
  object space 73728K, 33% used [0x0000000740000000,0x00000007417d9608,0x0000000744800000)
 Metaspace       used 27989K, capacity 28337K, committed 28544K, reserved 1075200K
  class space    used 2227K, capacity 2310K, committed 2432K, reserved 1048576K
Event: 11.264 GC heap after
Heap after GC invocations=7 (full 1):
 PSYoungGen      total 98304K, used 14636K [0x0000000795580000, 0x000000079dc00000, 0x00000007c0000000)
  eden space 83456K, 0% used [0x0000000795580000,0x0000000795580000,0x000000079a700000)
  from space 14848K, 98% used [0x000000079b780000,0x000000079c5cb070,0x000000079c600000)
  to   space 16896K, 0% used [0x000000079a700000,0x000000079a700000,0x000000079b780000)
 ParOldGen       total 73728K, used 29037K [0x0000000740000000, 0x0000000744800000, 0x0000000795580000)
  object space 73728K, 39% used [0x0000000740000000,0x0000000741c5b728,0x0000000744800000)
 Metaspace       used 27989K, capacity 28337K, committed 28544K, reserved 1075200K
  class space    used 2227K, capacity 2310K, committed 2432K, reserved 1048576K
}
Event: 13.892 GC heap before
{Heap before GC invocations=8 (full 1):
 PSYoungGen      total 98304K, used 97962K [0x0000000795580000, 0x000000079dc00000, 0x00000007c0000000)
  eden space 83456K, 99% used [0x0000000795580000,0x000000079a6dfad0,0x000000079a700000)
  from space 14848K, 98% used [0x000000079b780000,0x000000079c5cb070,0x000000079c600000)
  to   space 16896K, 0% used [0x000000079a700000,0x000000079a700000,0x000000079b780000)
 ParOldGen       total 73728K, used 29037K [0x0000000740000000, 0x0000000744800000, 0x0000000795580000)
  object space 73728K, 39% used [0x0000000740000000,0x0000000741c5b728,0x0000000744800000)
 Metaspace       used 28274K, capacity 28593K, committed 28800K, reserved 1075200K
  class space    used 2227K, capacity 2310K, committed 2432K, reserved 1048576K
Event: 13.944 GC heap after
Heap after GC invocations=8 (full 1):
 PSYoungGen      total 100352K, used 16684K [0x0000000795580000, 0x000000079fc80000, 0x00000007c0000000)
  eden space 83456K, 0% used [0x0000000795580000,0x0000000795580000,0x000000079a700000)
  from space 16896K, 98% used [0x000000079a700000,0x000000079b74b3a8,0x000000079b780000)
  to   space 19456K, 0% used [0x000000079e980000,0x000000079e980000,0x000000079fc80000)
 ParOldGen       total 73728K, used 42870K [0x0000000740000000, 0x0000000744800000, 0x0000000795580000)
  object space 73728K, 58% used [0x0000000740000000,0x00000007429dda88,0x0000000744800000)
 Metaspace       used 28274K, capacity 28593K, committed 28800K, reserved 1075200K
  class space    used 2227K, capacity 2310K, committed 2432K, reserved 1048576K
}
Event: 15.749 GC heap before
{Heap before GC invocations=9 (full 1):
 PSYoungGen      total 100352K, used 100140K [0x0000000795580000, 0x000000079fc80000, 0x00000007c0000000)
  eden space 83456K, 100% used [0x0000000795580000,0x000000079a700000,0x000000079a700000)
  from space 16896K, 98% used [0x000000079a700000,0x000000079b74b3a8,0x000000079b780000)
  to   space 19456K, 0% used [0x000000079e980000,0x000000079e980000,0x000000079fc80000)
 ParOldGen       total 73728K, used 42870K [0x0000000740000000, 0x0000000744800000, 0x0000000795580000)
  object space 73728K, 58% used [0x0000000740000000,0x00000007429dda88,0x0000000744800000)
 Metaspace       used 28361K, capacity 28657K, committed 29056K, reserved 1077248K
  class space    used 2227K, capacity 2310K, committed 2432K, reserved 1048576K
Event: 15.771 GC heap after
Heap after GC invocations=9 (full 1):
 PSYoungGen      total 148992K, used 19361K [0x0000000795580000, 0x00000007a0080000, 0x00000007c0000000)
  eden space 129536K, 0% used [0x0000000795580000,0x0000000795580000,0x000000079d400000)
  from space 19456K, 99% used [0x000000079e980000,0x000000079fc68450,0x000000079fc80000)
  to   space 22016K, 0% used [0x000000079d400000,0x000000079d400000,0x000000079e980000)
 ParOldGen       total 73728K, used 51529K [0x0000000740000000, 0x0000000744800000, 0x0000000795580000)
  object space 73728K, 69% used [0x0000000740000000,0x0000000743252448,0x0000000744800000)
 Metaspace       used 28361K, capacity 28657K, committed 29056K, reserved 1077248K
  class space    used 2227K, capacity 2310K, committed 2432K, reserved 1048576K
}

Deoptimization events (10 events):
Event: 19.112 Thread 0x00007fde990ed000 Uncommon trap: reason=unstable_if action=reinterpret pc=0x000000010b247904 method=module5.CommonMarker.draw(Lprocessing/core/PGraphics;FF)V @ 4
Event: 25.858 Thread 0x00007fde990ed000 Uncommon trap: reason=class_check action=maybe_recompile pc=0x000000010ba19018 method=java.awt.EventQueue.coalesceEvent(Ljava/awt/AWTEvent;I)Z @ 32
Event: 25.860 Thread 0x00007fde9a1db000 Uncommon trap: reason=class_check action=maybe_recompile pc=0x000000010ba19018 method=java.awt.EventQueue.coalesceEvent(Ljava/awt/AWTEvent;I)Z @ 32
Event: 25.860 Thread 0x00007fde990ed000 Uncommon trap: reason=unstable_if action=reinterpret pc=0x000000010ba1775c method=java.awt.EventQueue.getPriority(Ljava/awt/AWTEvent;)I @ 22
Event: 25.861 Thread 0x00007fde99a20000 Uncommon trap: reason=unstable_if action=reinterpret pc=0x000000010b39a714 method=java.security.AccessControlContext.combine([Ljava/security/ProtectionDomain;[Ljava/security/ProtectionDomain;)[Ljava/security/ProtectionDomain; @ 151
Event: 25.868 Thread 0x00007fde9a1db000 Uncommon trap: reason=unstable_if action=reinterpret pc=0x000000010b9d23e8 method=sun.java2d.pipe.Region.isInsideQuickCheck(Lsun/java2d/pipe/Region;)Z @ 48
Event: 25.877 Thread 0x00007fde99a20000 Uncommon trap: reason=unstable_if action=reinterpret pc=0x000000010ae781f8 method=java.util.HashMap.putVal(ILjava/lang/Object;Ljava/lang/Object;ZZ)Ljava/lang/Object; @ 81
Event: 25.877 Thread 0x00007fde99a20000 Uncommon trap: reason=unstable_if action=reinterpret pc=0x000000010b5804f4 method=java.util.HashMap.putVal(ILjava/lang/Object;Ljava/lang/Object;ZZ)Ljava/lang/Object; @ 81
Event: 25.893 Thread 0x00007fde990ed000 Uncommon trap: reason=unstable_if action=reinterpret pc=0x000000010b12aabc method=java.security.AccessControlContext.combine([Ljava/security/ProtectionDomain;[Ljava/security/ProtectionDomain;)[Ljava/security/ProtectionDomain; @ 151
Event: 25.895 Thread 0x00007fde9a471800 Uncommon trap: reason=predicate action=maybe_recompile pc=0x000000010aad37e8 method=java.util.Vector.indexOf(Ljava/lang/Object;I)I @ 44

Internal exceptions (10 events):
Event: 0.695 Thread 0x00007fde99007800 Exception <a 'java/io/FileNotFoundException'> (0x000000079585e210) thrown at [/Users/java_re/workspace/8-2-build-macosx-x86_64/jdk8u131/8869/hotspot/src/share/vm/prims/jni.cpp, line 709]
Event: 0.695 Thread 0x00007fde99007800 Exception <a 'java/io/FileNotFoundException'> (0x000000079585ed80) thrown at [/Users/java_re/workspace/8-2-build-macosx-x86_64/jdk8u131/8869/hotspot/src/share/vm/prims/jni.cpp, line 709]
Event: 0.865 Thread 0x00007fde99007800 Exception <a 'java/io/FileNotFoundException'> (0x000000079599eaf0) thrown at [/Users/java_re/workspace/8-2-build-macosx-x86_64/jdk8u131/8869/hotspot/src/share/vm/prims/jni.cpp, line 709]
Event: 2.743 Thread 0x00007fde99be7800 Exception <a 'java/lang/UnsatisfiedLinkError': com.jogamp.common.util.JarUtil.fixNativeLibAttribs(Ljava/lang/String;)Z> (0x0000000796c386f0) thrown at [/Users/java_re/workspace/8-2-build-macosx-x86_64/jdk8u131/8869/hotspot/src/share/vm/prims/nativeLookup.
Event: 3.020 Thread 0x00007fde9a00b800 Exception <a 'java/lang/NullPointerException'> (0x00000007956a2f90) thrown at [/Users/java_re/workspace/8-2-build-macosx-x86_64/jdk8u131/8869/hotspot/src/share/vm/interpreter/linkResolver.cpp, line 1197]
Event: 3.792 Thread 0x00007fde990ed000 Exception <a 'java/io/FileNotFoundException'> (0x000000079618adf8) thrown at [/Users/java_re/workspace/8-2-build-macosx-x86_64/jdk8u131/8869/hotspot/src/share/vm/prims/jni.cpp, line 709]
Event: 3.792 Thread 0x00007fde990ed000 Exception <a 'java/io/FileNotFoundException'> (0x0000000796192838) thrown at [/Users/java_re/workspace/8-2-build-macosx-x86_64/jdk8u131/8869/hotspot/src/share/vm/prims/jni.cpp, line 709]
Event: 3.793 Thread 0x00007fde990ed000 Implicit null exception at 0x000000010ab8d2f4 to 0x000000010ab8d6ed
Event: 4.433 Thread 0x00007fde990ed000 Implicit null exception at 0x000000010ad8b446 to 0x000000010ad8b68d
Event: 4.492 Thread 0x00007fde9e839800 Implicit null exception at 0x000000010ab939b5 to 0x000000010ab93d79

Events (10 events):
Event: 25.893 Executing VM operation: Deoptimize
Event: 25.894 Executing VM operation: Deoptimize done
Event: 25.894 loading class java/awt/Toolkit$ToolkitEventMulticaster
Event: 25.894 loading class java/awt/Toolkit$ToolkitEventMulticaster done
Event: 25.895 Thread 0x00007fde99a20000 Thread exited: 0x00007fde99a20000
Event: 25.895 Thread 0x00007fde9a471800 Uncommon trap: trap_request=0xffffff86 fr.pc=0x000000010aad37e8
Event: 25.895 Thread 0x00007fde9a471800 DEOPT PACKING pc=0x000000010aad37e8 sp=0x00000001984727e0
Event: 25.895 Thread 0x00007fde9a471800 DEOPT UNPACKING pc=0x000000010a9a8229 sp=0x00000001984727a0 mode 2
Event: 25.895 loading class java/awt/Window$1DisposeAction
Event: 25.895 loading class java/awt/Window$1DisposeAction done


Dynamic libraries:
0x0000000004bff000 	/System/Library/Frameworks/Cocoa.framework/Versions/A/Cocoa
0x0000000004bff000 	/System/Library/Frameworks/Security.framework/Versions/A/Security
0x0000000004bff000 	/System/Library/Frameworks/ApplicationServices.framework/Versions/A/ApplicationServices
0x0000000004bff000 	/usr/lib/libz.1.dylib
0x0000000004bff000 	/usr/lib/libSystem.B.dylib
0x0000000004bff000 	/usr/lib/libobjc.A.dylib
0x0000000004bff000 	/System/Library/Frameworks/CoreFoundation.framework/Versions/A/CoreFoundation
0x0000000004bff000 	/System/Library/Frameworks/Foundation.framework/Versions/C/Foundation
0x0000000004bff000 	/System/Library/Frameworks/AppKit.framework/Versions/C/AppKit
0x0000000004bff000 	/System/Library/Frameworks/CoreData.framework/Versions/A/CoreData
0x0000000004bff000 	/System/Library/PrivateFrameworks/RemoteViewServices.framework/Versions/A/RemoteViewServices
0x0000000004bff000 	/System/Library/PrivateFrameworks/UIFoundation.framework/Versions/A/UIFoundation
0x0000000004bff000 	/System/Library/Frameworks/IOSurface.framework/Versions/A/IOSurface
0x0000000004bff000 	/System/Library/Frameworks/AudioToolbox.framework/Versions/A/AudioToolbox
0x0000000004bff000 	/System/Library/Frameworks/AudioUnit.framework/Versions/A/AudioUnit
0x0000000004bff000 	/System/Library/PrivateFrameworks/DataDetectorsCore.framework/Versions/A/DataDetectorsCore
0x0000000004bff000 	/System/Library/PrivateFrameworks/DesktopServicesPriv.framework/Versions/A/DesktopServicesPriv
0x0000000004bff000 	/System/Library/Frameworks/Carbon.framework/Versions/A/Frameworks/HIToolbox.framework/Versions/A/HIToolbox
0x0000000004bff000 	/System/Library/Frameworks/QuartzCore.framework/Versions/A/QuartzCore
0x0000000004bff000 	/System/Library/Frameworks/Carbon.framework/Versions/A/Frameworks/SpeechRecognition.framework/Versions/A/SpeechRecognition
0x0000000004bff000 	/usr/lib/libauto.dylib
0x0000000004bff000 	/usr/lib/libicucore.A.dylib
0x0000000004bff000 	/usr/lib/libxml2.2.dylib
0x0000000004bff000 	/System/Library/PrivateFrameworks/CoreUI.framework/Versions/A/CoreUI
0x0000000004bff000 	/System/Library/Frameworks/CoreAudio.framework/Versions/A/CoreAudio
0x0000000004bff000 	/System/Library/Frameworks/DiskArbitration.framework/Versions/A/DiskArbitration
0x0000000004bff000 	/usr/lib/liblangid.dylib
0x0000000004bff000 	/System/Library/PrivateFrameworks/MultitouchSupport.framework/Versions/A/MultitouchSupport
0x0000000004bff000 	/System/Library/Frameworks/IOKit.framework/Versions/A/IOKit
0x0000000004bff000 	/usr/lib/libDiagnosticMessagesClient.dylib
0x0000000004bff000 	/System/Library/Frameworks/CoreServices.framework/Versions/A/CoreServices
0x0000000004bff000 	/System/Library/PrivateFrameworks/PerformanceAnalysis.framework/Versions/A/PerformanceAnalysis
0x0000000004bff000 	/System/Library/PrivateFrameworks/GenerationalStorage.framework/Versions/A/GenerationalStorage
0x0000000004bff000 	/System/Library/Frameworks/OpenGL.framework/Versions/A/OpenGL
0x0000000004bff000 	/System/Library/PrivateFrameworks/Sharing.framework/Versions/A/Sharing
0x0000000004bff000 	/System/Library/Frameworks/CoreGraphics.framework/Versions/A/CoreGraphics
0x0000000004bff000 	/System/Library/Frameworks/CoreText.framework/Versions/A/CoreText
0x0000000004bff000 	/System/Library/Frameworks/ImageIO.framework/Versions/A/ImageIO
0x0000000004bff000 	/usr/lib/libextension.dylib
0x0000000004bff000 	/System/Library/PrivateFrameworks/Backup.framework/Versions/A/Backup
0x0000000004bff000 	/usr/lib/libarchive.2.dylib
0x0000000004bff000 	/System/Library/Frameworks/CFNetwork.framework/Versions/A/CFNetwork
0x0000000004bff000 	/System/Library/Frameworks/SystemConfiguration.framework/Versions/A/SystemConfiguration
0x0000000004bff000 	/usr/lib/libCRFSuite.dylib
0x0000000004bff000 	/usr/lib/libc++.1.dylib
0x0000000004bff000 	/usr/lib/libc++abi.dylib
0x0000000004bff000 	/usr/lib/system/libcache.dylib
0x0000000004bff000 	/usr/lib/system/libcommonCrypto.dylib
0x0000000004bff000 	/usr/lib/system/libcompiler_rt.dylib
0x0000000004bff000 	/usr/lib/system/libcopyfile.dylib
0x0000000004bff000 	/usr/lib/system/libcorecrypto.dylib
0x0000000004bff000 	/usr/lib/system/libdispatch.dylib
0x0000000004bff000 	/usr/lib/system/libdyld.dylib
0x0000000004bff000 	/usr/lib/system/libkeymgr.dylib
0x0000000004bff000 	/usr/lib/system/liblaunch.dylib
0x0000000004bff000 	/usr/lib/system/libmacho.dylib
0x0000000004bff000 	/usr/lib/system/libquarantine.dylib
0x0000000004bff000 	/usr/lib/system/libremovefile.dylib
0x0000000004bff000 	/usr/lib/system/libsystem_asl.dylib
0x0000000004bff000 	/usr/lib/system/libsystem_blocks.dylib
0x0000000004bff000 	/usr/lib/system/libsystem_c.dylib
0x0000000004bff000 	/usr/lib/system/libsystem_configuration.dylib
0x0000000004bff000 	/usr/lib/system/libsystem_coreservices.dylib
0x0000000004bff000 	/usr/lib/system/libsystem_coretls.dylib
0x0000000004bff000 	/usr/lib/system/libsystem_dnssd.dylib
0x0000000004bff000 	/usr/lib/system/libsystem_info.dylib
0x0000000004bff000 	/usr/lib/system/libsystem_kernel.dylib
0x0000000004bff000 	/usr/lib/system/libsystem_m.dylib
0x0000000004bff000 	/usr/lib/system/libsystem_malloc.dylib
0x0000000004bff000 	/usr/lib/system/libsystem_network.dylib
0x0000000004bff000 	/usr/lib/system/libsystem_networkextension.dylib
0x0000000004bff000 	/usr/lib/system/libsystem_notify.dylib
0x0000000004bff000 	/usr/lib/system/libsystem_platform.dylib
0x0000000004bff000 	/usr/lib/system/libsystem_pthread.dylib
0x0000000004bff000 	/usr/lib/system/libsystem_sandbox.dylib
0x0000000004bff000 	/usr/lib/system/libsystem_secinit.dylib
0x0000000004bff000 	/usr/lib/system/libsystem_stats.dylib
0x0000000004bff000 	/usr/lib/system/libsystem_trace.dylib
0x0000000004bff000 	/usr/lib/system/libunc.dylib
0x0000000004bff000 	/usr/lib/system/libunwind.dylib
0x0000000004bff000 	/usr/lib/system/libxpc.dylib
0x0000000004bff000 	/usr/lib/libbz2.1.0.dylib
0x0000000004bff000 	/usr/lib/liblzma.5.dylib
0x0000000004bff000 	/usr/lib/libbsm.0.dylib
0x0000000004bff000 	/usr/lib/libsqlite3.dylib
0x0000000004bff000 	/usr/lib/system/libkxld.dylib
0x0000000004bff000 	/usr/lib/libxar.1.dylib
0x0000000004bff000 	/usr/lib/libpam.2.dylib
0x0000000004bff000 	/usr/lib/libOpenScriptingUtil.dylib
0x0000000004bff000 	/System/Library/Frameworks/CoreServices.framework/Versions/A/Frameworks/FSEvents.framework/Versions/A/FSEvents
0x0000000004bff000 	/System/Library/Frameworks/CoreServices.framework/Versions/A/Frameworks/CarbonCore.framework/Versions/A/CarbonCore
0x0000000004bff000 	/System/Library/Frameworks/CoreServices.framework/Versions/A/Frameworks/Metadata.framework/Versions/A/Metadata
0x0000000004bff000 	/System/Library/Frameworks/CoreServices.framework/Versions/A/Frameworks/OSServices.framework/Versions/A/OSServices
0x0000000004bff000 	/System/Library/Frameworks/CoreServices.framework/Versions/A/Frameworks/SearchKit.framework/Versions/A/SearchKit
0x0000000004bff000 	/System/Library/Frameworks/CoreServices.framework/Versions/A/Frameworks/AE.framework/Versions/A/AE
0x0000000004bff000 	/System/Library/Frameworks/CoreServices.framework/Versions/A/Frameworks/LaunchServices.framework/Versions/A/LaunchServices
0x0000000004bff000 	/System/Library/Frameworks/CoreServices.framework/Versions/A/Frameworks/DictionaryServices.framework/Versions/A/DictionaryServices
0x0000000004bff000 	/System/Library/Frameworks/NetFS.framework/Versions/A/NetFS
0x0000000004bff000 	/System/Library/PrivateFrameworks/NetAuth.framework/Versions/A/NetAuth
0x0000000004bff000 	/System/Library/PrivateFrameworks/login.framework/Versions/A/Frameworks/loginsupport.framework/Versions/A/loginsupport
0x0000000004bff000 	/System/Library/PrivateFrameworks/TCC.framework/Versions/A/TCC
0x0000000004bff000 	/usr/lib/libmecabra.dylib
0x0000000004bff000 	/System/Library/Frameworks/ApplicationServices.framework/Versions/A/Frameworks/ATS.framework/Versions/A/ATS
0x0000000004bff000 	/System/Library/Frameworks/ApplicationServices.framework/Versions/A/Frameworks/ColorSync.framework/Versions/A/ColorSync
0x0000000004bff000 	/System/Library/Frameworks/ApplicationServices.framework/Versions/A/Frameworks/HIServices.framework/Versions/A/HIServices
0x0000000004bff000 	/System/Library/Frameworks/ApplicationServices.framework/Versions/A/Frameworks/LangAnalysis.framework/Versions/A/LangAnalysis
0x0000000004bff000 	/System/Library/Frameworks/ApplicationServices.framework/Versions/A/Frameworks/PrintCore.framework/Versions/A/PrintCore
0x0000000004bff000 	/System/Library/Frameworks/ApplicationServices.framework/Versions/A/Frameworks/QD.framework/Versions/A/QD
0x0000000004bff000 	/System/Library/Frameworks/ApplicationServices.framework/Versions/A/Frameworks/SpeechSynthesis.framework/Versions/A/SpeechSynthesis
0x0000000004bff000 	/System/Library/Frameworks/Accelerate.framework/Versions/A/Accelerate
0x0000000004bff000 	/System/Library/Frameworks/Accelerate.framework/Versions/A/Frameworks/vImage.framework/Versions/A/vImage
0x0000000004bff000 	/System/Library/Frameworks/Accelerate.framework/Versions/A/Frameworks/vecLib.framework/Versions/A/vecLib
0x0000000004bff000 	/System/Library/Frameworks/Accelerate.framework/Versions/A/Frameworks/vecLib.framework/Versions/A/libvDSP.dylib
0x0000000004bff000 	/System/Library/Frameworks/Accelerate.framework/Versions/A/Frameworks/vecLib.framework/Versions/A/libvMisc.dylib
0x0000000004bff000 	/System/Library/Frameworks/Accelerate.framework/Versions/A/Frameworks/vecLib.framework/Versions/A/libLAPACK.dylib
0x0000000004bff000 	/System/Library/Frameworks/Accelerate.framework/Versions/A/Frameworks/vecLib.framework/Versions/A/libBLAS.dylib
0x0000000004bff000 	/System/Library/Frameworks/Accelerate.framework/Versions/A/Frameworks/vecLib.framework/Versions/A/libLinearAlgebra.dylib
0x0000000004bff000 	/System/Library/Frameworks/ApplicationServices.framework/Versions/A/Frameworks/ATS.framework/Versions/A/Resources/libFontParser.dylib
0x0000000004bff000 	/System/Library/Frameworks/ApplicationServices.framework/Versions/A/Frameworks/ATS.framework/Versions/A/Resources/libFontRegistry.dylib
0x0000000004bff000 	/System/Library/PrivateFrameworks/AppleVPA.framework/Versions/A/AppleVPA
0x0000000004bff000 	/System/Library/PrivateFrameworks/AppleJPEG.framework/Versions/A/AppleJPEG
0x0000000004bff000 	/System/Library/Frameworks/ImageIO.framework/Versions/A/Resources/libJPEG.dylib
0x0000000004bff000 	/System/Library/Frameworks/ImageIO.framework/Versions/A/Resources/libTIFF.dylib
0x0000000004bff000 	/System/Library/Frameworks/ImageIO.framework/Versions/A/Resources/libPng.dylib
0x0000000004bff000 	/System/Library/Frameworks/ImageIO.framework/Versions/A/Resources/libGIF.dylib
0x0000000004bff000 	/System/Library/Frameworks/ImageIO.framework/Versions/A/Resources/libJP2.dylib
0x0000000004bff000 	/System/Library/Frameworks/ImageIO.framework/Versions/A/Resources/libRadiance.dylib
0x0000000004bff000 	/System/Library/Frameworks/CoreVideo.framework/Versions/A/CoreVideo
0x0000000004bff000 	/System/Library/Frameworks/OpenGL.framework/Versions/A/Libraries/libGLU.dylib
0x0000000004bff000 	/System/Library/Frameworks/OpenGL.framework/Versions/A/Libraries/libGFXShared.dylib
0x0000000004bff000 	/System/Library/Frameworks/OpenGL.framework/Versions/A/Libraries/libGL.dylib
0x0000000004bff000 	/System/Library/Frameworks/OpenGL.framework/Versions/A/Libraries/libGLImage.dylib
0x0000000004bff000 	/System/Library/Frameworks/OpenGL.framework/Versions/A/Libraries/libCVMSPluginSupport.dylib
0x0000000004bff000 	/System/Library/Frameworks/OpenGL.framework/Versions/A/Libraries/libCoreVMClient.dylib
0x0000000004bff000 	/usr/lib/libcups.2.dylib
0x0000000004bff000 	/System/Library/Frameworks/Kerberos.framework/Versions/A/Kerberos
0x0000000004bff000 	/System/Library/Frameworks/GSS.framework/Versions/A/GSS
0x0000000004bff000 	/usr/lib/libresolv.9.dylib
0x0000000004bff000 	/usr/lib/libiconv.2.dylib
0x0000000004bff000 	/System/Library/PrivateFrameworks/Heimdal.framework/Versions/A/Heimdal
0x0000000004bff000 	/usr/lib/libheimdal-asn1.dylib
0x0000000004bff000 	/System/Library/Frameworks/OpenDirectory.framework/Versions/A/OpenDirectory
0x0000000004bff000 	/System/Library/PrivateFrameworks/CommonAuth.framework/Versions/A/CommonAuth
0x0000000004bff000 	/System/Library/Frameworks/OpenDirectory.framework/Versions/A/Frameworks/CFOpenDirectory.framework/Versions/A/CFOpenDirectory
0x0000000004bff000 	/System/Library/Frameworks/SecurityFoundation.framework/Versions/A/SecurityFoundation
0x0000000004bff000 	/System/Library/PrivateFrameworks/LanguageModeling.framework/Versions/A/LanguageModeling
0x0000000004bff000 	/usr/lib/libcmph.dylib
0x0000000004bff000 	/System/Library/Frameworks/ServiceManagement.framework/Versions/A/ServiceManagement
0x0000000004bff000 	/usr/lib/libxslt.1.dylib
0x0000000004bff000 	/System/Library/Frameworks/Carbon.framework/Versions/A/Frameworks/Ink.framework/Versions/A/Ink
0x0000000004bff000 	/System/Library/Frameworks/QuartzCore.framework/Versions/A/Frameworks/CoreImage.framework/Versions/A/CoreImage
0x0000000004bff000 	/System/Library/PrivateFrameworks/CrashReporterSupport.framework/Versions/A/CrashReporterSupport
0x0000000004bff000 	/System/Library/Frameworks/OpenCL.framework/Versions/A/OpenCL
0x0000000004bff000 	/System/Library/PrivateFrameworks/FaceCore.framework/Versions/A/FaceCore
0x0000000004bff000 	/System/Library/PrivateFrameworks/Ubiquity.framework/Versions/A/Ubiquity
0x0000000004bff000 	/System/Library/PrivateFrameworks/IconServices.framework/Versions/A/IconServices
0x0000000004bff000 	/System/Library/PrivateFrameworks/ChunkingLibrary.framework/Versions/A/ChunkingLibrary
0x0000000004bff000 	/System/Library/PrivateFrameworks/Apple80211.framework/Versions/A/Apple80211
0x0000000004bff000 	/System/Library/Frameworks/CoreWLAN.framework/Versions/A/CoreWLAN
0x0000000004bff000 	/System/Library/Frameworks/IOBluetooth.framework/Versions/A/IOBluetooth
0x0000000004bff000 	/System/Library/PrivateFrameworks/CoreWiFi.framework/Versions/A/CoreWiFi
0x0000000004bff000 	/System/Library/Frameworks/CoreBluetooth.framework/Versions/A/CoreBluetooth
0x0000000004bff000 	/System/Library/PrivateFrameworks/DebugSymbols.framework/Versions/A/DebugSymbols
0x0000000004bff000 	/System/Library/PrivateFrameworks/CoreSymbolication.framework/Versions/A/CoreSymbolication
0x0000000004bff000 	/System/Library/PrivateFrameworks/Symbolication.framework/Versions/A/Symbolication
0x0000000004bff000 	/System/Library/PrivateFrameworks/SpeechRecognitionCore.framework/Versions/A/SpeechRecognitionCore
0x0000000109a00000 	/Library/Java/JavaVirtualMachines/jdk1.8.0_131.jdk/Contents/Home/jre/lib/server/libjvm.dylib
0x0000000004bff000 	/usr/lib/libstdc++.6.dylib
0x0000000109122000 	/Library/Java/JavaVirtualMachines/jdk1.8.0_131.jdk/Contents/Home/jre/lib/libverify.dylib
0x0000000109130000 	/Library/Java/JavaVirtualMachines/jdk1.8.0_131.jdk/Contents/Home/jre/lib/libjava.dylib
0x000000010916f000 	/Library/Java/JavaVirtualMachines/jdk1.8.0_131.jdk/Contents/Home/jre/lib/libzip.dylib
0x00000001209ab000 	/System/Library/Frameworks/JavaVM.framework/Frameworks/JavaRuntimeSupport.framework/JavaRuntimeSupport
0x00000001091e9000 	/System/Library/Frameworks/JavaVM.framework/Versions/A/Frameworks/JavaNativeFoundation.framework/Versions/A/JavaNativeFoundation
0x00000001209c3000 	/System/Library/Frameworks/JavaVM.framework/Versions/A/JavaVM
0x0000000004bff000 	/System/Library/Frameworks/Carbon.framework/Versions/A/Carbon
0x00000001209d0000 	/System/Library/PrivateFrameworks/JavaLaunching.framework/Versions/A/JavaLaunching
0x0000000004bff000 	/System/Library/Frameworks/Carbon.framework/Versions/A/Frameworks/CommonPanels.framework/Versions/A/CommonPanels
0x0000000004bff000 	/System/Library/Frameworks/Carbon.framework/Versions/A/Frameworks/Help.framework/Versions/A/Help
0x0000000004bff000 	/System/Library/Frameworks/Carbon.framework/Versions/A/Frameworks/ImageCapture.framework/Versions/A/ImageCapture
0x0000000004bff000 	/System/Library/Frameworks/Carbon.framework/Versions/A/Frameworks/OpenScripting.framework/Versions/A/OpenScripting
0x0000000004bff000 	/System/Library/Frameworks/Carbon.framework/Versions/A/Frameworks/Print.framework/Versions/A/Print
0x0000000004bff000 	/System/Library/Frameworks/Carbon.framework/Versions/A/Frameworks/SecurityHI.framework/Versions/A/SecurityHI
0x0000000122905000 	/Library/Java/JavaVirtualMachines/jdk1.8.0_131.jdk/Contents/Home/jre/lib/libawt.dylib
0x00000001229ad000 	/Library/Java/JavaVirtualMachines/jdk1.8.0_131.jdk/Contents/Home/jre/lib/./libmlib_image.dylib
0x0000000122a79000 	/Library/Java/JavaVirtualMachines/jdk1.8.0_131.jdk/Contents/Home/jre/lib/libawt_lwawt.dylib
0x0000000122b30000 	/Library/Java/JavaVirtualMachines/jdk1.8.0_131.jdk/Contents/Home/jre/lib/./libosxapp.dylib
0x0000000004bff000 	/System/Library/Frameworks/ExceptionHandling.framework/Versions/A/ExceptionHandling
0x0000000004bff000 	/System/Library/PrivateFrameworks/CoreServicesInternal.framework/Versions/A/CoreServicesInternal
0x0000000004bff000 	/System/Library/PrivateFrameworks/CloudDocs.framework/Versions/A/CloudDocs
0x0000000004bff000 	/System/Library/PrivateFrameworks/CoreDuet.framework/Versions/A/CoreDuet
0x0000000004bff000 	/System/Library/Frameworks/CloudKit.framework/Versions/A/CloudKit
0x0000000004bff000 	/System/Library/PrivateFrameworks/ProtocolBuffer.framework/Versions/A/ProtocolBuffer
0x0000000004bff000 	/System/Library/PrivateFrameworks/CoreDuetDaemonProtocol.framework/Versions/A/CoreDuetDaemonProtocol
0x0000000004bff000 	/System/Library/PrivateFrameworks/CoreDuetDebugLogging.framework/Versions/A/CoreDuetDebugLogging
0x0000000004bff000 	/System/Library/PrivateFrameworks/MMCS.framework/Versions/A/MMCS
0x0000000004bff000 	/System/Library/Frameworks/CoreLocation.framework/Versions/A/CoreLocation
0x0000000004bff000 	/System/Library/PrivateFrameworks/ProtectedCloudStorage.framework/Versions/A/ProtectedCloudStorage
0x0000000004bff000 	/System/Library/PrivateFrameworks/GeoServices.framework/Versions/A/GeoServices
0x00000001243aa000 	/System/Library/Frameworks/CoreGraphics.framework/Versions/A/Resources/libCGCMS.A.dylib
0x000000012518d000 	/System/Library/Frameworks/CoreGraphics.framework/Versions/A/Resources/libRIP.A.dylib
0x00000001254c5000 	/System/Library/Frameworks/CoreGraphics.framework/Versions/A/Resources/libCGXType.A.dylib
0x0000000004bff000 	/System/Library/Frameworks/OpenCL.framework/Versions/A/Libraries/libcldcpuengine.dylib
0x0000000004bff000 	/System/Library/PrivateFrameworks/DiskImages.framework/Versions/A/DiskImages
0x0000000004bff000 	/System/Library/Frameworks/DiscRecording.framework/Versions/A/DiscRecording
0x0000000004bff000 	/usr/lib/libcsfde.dylib
0x0000000004bff000 	/usr/lib/libcurl.4.dylib
0x0000000004bff000 	/System/Library/PrivateFrameworks/MediaKit.framework/Versions/A/MediaKit
0x0000000004bff000 	/usr/lib/libCoreStorage.dylib
0x0000000004bff000 	/System/Library/PrivateFrameworks/EFILogin.framework/Versions/A/EFILogin
0x0000000004bff000 	/usr/lib/libutil.dylib
0x0000000004bff000 	/System/Library/PrivateFrameworks/FindMyDevice.framework/Versions/A/FindMyDevice
0x0000000004bff000 	/System/Library/Frameworks/LDAP.framework/Versions/A/LDAP
0x0000000004bff000 	/usr/lib/libsasl2.2.dylib
0x0000000004bff000 	/System/Library/PrivateFrameworks/CoreDaemon.framework/Versions/B/CoreDaemon
0x0000000004bff000 	/usr/lib/libcrypto.0.9.8.dylib
0x0000000004bff000 	/System/Library/PrivateFrameworks/AppleSRP.framework/Versions/A/AppleSRP
0x0000000004bff000 	/System/Library/PrivateFrameworks/TrustEvaluationAgent.framework/Versions/A/TrustEvaluationAgent
0x0000000125f38000 	cl_kernels
0x0000000125f3a000 	/System/Library/Frameworks/OpenCL.framework/Versions/A/Libraries/ImageFormats/unorm8_bgra.dylib
0x0000000125f2a000 	cl_kernels
0x0000000004bff000 	/System/Library/PrivateFrameworks/FamilyControls.framework/Versions/A/FamilyControls
0x0000000004bff000 	/System/Library/PrivateFrameworks/CommerceKit.framework/Versions/A/Frameworks/CommerceCore.framework/Versions/A/CommerceCore
0x0000000004bff000 	/System/Library/PrivateFrameworks/SystemAdministration.framework/Versions/A/SystemAdministration
0x0000000004bff000 	/System/Library/PrivateFrameworks/AppContainer.framework/Versions/A/AppContainer
0x0000000004bff000 	/System/Library/PrivateFrameworks/SecCodeWrapper.framework/Versions/A/SecCodeWrapper
0x0000000004bff000 	/System/Library/Frameworks/DirectoryService.framework/Versions/A/DirectoryService
0x0000000004bff000 	/System/Library/PrivateFrameworks/LoginUIKit.framework/Versions/A/Frameworks/LoginUICore.framework/Versions/A/LoginUICore
0x0000000004bff000 	/usr/lib/libodfde.dylib
0x00000001273f5000 	/System/Library/Frameworks/OpenGL.framework/Resources/GLEngine.bundle/GLEngine
0x0000000004bff000 	/System/Library/Frameworks/OpenGL.framework/Versions/A/Libraries/libGLProgrammability.dylib
0x00000001275e0000 	/System/Library/Extensions/AppleIntelHD4000GraphicsGLDriver.bundle/Contents/MacOS/AppleIntelHD4000GraphicsGLDriver
0x0000000004bff000 	/System/Library/PrivateFrameworks/IOAccelerator.framework/Versions/A/IOAccelerator
0x0000000004bff000 	/System/Library/PrivateFrameworks/GPUSupport.framework/Versions/A/Libraries/libGPUSupportMercury.dylib
0x0000000127c3f000 	/System/Library/Frameworks/OpenGL.framework/Resources//GLRendererFloat.bundle/GLRendererFloat
0x0000000128a8c000 	/Library/Java/JavaVirtualMachines/jdk1.8.0_131.jdk/Contents/Home/jre/lib/libfontmanager.dylib
0x0000000129db9000 	/Library/Java/JavaVirtualMachines/jdk1.8.0_131.jdk/Contents/Home/jre/lib/libosxui.dylib
0x0000000129e7c000 	/Library/Java/JavaVirtualMachines/jdk1.8.0_131.jdk/Contents/Home/jre/lib/libnet.dylib
0x000000012a076000 	/Library/Java/JavaVirtualMachines/jdk1.8.0_131.jdk/Contents/Home/jre/lib/libnio.dylib
0x0000000004bff000 	/System/Library/Frameworks/ApplicationServices.framework/Versions/A/Frameworks/ATS.framework/Versions/A/Resources/libTrueTypeScaler.dylib
0x0000000188fcb000 	/private/var/folders/1w/_vhdnh917gsgl0z3c94cp27w0000gn/T/jogamp_0000/file_cache/jln8319463211465047202/jln5010720920038465338/libgluegen-rt.jnilib
0x0000000188fd0000 	/private/var/folders/1w/_vhdnh917gsgl0z3c94cp27w0000gn/T/jogamp_0000/file_cache/jln8319463211465047202/jln5010720920038465338/libnativewindow_awt.jnilib
0x0000000188fd3000 	/Library/Java/JavaVirtualMachines/jdk1.8.0_131.jdk/Contents/Home/jre/lib/libjawt.dylib
0x0000000188fd6000 	/private/var/folders/1w/_vhdnh917gsgl0z3c94cp27w0000gn/T/jogamp_0000/file_cache/jln8319463211465047202/jln5010720920038465338/libnativewindow_macosx.jnilib
0x000000018909d000 	/private/var/folders/1w/_vhdnh917gsgl0z3c94cp27w0000gn/T/jogamp_0000/file_cache/jln8319463211465047202/jln5010720920038465338/libjogl_desktop.jnilib
0x0000000189296000 	/Library/Java/JavaVirtualMachines/jdk1.8.0_131.jdk/Contents/Home/jre/lib/libt2k.dylib

VM Arguments:
jvm_args: -Djava.security.policy=java.policy.applet -Dfile.encoding=UTF-8 
java_command: sun.applet.AppletViewer module5.EarthquakeCityMap1494103694475.html
java_class_path (initial): /Users/dongpei/Desktop/Java/UCSD_OOinJava/UCSDUnfoldingMaps/build:/Users/dongpei/Desktop/Java/UCSD_OOinJava/UCSDUnfoldingMaps/lib/core.jar:/Users/dongpei/Desktop/Java/UCSD_OOinJava/UCSDUnfoldingMaps/lib/gluegen-rt.jar:/Users/dongpei/Desktop/Java/UCSD_OOinJava/UCSDUnfoldingMaps/lib/jogl-all.jar:/Users/dongpei/Desktop/Java/UCSD_OOinJava/UCSDUnfoldingMaps/lib/log4j-1.2.15.jar:/Users/dongpei/Desktop/Java/UCSD_OOinJava/UCSDUnfoldingMaps/lib/sqlite-jdbc-3.7.2.jar:/Users/dongpei/Desktop/Java/UCSD_OOinJava/UCSDUnfoldingMaps/lib/json4processing.jar:/Users/dongpei/Desktop/Java/UCSD_OOinJava/UCSDUnfoldingMaps/lib/libTUIO.jar:/Users/dongpei/Desktop/Java/UCSD_OOinJava/UCSDUnfoldingMaps/lib/unfolding.0.9.7-uscd.jar
Launcher Type: SUN_STANDARD

Environment Variables:
PATH=/usr/bin:/bin:/usr/sbin:/sbin
SHELL=/bin/bash
DISPLAY=/private/tmp/com.apple.launchd.uIYdWOxu9w/org.macosforge.xquartz:0

Signal Handlers:
SIGSEGV: [libjvm.dylib+0x5b1eb1], sa_mask[0]=11111111011111110111111111111111, sa_flags=SA_ONSTACK|SA_RESTART|SA_SIGINFO
SIGBUS: [libjvm.dylib+0x5b1eb1], sa_mask[0]=11111111011111110111111111111111, sa_flags=SA_RESTART|SA_SIGINFO
SIGFPE: [libjvm.dylib+0x488988], sa_mask[0]=11111111011111110111111111111111, sa_flags=SA_RESTART|SA_SIGINFO
SIGPIPE: [libjvm.dylib+0x488988], sa_mask[0]=11111111011111110111111111111111, sa_flags=SA_RESTART|SA_SIGINFO
SIGXFSZ: [libjvm.dylib+0x488988], sa_mask[0]=11111111011111110111111111111111, sa_flags=SA_RESTART|SA_SIGINFO
SIGILL: [libjvm.dylib+0x488988], sa_mask[0]=11111111011111110111111111111111, sa_flags=SA_RESTART|SA_SIGINFO
SIGUSR1: SIG_DFL, sa_mask[0]=00000000000000000000000000000000, sa_flags=none
SIGUSR2: [libjvm.dylib+0x4884a6], sa_mask[0]=00100000000000000000000000000000, sa_flags=SA_RESTART|SA_SIGINFO
SIGHUP: [libjvm.dylib+0x486a7d], sa_mask[0]=11111111011111110111111111111111, sa_flags=SA_RESTART|SA_SIGINFO
SIGINT: [libjvm.dylib+0x486a7d], sa_mask[0]=11111111011111110111111111111111, sa_flags=SA_RESTART|SA_SIGINFO
SIGTERM: [libjvm.dylib+0x486a7d], sa_mask[0]=11111111011111110111111111111111, sa_flags=SA_RESTART|SA_SIGINFO
SIGQUIT: [libjvm.dylib+0x486a7d], sa_mask[0]=11111111011111110111111111111111, sa_flags=SA_RESTART|SA_SIGINFO


---------------  S Y S T E M  ---------------

OS:Bsduname:Darwin 14.5.0 Darwin Kernel Version 14.5.0: Sun Sep 25 22:07:15 PDT 2016; root:xnu-2782.50.9~1/RELEASE_X86_64 x86_64
rlimit: STACK 8192k, CORE 0k, NPROC 709, NOFILE 10240, AS infinity
load average:2.63 1.98 1.58

CPU:total 4 (initial active 4) (2 cores per cpu, 2 threads per core) family 6 model 58 stepping 9, cmov, cx8, fxsr, mmx, sse, sse2, sse3, ssse3, sse4.1, sse4.2, popcnt, avx, aes, clmul, erms, ht, tsc, tscinvbit, tscinv

Memory: 4k page, physical 8388608k(266696k free)

/proc/meminfo:


vm_info: Java HotSpot(TM) 64-Bit Server VM (25.131-b11) for bsd-amd64 JRE (1.8.0_131-b11), built on Mar 15 2017 01:32:22 by "java_re" with gcc 4.2.1 (Based on Apple Inc. build 5658) (LLVM build 2336.11.00)

time: Sat May  6 15:48:40 2017
elapsed time: 25 seconds (0d 0h 0m 25s)

