#
# A fatal error has been detected by the Java Runtime Environment:
#
#  SIGSEGV (0xb) at pc=0x00007fff8f4700dd, pid=11420, tid=0x0000000000000713
#
# JRE version: Java(TM) SE Runtime Environment (8.0_131-b11) (build 1.8.0_131-b11)
# Java VM: Java HotSpot(TM) 64-Bit Server VM (25.131-b11 mixed mode bsd-amd64 compressed oops)
# Problematic frame:
# C  [libobjc.A.dylib+0x10dd]  objc_msgSend+0x1d
#
# Failed to write core dump. Core dumps have been disabled. To enable core dumping, try "ulimit -c unlimited" before starting Java again
#
# If you would like to submit a bug report, please visit:
#   http://bugreport.java.com/bugreport/crash.jsp
# The crash happened outside the Java Virtual Machine in native code.
# See problematic frame for where to report the bug.
#

---------------  T H R E A D  ---------------

Current thread (0x00007ff19a855000):  JavaThread "AWT-AppKit" daemon [_thread_in_native, id=1811, stack(0x00007fff53e14000,0x00007fff54614000)]

siginfo: si_signo: 11 (SIGSEGV), si_code: 1 (SEGV_MAPERR), si_addr: 0x000007ff199511a8

Registers:
RAX=0x00007ff19d29d640, RBX=0x000000018b64f450, RCX=0x000000012c4e9f20, RDX=0x000000012c4e9280
RSP=0x00007fff5460f438, RBP=0x00007fff5460f4f0, RSI=0x00007fff8aebf40f, RDI=0x00007ff19d3f2760
R8 =0x0000000000000000, R9 =0x0000000000000f50, R10=0x00007fff8aebf40f, R11=0x000007ff19951190
R12=0x0000000000000000, R13=0x000000018f1af950, R14=0x000000018b64f440, R15=0x00007ff19a855000
RIP=0x00007fff8f4700dd, EFLAGS=0x0000000000010206, ERR=0x0000000000000004
  TRAPNO=0x000000000000000e

Top of Stack: (sp=0x00007fff5460f438)
0x00007fff5460f438:   000000018b64d157 00007fff5460f490
0x00007fff5460f448:   0000000000000003 00007fff5460f470
0x00007fff5460f458:   000000010b8de6d2 000000018f1af950
0x00007fff5460f468:   000000018f1af950 00007ff19d29d640
0x00007fff5460f478:   000000018b64f6a0 000000018b64f710
0x00007fff5460f488:   00007fff7704c550 00007fff76aacc80
0x00007fff5460f498:   000000018b64f450 000000018b64f690
0x00007fff5460f4a8:   00007ff19d29d640 00007ff19d3f2760
0x00007fff5460f4b8:   00007ff19d728800 00007ff19d29d640
0x00007fff5460f4c8:   00007ff19d3f2760 00007fff5460f578
0x00007fff5460f4d8:   00007ff19a8551f8 000000018f1af950
0x00007fff5460f4e8:   00007fff5460f5a0 00007fff5460f568
0x00007fff5460f4f8:   000000010d0179f4 000000018f1af950
0x00007fff5460f508:   00007fff5460f5a0 00007fff5460f568
0x00007fff5460f518:   000000010d017787 000000010d017742
0x00007fff5460f528:   00007fff5460f528 000000018f1af950
0x00007fff5460f538:   00007fff5460f5a0 000000018f1b2588
0x00007fff5460f548:   0000000000000000 000000018f1af950
0x00007fff5460f558:   0000000000000000 00007fff5460f588
0x00007fff5460f568:   00007fff5460f5e8 000000010d0082bd
0x00007fff5460f578:   0000000740e219c8 000000010d011538
0x00007fff5460f588:   00007ff19d29d640 00007fff5460f5e8
0x00007fff5460f598:   00007ff19d3f2760 000000010d012e02
0x00007fff5460f5a8:   00007fff5460f5a8 000000018f1afb1a
0x00007fff5460f5b8:   00007fff5460f610 000000018f1b2588
0x00007fff5460f5c8:   0000000000000000 000000018f1afb28
0x00007fff5460f5d8:   00007fff5460f588 00007fff5460f5f8
0x00007fff5460f5e8:   00007fff5460f658 000000010d0082bd
0x00007fff5460f5f8:   00007ff19d29d640 0000000740d362e8
0x00007fff5460f608:   00007ff19d3f2760 0000000740d362e8
0x00007fff5460f618:   00007fff5460f618 0000000192eec0ce
0x00007fff5460f628:   00007fff5460f668 0000000192eec188 

Instructions: (pc=0x00007fff8f4700dd)
0x00007fff8f4700bd:   00 00 00 48 85 ff 2e 74 7a 40 f6 c7 01 2e 75 7e
0x00007fff8f4700cd:   49 bb f8 ff ff ff ff 7f 00 00 4c 23 1f 49 89 f2
0x00007fff8f4700dd:   45 23 53 18 49 c1 e2 04 4d 03 53 10 49 3b 32 75
0x00007fff8f4700ed:   04 41 ff 62 08 49 83 3a 00 74 6a 4d 3b 53 10 74 

Register to memory mapping:

RAX=0x00007ff19d29d640 is an unknown value
RBX=0x000000018b64f450: Java_jogamp_nativewindow_macosx_OSXUtil_GetScreenRefreshRate0+0x1cf0 in /private/var/folders/1w/_vhdnh917gsgl0z3c94cp27w0000gn/T/jogamp_0000/file_cache/jln2577669644453253754/jln8190292957492783437/libnativewindow_macosx.jnilib at 0x000000018b648000
RCX=0x000000012c4e9f20 is an unknown value
RDX=0x000000012c4e9280 is an unknown value
RSP=0x00007fff5460f438 is pointing into the stack for thread: 0x00007ff19a855000
RBP=0x00007fff5460f4f0 is pointing into the stack for thread: 0x00007ff19a855000
RSI=0x00007fff8aebf40f is an unknown value
RDI=0x00007ff19d3f2760 is an unknown value
R8 =0x0000000000000000 is an unknown value
R9 =0x0000000000000f50 is an unknown value
R10=0x00007fff8aebf40f is an unknown value
R11=0x000007ff19951190 is an unknown value
R12=0x0000000000000000 is an unknown value
R13={method} {0x000000018f1af950} 'UnsetJAWTRootSurfaceLayer0' '(JJ)V' in 'jogamp/nativewindow/jawt/macosx/MacOSXJAWTWindow'
R14=0x000000018b64f440: Java_jogamp_nativewindow_macosx_OSXUtil_GetScreenRefreshRate0+0x1ce0 in /private/var/folders/1w/_vhdnh917gsgl0z3c94cp27w0000gn/T/jogamp_0000/file_cache/jln2577669644453253754/jln8190292957492783437/libnativewindow_macosx.jnilib at 0x000000018b648000
R15=0x00007ff19a855000 is a thread


Stack: [0x00007fff53e14000,0x00007fff54614000],  sp=0x00007fff5460f438,  free space=8173k
Native frames: (J=compiled Java code, j=interpreted, Vv=VM code, C=native code)
C  [libobjc.A.dylib+0x10dd]  objc_msgSend+0x1d
j  jogamp.nativewindow.jawt.macosx.MacOSXJAWTWindow.UnsetJAWTRootSurfaceLayer0(JJ)V+0
j  jogamp.nativewindow.jawt.macosx.MacOSXJAWTWindow.access$200(JJ)V+2
j  jogamp.nativewindow.jawt.macosx.MacOSXJAWTWindow$1.run()V+38
J 3146 C1 com.jogamp.common.util.RunnableTask.run()V (345 bytes) @ 0x000000010db71ab4 [0x000000010db71920+0x194]
v  ~StubRoutines::call_stub
V  [libjvm.dylib+0x2ee5b6]
V  [libjvm.dylib+0x325765]
V  [libjvm.dylib+0x317f33]
C  [libnativewindow_macosx.jnilib+0x5326]  Java_jogamp_nativewindow_jawt_macosx_MacOSXJAWTWindow_UnsetJAWTRootSurfaceLayer0+0x2b6
C  [Foundation+0x92dd0]  __NSThreadPerformPerform+0x125
C  [CoreFoundation+0x80a01]  __CFRUNLOOP_IS_CALLING_OUT_TO_A_SOURCE0_PERFORM_FUNCTION__+0x11
C  [CoreFoundation+0x72c5c]  __CFRunLoopDoSources0+0x1dc
C  [CoreFoundation+0x721bf]  __CFRunLoopRun+0x39f
C  [CoreFoundation+0x71bd8]  CFRunLoopRunSpecific+0x128
C  [HIToolbox+0x3256f]  RunCurrentEventLoopInMode+0xeb
C  [HIToolbox+0x321ee]  ReceiveNextEventCommon+0xb3
C  [HIToolbox+0x3212b]  _BlockUntilNextEventMatchingListInModeWithFilter+0x47
C  [AppKit+0x918ab]  _DPSNextEvent+0x3d2
C  [AppKit+0x90e58]  -[NSApplication nextEventMatchingMask:untilDate:inMode:dequeue:]+0x15a
C  [libosxapp.dylib+0x23aa]  -[NSApplicationAWT nextEventMatchingMask:untilDate:inMode:dequeue:]+0x7c
C  [AppKit+0x86af3]  -[NSApplication run]+0x252
C  [libosxapp.dylib+0x214d]  +[NSApplicationAWT runAWTLoopWithApp:]+0x9c
C  [libawt_lwawt.dylib+0x45edf]  -[AWTStarter starter:]+0x389
C  [Foundation+0x92dd0]  __NSThreadPerformPerform+0x125
C  [CoreFoundation+0x80a01]  __CFRUNLOOP_IS_CALLING_OUT_TO_A_SOURCE0_PERFORM_FUNCTION__+0x11
C  [CoreFoundation+0x72b8d]  __CFRunLoopDoSources0+0x10d
C  [CoreFoundation+0x721bf]  __CFRunLoopRun+0x39f
C  [CoreFoundation+0x71bd8]  CFRunLoopRunSpecific+0x128
C  [java+0x6465]  CreateExecutionEnvironment+0x367
C  [java+0x218c]  JLI_Launch+0x7a0
C  [java+0x84c2]  main+0x65
C  [java+0x19e4]  start+0x34
C  0x0000000000000007

Java frames: (J=compiled Java code, j=interpreted, Vv=VM code)
j  jogamp.nativewindow.jawt.macosx.MacOSXJAWTWindow.UnsetJAWTRootSurfaceLayer0(JJ)V+0
j  jogamp.nativewindow.jawt.macosx.MacOSXJAWTWindow.access$200(JJ)V+2
j  jogamp.nativewindow.jawt.macosx.MacOSXJAWTWindow$1.run()V+38
J 3146 C1 com.jogamp.common.util.RunnableTask.run()V (345 bytes) @ 0x000000010db71ab4 [0x000000010db71920+0x194]
v  ~StubRoutines::call_stub

---------------  P R O C E S S  ---------------

Java Threads: ( => current thread )
  0x00007ff18e91d000 JavaThread "Thread-20" [_thread_blocked, id=63055, stack(0x000000019721a000,0x000000019731a000)]
  0x00007ff19a3a1800 JavaThread "AWT-EventQueue-1" [_thread_in_native, id=58131, stack(0x000000018c0cc000,0x000000018c1cc000)]
  0x00007ff1998b0800 JavaThread "DestroyJavaVM" [_thread_blocked, id=4867, stack(0x000000010c6a6000,0x000000010c7a6000)]
  0x00007ff19b1e1800 JavaThread "AWT-EventQueue-0" [_thread_blocked, id=56075, stack(0x000000012c2d5000,0x000000012c3d5000)]
  0x00007ff19a1a4800 JavaThread "Java2D Disposer" daemon [_thread_blocked, id=49159, stack(0x000000012abf2000,0x000000012acf2000)]
  0x00007ff19a181000 JavaThread "Java2D Queue Flusher" daemon [_thread_blocked, id=45835, stack(0x00000001299d6000,0x0000000129ad6000)]
  0x00007ff19986b000 JavaThread "AWT-Shutdown" [_thread_blocked, id=28435, stack(0x0000000126b20000,0x0000000126c20000)]
=>0x00007ff19a855000 JavaThread "AWT-AppKit" daemon [_thread_in_native, id=1811, stack(0x00007fff53e14000,0x00007fff54614000)]
  0x00007ff19b000800 JavaThread "Service Thread" daemon [_thread_blocked, id=18179, stack(0x0000000124db0000,0x0000000124eb0000)]
  0x00007ff199812800 JavaThread "C1 CompilerThread2" daemon [_thread_blocked, id=17667, stack(0x0000000124cad000,0x0000000124dad000)]
  0x00007ff199812000 JavaThread "C2 CompilerThread1" daemon [_thread_blocked, id=17155, stack(0x0000000124baa000,0x0000000124caa000)]
  0x00007ff19980b000 JavaThread "C2 CompilerThread0" daemon [_thread_blocked, id=16643, stack(0x0000000124aa7000,0x0000000124ba7000)]
  0x00007ff19a82c800 JavaThread "Signal Dispatcher" daemon [_thread_blocked, id=16399, stack(0x00000001249a4000,0x0000000124aa4000)]
  0x00007ff199808000 JavaThread "Finalizer" daemon [_thread_blocked, id=11523, stack(0x0000000122f76000,0x0000000123076000)]
  0x00007ff19a816000 JavaThread "Reference Handler" daemon [_thread_blocked, id=11011, stack(0x0000000122e73000,0x0000000122f73000)]

Other Threads:
  0x00007ff19a813800 VMThread [stack: 0x0000000122d70000,0x0000000122e70000] [id=10499]
  0x00007ff19980f800 WatcherThread [stack: 0x0000000124eb3000,0x0000000124fb3000] [id=18691]

VM state:not at safepoint (normal execution)

VM Mutex/Monitor currently owned by a thread: None

Heap:
 PSYoungGen      total 166912K, used 38072K [0x0000000795580000, 0x00000007a0d80000, 0x00000007c0000000)
  eden space 158720K, 21% used [0x0000000795580000,0x000000079771e238,0x000000079f080000)
  from space 8192K, 44% used [0x00000007a0580000,0x00000007a09100b0,0x00000007a0d80000)
  to   space 14848K, 0% used [0x000000079f080000,0x000000079f080000,0x000000079ff00000)
 ParOldGen       total 67584K, used 25199K [0x0000000740000000, 0x0000000744200000, 0x0000000795580000)
  object space 67584K, 37% used [0x0000000740000000,0x000000074189bd08,0x0000000744200000)
 Metaspace       used 27951K, capacity 28285K, committed 28544K, reserved 1075200K
  class space    used 2232K, capacity 2342K, committed 2432K, reserved 1048576K

Card table byte_map: [0x000000011c3c0000,0x000000011c7c1000] byte_map_base: 0x00000001189c0000

Marking Bits: (ParMarkBitMap*) 0x000000010bfdcea0
 Begin Bits: [0x000000011ce78000, 0x000000011ee78000)
 End Bits:   [0x000000011ee78000, 0x0000000120e78000)

Polling page: 0x000000010c7eb000

CodeCache: size=245760Kb used=12351Kb max_used=12678Kb free=233408Kb
 bounds [0x000000010d000000, 0x000000010dc70000, 0x000000011c000000]
 total_blobs=4068 nmethods=3147 adapters=834
 compilation: enabled

Compilation events (10 events):
Event: 32.816 Thread 0x00007ff199812800 3458   !   3       java.awt.EventQueue::setCurrentEventAndMostRecentTimeImpl (185 bytes)
Event: 32.817 Thread 0x00007ff199812800 nmethod 3458 0x000000010d427290 code [0x000000010d427520, 0x000000010d428b78]
Event: 34.421 Thread 0x00007ff199812000 3459       4       java.nio.ByteBuffer::<init> (45 bytes)
Event: 34.424 Thread 0x00007ff199812000 nmethod 3459 0x000000010d426c10 code [0x000000010d426d80, 0x000000010d426fb8]
Event: 35.166 Thread 0x00007ff19980b000 3460   !   4       jogamp.common.util.locks.RecursiveLockImpl01Unfairish::tryLock (582 bytes)
Event: 35.170 Thread 0x00007ff19980b000 nmethod 3460 0x000000010d426450 code [0x000000010d4265a0, 0x000000010d426a18]
Event: 35.981 Thread 0x00007ff199812000 3461       4       java.lang.ThreadLocal$ThreadLocalMap::set (136 bytes)
Event: 35.990 Thread 0x00007ff199812000 nmethod 3461 0x000000010d5096d0 code [0x000000010d509860, 0x000000010d509da8]
Event: 36.656 Thread 0x00007ff199812800 3462       3       sun.java2d.pipe.PixelToParallelogramConverter::normalize (15 bytes)
Event: 36.656 Thread 0x00007ff199812800 nmethod 3462 0x000000010d509190 code [0x000000010d509340, 0x000000010d5095c8]

GC Heap History (10 events):
Event: 6.501 GC heap before
{Heap before GC invocations=5 (full 1):
 PSYoungGen      total 38400K, used 33280K [0x0000000795580000, 0x000000079a080000, 0x00000007c0000000)
  eden space 33280K, 100% used [0x0000000795580000,0x0000000797600000,0x0000000797600000)
  from space 5120K, 0% used [0x0000000797600000,0x0000000797600000,0x0000000797b00000)
  to   space 5120K, 0% used [0x0000000799b80000,0x0000000799b80000,0x000000079a080000)
 ParOldGen       total 67584K, used 17570K [0x0000000740000000, 0x0000000744200000, 0x0000000795580000)
  object space 67584K, 25% used [0x0000000740000000,0x0000000741128b10,0x0000000744200000)
 Metaspace       used 25724K, capacity 26068K, committed 26368K, reserved 1073152K
  class space    used 2109K, capacity 2214K, committed 2304K, reserved 1048576K
Event: 6.509 GC heap after
Heap after GC invocations=5 (full 1):
 PSYoungGen      total 64512K, used 5097K [0x0000000795580000, 0x000000079a080000, 0x00000007c0000000)
  eden space 59392K, 0% used [0x0000000795580000,0x0000000795580000,0x0000000798f80000)
  from space 5120K, 99% used [0x0000000799b80000,0x000000079a07a600,0x000000079a080000)
  to   space 5120K, 0% used [0x0000000799680000,0x0000000799680000,0x0000000799b80000)
 ParOldGen       total 67584K, used 18436K [0x0000000740000000, 0x0000000744200000, 0x0000000795580000)
  object space 67584K, 27% used [0x0000000740000000,0x00000007412012f8,0x0000000744200000)
 Metaspace       used 25724K, capacity 26068K, committed 26368K, reserved 1073152K
  class space    used 2109K, capacity 2214K, committed 2304K, reserved 1048576K
}
Event: 9.467 GC heap before
{Heap before GC invocations=6 (full 1):
 PSYoungGen      total 64512K, used 64489K [0x0000000795580000, 0x000000079a080000, 0x00000007c0000000)
  eden space 59392K, 100% used [0x0000000795580000,0x0000000798f80000,0x0000000798f80000)
  from space 5120K, 99% used [0x0000000799b80000,0x000000079a07a600,0x000000079a080000)
  to   space 5120K, 0% used [0x0000000799680000,0x0000000799680000,0x0000000799b80000)
 ParOldGen       total 67584K, used 18436K [0x0000000740000000, 0x0000000744200000, 0x0000000795580000)
  object space 67584K, 27% used [0x0000000740000000,0x00000007412012f8,0x0000000744200000)
 Metaspace       used 27510K, capacity 27805K, committed 28032K, reserved 1075200K
  class space    used 2224K, capacity 2310K, committed 2432K, reserved 1048576K
Event: 9.477 GC heap after
Heap after GC invocations=6 (full 1):
 PSYoungGen      total 71680K, used 5088K [0x0000000795580000, 0x000000079d700000, 0x00000007c0000000)
  eden space 66560K, 0% used [0x0000000795580000,0x0000000795580000,0x0000000799680000)
  from space 5120K, 99% used [0x0000000799680000,0x0000000799b780d0,0x0000000799b80000)
  to   space 14848K, 0% used [0x000000079c880000,0x000000079c880000,0x000000079d700000)
 ParOldGen       total 67584K, used 23718K [0x0000000740000000, 0x0000000744200000, 0x0000000795580000)
  object space 67584K, 35% used [0x0000000740000000,0x0000000741729a58,0x0000000744200000)
 Metaspace       used 27510K, capacity 27805K, committed 28032K, reserved 1075200K
  class space    used 2224K, capacity 2310K, committed 2432K, reserved 1048576K
}
Event: 15.619 GC heap before
{Heap before GC invocations=7 (full 1):
 PSYoungGen      total 71680K, used 71648K [0x0000000795580000, 0x000000079d700000, 0x00000007c0000000)
  eden space 66560K, 100% used [0x0000000795580000,0x0000000799680000,0x0000000799680000)
  from space 5120K, 99% used [0x0000000799680000,0x0000000799b780d0,0x0000000799b80000)
  to   space 14848K, 0% used [0x000000079c880000,0x000000079c880000,0x000000079d700000)
 ParOldGen       total 67584K, used 23718K [0x0000000740000000, 0x0000000744200000, 0x0000000795580000)
  object space 67584K, 35% used [0x0000000740000000,0x0000000741729a58,0x0000000744200000)
 Metaspace       used 27743K, capacity 28061K, committed 28288K, reserved 1075200K
  class space    used 2224K, capacity 2310K, committed 2432K, reserved 1048576K
Event: 15.624 GC heap after
Heap after GC invocations=7 (full 1):
 PSYoungGen      total 117760K, used 5152K [0x0000000795580000, 0x000000079df00000, 0x00000007c0000000)
  eden space 102912K, 0% used [0x0000000795580000,0x0000000795580000,0x000000079ba00000)
  from space 14848K, 34% used [0x000000079c880000,0x000000079cd880d0,0x000000079d700000)
  to   space 14848K, 0% used [0x000000079ba00000,0x000000079ba00000,0x000000079c880000)
 ParOldGen       total 67584K, used 23726K [0x0000000740000000, 0x0000000744200000, 0x0000000795580000)
  object space 67584K, 35% used [0x0000000740000000,0x000000074172ba58,0x0000000744200000)
 Metaspace       used 27743K, capacity 28061K, committed 28288K, reserved 1075200K
  class space    used 2224K, capacity 2310K, committed 2432K, reserved 1048576K
}
Event: 24.900 GC heap before
{Heap before GC invocations=8 (full 1):
 PSYoungGen      total 117760K, used 108064K [0x0000000795580000, 0x000000079df00000, 0x00000007c0000000)
  eden space 102912K, 100% used [0x0000000795580000,0x000000079ba00000,0x000000079ba00000)
  from space 14848K, 34% used [0x000000079c880000,0x000000079cd880d0,0x000000079d700000)
  to   space 14848K, 0% used [0x000000079ba00000,0x000000079ba00000,0x000000079c880000)
 ParOldGen       total 67584K, used 23726K [0x0000000740000000, 0x0000000744200000, 0x0000000795580000)
  object space 67584K, 35% used [0x0000000740000000,0x000000074172ba58,0x0000000744200000)
 Metaspace       used 27789K, capacity 28061K, committed 28288K, reserved 1075200K
  class space    used 2224K, capacity 2310K, committed 2432K, reserved 1048576K
Event: 24.904 GC heap after
Heap after GC invocations=8 (full 1):
 PSYoungGen      total 117760K, used 5152K [0x0000000795580000, 0x00000007a1400000, 0x00000007c0000000)
  eden space 102912K, 0% used [0x0000000795580000,0x0000000795580000,0x000000079ba00000)
  from space 14848K, 34% used [0x000000079ba00000,0x000000079bf080d0,0x000000079c880000)
  to   space 14848K, 0% used [0x00000007a0580000,0x00000007a0580000,0x00000007a1400000)
 ParOldGen       total 67584K, used 23734K [0x0000000740000000, 0x0000000744200000, 0x0000000795580000)
  object space 67584K, 35% used [0x0000000740000000,0x000000074172da58,0x0000000744200000)
 Metaspace       used 27789K, capacity 28061K, committed 28288K, reserved 1075200K
  class space    used 2224K, capacity 2310K, committed 2432K, reserved 1048576K
}
Event: 33.600 GC heap before
{Heap before GC invocations=9 (full 1):
 PSYoungGen      total 117760K, used 108064K [0x0000000795580000, 0x00000007a1400000, 0x00000007c0000000)
  eden space 102912K, 100% used [0x0000000795580000,0x000000079ba00000,0x000000079ba00000)
  from space 14848K, 34% used [0x000000079ba00000,0x000000079bf080d0,0x000000079c880000)
  to   space 14848K, 0% used [0x00000007a0580000,0x00000007a0580000,0x00000007a1400000)
 ParOldGen       total 67584K, used 23734K [0x0000000740000000, 0x0000000744200000, 0x0000000795580000)
  object space 67584K, 35% used [0x0000000740000000,0x000000074172da58,0x0000000744200000)
 Metaspace       used 27923K, capacity 28253K, committed 28544K, reserved 1075200K
  class space    used 2225K, capacity 2310K, committed 2432K, reserved 1048576K
Event: 33.609 GC heap after
Heap after GC invocations=9 (full 1):
 PSYoungGen      total 166912K, used 3648K [0x0000000795580000, 0x00000007a0d80000, 0x00000007c0000000)
  eden space 158720K, 0% used [0x0000000795580000,0x0000000795580000,0x000000079f080000)
  from space 8192K, 44% used [0x00000007a0580000,0x00000007a09100b0,0x00000007a0d80000)
  to   space 14848K, 0% used [0x000000079f080000,0x000000079f080000,0x000000079ff00000)
 ParOldGen       total 67584K, used 25199K [0x0000000740000000, 0x0000000744200000, 0x0000000795580000)
  object space 67584K, 37% used [0x0000000740000000,0x000000074189bd08,0x0000000744200000)
 Metaspace       used 27923K, capacity 28253K, committed 28544K, reserved 1075200K
  class space    used 2225K, capacity 2310K, committed 2432K, reserved 1048576K
}

Deoptimization events (10 events):
Event: 29.268 Thread 0x00007ff19a3a1800 Uncommon trap: reason=bimorphic action=maybe_recompile pc=0x000000010d151d1c method=module5.CommonMarker.draw(Lprocessing/core/PGraphics;FF)V @ 25
Event: 29.385 Thread 0x00007ff19a3a1800 Uncommon trap: reason=bimorphic action=maybe_recompile pc=0x000000010d151d1c method=module5.CommonMarker.draw(Lprocessing/core/PGraphics;FF)V @ 25
Event: 29.469 Thread 0x00007ff19a3a1800 Uncommon trap: reason=bimorphic action=maybe_recompile pc=0x000000010d151d1c method=module5.CommonMarker.draw(Lprocessing/core/PGraphics;FF)V @ 25
Event: 29.484 Thread 0x00007ff19a3a1800 Uncommon trap: reason=bimorphic action=maybe_recompile pc=0x000000010d151d1c method=module5.CommonMarker.draw(Lprocessing/core/PGraphics;FF)V @ 25
Event: 29.536 Thread 0x00007ff19a3a1800 Uncommon trap: reason=unstable_if action=reinterpret pc=0x000000010d4dca60 method=processing.core.PFont$Glyph.<init>(Lprocessing/core/PFont;C)V @ 433
Event: 36.649 Thread 0x00007ff19a1dc000 Uncommon trap: reason=unstable_if action=reinterpret pc=0x000000010daf4cd4 method=java.security.AccessControlContext.combine([Ljava/security/ProtectionDomain;[Ljava/security/ProtectionDomain;)[Ljava/security/ProtectionDomain; @ 151
Event: 36.654 Thread 0x00007ff19b1e1800 Uncommon trap: reason=unstable_if action=reinterpret pc=0x000000010d602750 method=sun.java2d.pipe.Region.getIntersection(Lsun/java2d/pipe/Region;)Lsun/java2d/pipe/Region; @ 15
Event: 36.665 Thread 0x00007ff19a1dc000 Uncommon trap: reason=unstable_if action=reinterpret pc=0x000000010dbf4a58 method=java.util.HashMap.putVal(ILjava/lang/Object;Ljava/lang/Object;ZZ)Ljava/lang/Object; @ 81
Event: 36.685 Thread 0x00007ff19a3a1800 Uncommon trap: reason=unstable_if action=reinterpret pc=0x000000010dacbfd0 method=java.security.AccessControlContext.combine([Ljava/security/ProtectionDomain;[Ljava/security/ProtectionDomain;)[Ljava/security/ProtectionDomain; @ 151
Event: 36.687 Thread 0x00007ff18e91d000 Uncommon trap: reason=predicate action=maybe_recompile pc=0x000000010da3de0c method=java.util.Vector.indexOf(Ljava/lang/Object;I)I @ 44

Internal exceptions (10 events):
Event: 0.879 Thread 0x00007ff19a804800 Exception <a 'java/io/FileNotFoundException'> (0x000000079585e210) thrown at [/Users/java_re/workspace/8-2-build-macosx-x86_64/jdk8u131/8869/hotspot/src/share/vm/prims/jni.cpp, line 709]
Event: 0.879 Thread 0x00007ff19a804800 Exception <a 'java/io/FileNotFoundException'> (0x000000079585ed80) thrown at [/Users/java_re/workspace/8-2-build-macosx-x86_64/jdk8u131/8869/hotspot/src/share/vm/prims/jni.cpp, line 709]
Event: 1.051 Thread 0x00007ff19a804800 Exception <a 'java/io/FileNotFoundException'> (0x000000079599eaf0) thrown at [/Users/java_re/workspace/8-2-build-macosx-x86_64/jdk8u131/8869/hotspot/src/share/vm/prims/jni.cpp, line 709]
Event: 2.966 Thread 0x00007ff1998b0000 Exception <a 'java/lang/UnsatisfiedLinkError': com.jogamp.common.util.JarUtil.fixNativeLibAttribs(Ljava/lang/String;)Z> (0x0000000796c2bfe8) thrown at [/Users/java_re/workspace/8-2-build-macosx-x86_64/jdk8u131/8869/hotspot/src/share/vm/prims/nativeLookup.
Event: 3.307 Thread 0x00007ff199808000 Exception <a 'java/lang/NullPointerException'> (0x00000007956a4650) thrown at [/Users/java_re/workspace/8-2-build-macosx-x86_64/jdk8u131/8869/hotspot/src/share/vm/interpreter/linkResolver.cpp, line 1197]
Event: 4.120 Thread 0x00007ff19a3a1800 Exception <a 'java/io/FileNotFoundException'> (0x00000007961a1748) thrown at [/Users/java_re/workspace/8-2-build-macosx-x86_64/jdk8u131/8869/hotspot/src/share/vm/prims/jni.cpp, line 709]
Event: 4.121 Thread 0x00007ff19a3a1800 Exception <a 'java/io/FileNotFoundException'> (0x00000007961a9158) thrown at [/Users/java_re/workspace/8-2-build-macosx-x86_64/jdk8u131/8869/hotspot/src/share/vm/prims/jni.cpp, line 709]
Event: 4.121 Thread 0x00007ff19a3a1800 Implicit null exception at 0x000000010d1ed9b6 to 0x000000010d1edd81
Event: 4.917 Thread 0x00007ff19a3a1800 Implicit null exception at 0x000000010d3ed5c6 to 0x000000010d3ed80d
Event: 4.983 Thread 0x00007ff199e56800 Implicit null exception at 0x000000010d1f5933 to 0x000000010d1f5d19

Events (10 events):
Event: 36.686 loading class java/awt/event/AWTEventListenerProxy
Event: 36.686 loading class java/awt/event/AWTEventListenerProxy done
Event: 36.686 loading class java/awt/Toolkit$ToolkitEventMulticaster
Event: 36.686 loading class java/awt/Toolkit$ToolkitEventMulticaster done
Event: 36.687 Thread 0x00007ff19a1dc000 Thread exited: 0x00007ff19a1dc000
Event: 36.687 Thread 0x00007ff18e91d000 Uncommon trap: trap_request=0xffffff86 fr.pc=0x000000010da3de0c
Event: 36.687 Thread 0x00007ff18e91d000 DEOPT PACKING pc=0x000000010da3de0c sp=0x00000001973197e0
Event: 36.687 Thread 0x00007ff18e91d000 DEOPT UNPACKING pc=0x000000010d005229 sp=0x00000001973197a0 mode 2
Event: 36.688 loading class java/awt/Window$1DisposeAction
Event: 36.688 loading class java/awt/Window$1DisposeAction done


Dynamic libraries:
0x0000000004bff000 	/System/Library/Frameworks/Cocoa.framework/Versions/A/Cocoa
0x0000000004bff000 	/System/Library/Frameworks/Security.framework/Versions/A/Security
0x0000000004bff000 	/System/Library/Frameworks/ApplicationServices.framework/Versions/A/ApplicationServices
0x0000000004bff000 	/usr/lib/libz.1.dylib
0x0000000004bff000 	/usr/lib/libSystem.B.dylib
0x0000000004bff000 	/usr/lib/libobjc.A.dylib
0x0000000004bff000 	/System/Library/Frameworks/CoreFoundation.framework/Versions/A/CoreFoundation
0x0000000004bff000 	/System/Library/Frameworks/Foundation.framework/Versions/C/Foundation
0x0000000004bff000 	/System/Library/Frameworks/AppKit.framework/Versions/C/AppKit
0x0000000004bff000 	/System/Library/Frameworks/CoreData.framework/Versions/A/CoreData
0x0000000004bff000 	/System/Library/PrivateFrameworks/RemoteViewServices.framework/Versions/A/RemoteViewServices
0x0000000004bff000 	/System/Library/PrivateFrameworks/UIFoundation.framework/Versions/A/UIFoundation
0x0000000004bff000 	/System/Library/Frameworks/IOSurface.framework/Versions/A/IOSurface
0x0000000004bff000 	/System/Library/Frameworks/AudioToolbox.framework/Versions/A/AudioToolbox
0x0000000004bff000 	/System/Library/Frameworks/AudioUnit.framework/Versions/A/AudioUnit
0x0000000004bff000 	/System/Library/PrivateFrameworks/DataDetectorsCore.framework/Versions/A/DataDetectorsCore
0x0000000004bff000 	/System/Library/PrivateFrameworks/DesktopServicesPriv.framework/Versions/A/DesktopServicesPriv
0x0000000004bff000 	/System/Library/Frameworks/Carbon.framework/Versions/A/Frameworks/HIToolbox.framework/Versions/A/HIToolbox
0x0000000004bff000 	/System/Library/Frameworks/QuartzCore.framework/Versions/A/QuartzCore
0x0000000004bff000 	/System/Library/Frameworks/Carbon.framework/Versions/A/Frameworks/SpeechRecognition.framework/Versions/A/SpeechRecognition
0x0000000004bff000 	/usr/lib/libauto.dylib
0x0000000004bff000 	/usr/lib/libicucore.A.dylib
0x0000000004bff000 	/usr/lib/libxml2.2.dylib
0x0000000004bff000 	/System/Library/PrivateFrameworks/CoreUI.framework/Versions/A/CoreUI
0x0000000004bff000 	/System/Library/Frameworks/CoreAudio.framework/Versions/A/CoreAudio
0x0000000004bff000 	/System/Library/Frameworks/DiskArbitration.framework/Versions/A/DiskArbitration
0x0000000004bff000 	/usr/lib/liblangid.dylib
0x0000000004bff000 	/System/Library/PrivateFrameworks/MultitouchSupport.framework/Versions/A/MultitouchSupport
0x0000000004bff000 	/System/Library/Frameworks/IOKit.framework/Versions/A/IOKit
0x0000000004bff000 	/usr/lib/libDiagnosticMessagesClient.dylib
0x0000000004bff000 	/System/Library/Frameworks/CoreServices.framework/Versions/A/CoreServices
0x0000000004bff000 	/System/Library/PrivateFrameworks/PerformanceAnalysis.framework/Versions/A/PerformanceAnalysis
0x0000000004bff000 	/System/Library/PrivateFrameworks/GenerationalStorage.framework/Versions/A/GenerationalStorage
0x0000000004bff000 	/System/Library/Frameworks/OpenGL.framework/Versions/A/OpenGL
0x0000000004bff000 	/System/Library/PrivateFrameworks/Sharing.framework/Versions/A/Sharing
0x0000000004bff000 	/System/Library/Frameworks/CoreGraphics.framework/Versions/A/CoreGraphics
0x0000000004bff000 	/System/Library/Frameworks/CoreText.framework/Versions/A/CoreText
0x0000000004bff000 	/System/Library/Frameworks/ImageIO.framework/Versions/A/ImageIO
0x0000000004bff000 	/usr/lib/libextension.dylib
0x0000000004bff000 	/System/Library/PrivateFrameworks/Backup.framework/Versions/A/Backup
0x0000000004bff000 	/usr/lib/libarchive.2.dylib
0x0000000004bff000 	/System/Library/Frameworks/CFNetwork.framework/Versions/A/CFNetwork
0x0000000004bff000 	/System/Library/Frameworks/SystemConfiguration.framework/Versions/A/SystemConfiguration
0x0000000004bff000 	/usr/lib/libCRFSuite.dylib
0x0000000004bff000 	/usr/lib/libc++.1.dylib
0x0000000004bff000 	/usr/lib/libc++abi.dylib
0x0000000004bff000 	/usr/lib/system/libcache.dylib
0x0000000004bff000 	/usr/lib/system/libcommonCrypto.dylib
0x0000000004bff000 	/usr/lib/system/libcompiler_rt.dylib
0x0000000004bff000 	/usr/lib/system/libcopyfile.dylib
0x0000000004bff000 	/usr/lib/system/libcorecrypto.dylib
0x0000000004bff000 	/usr/lib/system/libdispatch.dylib
0x0000000004bff000 	/usr/lib/system/libdyld.dylib
0x0000000004bff000 	/usr/lib/system/libkeymgr.dylib
0x0000000004bff000 	/usr/lib/system/liblaunch.dylib
0x0000000004bff000 	/usr/lib/system/libmacho.dylib
0x0000000004bff000 	/usr/lib/system/libquarantine.dylib
0x0000000004bff000 	/usr/lib/system/libremovefile.dylib
0x0000000004bff000 	/usr/lib/system/libsystem_asl.dylib
0x0000000004bff000 	/usr/lib/system/libsystem_blocks.dylib
0x0000000004bff000 	/usr/lib/system/libsystem_c.dylib
0x0000000004bff000 	/usr/lib/system/libsystem_configuration.dylib
0x0000000004bff000 	/usr/lib/system/libsystem_coreservices.dylib
0x0000000004bff000 	/usr/lib/system/libsystem_coretls.dylib
0x0000000004bff000 	/usr/lib/system/libsystem_dnssd.dylib
0x0000000004bff000 	/usr/lib/system/libsystem_info.dylib
0x0000000004bff000 	/usr/lib/system/libsystem_kernel.dylib
0x0000000004bff000 	/usr/lib/system/libsystem_m.dylib
0x0000000004bff000 	/usr/lib/system/libsystem_malloc.dylib
0x0000000004bff000 	/usr/lib/system/libsystem_network.dylib
0x0000000004bff000 	/usr/lib/system/libsystem_networkextension.dylib
0x0000000004bff000 	/usr/lib/system/libsystem_notify.dylib
0x0000000004bff000 	/usr/lib/system/libsystem_platform.dylib
0x0000000004bff000 	/usr/lib/system/libsystem_pthread.dylib
0x0000000004bff000 	/usr/lib/system/libsystem_sandbox.dylib
0x0000000004bff000 	/usr/lib/system/libsystem_secinit.dylib
0x0000000004bff000 	/usr/lib/system/libsystem_stats.dylib
0x0000000004bff000 	/usr/lib/system/libsystem_trace.dylib
0x0000000004bff000 	/usr/lib/system/libunc.dylib
0x0000000004bff000 	/usr/lib/system/libunwind.dylib
0x0000000004bff000 	/usr/lib/system/libxpc.dylib
0x0000000004bff000 	/usr/lib/libbz2.1.0.dylib
0x0000000004bff000 	/usr/lib/liblzma.5.dylib
0x0000000004bff000 	/usr/lib/libbsm.0.dylib
0x0000000004bff000 	/usr/lib/libsqlite3.dylib
0x0000000004bff000 	/usr/lib/system/libkxld.dylib
0x0000000004bff000 	/usr/lib/libxar.1.dylib
0x0000000004bff000 	/usr/lib/libpam.2.dylib
0x0000000004bff000 	/usr/lib/libOpenScriptingUtil.dylib
0x0000000004bff000 	/System/Library/Frameworks/CoreServices.framework/Versions/A/Frameworks/FSEvents.framework/Versions/A/FSEvents
0x0000000004bff000 	/System/Library/Frameworks/CoreServices.framework/Versions/A/Frameworks/CarbonCore.framework/Versions/A/CarbonCore
0x0000000004bff000 	/System/Library/Frameworks/CoreServices.framework/Versions/A/Frameworks/Metadata.framework/Versions/A/Metadata
0x0000000004bff000 	/System/Library/Frameworks/CoreServices.framework/Versions/A/Frameworks/OSServices.framework/Versions/A/OSServices
0x0000000004bff000 	/System/Library/Frameworks/CoreServices.framework/Versions/A/Frameworks/SearchKit.framework/Versions/A/SearchKit
0x0000000004bff000 	/System/Library/Frameworks/CoreServices.framework/Versions/A/Frameworks/AE.framework/Versions/A/AE
0x0000000004bff000 	/System/Library/Frameworks/CoreServices.framework/Versions/A/Frameworks/LaunchServices.framework/Versions/A/LaunchServices
0x0000000004bff000 	/System/Library/Frameworks/CoreServices.framework/Versions/A/Frameworks/DictionaryServices.framework/Versions/A/DictionaryServices
0x0000000004bff000 	/System/Library/Frameworks/NetFS.framework/Versions/A/NetFS
0x0000000004bff000 	/System/Library/PrivateFrameworks/NetAuth.framework/Versions/A/NetAuth
0x0000000004bff000 	/System/Library/PrivateFrameworks/login.framework/Versions/A/Frameworks/loginsupport.framework/Versions/A/loginsupport
0x0000000004bff000 	/System/Library/PrivateFrameworks/TCC.framework/Versions/A/TCC
0x0000000004bff000 	/usr/lib/libmecabra.dylib
0x0000000004bff000 	/System/Library/Frameworks/ApplicationServices.framework/Versions/A/Frameworks/ATS.framework/Versions/A/ATS
0x0000000004bff000 	/System/Library/Frameworks/ApplicationServices.framework/Versions/A/Frameworks/ColorSync.framework/Versions/A/ColorSync
0x0000000004bff000 	/System/Library/Frameworks/ApplicationServices.framework/Versions/A/Frameworks/HIServices.framework/Versions/A/HIServices
0x0000000004bff000 	/System/Library/Frameworks/ApplicationServices.framework/Versions/A/Frameworks/LangAnalysis.framework/Versions/A/LangAnalysis
0x0000000004bff000 	/System/Library/Frameworks/ApplicationServices.framework/Versions/A/Frameworks/PrintCore.framework/Versions/A/PrintCore
0x0000000004bff000 	/System/Library/Frameworks/ApplicationServices.framework/Versions/A/Frameworks/QD.framework/Versions/A/QD
0x0000000004bff000 	/System/Library/Frameworks/ApplicationServices.framework/Versions/A/Frameworks/SpeechSynthesis.framework/Versions/A/SpeechSynthesis
0x0000000004bff000 	/System/Library/Frameworks/Accelerate.framework/Versions/A/Accelerate
0x0000000004bff000 	/System/Library/Frameworks/Accelerate.framework/Versions/A/Frameworks/vImage.framework/Versions/A/vImage
0x0000000004bff000 	/System/Library/Frameworks/Accelerate.framework/Versions/A/Frameworks/vecLib.framework/Versions/A/vecLib
0x0000000004bff000 	/System/Library/Frameworks/Accelerate.framework/Versions/A/Frameworks/vecLib.framework/Versions/A/libvDSP.dylib
0x0000000004bff000 	/System/Library/Frameworks/Accelerate.framework/Versions/A/Frameworks/vecLib.framework/Versions/A/libvMisc.dylib
0x0000000004bff000 	/System/Library/Frameworks/Accelerate.framework/Versions/A/Frameworks/vecLib.framework/Versions/A/libLAPACK.dylib
0x0000000004bff000 	/System/Library/Frameworks/Accelerate.framework/Versions/A/Frameworks/vecLib.framework/Versions/A/libBLAS.dylib
0x0000000004bff000 	/System/Library/Frameworks/Accelerate.framework/Versions/A/Frameworks/vecLib.framework/Versions/A/libLinearAlgebra.dylib
0x0000000004bff000 	/System/Library/Frameworks/ApplicationServices.framework/Versions/A/Frameworks/ATS.framework/Versions/A/Resources/libFontParser.dylib
0x0000000004bff000 	/System/Library/Frameworks/ApplicationServices.framework/Versions/A/Frameworks/ATS.framework/Versions/A/Resources/libFontRegistry.dylib
0x0000000004bff000 	/System/Library/PrivateFrameworks/AppleVPA.framework/Versions/A/AppleVPA
0x0000000004bff000 	/System/Library/PrivateFrameworks/AppleJPEG.framework/Versions/A/AppleJPEG
0x0000000004bff000 	/System/Library/Frameworks/ImageIO.framework/Versions/A/Resources/libJPEG.dylib
0x0000000004bff000 	/System/Library/Frameworks/ImageIO.framework/Versions/A/Resources/libTIFF.dylib
0x0000000004bff000 	/System/Library/Frameworks/ImageIO.framework/Versions/A/Resources/libPng.dylib
0x0000000004bff000 	/System/Library/Frameworks/ImageIO.framework/Versions/A/Resources/libGIF.dylib
0x0000000004bff000 	/System/Library/Frameworks/ImageIO.framework/Versions/A/Resources/libJP2.dylib
0x0000000004bff000 	/System/Library/Frameworks/ImageIO.framework/Versions/A/Resources/libRadiance.dylib
0x0000000004bff000 	/System/Library/Frameworks/CoreVideo.framework/Versions/A/CoreVideo
0x0000000004bff000 	/System/Library/Frameworks/OpenGL.framework/Versions/A/Libraries/libGLU.dylib
0x0000000004bff000 	/System/Library/Frameworks/OpenGL.framework/Versions/A/Libraries/libGFXShared.dylib
0x0000000004bff000 	/System/Library/Frameworks/OpenGL.framework/Versions/A/Libraries/libGL.dylib
0x0000000004bff000 	/System/Library/Frameworks/OpenGL.framework/Versions/A/Libraries/libGLImage.dylib
0x0000000004bff000 	/System/Library/Frameworks/OpenGL.framework/Versions/A/Libraries/libCVMSPluginSupport.dylib
0x0000000004bff000 	/System/Library/Frameworks/OpenGL.framework/Versions/A/Libraries/libCoreVMClient.dylib
0x0000000004bff000 	/usr/lib/libcups.2.dylib
0x0000000004bff000 	/System/Library/Frameworks/Kerberos.framework/Versions/A/Kerberos
0x0000000004bff000 	/System/Library/Frameworks/GSS.framework/Versions/A/GSS
0x0000000004bff000 	/usr/lib/libresolv.9.dylib
0x0000000004bff000 	/usr/lib/libiconv.2.dylib
0x0000000004bff000 	/System/Library/PrivateFrameworks/Heimdal.framework/Versions/A/Heimdal
0x0000000004bff000 	/usr/lib/libheimdal-asn1.dylib
0x0000000004bff000 	/System/Library/Frameworks/OpenDirectory.framework/Versions/A/OpenDirectory
0x0000000004bff000 	/System/Library/PrivateFrameworks/CommonAuth.framework/Versions/A/CommonAuth
0x0000000004bff000 	/System/Library/Frameworks/OpenDirectory.framework/Versions/A/Frameworks/CFOpenDirectory.framework/Versions/A/CFOpenDirectory
0x0000000004bff000 	/System/Library/Frameworks/SecurityFoundation.framework/Versions/A/SecurityFoundation
0x0000000004bff000 	/System/Library/PrivateFrameworks/LanguageModeling.framework/Versions/A/LanguageModeling
0x0000000004bff000 	/usr/lib/libcmph.dylib
0x0000000004bff000 	/System/Library/Frameworks/ServiceManagement.framework/Versions/A/ServiceManagement
0x0000000004bff000 	/usr/lib/libxslt.1.dylib
0x0000000004bff000 	/System/Library/Frameworks/Carbon.framework/Versions/A/Frameworks/Ink.framework/Versions/A/Ink
0x0000000004bff000 	/System/Library/Frameworks/QuartzCore.framework/Versions/A/Frameworks/CoreImage.framework/Versions/A/CoreImage
0x0000000004bff000 	/System/Library/PrivateFrameworks/CrashReporterSupport.framework/Versions/A/CrashReporterSupport
0x0000000004bff000 	/System/Library/Frameworks/OpenCL.framework/Versions/A/OpenCL
0x0000000004bff000 	/System/Library/PrivateFrameworks/FaceCore.framework/Versions/A/FaceCore
0x0000000004bff000 	/System/Library/PrivateFrameworks/Ubiquity.framework/Versions/A/Ubiquity
0x0000000004bff000 	/System/Library/PrivateFrameworks/IconServices.framework/Versions/A/IconServices
0x0000000004bff000 	/System/Library/PrivateFrameworks/ChunkingLibrary.framework/Versions/A/ChunkingLibrary
0x0000000004bff000 	/System/Library/PrivateFrameworks/Apple80211.framework/Versions/A/Apple80211
0x0000000004bff000 	/System/Library/Frameworks/CoreWLAN.framework/Versions/A/CoreWLAN
0x0000000004bff000 	/System/Library/Frameworks/IOBluetooth.framework/Versions/A/IOBluetooth
0x0000000004bff000 	/System/Library/PrivateFrameworks/CoreWiFi.framework/Versions/A/CoreWiFi
0x0000000004bff000 	/System/Library/Frameworks/CoreBluetooth.framework/Versions/A/CoreBluetooth
0x0000000004bff000 	/System/Library/PrivateFrameworks/DebugSymbols.framework/Versions/A/DebugSymbols
0x0000000004bff000 	/System/Library/PrivateFrameworks/CoreSymbolication.framework/Versions/A/CoreSymbolication
0x0000000004bff000 	/System/Library/PrivateFrameworks/Symbolication.framework/Versions/A/Symbolication
0x0000000004bff000 	/System/Library/PrivateFrameworks/SpeechRecognitionCore.framework/Versions/A/SpeechRecognitionCore
0x000000010b6eb000 	/Library/Java/JavaVirtualMachines/jdk1.8.0_131.jdk/Contents/Home/jre/lib/server/libjvm.dylib
0x0000000004bff000 	/usr/lib/libstdc++.6.dylib
0x000000010c7a8000 	/Library/Java/JavaVirtualMachines/jdk1.8.0_131.jdk/Contents/Home/jre/lib/libverify.dylib
0x000000010c7b6000 	/Library/Java/JavaVirtualMachines/jdk1.8.0_131.jdk/Contents/Home/jre/lib/libjava.dylib
0x000000010c7f5000 	/Library/Java/JavaVirtualMachines/jdk1.8.0_131.jdk/Contents/Home/jre/lib/libzip.dylib
0x0000000123078000 	/System/Library/Frameworks/JavaVM.framework/Frameworks/JavaRuntimeSupport.framework/JavaRuntimeSupport
0x0000000123090000 	/System/Library/Frameworks/JavaVM.framework/Versions/A/Frameworks/JavaNativeFoundation.framework/Versions/A/JavaNativeFoundation
0x00000001230a5000 	/System/Library/Frameworks/JavaVM.framework/Versions/A/JavaVM
0x0000000004bff000 	/System/Library/Frameworks/Carbon.framework/Versions/A/Carbon
0x00000001230b2000 	/System/Library/PrivateFrameworks/JavaLaunching.framework/Versions/A/JavaLaunching
0x0000000004bff000 	/System/Library/Frameworks/Carbon.framework/Versions/A/Frameworks/CommonPanels.framework/Versions/A/CommonPanels
0x0000000004bff000 	/System/Library/Frameworks/Carbon.framework/Versions/A/Frameworks/Help.framework/Versions/A/Help
0x0000000004bff000 	/System/Library/Frameworks/Carbon.framework/Versions/A/Frameworks/ImageCapture.framework/Versions/A/ImageCapture
0x0000000004bff000 	/System/Library/Frameworks/Carbon.framework/Versions/A/Frameworks/OpenScripting.framework/Versions/A/OpenScripting
0x0000000004bff000 	/System/Library/Frameworks/Carbon.framework/Versions/A/Frameworks/Print.framework/Versions/A/Print
0x0000000004bff000 	/System/Library/Frameworks/Carbon.framework/Versions/A/Frameworks/SecurityHI.framework/Versions/A/SecurityHI
0x0000000124fe7000 	/Library/Java/JavaVirtualMachines/jdk1.8.0_131.jdk/Contents/Home/jre/lib/libawt.dylib
0x000000012508f000 	/Library/Java/JavaVirtualMachines/jdk1.8.0_131.jdk/Contents/Home/jre/lib/./libmlib_image.dylib
0x000000012515b000 	/Library/Java/JavaVirtualMachines/jdk1.8.0_131.jdk/Contents/Home/jre/lib/libawt_lwawt.dylib
0x0000000125212000 	/Library/Java/JavaVirtualMachines/jdk1.8.0_131.jdk/Contents/Home/jre/lib/./libosxapp.dylib
0x0000000004bff000 	/System/Library/Frameworks/ExceptionHandling.framework/Versions/A/ExceptionHandling
0x0000000004bff000 	/System/Library/PrivateFrameworks/CoreServicesInternal.framework/Versions/A/CoreServicesInternal
0x0000000004bff000 	/System/Library/PrivateFrameworks/CloudDocs.framework/Versions/A/CloudDocs
0x0000000004bff000 	/System/Library/PrivateFrameworks/CoreDuet.framework/Versions/A/CoreDuet
0x0000000004bff000 	/System/Library/Frameworks/CloudKit.framework/Versions/A/CloudKit
0x0000000004bff000 	/System/Library/PrivateFrameworks/ProtocolBuffer.framework/Versions/A/ProtocolBuffer
0x0000000004bff000 	/System/Library/PrivateFrameworks/CoreDuetDaemonProtocol.framework/Versions/A/CoreDuetDaemonProtocol
0x0000000004bff000 	/System/Library/PrivateFrameworks/CoreDuetDebugLogging.framework/Versions/A/CoreDuetDebugLogging
0x0000000004bff000 	/System/Library/PrivateFrameworks/MMCS.framework/Versions/A/MMCS
0x0000000004bff000 	/System/Library/Frameworks/CoreLocation.framework/Versions/A/CoreLocation
0x0000000004bff000 	/System/Library/PrivateFrameworks/ProtectedCloudStorage.framework/Versions/A/ProtectedCloudStorage
0x0000000004bff000 	/System/Library/PrivateFrameworks/GeoServices.framework/Versions/A/GeoServices
0x0000000126b10000 	/System/Library/Frameworks/CoreGraphics.framework/Versions/A/Resources/libCGCMS.A.dylib
0x00000001278f3000 	/System/Library/Frameworks/CoreGraphics.framework/Versions/A/Resources/libRIP.A.dylib
0x0000000127c2b000 	/System/Library/Frameworks/CoreGraphics.framework/Versions/A/Resources/libCGXType.A.dylib
0x0000000004bff000 	/System/Library/Frameworks/OpenCL.framework/Versions/A/Libraries/libcldcpuengine.dylib
0x0000000004bff000 	/System/Library/PrivateFrameworks/DiskImages.framework/Versions/A/DiskImages
0x0000000004bff000 	/System/Library/Frameworks/DiscRecording.framework/Versions/A/DiscRecording
0x0000000004bff000 	/usr/lib/libcsfde.dylib
0x0000000004bff000 	/usr/lib/libcurl.4.dylib
0x0000000004bff000 	/System/Library/PrivateFrameworks/MediaKit.framework/Versions/A/MediaKit
0x0000000004bff000 	/usr/lib/libCoreStorage.dylib
0x0000000004bff000 	/System/Library/PrivateFrameworks/EFILogin.framework/Versions/A/EFILogin
0x0000000004bff000 	/usr/lib/libutil.dylib
0x0000000004bff000 	/System/Library/PrivateFrameworks/FindMyDevice.framework/Versions/A/FindMyDevice
0x0000000004bff000 	/System/Library/Frameworks/LDAP.framework/Versions/A/LDAP
0x0000000004bff000 	/usr/lib/libsasl2.2.dylib
0x0000000004bff000 	/System/Library/PrivateFrameworks/CoreDaemon.framework/Versions/B/CoreDaemon
0x0000000004bff000 	/usr/lib/libcrypto.0.9.8.dylib
0x0000000004bff000 	/System/Library/PrivateFrameworks/AppleSRP.framework/Versions/A/AppleSRP
0x0000000004bff000 	/System/Library/PrivateFrameworks/TrustEvaluationAgent.framework/Versions/A/TrustEvaluationAgent
0x000000012869e000 	cl_kernels
0x00000001286a0000 	/System/Library/Frameworks/OpenCL.framework/Versions/A/Libraries/ImageFormats/unorm8_bgra.dylib
0x0000000128690000 	cl_kernels
0x0000000004bff000 	/System/Library/PrivateFrameworks/FamilyControls.framework/Versions/A/FamilyControls
0x0000000004bff000 	/System/Library/PrivateFrameworks/CommerceKit.framework/Versions/A/Frameworks/CommerceCore.framework/Versions/A/CommerceCore
0x0000000004bff000 	/System/Library/PrivateFrameworks/SystemAdministration.framework/Versions/A/SystemAdministration
0x0000000004bff000 	/System/Library/PrivateFrameworks/AppContainer.framework/Versions/A/AppContainer
0x0000000004bff000 	/System/Library/PrivateFrameworks/SecCodeWrapper.framework/Versions/A/SecCodeWrapper
0x0000000004bff000 	/System/Library/Frameworks/DirectoryService.framework/Versions/A/DirectoryService
0x0000000004bff000 	/System/Library/PrivateFrameworks/LoginUIKit.framework/Versions/A/Frameworks/LoginUICore.framework/Versions/A/LoginUICore
0x0000000004bff000 	/usr/lib/libodfde.dylib
0x0000000129ad8000 	/System/Library/Frameworks/OpenGL.framework/Resources/GLEngine.bundle/GLEngine
0x0000000004bff000 	/System/Library/Frameworks/OpenGL.framework/Versions/A/Libraries/libGLProgrammability.dylib
0x0000000129cc3000 	/System/Library/Extensions/AppleIntelHD4000GraphicsGLDriver.bundle/Contents/MacOS/AppleIntelHD4000GraphicsGLDriver
0x0000000004bff000 	/System/Library/PrivateFrameworks/IOAccelerator.framework/Versions/A/IOAccelerator
0x0000000004bff000 	/System/Library/PrivateFrameworks/GPUSupport.framework/Versions/A/Libraries/libGPUSupportMercury.dylib
0x000000012a322000 	/System/Library/Frameworks/OpenGL.framework/Resources//GLRendererFloat.bundle/GLRendererFloat
0x000000012b16f000 	/Library/Java/JavaVirtualMachines/jdk1.8.0_131.jdk/Contents/Home/jre/lib/libfontmanager.dylib
0x000000012c47b000 	/Library/Java/JavaVirtualMachines/jdk1.8.0_131.jdk/Contents/Home/jre/lib/libosxui.dylib
0x000000012c53e000 	/Library/Java/JavaVirtualMachines/jdk1.8.0_131.jdk/Contents/Home/jre/lib/libnet.dylib
0x000000012c738000 	/Library/Java/JavaVirtualMachines/jdk1.8.0_131.jdk/Contents/Home/jre/lib/libnio.dylib
0x0000000004bff000 	/System/Library/Frameworks/ApplicationServices.framework/Versions/A/Frameworks/ATS.framework/Versions/A/Resources/libTrueTypeScaler.dylib
0x000000018b641000 	/private/var/folders/1w/_vhdnh917gsgl0z3c94cp27w0000gn/T/jogamp_0000/file_cache/jln2577669644453253754/jln8190292957492783437/libgluegen-rt.jnilib
0x000000018b63e000 	/private/var/folders/1w/_vhdnh917gsgl0z3c94cp27w0000gn/T/jogamp_0000/file_cache/jln2577669644453253754/jln8190292957492783437/libnativewindow_awt.jnilib
0x000000018b645000 	/Library/Java/JavaVirtualMachines/jdk1.8.0_131.jdk/Contents/Home/jre/lib/libjawt.dylib
0x000000018b648000 	/private/var/folders/1w/_vhdnh917gsgl0z3c94cp27w0000gn/T/jogamp_0000/file_cache/jln2577669644453253754/jln8190292957492783437/libnativewindow_macosx.jnilib
0x000000018b70f000 	/private/var/folders/1w/_vhdnh917gsgl0z3c94cp27w0000gn/T/jogamp_0000/file_cache/jln2577669644453253754/jln8190292957492783437/libjogl_desktop.jnilib
0x0000000191f91000 	/Library/Java/JavaVirtualMachines/jdk1.8.0_131.jdk/Contents/Home/jre/lib/libt2k.dylib

VM Arguments:
jvm_args: -Djava.security.policy=java.policy.applet -Dfile.encoding=UTF-8 
java_command: sun.applet.AppletViewer module5.EarthquakeCityMap1494086300613.html
java_class_path (initial): /Users/dongpei/Desktop/Java/UCSD_OOinJava/UCSDUnfoldingMaps/build:/Users/dongpei/Desktop/Java/UCSD_OOinJava/UCSDUnfoldingMaps/lib/core.jar:/Users/dongpei/Desktop/Java/UCSD_OOinJava/UCSDUnfoldingMaps/lib/gluegen-rt.jar:/Users/dongpei/Desktop/Java/UCSD_OOinJava/UCSDUnfoldingMaps/lib/jogl-all.jar:/Users/dongpei/Desktop/Java/UCSD_OOinJava/UCSDUnfoldingMaps/lib/log4j-1.2.15.jar:/Users/dongpei/Desktop/Java/UCSD_OOinJava/UCSDUnfoldingMaps/lib/sqlite-jdbc-3.7.2.jar:/Users/dongpei/Desktop/Java/UCSD_OOinJava/UCSDUnfoldingMaps/lib/json4processing.jar:/Users/dongpei/Desktop/Java/UCSD_OOinJava/UCSDUnfoldingMaps/lib/libTUIO.jar:/Users/dongpei/Desktop/Java/UCSD_OOinJava/UCSDUnfoldingMaps/lib/unfolding.0.9.7-uscd.jar
Launcher Type: SUN_STANDARD

Environment Variables:
PATH=/usr/bin:/bin:/usr/sbin:/sbin
SHELL=/bin/bash
DISPLAY=/private/tmp/com.apple.launchd.uIYdWOxu9w/org.macosforge.xquartz:0

Signal Handlers:
SIGSEGV: [libjvm.dylib+0x5b1eb1], sa_mask[0]=11111111011111110111111111111111, sa_flags=SA_ONSTACK|SA_RESTART|SA_SIGINFO
SIGBUS: [libjvm.dylib+0x5b1eb1], sa_mask[0]=11111111011111110111111111111111, sa_flags=SA_RESTART|SA_SIGINFO
SIGFPE: [libjvm.dylib+0x488988], sa_mask[0]=11111111011111110111111111111111, sa_flags=SA_RESTART|SA_SIGINFO
SIGPIPE: [libjvm.dylib+0x488988], sa_mask[0]=11111111011111110111111111111111, sa_flags=SA_RESTART|SA_SIGINFO
SIGXFSZ: [libjvm.dylib+0x488988], sa_mask[0]=11111111011111110111111111111111, sa_flags=SA_RESTART|SA_SIGINFO
SIGILL: [libjvm.dylib+0x488988], sa_mask[0]=11111111011111110111111111111111, sa_flags=SA_RESTART|SA_SIGINFO
SIGUSR1: SIG_DFL, sa_mask[0]=00000000000000000000000000000000, sa_flags=none
SIGUSR2: [libjvm.dylib+0x4884a6], sa_mask[0]=00100000000000000000000000000000, sa_flags=SA_RESTART|SA_SIGINFO
SIGHUP: [libjvm.dylib+0x486a7d], sa_mask[0]=11111111011111110111111111111111, sa_flags=SA_RESTART|SA_SIGINFO
SIGINT: [libjvm.dylib+0x486a7d], sa_mask[0]=11111111011111110111111111111111, sa_flags=SA_RESTART|SA_SIGINFO
SIGTERM: [libjvm.dylib+0x486a7d], sa_mask[0]=11111111011111110111111111111111, sa_flags=SA_RESTART|SA_SIGINFO
SIGQUIT: [libjvm.dylib+0x486a7d], sa_mask[0]=11111111011111110111111111111111, sa_flags=SA_RESTART|SA_SIGINFO


---------------  S Y S T E M  ---------------

OS:Bsduname:Darwin 14.5.0 Darwin Kernel Version 14.5.0: Sun Sep 25 22:07:15 PDT 2016; root:xnu-2782.50.9~1/RELEASE_X86_64 x86_64
rlimit: STACK 8192k, CORE 0k, NPROC 709, NOFILE 10240, AS infinity
load average:2.34 2.00 1.89

CPU:total 4 (initial active 4) (2 cores per cpu, 2 threads per core) family 6 model 58 stepping 9, cmov, cx8, fxsr, mmx, sse, sse2, sse3, ssse3, sse4.1, sse4.2, popcnt, avx, aes, clmul, erms, ht, tsc, tscinvbit, tscinv

Memory: 4k page, physical 8388608k(34688k free)

/proc/meminfo:


vm_info: Java HotSpot(TM) 64-Bit Server VM (25.131-b11) for bsd-amd64 JRE (1.8.0_131-b11), built on Mar 15 2017 01:32:22 by "java_re" with gcc 4.2.1 (Based on Apple Inc. build 5658) (LLVM build 2336.11.00)

time: Sat May  6 10:58:57 2017
elapsed time: 36 seconds (0d 0h 0m 36s)

