#
# A fatal error has been detected by the Java Runtime Environment:
#
#  SIGSEGV (0xb) at pc=0x00007fff8f4700dd, pid=4530, tid=0x0000000000000713
#
# JRE version: Java(TM) SE Runtime Environment (8.0_131-b11) (build 1.8.0_131-b11)
# Java VM: Java HotSpot(TM) 64-Bit Server VM (25.131-b11 mixed mode bsd-amd64 compressed oops)
# Problematic frame:
# C  [libobjc.A.dylib+0x10dd]  objc_msgSend+0x1d
#
# Failed to write core dump. Core dumps have been disabled. To enable core dumping, try "ulimit -c unlimited" before starting Java again
#
# If you would like to submit a bug report, please visit:
#   http://bugreport.java.com/bugreport/crash.jsp
# The crash happened outside the Java Virtual Machine in native code.
# See problematic frame for where to report the bug.
#

---------------  T H R E A D  ---------------

Current thread (0x00007fe7f39cd000):  JavaThread "AWT-AppKit" daemon [_thread_in_native, id=1811, stack(0x00007fff549bd000,0x00007fff551bd000)]

siginfo: si_signo: 11 (SIGSEGV), si_code: 1 (SEGV_MAPERR), si_addr: 0x0000000000000018

Registers:
RAX=0x00007fe7f76327b0, RBX=0x000000024ad79450, RCX=0x00000001ebbc39a0, RDX=0x00000001ebbc36a0
RSP=0x00007fff551b8448, RBP=0x00007fff551b8500, RSI=0x00007fff8aebf40f, RDI=0x00007fe7f7410d20
R8 =0x0000000000000000, R9 =0x0000000000000f50, R10=0x00007fff8aebf40f, R11=0x0000000000000000
R12=0x0000000000000000, R13=0x000000024e4b2b90, R14=0x000000024ad79440, R15=0x00007fe7f39cd000
RIP=0x00007fff8f4700dd, EFLAGS=0x0000000000010246, ERR=0x0000000000000004
  TRAPNO=0x000000000000000e

Top of Stack: (sp=0x00007fff551b8448)
0x00007fff551b8448:   000000024ad77157 00007fff551b84a0
0x00007fff551b8458:   0000000000000003 00007fff551b8480
0x00007fff551b8468:   000000010ad356d2 000000024e4b2b90
0x00007fff551b8478:   000000024e4b2b90 00007fe7f76327b0
0x00007fff551b8488:   000000024ad796a0 000000024ad79710
0x00007fff551b8498:   00007fff7704c550 00007fff76aacc80
0x00007fff551b84a8:   000000024ad79450 000000024ad79690
0x00007fff551b84b8:   00007fe7f76327b0 00007fe7f7410d20
0x00007fff551b84c8:   00007fe7f263b900 00007fe7f76327b0
0x00007fff551b84d8:   00007fe7f7410d20 00007fff551b8588
0x00007fff551b84e8:   00007fe7f39cd1f8 000000024e4b2b90
0x00007fff551b84f8:   00007fff551b85b0 00007fff551b8578
0x00007fff551b8508:   000000010c46c9f4 000000024e4b2b90
0x00007fff551b8518:   00007fff551b85b0 00007fff551b8578
0x00007fff551b8528:   000000010c46c787 000000010c46c742
0x00007fff551b8538:   00007fff551b8538 000000024e4b2b90
0x00007fff551b8548:   00007fff551b85b0 000000024e4c6028
0x00007fff551b8558:   0000000000000000 000000024e4b2b90
0x00007fff551b8568:   0000000000000000 00007fff551b8598
0x00007fff551b8578:   00007fff551b85f8 000000010c45d2bd
0x00007fff551b8588:   000000011c11edc0 000000010c466538
0x00007fff551b8598:   00007fe7f76327b0 00007fff551b85f8
0x00007fff551b85a8:   00007fe7f7410d20 000000010c467e02
0x00007fff551b85b8:   00007fff551b85b8 000000024e4b2d5a
0x00007fff551b85c8:   00007fff551b8620 000000024e4c6028
0x00007fff551b85d8:   0000000000000000 000000024e4b2d68
0x00007fff551b85e8:   00007fff551b8598 00007fff551b8608
0x00007fff551b85f8:   00007fff551b8668 000000010c45d2bd
0x00007fff551b8608:   00007fe7f76327b0 000000011bcaae38
0x00007fff551b8618:   00007fe7f7410d20 000000011bcaae38
0x00007fff551b8628:   00007fff551b8628 00000002549a6476
0x00007fff551b8638:   00007fff551b8678 00000002549a6530 

Instructions: (pc=0x00007fff8f4700dd)
0x00007fff8f4700bd:   00 00 00 48 85 ff 2e 74 7a 40 f6 c7 01 2e 75 7e
0x00007fff8f4700cd:   49 bb f8 ff ff ff ff 7f 00 00 4c 23 1f 49 89 f2
0x00007fff8f4700dd:   45 23 53 18 49 c1 e2 04 4d 03 53 10 49 3b 32 75
0x00007fff8f4700ed:   04 41 ff 62 08 49 83 3a 00 74 6a 4d 3b 53 10 74 

Register to memory mapping:

RAX=0x00007fe7f76327b0 is an unknown value
RBX=0x000000024ad79450: Java_jogamp_nativewindow_macosx_OSXUtil_GetScreenRefreshRate0+0x1cf0 in /private/var/folders/1w/_vhdnh917gsgl0z3c94cp27w0000gn/T/jogamp_0000/file_cache/jln2727016065641110093/jln1698618106044361124/libnativewindow_macosx.jnilib at 0x000000024ad72000
RCX=0x00000001ebbc39a0 is an unknown value
RDX=0x00000001ebbc36a0 is an unknown value
RSP=0x00007fff551b8448 is pointing into the stack for thread: 0x00007fe7f39cd000
RBP=0x00007fff551b8500 is pointing into the stack for thread: 0x00007fe7f39cd000
RSI=0x00007fff8aebf40f is an unknown value
RDI=0x00007fe7f7410d20 is an unknown value
R8 =0x0000000000000000 is an unknown value
R9 =0x0000000000000f50 is an unknown value
R10=0x00007fff8aebf40f is an unknown value
R11=0x0000000000000000 is an unknown value
R12=0x0000000000000000 is an unknown value
R13={method} {0x000000024e4b2b90} 'UnsetJAWTRootSurfaceLayer0' '(JJ)V' in 'jogamp/nativewindow/jawt/macosx/MacOSXJAWTWindow'
R14=0x000000024ad79440: Java_jogamp_nativewindow_macosx_OSXUtil_GetScreenRefreshRate0+0x1ce0 in /private/var/folders/1w/_vhdnh917gsgl0z3c94cp27w0000gn/T/jogamp_0000/file_cache/jln2727016065641110093/jln1698618106044361124/libnativewindow_macosx.jnilib at 0x000000024ad72000
R15=0x00007fe7f39cd000 is a thread


Stack: [0x00007fff549bd000,0x00007fff551bd000],  sp=0x00007fff551b8448,  free space=8173k
Native frames: (J=compiled Java code, j=interpreted, Vv=VM code, C=native code)
C  [libobjc.A.dylib+0x10dd]  objc_msgSend+0x1d
j  jogamp.nativewindow.jawt.macosx.MacOSXJAWTWindow.UnsetJAWTRootSurfaceLayer0(JJ)V+0
j  jogamp.nativewindow.jawt.macosx.MacOSXJAWTWindow.access$200(JJ)V+2
j  jogamp.nativewindow.jawt.macosx.MacOSXJAWTWindow$1.run()V+38
J 2704 C1 com.jogamp.common.util.RunnableTask.run()V (345 bytes) @ 0x000000010ce6da74 [0x000000010ce6d8e0+0x194]
v  ~StubRoutines::call_stub
V  [libjvm.dylib+0x2ee5b6]
V  [libjvm.dylib+0x325765]
V  [libjvm.dylib+0x317f33]
C  [libnativewindow_macosx.jnilib+0x5326]  Java_jogamp_nativewindow_jawt_macosx_MacOSXJAWTWindow_UnsetJAWTRootSurfaceLayer0+0x2b6
C  [Foundation+0x92dd0]  __NSThreadPerformPerform+0x125
C  [CoreFoundation+0x80a01]  __CFRUNLOOP_IS_CALLING_OUT_TO_A_SOURCE0_PERFORM_FUNCTION__+0x11
C  [CoreFoundation+0x72c5c]  __CFRunLoopDoSources0+0x1dc
C  [CoreFoundation+0x721bf]  __CFRunLoopRun+0x39f
C  [CoreFoundation+0x71bd8]  CFRunLoopRunSpecific+0x128
C  [HIToolbox+0x3256f]  RunCurrentEventLoopInMode+0xeb
C  [HIToolbox+0x321ee]  ReceiveNextEventCommon+0xb3
C  [HIToolbox+0x3212b]  _BlockUntilNextEventMatchingListInModeWithFilter+0x47
C  [AppKit+0x918ab]  _DPSNextEvent+0x3d2
C  [AppKit+0x90e58]  -[NSApplication nextEventMatchingMask:untilDate:inMode:dequeue:]+0x15a
C  [libosxapp.dylib+0x23aa]  -[NSApplicationAWT nextEventMatchingMask:untilDate:inMode:dequeue:]+0x7c
C  [AppKit+0x86af3]  -[NSApplication run]+0x252
C  [libosxapp.dylib+0x214d]  +[NSApplicationAWT runAWTLoopWithApp:]+0x9c
C  [libawt_lwawt.dylib+0x45edf]  -[AWTStarter starter:]+0x389
C  [Foundation+0x92dd0]  __NSThreadPerformPerform+0x125
C  [CoreFoundation+0x80a01]  __CFRUNLOOP_IS_CALLING_OUT_TO_A_SOURCE0_PERFORM_FUNCTION__+0x11
C  [CoreFoundation+0x72b8d]  __CFRunLoopDoSources0+0x10d
C  [CoreFoundation+0x721bf]  __CFRunLoopRun+0x39f
C  [CoreFoundation+0x71bd8]  CFRunLoopRunSpecific+0x128
C  [java+0x6465]  CreateExecutionEnvironment+0x367
C  [java+0x218c]  JLI_Launch+0x7a0
C  [java+0x84c2]  main+0x65
C  [java+0x19e4]  start+0x34
C  0x0000000000000007

Java frames: (J=compiled Java code, j=interpreted, Vv=VM code)
j  jogamp.nativewindow.jawt.macosx.MacOSXJAWTWindow.UnsetJAWTRootSurfaceLayer0(JJ)V+0
j  jogamp.nativewindow.jawt.macosx.MacOSXJAWTWindow.access$200(JJ)V+2
j  jogamp.nativewindow.jawt.macosx.MacOSXJAWTWindow$1.run()V+38
J 2704 C1 com.jogamp.common.util.RunnableTask.run()V (345 bytes) @ 0x000000010ce6da74 [0x000000010ce6d8e0+0x194]
v  ~StubRoutines::call_stub

---------------  P R O C E S S  ---------------

Java Threads: ( => current thread )
  0x0000000257505800 JavaThread "Thread-20" [_thread_blocked, id=63303, stack(0x0000000259f4b000,0x000000025a04b000)]
  0x00007fe7f2805800 JavaThread "AWT-EventQueue-1" [_thread_in_native, id=58387, stack(0x000000024b7a2000,0x000000024b8a2000)]
  0x00007fe7f3a88800 JavaThread "DestroyJavaVM" [_thread_blocked, id=4867, stack(0x000000010bafd000,0x000000010bbfd000)]
  0x00007fe7f41ef800 JavaThread "AWT-EventQueue-0" [_thread_blocked, id=56071, stack(0x00000001eb9af000,0x00000001ebaaf000)]
  0x00007fe7f4129800 JavaThread "Java2D Disposer" daemon [_thread_blocked, id=51739, stack(0x00000001ea2cc000,0x00000001ea3cc000)]
  0x00007fe7f3a06000 JavaThread "Java2D Queue Flusher" daemon [_thread_blocked, id=50439, stack(0x00000001e90b0000,0x00000001e91b0000)]
  0x00007fe7f2901800 JavaThread "AWT-Shutdown" [_thread_blocked, id=27923, stack(0x00000001e60f3000,0x00000001e61f3000)]
=>0x00007fe7f39cd000 JavaThread "AWT-AppKit" daemon [_thread_in_native, id=1811, stack(0x00007fff549bd000,0x00007fff551bd000)]
  0x00007fe7f4033800 JavaThread "Service Thread" daemon [_thread_blocked, id=18179, stack(0x00000001e4406000,0x00000001e4506000)]
  0x00007fe7f4033000 JavaThread "C1 CompilerThread2" daemon [_thread_blocked, id=17667, stack(0x00000001e4303000,0x00000001e4403000)]
  0x00007fe7f4032000 JavaThread "C2 CompilerThread1" daemon [_thread_blocked, id=17155, stack(0x00000001e4200000,0x00000001e4300000)]
  0x00007fe7f4030800 JavaThread "C2 CompilerThread0" daemon [_thread_blocked, id=16643, stack(0x00000001e40fd000,0x00000001e41fd000)]
  0x00007fe7f400b000 JavaThread "Signal Dispatcher" daemon [_thread_blocked, id=13331, stack(0x00000001e3ffa000,0x00000001e40fa000)]
  0x00007fe7f2824800 JavaThread "Finalizer" daemon [_thread_blocked, id=11523, stack(0x00000001e25e8000,0x00000001e26e8000)]
  0x00007fe7f2822000 JavaThread "Reference Handler" daemon [_thread_blocked, id=11011, stack(0x00000001e24e5000,0x00000001e25e5000)]

Other Threads:
  0x00007fe7f281d800 VMThread [stack: 0x00000001e23e2000,0x00000001e24e2000] [id=10499]
  0x00007fe7f403b800 WatcherThread [stack: 0x00000001e4509000,0x00000001e4609000] [id=18691]

VM state:not at safepoint (normal execution)

VM Mutex/Monitor currently owned by a thread: None

Heap:
 PSYoungGen      total 160768K, used 58539K [0x0000000171180000, 0x000000017cc00000, 0x000000019bc00000)
  eden space 139776K, 27% used [0x0000000171180000,0x00000001737aabf0,0x0000000179a00000)
  from space 20992K, 92% used [0x000000017b780000,0x000000017ca80080,0x000000017cc00000)
  to   space 25600K, 0% used [0x0000000179a00000,0x0000000179a00000,0x000000017b300000)
 ParOldGen       total 68608K, used 33985K [0x000000011bc00000, 0x000000011ff00000, 0x0000000171180000)
  object space 68608K, 49% used [0x000000011bc00000,0x000000011dd30458,0x000000011ff00000)
 Metaspace       used 27384K, capacity 27709K, committed 27904K, reserved 1075200K
  class space    used 2166K, capacity 2276K, committed 2304K, reserved 1048576K

Card table byte_map: [0x000000019bc00000,0x000000019c001000] byte_map_base: 0x000000019b322000

Marking Bits: (ParMarkBitMap*) 0x000000010b433ea0
 Begin Bits: [0x000000019c5b5000, 0x000000019e5b5000)
 End Bits:   [0x000000019e5b5000, 0x00000001a05b5000)

Polling page: 0x000000010bbff000

CodeCache: size=245760Kb used=11188Kb max_used=11375Kb free=234572Kb
 bounds [0x000000010c455000, 0x000000010cfc5000, 0x000000011b455000]
 total_blobs=3738 nmethods=2826 adapters=825
 compilation: enabled

Compilation events (10 events):
Event: 80.821 Thread 0x00007fe7f4033000 3073       1       java.awt.Component::getX (5 bytes)
Event: 80.821 Thread 0x00007fe7f4033000 nmethod 3073 0x000000010c996690 code [0x000000010c9967e0, 0x000000010c9968f0]
Event: 80.821 Thread 0x00007fe7f4033000 3074       1       java.awt.Component::getY (5 bytes)
Event: 80.821 Thread 0x00007fe7f4033000 nmethod 3074 0x000000010c5c9910 code [0x000000010c5c9a60, 0x000000010c5c9b70]
Event: 80.838 Thread 0x00007fe7f4033000 3075       3       processing.opengl.PGraphicsOpenGL::deleteFinalizedVertexBufferObjects (131 bytes)
Event: 80.840 Thread 0x00007fe7f4033000 nmethod 3075 0x000000010ca4ea50 code [0x000000010ca4ed80, 0x000000010ca509b8]
Event: 80.841 Thread 0x00007fe7f4033000 3076       3       java.awt.Rectangle::isEmpty (20 bytes)
Event: 80.841 Thread 0x00007fe7f4033000 nmethod 3076 0x000000010c774790 code [0x000000010c774900, 0x000000010c774af0]
Event: 80.842 Thread 0x00007fe7f4033000 3077       1       sun.java2d.SurfaceData::isValid (5 bytes)
Event: 80.843 Thread 0x00007fe7f4033000 nmethod 3077 0x000000010c777e50 code [0x000000010c777fa0, 0x000000010c7780b0]

GC Heap History (10 events):
Event: 6.369 GC heap before
{Heap before GC invocations=5 (full 1):
 PSYoungGen      total 38400K, used 33280K [0x0000000171180000, 0x0000000175c80000, 0x000000019bc00000)
  eden space 33280K, 100% used [0x0000000171180000,0x0000000173200000,0x0000000173200000)
  from space 5120K, 0% used [0x0000000173200000,0x0000000173200000,0x0000000173700000)
  to   space 5120K, 0% used [0x0000000175780000,0x0000000175780000,0x0000000175c80000)
 ParOldGen       total 68608K, used 18019K [0x000000011bc00000, 0x000000011ff00000, 0x0000000171180000)
  object space 68608K, 26% used [0x000000011bc00000,0x000000011cd98f58,0x000000011ff00000)
 Metaspace       used 26457K, capacity 26836K, committed 27136K, reserved 1075200K
  class space    used 2159K, capacity 2276K, committed 2304K, reserved 1048576K
Event: 6.380 GC heap after
Heap after GC invocations=5 (full 1):
 PSYoungGen      total 62976K, used 5092K [0x0000000171180000, 0x0000000175c80000, 0x000000019bc00000)
  eden space 57856K, 0% used [0x0000000171180000,0x0000000171180000,0x0000000174a00000)
  from space 5120K, 99% used [0x0000000175780000,0x0000000175c790d8,0x0000000175c80000)
  to   space 5120K, 0% used [0x0000000175280000,0x0000000175280000,0x0000000175780000)
 ParOldGen       total 68608K, used 21619K [0x000000011bc00000, 0x000000011ff00000, 0x0000000171180000)
  object space 68608K, 31% used [0x000000011bc00000,0x000000011d11ceb0,0x000000011ff00000)
 Metaspace       used 26457K, capacity 26836K, committed 27136K, reserved 1075200K
  class space    used 2159K, capacity 2276K, committed 2304K, reserved 1048576K
}
Event: 9.605 GC heap before
{Heap before GC invocations=6 (full 1):
 PSYoungGen      total 62976K, used 62948K [0x0000000171180000, 0x0000000175c80000, 0x000000019bc00000)
  eden space 57856K, 100% used [0x0000000171180000,0x0000000174a00000,0x0000000174a00000)
  from space 5120K, 99% used [0x0000000175780000,0x0000000175c790d8,0x0000000175c80000)
  to   space 5120K, 0% used [0x0000000175280000,0x0000000175280000,0x0000000175780000)
 ParOldGen       total 68608K, used 21619K [0x000000011bc00000, 0x000000011ff00000, 0x0000000171180000)
  object space 68608K, 31% used [0x000000011bc00000,0x000000011d11ceb0,0x000000011ff00000)
 Metaspace       used 27066K, capacity 27389K, committed 27648K, reserved 1075200K
  class space    used 2159K, capacity 2276K, committed 2304K, reserved 1048576K
Event: 9.616 GC heap after
Heap after GC invocations=6 (full 1):
 PSYoungGen      total 71680K, used 5111K [0x0000000171180000, 0x0000000179080000, 0x000000019bc00000)
  eden space 66560K, 0% used [0x0000000171180000,0x0000000171180000,0x0000000175280000)
  from space 5120K, 99% used [0x0000000175280000,0x000000017577dca0,0x0000000175780000)
  to   space 16384K, 0% used [0x0000000178080000,0x0000000178080000,0x0000000179080000)
 ParOldGen       total 68608K, used 28961K [0x000000011bc00000, 0x000000011ff00000, 0x0000000171180000)
  object space 68608K, 42% used [0x000000011bc00000,0x000000011d848750,0x000000011ff00000)
 Metaspace       used 27066K, capacity 27389K, committed 27648K, reserved 1075200K
  class space    used 2159K, capacity 2276K, committed 2304K, reserved 1048576K
}
Event: 21.639 GC heap before
{Heap before GC invocations=7 (full 1):
 PSYoungGen      total 71680K, used 71671K [0x0000000171180000, 0x0000000179080000, 0x000000019bc00000)
  eden space 66560K, 100% used [0x0000000171180000,0x0000000175280000,0x0000000175280000)
  from space 5120K, 99% used [0x0000000175280000,0x000000017577dca0,0x0000000175780000)
  to   space 16384K, 0% used [0x0000000178080000,0x0000000178080000,0x0000000179080000)
 ParOldGen       total 68608K, used 28961K [0x000000011bc00000, 0x000000011ff00000, 0x0000000171180000)
  object space 68608K, 42% used [0x000000011bc00000,0x000000011d848750,0x000000011ff00000)
 Metaspace       used 27266K, capacity 27645K, committed 27904K, reserved 1075200K
  class space    used 2160K, capacity 2276K, committed 2304K, reserved 1048576K
Event: 21.663 GC heap after
Heap after GC invocations=7 (full 1):
 PSYoungGen      total 110592K, used 16215K [0x0000000171180000, 0x000000017a080000, 0x000000019bc00000)
  eden space 94208K, 0% used [0x0000000171180000,0x0000000171180000,0x0000000176d80000)
  from space 16384K, 98% used [0x0000000178080000,0x0000000179055cb0,0x0000000179080000)
  to   space 19456K, 0% used [0x0000000176d80000,0x0000000176d80000,0x0000000178080000)
 ParOldGen       total 68608K, used 28969K [0x000000011bc00000, 0x000000011ff00000, 0x0000000171180000)
  object space 68608K, 42% used [0x000000011bc00000,0x000000011d84a750,0x000000011ff00000)
 Metaspace       used 27266K, capacity 27645K, committed 27904K, reserved 1075200K
  class space    used 2160K, capacity 2276K, committed 2304K, reserved 1048576K
}
Event: 48.869 GC heap before
{Heap before GC invocations=8 (full 1):
 PSYoungGen      total 110592K, used 110423K [0x0000000171180000, 0x000000017a080000, 0x000000019bc00000)
  eden space 94208K, 100% used [0x0000000171180000,0x0000000176d80000,0x0000000176d80000)
  from space 16384K, 98% used [0x0000000178080000,0x0000000179055cb0,0x0000000179080000)
  to   space 19456K, 0% used [0x0000000176d80000,0x0000000176d80000,0x0000000178080000)
 ParOldGen       total 68608K, used 28969K [0x000000011bc00000, 0x000000011ff00000, 0x0000000171180000)
  object space 68608K, 42% used [0x000000011bc00000,0x000000011d84a750,0x000000011ff00000)
 Metaspace       used 27275K, capacity 27645K, committed 27904K, reserved 1075200K
  class space    used 2160K, capacity 2276K, committed 2304K, reserved 1048576K
Event: 48.900 GC heap after
Heap after GC invocations=8 (full 1):
 PSYoungGen      total 113664K, used 19447K [0x0000000171180000, 0x000000017cf00000, 0x000000019bc00000)
  eden space 94208K, 0% used [0x0000000171180000,0x0000000171180000,0x0000000176d80000)
  from space 19456K, 99% used [0x0000000176d80000,0x000000017807dcb0,0x0000000178080000)
  to   space 24064K, 0% used [0x000000017b780000,0x000000017b780000,0x000000017cf00000)
 ParOldGen       total 68608K, used 31409K [0x000000011bc00000, 0x000000011ff00000, 0x0000000171180000)
  object space 68608K, 45% used [0x000000011bc00000,0x000000011daac750,0x000000011ff00000)
 Metaspace       used 27275K, capacity 27645K, committed 27904K, reserved 1075200K
  class space    used 2160K, capacity 2276K, committed 2304K, reserved 1048576K
}
Event: 73.203 GC heap before
{Heap before GC invocations=9 (full 1):
 PSYoungGen      total 113664K, used 113655K [0x0000000171180000, 0x000000017cf00000, 0x000000019bc00000)
  eden space 94208K, 100% used [0x0000000171180000,0x0000000176d80000,0x0000000176d80000)
  from space 19456K, 99% used [0x0000000176d80000,0x000000017807dcb0,0x0000000178080000)
  to   space 24064K, 0% used [0x000000017b780000,0x000000017b780000,0x000000017cf00000)
 ParOldGen       total 68608K, used 31409K [0x000000011bc00000, 0x000000011ff00000, 0x0000000171180000)
  object space 68608K, 45% used [0x000000011bc00000,0x000000011daac750,0x000000011ff00000)
 Metaspace       used 27275K, capacity 27645K, committed 27904K, reserved 1075200K
  class space    used 2160K, capacity 2276K, committed 2304K, reserved 1048576K
Event: 73.236 GC heap after
Heap after GC invocations=9 (full 1):
 PSYoungGen      total 160768K, used 19456K [0x0000000171180000, 0x000000017cc00000, 0x000000019bc00000)
  eden space 139776K, 0% used [0x0000000171180000,0x0000000171180000,0x0000000179a00000)
  from space 20992K, 92% used [0x000000017b780000,0x000000017ca80080,0x000000017cc00000)
  to   space 25600K, 0% used [0x0000000179a00000,0x0000000179a00000,0x000000017b300000)
 ParOldGen       total 68608K, used 33985K [0x000000011bc00000, 0x000000011ff00000, 0x0000000171180000)
  object space 68608K, 49% used [0x000000011bc00000,0x000000011dd30458,0x000000011ff00000)
 Metaspace       used 27275K, capacity 27645K, committed 27904K, reserved 1075200K
  class space    used 2160K, capacity 2276K, committed 2304K, reserved 1048576K
}

Deoptimization events (10 events):
Event: 80.821 Thread 0x00007fe7f41ef800 Uncommon trap: reason=unstable_if action=reinterpret pc=0x000000010c61eacc method=java.lang.Math.round(D)J @ 31
Event: 80.821 Thread 0x00007fe7f41ef800 Uncommon trap: reason=unstable_if action=reinterpret pc=0x000000010c9993ac method=sun.java2d.SunGraphics2D.validateCompClip()V @ 9
Event: 80.822 Thread 0x00007fe7f3a77800 Uncommon trap: reason=unstable_if action=reinterpret pc=0x000000010cd1b1bc method=java.security.AccessControlContext.combine([Ljava/security/ProtectionDomain;[Ljava/security/ProtectionDomain;)[Ljava/security/ProtectionDomain; @ 151
Event: 80.826 Thread 0x00007fe7f41ef800 Uncommon trap: reason=unstable_if action=reinterpret pc=0x000000010c9f0b1c method=sun.java2d.pipe.Region.intersectsQuickCheck(Lsun/java2d/pipe/Region;)Z @ 41
Event: 80.837 Thread 0x00007fe7f3a77800 Uncommon trap: reason=unstable_if action=reinterpret pc=0x000000010cf7f190 method=processing.opengl.PGL.threadIsCurrent()Z @ 7
Event: 80.837 Thread 0x00007fe7f3a77800 Uncommon trap: reason=unstable_if action=reinterpret pc=0x000000010cf4cd48 method=processing.opengl.PGL.threadIsCurrent()Z @ 7
Event: 80.864 Thread 0x00007fe7f2805800 Uncommon trap: reason=unstable_if action=reinterpret pc=0x000000010c975b18 method=java.util.LinkedList$ListItr.<init>(Ljava/util/LinkedList;I)V @ 26
Event: 80.865 Thread 0x00007fe7f2805800 Uncommon trap: reason=unstable_if action=reinterpret pc=0x000000010cb5681c method=java.security.AccessControlContext.combine([Ljava/security/ProtectionDomain;[Ljava/security/ProtectionDomain;)[Ljava/security/ProtectionDomain; @ 151
Event: 80.866 Thread 0x00007fe7f2805800 Uncommon trap: reason=unstable_if action=reinterpret pc=0x000000010c7e6404 method=java.util.LinkedList$ListItr.<init>(Ljava/util/LinkedList;I)V @ 26
Event: 80.866 Thread 0x0000000257505800 Uncommon trap: reason=predicate action=maybe_recompile pc=0x000000010cc02bf4 method=java.util.Vector.indexOf(Ljava/lang/Object;I)I @ 44

Internal exceptions (10 events):
Event: 0.476 Thread 0x00007fe7f2805800 Exception <a 'java/io/FileNotFoundException'> (0x000000017145ed78) thrown at [/Users/java_re/workspace/8-2-build-macosx-x86_64/jdk8u131/8869/hotspot/src/share/vm/prims/jni.cpp, line 709]
Event: 0.604 Thread 0x00007fe7f2805800 Exception <a 'java/io/FileNotFoundException'> (0x000000017159eaf0) thrown at [/Users/java_re/workspace/8-2-build-macosx-x86_64/jdk8u131/8869/hotspot/src/share/vm/prims/jni.cpp, line 709]
Event: 2.361 Thread 0x00007fe7f3c6e800 Exception <a 'java/lang/UnsatisfiedLinkError': com.jogamp.common.util.JarUtil.fixNativeLibAttribs(Ljava/lang/String;)Z> (0x00000001728cc8d8) thrown at [/Users/java_re/workspace/8-2-build-macosx-x86_64/jdk8u131/8869/hotspot/src/share/vm/prims/nativeLookup.
Event: 2.679 Thread 0x00007fe7f2824800 Exception <a 'java/lang/NullPointerException'> (0x00000001712a1820) thrown at [/Users/java_re/workspace/8-2-build-macosx-x86_64/jdk8u131/8869/hotspot/src/share/vm/interpreter/linkResolver.cpp, line 1197]
Event: 3.467 Thread 0x00007fe7f2805800 Exception <a 'java/io/FileNotFoundException'> (0x0000000171de2398) thrown at [/Users/java_re/workspace/8-2-build-macosx-x86_64/jdk8u131/8869/hotspot/src/share/vm/prims/jni.cpp, line 709]
Event: 3.467 Thread 0x00007fe7f2805800 Exception <a 'java/io/FileNotFoundException'> (0x0000000171de9de8) thrown at [/Users/java_re/workspace/8-2-build-macosx-x86_64/jdk8u131/8869/hotspot/src/share/vm/prims/jni.cpp, line 709]
Event: 3.468 Thread 0x00007fe7f2805800 Implicit null exception at 0x000000010c64eaf4 to 0x000000010c64eeed
Event: 3.859 Thread 0x00007fe7f2805800 Implicit null exception at 0x000000010c843b06 to 0x000000010c843d4d
Event: 3.925 Thread 0x00007fe7f3355000 Implicit null exception at 0x000000010c64f8f5 to 0x000000010c64fcb9
Event: 4.239 Thread 0x00007fe7f2805800 Implicit null exception at 0x000000010c9a1e6b to 0x000000010c9a203d

Events (10 events):
Event: 80.866 loading class java/awt/Toolkit$ToolkitEventMulticaster done
Event: 80.866 Thread 0x00007fe7f2805800 Uncommon trap: trap_request=0xffffff65 fr.pc=0x000000010c7e6404
Event: 80.866 Thread 0x00007fe7f2805800 DEOPT PACKING pc=0x000000010c7e6404 sp=0x000000024b89f950
Event: 80.866 Thread 0x00007fe7f2805800 DEOPT UNPACKING pc=0x000000010c45a229 sp=0x000000024b89f8a8 mode 2
Event: 80.866 Thread 0x00007fe7f3a77800 Thread exited: 0x00007fe7f3a77800
Event: 80.866 Thread 0x0000000257505800 Uncommon trap: trap_request=0xffffff86 fr.pc=0x000000010cc02bf4
Event: 80.866 Thread 0x0000000257505800 DEOPT PACKING pc=0x000000010cc02bf4 sp=0x000000025a04a770
Event: 80.866 Thread 0x0000000257505800 DEOPT UNPACKING pc=0x000000010c45a229 sp=0x000000025a04a748 mode 2
Event: 80.867 loading class java/awt/Window$1DisposeAction
Event: 80.867 loading class java/awt/Window$1DisposeAction done


Dynamic libraries:
0x0000000004bff000 	/System/Library/Frameworks/Cocoa.framework/Versions/A/Cocoa
0x0000000004bff000 	/System/Library/Frameworks/Security.framework/Versions/A/Security
0x0000000004bff000 	/System/Library/Frameworks/ApplicationServices.framework/Versions/A/ApplicationServices
0x0000000004bff000 	/usr/lib/libz.1.dylib
0x0000000004bff000 	/usr/lib/libSystem.B.dylib
0x0000000004bff000 	/usr/lib/libobjc.A.dylib
0x0000000004bff000 	/System/Library/Frameworks/CoreFoundation.framework/Versions/A/CoreFoundation
0x0000000004bff000 	/System/Library/Frameworks/Foundation.framework/Versions/C/Foundation
0x0000000004bff000 	/System/Library/Frameworks/AppKit.framework/Versions/C/AppKit
0x0000000004bff000 	/System/Library/Frameworks/CoreData.framework/Versions/A/CoreData
0x0000000004bff000 	/System/Library/PrivateFrameworks/RemoteViewServices.framework/Versions/A/RemoteViewServices
0x0000000004bff000 	/System/Library/PrivateFrameworks/UIFoundation.framework/Versions/A/UIFoundation
0x0000000004bff000 	/System/Library/Frameworks/IOSurface.framework/Versions/A/IOSurface
0x0000000004bff000 	/System/Library/Frameworks/AudioToolbox.framework/Versions/A/AudioToolbox
0x0000000004bff000 	/System/Library/Frameworks/AudioUnit.framework/Versions/A/AudioUnit
0x0000000004bff000 	/System/Library/PrivateFrameworks/DataDetectorsCore.framework/Versions/A/DataDetectorsCore
0x0000000004bff000 	/System/Library/PrivateFrameworks/DesktopServicesPriv.framework/Versions/A/DesktopServicesPriv
0x0000000004bff000 	/System/Library/Frameworks/Carbon.framework/Versions/A/Frameworks/HIToolbox.framework/Versions/A/HIToolbox
0x0000000004bff000 	/System/Library/Frameworks/QuartzCore.framework/Versions/A/QuartzCore
0x0000000004bff000 	/System/Library/Frameworks/Carbon.framework/Versions/A/Frameworks/SpeechRecognition.framework/Versions/A/SpeechRecognition
0x0000000004bff000 	/usr/lib/libauto.dylib
0x0000000004bff000 	/usr/lib/libicucore.A.dylib
0x0000000004bff000 	/usr/lib/libxml2.2.dylib
0x0000000004bff000 	/System/Library/PrivateFrameworks/CoreUI.framework/Versions/A/CoreUI
0x0000000004bff000 	/System/Library/Frameworks/CoreAudio.framework/Versions/A/CoreAudio
0x0000000004bff000 	/System/Library/Frameworks/DiskArbitration.framework/Versions/A/DiskArbitration
0x0000000004bff000 	/usr/lib/liblangid.dylib
0x0000000004bff000 	/System/Library/PrivateFrameworks/MultitouchSupport.framework/Versions/A/MultitouchSupport
0x0000000004bff000 	/System/Library/Frameworks/IOKit.framework/Versions/A/IOKit
0x0000000004bff000 	/usr/lib/libDiagnosticMessagesClient.dylib
0x0000000004bff000 	/System/Library/Frameworks/CoreServices.framework/Versions/A/CoreServices
0x0000000004bff000 	/System/Library/PrivateFrameworks/PerformanceAnalysis.framework/Versions/A/PerformanceAnalysis
0x0000000004bff000 	/System/Library/PrivateFrameworks/GenerationalStorage.framework/Versions/A/GenerationalStorage
0x0000000004bff000 	/System/Library/Frameworks/OpenGL.framework/Versions/A/OpenGL
0x0000000004bff000 	/System/Library/PrivateFrameworks/Sharing.framework/Versions/A/Sharing
0x0000000004bff000 	/System/Library/Frameworks/CoreGraphics.framework/Versions/A/CoreGraphics
0x0000000004bff000 	/System/Library/Frameworks/CoreText.framework/Versions/A/CoreText
0x0000000004bff000 	/System/Library/Frameworks/ImageIO.framework/Versions/A/ImageIO
0x0000000004bff000 	/usr/lib/libextension.dylib
0x0000000004bff000 	/System/Library/PrivateFrameworks/Backup.framework/Versions/A/Backup
0x0000000004bff000 	/usr/lib/libarchive.2.dylib
0x0000000004bff000 	/System/Library/Frameworks/CFNetwork.framework/Versions/A/CFNetwork
0x0000000004bff000 	/System/Library/Frameworks/SystemConfiguration.framework/Versions/A/SystemConfiguration
0x0000000004bff000 	/usr/lib/libCRFSuite.dylib
0x0000000004bff000 	/usr/lib/libc++.1.dylib
0x0000000004bff000 	/usr/lib/libc++abi.dylib
0x0000000004bff000 	/usr/lib/system/libcache.dylib
0x0000000004bff000 	/usr/lib/system/libcommonCrypto.dylib
0x0000000004bff000 	/usr/lib/system/libcompiler_rt.dylib
0x0000000004bff000 	/usr/lib/system/libcopyfile.dylib
0x0000000004bff000 	/usr/lib/system/libcorecrypto.dylib
0x0000000004bff000 	/usr/lib/system/libdispatch.dylib
0x0000000004bff000 	/usr/lib/system/libdyld.dylib
0x0000000004bff000 	/usr/lib/system/libkeymgr.dylib
0x0000000004bff000 	/usr/lib/system/liblaunch.dylib
0x0000000004bff000 	/usr/lib/system/libmacho.dylib
0x0000000004bff000 	/usr/lib/system/libquarantine.dylib
0x0000000004bff000 	/usr/lib/system/libremovefile.dylib
0x0000000004bff000 	/usr/lib/system/libsystem_asl.dylib
0x0000000004bff000 	/usr/lib/system/libsystem_blocks.dylib
0x0000000004bff000 	/usr/lib/system/libsystem_c.dylib
0x0000000004bff000 	/usr/lib/system/libsystem_configuration.dylib
0x0000000004bff000 	/usr/lib/system/libsystem_coreservices.dylib
0x0000000004bff000 	/usr/lib/system/libsystem_coretls.dylib
0x0000000004bff000 	/usr/lib/system/libsystem_dnssd.dylib
0x0000000004bff000 	/usr/lib/system/libsystem_info.dylib
0x0000000004bff000 	/usr/lib/system/libsystem_kernel.dylib
0x0000000004bff000 	/usr/lib/system/libsystem_m.dylib
0x0000000004bff000 	/usr/lib/system/libsystem_malloc.dylib
0x0000000004bff000 	/usr/lib/system/libsystem_network.dylib
0x0000000004bff000 	/usr/lib/system/libsystem_networkextension.dylib
0x0000000004bff000 	/usr/lib/system/libsystem_notify.dylib
0x0000000004bff000 	/usr/lib/system/libsystem_platform.dylib
0x0000000004bff000 	/usr/lib/system/libsystem_pthread.dylib
0x0000000004bff000 	/usr/lib/system/libsystem_sandbox.dylib
0x0000000004bff000 	/usr/lib/system/libsystem_secinit.dylib
0x0000000004bff000 	/usr/lib/system/libsystem_stats.dylib
0x0000000004bff000 	/usr/lib/system/libsystem_trace.dylib
0x0000000004bff000 	/usr/lib/system/libunc.dylib
0x0000000004bff000 	/usr/lib/system/libunwind.dylib
0x0000000004bff000 	/usr/lib/system/libxpc.dylib
0x0000000004bff000 	/usr/lib/libbz2.1.0.dylib
0x0000000004bff000 	/usr/lib/liblzma.5.dylib
0x0000000004bff000 	/usr/lib/libbsm.0.dylib
0x0000000004bff000 	/usr/lib/libsqlite3.dylib
0x0000000004bff000 	/usr/lib/system/libkxld.dylib
0x0000000004bff000 	/usr/lib/libxar.1.dylib
0x0000000004bff000 	/usr/lib/libpam.2.dylib
0x0000000004bff000 	/usr/lib/libOpenScriptingUtil.dylib
0x0000000004bff000 	/System/Library/Frameworks/CoreServices.framework/Versions/A/Frameworks/FSEvents.framework/Versions/A/FSEvents
0x0000000004bff000 	/System/Library/Frameworks/CoreServices.framework/Versions/A/Frameworks/CarbonCore.framework/Versions/A/CarbonCore
0x0000000004bff000 	/System/Library/Frameworks/CoreServices.framework/Versions/A/Frameworks/Metadata.framework/Versions/A/Metadata
0x0000000004bff000 	/System/Library/Frameworks/CoreServices.framework/Versions/A/Frameworks/OSServices.framework/Versions/A/OSServices
0x0000000004bff000 	/System/Library/Frameworks/CoreServices.framework/Versions/A/Frameworks/SearchKit.framework/Versions/A/SearchKit
0x0000000004bff000 	/System/Library/Frameworks/CoreServices.framework/Versions/A/Frameworks/AE.framework/Versions/A/AE
0x0000000004bff000 	/System/Library/Frameworks/CoreServices.framework/Versions/A/Frameworks/LaunchServices.framework/Versions/A/LaunchServices
0x0000000004bff000 	/System/Library/Frameworks/CoreServices.framework/Versions/A/Frameworks/DictionaryServices.framework/Versions/A/DictionaryServices
0x0000000004bff000 	/System/Library/Frameworks/NetFS.framework/Versions/A/NetFS
0x0000000004bff000 	/System/Library/PrivateFrameworks/NetAuth.framework/Versions/A/NetAuth
0x0000000004bff000 	/System/Library/PrivateFrameworks/login.framework/Versions/A/Frameworks/loginsupport.framework/Versions/A/loginsupport
0x0000000004bff000 	/System/Library/PrivateFrameworks/TCC.framework/Versions/A/TCC
0x0000000004bff000 	/usr/lib/libmecabra.dylib
0x0000000004bff000 	/System/Library/Frameworks/ApplicationServices.framework/Versions/A/Frameworks/ATS.framework/Versions/A/ATS
0x0000000004bff000 	/System/Library/Frameworks/ApplicationServices.framework/Versions/A/Frameworks/ColorSync.framework/Versions/A/ColorSync
0x0000000004bff000 	/System/Library/Frameworks/ApplicationServices.framework/Versions/A/Frameworks/HIServices.framework/Versions/A/HIServices
0x0000000004bff000 	/System/Library/Frameworks/ApplicationServices.framework/Versions/A/Frameworks/LangAnalysis.framework/Versions/A/LangAnalysis
0x0000000004bff000 	/System/Library/Frameworks/ApplicationServices.framework/Versions/A/Frameworks/PrintCore.framework/Versions/A/PrintCore
0x0000000004bff000 	/System/Library/Frameworks/ApplicationServices.framework/Versions/A/Frameworks/QD.framework/Versions/A/QD
0x0000000004bff000 	/System/Library/Frameworks/ApplicationServices.framework/Versions/A/Frameworks/SpeechSynthesis.framework/Versions/A/SpeechSynthesis
0x0000000004bff000 	/System/Library/Frameworks/Accelerate.framework/Versions/A/Accelerate
0x0000000004bff000 	/System/Library/Frameworks/Accelerate.framework/Versions/A/Frameworks/vImage.framework/Versions/A/vImage
0x0000000004bff000 	/System/Library/Frameworks/Accelerate.framework/Versions/A/Frameworks/vecLib.framework/Versions/A/vecLib
0x0000000004bff000 	/System/Library/Frameworks/Accelerate.framework/Versions/A/Frameworks/vecLib.framework/Versions/A/libvDSP.dylib
0x0000000004bff000 	/System/Library/Frameworks/Accelerate.framework/Versions/A/Frameworks/vecLib.framework/Versions/A/libvMisc.dylib
0x0000000004bff000 	/System/Library/Frameworks/Accelerate.framework/Versions/A/Frameworks/vecLib.framework/Versions/A/libLAPACK.dylib
0x0000000004bff000 	/System/Library/Frameworks/Accelerate.framework/Versions/A/Frameworks/vecLib.framework/Versions/A/libBLAS.dylib
0x0000000004bff000 	/System/Library/Frameworks/Accelerate.framework/Versions/A/Frameworks/vecLib.framework/Versions/A/libLinearAlgebra.dylib
0x0000000004bff000 	/System/Library/Frameworks/ApplicationServices.framework/Versions/A/Frameworks/ATS.framework/Versions/A/Resources/libFontParser.dylib
0x0000000004bff000 	/System/Library/Frameworks/ApplicationServices.framework/Versions/A/Frameworks/ATS.framework/Versions/A/Resources/libFontRegistry.dylib
0x0000000004bff000 	/System/Library/PrivateFrameworks/AppleVPA.framework/Versions/A/AppleVPA
0x0000000004bff000 	/System/Library/PrivateFrameworks/AppleJPEG.framework/Versions/A/AppleJPEG
0x0000000004bff000 	/System/Library/Frameworks/ImageIO.framework/Versions/A/Resources/libJPEG.dylib
0x0000000004bff000 	/System/Library/Frameworks/ImageIO.framework/Versions/A/Resources/libTIFF.dylib
0x0000000004bff000 	/System/Library/Frameworks/ImageIO.framework/Versions/A/Resources/libPng.dylib
0x0000000004bff000 	/System/Library/Frameworks/ImageIO.framework/Versions/A/Resources/libGIF.dylib
0x0000000004bff000 	/System/Library/Frameworks/ImageIO.framework/Versions/A/Resources/libJP2.dylib
0x0000000004bff000 	/System/Library/Frameworks/ImageIO.framework/Versions/A/Resources/libRadiance.dylib
0x0000000004bff000 	/System/Library/Frameworks/CoreVideo.framework/Versions/A/CoreVideo
0x0000000004bff000 	/System/Library/Frameworks/OpenGL.framework/Versions/A/Libraries/libGLU.dylib
0x0000000004bff000 	/System/Library/Frameworks/OpenGL.framework/Versions/A/Libraries/libGFXShared.dylib
0x0000000004bff000 	/System/Library/Frameworks/OpenGL.framework/Versions/A/Libraries/libGL.dylib
0x0000000004bff000 	/System/Library/Frameworks/OpenGL.framework/Versions/A/Libraries/libGLImage.dylib
0x0000000004bff000 	/System/Library/Frameworks/OpenGL.framework/Versions/A/Libraries/libCVMSPluginSupport.dylib
0x0000000004bff000 	/System/Library/Frameworks/OpenGL.framework/Versions/A/Libraries/libCoreVMClient.dylib
0x0000000004bff000 	/usr/lib/libcups.2.dylib
0x0000000004bff000 	/System/Library/Frameworks/Kerberos.framework/Versions/A/Kerberos
0x0000000004bff000 	/System/Library/Frameworks/GSS.framework/Versions/A/GSS
0x0000000004bff000 	/usr/lib/libresolv.9.dylib
0x0000000004bff000 	/usr/lib/libiconv.2.dylib
0x0000000004bff000 	/System/Library/PrivateFrameworks/Heimdal.framework/Versions/A/Heimdal
0x0000000004bff000 	/usr/lib/libheimdal-asn1.dylib
0x0000000004bff000 	/System/Library/Frameworks/OpenDirectory.framework/Versions/A/OpenDirectory
0x0000000004bff000 	/System/Library/PrivateFrameworks/CommonAuth.framework/Versions/A/CommonAuth
0x0000000004bff000 	/System/Library/Frameworks/OpenDirectory.framework/Versions/A/Frameworks/CFOpenDirectory.framework/Versions/A/CFOpenDirectory
0x0000000004bff000 	/System/Library/Frameworks/SecurityFoundation.framework/Versions/A/SecurityFoundation
0x0000000004bff000 	/System/Library/PrivateFrameworks/LanguageModeling.framework/Versions/A/LanguageModeling
0x0000000004bff000 	/usr/lib/libcmph.dylib
0x0000000004bff000 	/System/Library/Frameworks/ServiceManagement.framework/Versions/A/ServiceManagement
0x0000000004bff000 	/usr/lib/libxslt.1.dylib
0x0000000004bff000 	/System/Library/Frameworks/Carbon.framework/Versions/A/Frameworks/Ink.framework/Versions/A/Ink
0x0000000004bff000 	/System/Library/Frameworks/QuartzCore.framework/Versions/A/Frameworks/CoreImage.framework/Versions/A/CoreImage
0x0000000004bff000 	/System/Library/PrivateFrameworks/CrashReporterSupport.framework/Versions/A/CrashReporterSupport
0x0000000004bff000 	/System/Library/Frameworks/OpenCL.framework/Versions/A/OpenCL
0x0000000004bff000 	/System/Library/PrivateFrameworks/FaceCore.framework/Versions/A/FaceCore
0x0000000004bff000 	/System/Library/PrivateFrameworks/Ubiquity.framework/Versions/A/Ubiquity
0x0000000004bff000 	/System/Library/PrivateFrameworks/IconServices.framework/Versions/A/IconServices
0x0000000004bff000 	/System/Library/PrivateFrameworks/ChunkingLibrary.framework/Versions/A/ChunkingLibrary
0x0000000004bff000 	/System/Library/PrivateFrameworks/Apple80211.framework/Versions/A/Apple80211
0x0000000004bff000 	/System/Library/Frameworks/CoreWLAN.framework/Versions/A/CoreWLAN
0x0000000004bff000 	/System/Library/Frameworks/IOBluetooth.framework/Versions/A/IOBluetooth
0x0000000004bff000 	/System/Library/PrivateFrameworks/CoreWiFi.framework/Versions/A/CoreWiFi
0x0000000004bff000 	/System/Library/Frameworks/CoreBluetooth.framework/Versions/A/CoreBluetooth
0x0000000004bff000 	/System/Library/PrivateFrameworks/DebugSymbols.framework/Versions/A/DebugSymbols
0x0000000004bff000 	/System/Library/PrivateFrameworks/CoreSymbolication.framework/Versions/A/CoreSymbolication
0x0000000004bff000 	/System/Library/PrivateFrameworks/Symbolication.framework/Versions/A/Symbolication
0x0000000004bff000 	/System/Library/PrivateFrameworks/SpeechRecognitionCore.framework/Versions/A/SpeechRecognitionCore
0x000000010ab42000 	/Library/Java/JavaVirtualMachines/jdk1.8.0_131.jdk/Contents/Home/jre/lib/server/libjvm.dylib
0x0000000004bff000 	/usr/lib/libstdc++.6.dylib
0x000000010c400000 	/Library/Java/JavaVirtualMachines/jdk1.8.0_131.jdk/Contents/Home/jre/lib/libverify.dylib
0x000000010c40e000 	/Library/Java/JavaVirtualMachines/jdk1.8.0_131.jdk/Contents/Home/jre/lib/libjava.dylib
0x000000010c44c000 	/Library/Java/JavaVirtualMachines/jdk1.8.0_131.jdk/Contents/Home/jre/lib/libzip.dylib
0x000000011b9e4000 	/System/Library/Frameworks/JavaVM.framework/Frameworks/JavaRuntimeSupport.framework/JavaRuntimeSupport
0x00000001e26ea000 	/System/Library/Frameworks/JavaVM.framework/Versions/A/Frameworks/JavaNativeFoundation.framework/Versions/A/JavaNativeFoundation
0x00000001e26ff000 	/System/Library/Frameworks/JavaVM.framework/Versions/A/JavaVM
0x0000000004bff000 	/System/Library/Frameworks/Carbon.framework/Versions/A/Carbon
0x00000001e270c000 	/System/Library/PrivateFrameworks/JavaLaunching.framework/Versions/A/JavaLaunching
0x0000000004bff000 	/System/Library/Frameworks/Carbon.framework/Versions/A/Frameworks/CommonPanels.framework/Versions/A/CommonPanels
0x0000000004bff000 	/System/Library/Frameworks/Carbon.framework/Versions/A/Frameworks/Help.framework/Versions/A/Help
0x0000000004bff000 	/System/Library/Frameworks/Carbon.framework/Versions/A/Frameworks/ImageCapture.framework/Versions/A/ImageCapture
0x0000000004bff000 	/System/Library/Frameworks/Carbon.framework/Versions/A/Frameworks/OpenScripting.framework/Versions/A/OpenScripting
0x0000000004bff000 	/System/Library/Frameworks/Carbon.framework/Versions/A/Frameworks/Print.framework/Versions/A/Print
0x0000000004bff000 	/System/Library/Frameworks/Carbon.framework/Versions/A/Frameworks/SecurityHI.framework/Versions/A/SecurityHI
0x00000001e463f000 	/Library/Java/JavaVirtualMachines/jdk1.8.0_131.jdk/Contents/Home/jre/lib/libawt.dylib
0x00000001e46e7000 	/Library/Java/JavaVirtualMachines/jdk1.8.0_131.jdk/Contents/Home/jre/lib/./libmlib_image.dylib
0x00000001e47b3000 	/Library/Java/JavaVirtualMachines/jdk1.8.0_131.jdk/Contents/Home/jre/lib/libawt_lwawt.dylib
0x00000001e486a000 	/Library/Java/JavaVirtualMachines/jdk1.8.0_131.jdk/Contents/Home/jre/lib/./libosxapp.dylib
0x0000000004bff000 	/System/Library/Frameworks/ExceptionHandling.framework/Versions/A/ExceptionHandling
0x0000000004bff000 	/System/Library/PrivateFrameworks/CoreServicesInternal.framework/Versions/A/CoreServicesInternal
0x0000000004bff000 	/System/Library/PrivateFrameworks/CloudDocs.framework/Versions/A/CloudDocs
0x0000000004bff000 	/System/Library/PrivateFrameworks/CoreDuet.framework/Versions/A/CoreDuet
0x0000000004bff000 	/System/Library/Frameworks/CloudKit.framework/Versions/A/CloudKit
0x0000000004bff000 	/System/Library/PrivateFrameworks/ProtocolBuffer.framework/Versions/A/ProtocolBuffer
0x0000000004bff000 	/System/Library/PrivateFrameworks/CoreDuetDaemonProtocol.framework/Versions/A/CoreDuetDaemonProtocol
0x0000000004bff000 	/System/Library/PrivateFrameworks/CoreDuetDebugLogging.framework/Versions/A/CoreDuetDebugLogging
0x0000000004bff000 	/System/Library/PrivateFrameworks/MMCS.framework/Versions/A/MMCS
0x0000000004bff000 	/System/Library/Frameworks/CoreLocation.framework/Versions/A/CoreLocation
0x0000000004bff000 	/System/Library/PrivateFrameworks/ProtectedCloudStorage.framework/Versions/A/ProtectedCloudStorage
0x0000000004bff000 	/System/Library/PrivateFrameworks/GeoServices.framework/Versions/A/GeoServices
0x00000001e60e3000 	/System/Library/Frameworks/CoreGraphics.framework/Versions/A/Resources/libCGCMS.A.dylib
0x00000001e6ec6000 	/System/Library/Frameworks/CoreGraphics.framework/Versions/A/Resources/libRIP.A.dylib
0x00000001e71fe000 	/System/Library/Frameworks/CoreGraphics.framework/Versions/A/Resources/libCGXType.A.dylib
0x0000000004bff000 	/System/Library/Frameworks/OpenCL.framework/Versions/A/Libraries/libcldcpuengine.dylib
0x0000000004bff000 	/System/Library/PrivateFrameworks/DiskImages.framework/Versions/A/DiskImages
0x0000000004bff000 	/System/Library/Frameworks/DiscRecording.framework/Versions/A/DiscRecording
0x0000000004bff000 	/usr/lib/libcsfde.dylib
0x0000000004bff000 	/usr/lib/libcurl.4.dylib
0x0000000004bff000 	/System/Library/PrivateFrameworks/MediaKit.framework/Versions/A/MediaKit
0x0000000004bff000 	/usr/lib/libCoreStorage.dylib
0x0000000004bff000 	/System/Library/PrivateFrameworks/EFILogin.framework/Versions/A/EFILogin
0x0000000004bff000 	/usr/lib/libutil.dylib
0x0000000004bff000 	/System/Library/PrivateFrameworks/FindMyDevice.framework/Versions/A/FindMyDevice
0x0000000004bff000 	/System/Library/Frameworks/LDAP.framework/Versions/A/LDAP
0x0000000004bff000 	/usr/lib/libsasl2.2.dylib
0x0000000004bff000 	/System/Library/PrivateFrameworks/CoreDaemon.framework/Versions/B/CoreDaemon
0x0000000004bff000 	/usr/lib/libcrypto.0.9.8.dylib
0x0000000004bff000 	/System/Library/PrivateFrameworks/AppleSRP.framework/Versions/A/AppleSRP
0x0000000004bff000 	/System/Library/PrivateFrameworks/TrustEvaluationAgent.framework/Versions/A/TrustEvaluationAgent
0x00000001e7c72000 	cl_kernels
0x00000001e7c74000 	/System/Library/Frameworks/OpenCL.framework/Versions/A/Libraries/ImageFormats/unorm8_bgra.dylib
0x00000001e7c64000 	cl_kernels
0x0000000004bff000 	/System/Library/PrivateFrameworks/FamilyControls.framework/Versions/A/FamilyControls
0x0000000004bff000 	/System/Library/PrivateFrameworks/CommerceKit.framework/Versions/A/Frameworks/CommerceCore.framework/Versions/A/CommerceCore
0x0000000004bff000 	/System/Library/PrivateFrameworks/SystemAdministration.framework/Versions/A/SystemAdministration
0x0000000004bff000 	/System/Library/PrivateFrameworks/AppContainer.framework/Versions/A/AppContainer
0x0000000004bff000 	/System/Library/PrivateFrameworks/SecCodeWrapper.framework/Versions/A/SecCodeWrapper
0x0000000004bff000 	/System/Library/Frameworks/DirectoryService.framework/Versions/A/DirectoryService
0x0000000004bff000 	/System/Library/PrivateFrameworks/LoginUIKit.framework/Versions/A/Frameworks/LoginUICore.framework/Versions/A/LoginUICore
0x0000000004bff000 	/usr/lib/libodfde.dylib
0x00000001e91b2000 	/System/Library/Frameworks/OpenGL.framework/Resources/GLEngine.bundle/GLEngine
0x0000000004bff000 	/System/Library/Frameworks/OpenGL.framework/Versions/A/Libraries/libGLProgrammability.dylib
0x00000001e939d000 	/System/Library/Extensions/AppleIntelHD4000GraphicsGLDriver.bundle/Contents/MacOS/AppleIntelHD4000GraphicsGLDriver
0x0000000004bff000 	/System/Library/PrivateFrameworks/IOAccelerator.framework/Versions/A/IOAccelerator
0x0000000004bff000 	/System/Library/PrivateFrameworks/GPUSupport.framework/Versions/A/Libraries/libGPUSupportMercury.dylib
0x00000001e99fc000 	/System/Library/Frameworks/OpenGL.framework/Resources//GLRendererFloat.bundle/GLRendererFloat
0x00000001ea849000 	/Library/Java/JavaVirtualMachines/jdk1.8.0_131.jdk/Contents/Home/jre/lib/libfontmanager.dylib
0x00000001ebb55000 	/Library/Java/JavaVirtualMachines/jdk1.8.0_131.jdk/Contents/Home/jre/lib/libosxui.dylib
0x00000001ebc18000 	/Library/Java/JavaVirtualMachines/jdk1.8.0_131.jdk/Contents/Home/jre/lib/libnet.dylib
0x00000001ebe12000 	/Library/Java/JavaVirtualMachines/jdk1.8.0_131.jdk/Contents/Home/jre/lib/libnio.dylib
0x0000000004bff000 	/System/Library/Frameworks/ApplicationServices.framework/Versions/A/Frameworks/ATS.framework/Versions/A/Resources/libTrueTypeScaler.dylib
0x000000024ad67000 	/private/var/folders/1w/_vhdnh917gsgl0z3c94cp27w0000gn/T/jogamp_0000/file_cache/jln2727016065641110093/jln1698618106044361124/libgluegen-rt.jnilib
0x000000024ad6c000 	/private/var/folders/1w/_vhdnh917gsgl0z3c94cp27w0000gn/T/jogamp_0000/file_cache/jln2727016065641110093/jln1698618106044361124/libnativewindow_awt.jnilib
0x000000024ad6f000 	/Library/Java/JavaVirtualMachines/jdk1.8.0_131.jdk/Contents/Home/jre/lib/libjawt.dylib
0x000000024ad72000 	/private/var/folders/1w/_vhdnh917gsgl0z3c94cp27w0000gn/T/jogamp_0000/file_cache/jln2727016065641110093/jln1698618106044361124/libnativewindow_macosx.jnilib
0x000000024ae3e000 	/private/var/folders/1w/_vhdnh917gsgl0z3c94cp27w0000gn/T/jogamp_0000/file_cache/jln2727016065641110093/jln1698618106044361124/libjogl_desktop.jnilib

VM Arguments:
jvm_args: -Djava.security.policy=java.policy.applet -Dfile.encoding=UTF-8 
java_command: sun.applet.AppletViewer module3.EarthquakeCityMap1493205952375.html
java_class_path (initial): /Users/dongpei/Desktop/Java/UCSD_OOinJava/UCSDUnfoldingMaps/build:/Users/dongpei/Desktop/Java/UCSD_OOinJava/UCSDUnfoldingMaps/lib/core.jar:/Users/dongpei/Desktop/Java/UCSD_OOinJava/UCSDUnfoldingMaps/lib/gluegen-rt.jar:/Users/dongpei/Desktop/Java/UCSD_OOinJava/UCSDUnfoldingMaps/lib/jogl-all.jar:/Users/dongpei/Desktop/Java/UCSD_OOinJava/UCSDUnfoldingMaps/lib/log4j-1.2.15.jar:/Users/dongpei/Desktop/Java/UCSD_OOinJava/UCSDUnfoldingMaps/lib/sqlite-jdbc-3.7.2.jar:/Users/dongpei/Desktop/Java/UCSD_OOinJava/UCSDUnfoldingMaps/lib/json4processing.jar:/Users/dongpei/Desktop/Java/UCSD_OOinJava/UCSDUnfoldingMaps/lib/libTUIO.jar:/Users/dongpei/Desktop/Java/UCSD_OOinJava/UCSDUnfoldingMaps/lib/unfolding.0.9.7-uscd.jar
Launcher Type: SUN_STANDARD

Environment Variables:
PATH=/usr/bin:/bin:/usr/sbin:/sbin
SHELL=/bin/bash
DISPLAY=/private/tmp/com.apple.launchd.uIYdWOxu9w/org.macosforge.xquartz:0

Signal Handlers:
SIGSEGV: [libjvm.dylib+0x5b1eb1], sa_mask[0]=11111111011111110111111111111111, sa_flags=SA_ONSTACK|SA_RESTART|SA_SIGINFO
SIGBUS: [libjvm.dylib+0x5b1eb1], sa_mask[0]=11111111011111110111111111111111, sa_flags=SA_RESTART|SA_SIGINFO
SIGFPE: [libjvm.dylib+0x488988], sa_mask[0]=11111111011111110111111111111111, sa_flags=SA_RESTART|SA_SIGINFO
SIGPIPE: [libjvm.dylib+0x488988], sa_mask[0]=11111111011111110111111111111111, sa_flags=SA_RESTART|SA_SIGINFO
SIGXFSZ: [libjvm.dylib+0x488988], sa_mask[0]=11111111011111110111111111111111, sa_flags=SA_RESTART|SA_SIGINFO
SIGILL: [libjvm.dylib+0x488988], sa_mask[0]=11111111011111110111111111111111, sa_flags=SA_RESTART|SA_SIGINFO
SIGUSR1: SIG_DFL, sa_mask[0]=00000000000000000000000000000000, sa_flags=none
SIGUSR2: [libjvm.dylib+0x4884a6], sa_mask[0]=00100000000000000000000000000000, sa_flags=SA_RESTART|SA_SIGINFO
SIGHUP: [libjvm.dylib+0x486a7d], sa_mask[0]=11111111011111110111111111111111, sa_flags=SA_RESTART|SA_SIGINFO
SIGINT: [libjvm.dylib+0x486a7d], sa_mask[0]=11111111011111110111111111111111, sa_flags=SA_RESTART|SA_SIGINFO
SIGTERM: [libjvm.dylib+0x486a7d], sa_mask[0]=11111111011111110111111111111111, sa_flags=SA_RESTART|SA_SIGINFO
SIGQUIT: [libjvm.dylib+0x486a7d], sa_mask[0]=11111111011111110111111111111111, sa_flags=SA_RESTART|SA_SIGINFO


---------------  S Y S T E M  ---------------

OS:Bsduname:Darwin 14.5.0 Darwin Kernel Version 14.5.0: Sun Sep 25 22:07:15 PDT 2016; root:xnu-2782.50.9~1/RELEASE_X86_64 x86_64
rlimit: STACK 8192k, CORE 0k, NPROC 709, NOFILE 10240, AS infinity
load average:2.88 2.87 2.55

CPU:total 4 (initial active 4) (2 cores per cpu, 2 threads per core) family 6 model 58 stepping 9, cmov, cx8, fxsr, mmx, sse, sse2, sse3, ssse3, sse4.1, sse4.2, popcnt, avx, aes, clmul, erms, ht, tsc, tscinvbit, tscinv

Memory: 4k page, physical 8388608k(122848k free)

/proc/meminfo:


vm_info: Java HotSpot(TM) 64-Bit Server VM (25.131-b11) for bsd-amd64 JRE (1.8.0_131-b11), built on Mar 15 2017 01:32:22 by "java_re" with gcc 4.2.1 (Based on Apple Inc. build 5658) (LLVM build 2336.11.00)

time: Wed Apr 26 06:27:14 2017
elapsed time: 81 seconds (0d 0h 1m 21s)

