#
# A fatal error has been detected by the Java Runtime Environment:
#
#  SIGSEGV (0xb) at pc=0x00007fff8f4700dd, pid=11413, tid=0x0000000000000713
#
# JRE version: Java(TM) SE Runtime Environment (8.0_131-b11) (build 1.8.0_131-b11)
# Java VM: Java HotSpot(TM) 64-Bit Server VM (25.131-b11 mixed mode bsd-amd64 compressed oops)
# Problematic frame:
# C  [libobjc.A.dylib+0x10dd]  objc_msgSend+0x1d
#
# Failed to write core dump. Core dumps have been disabled. To enable core dumping, try "ulimit -c unlimited" before starting Java again
#
# If you would like to submit a bug report, please visit:
#   http://bugreport.java.com/bugreport/crash.jsp
# The crash happened outside the Java Virtual Machine in native code.
# See problematic frame for where to report the bug.
#

---------------  T H R E A D  ---------------

Current thread (0x00007ff2f20a8800):  JavaThread "AWT-AppKit" daemon [_thread_in_native, id=1811, stack(0x00007fff5d00b000,0x00007fff5d80b000)]

siginfo: si_signo: 11 (SIGSEGV), si_code: 1 (SEGV_MAPERR), si_addr: 0x000007ff2f152ce0

Registers:
RAX=0x00007ff2f5f22b00, RBX=0x00000001824a6450, RCX=0x00000001232f0980, RDX=0x0000000122062540
RSP=0x00007fff5d806438, RBP=0x00007fff5d8064f0, RSI=0x00007fff8aebf40f, RDI=0x00007ff2f5c1b530
R8 =0x0000000000000000, R9 =0x0000000000000f50, R10=0x00007fff8aebf40f, R11=0x000007ff2f152cc8
R12=0x0000000000000000, R13=0x0000000185e321c0, R14=0x00000001824a6440, R15=0x00007ff2f20a8800
RIP=0x00007fff8f4700dd, EFLAGS=0x0000000000010202, ERR=0x0000000000000004
  TRAPNO=0x000000000000000e

Top of Stack: (sp=0x00007fff5d806438)
0x00007fff5d806438:   00000001824a4157 00007fff5d806490
0x00007fff5d806448:   0000000000000003 00007fff5d806470
0x00007fff5d806458:   0000000102ff36d2 0000000185e321c0
0x00007fff5d806468:   0000000185e321c0 00007ff2f5f22b00
0x00007fff5d806478:   00000001824a66a0 00000001824a6710
0x00007fff5d806488:   00007fff7704c550 00007fff76aacc80
0x00007fff5d806498:   00000001824a6450 00000001824a6690
0x00007fff5d8064a8:   00007ff2f5f22b00 00007ff2f5c1b530
0x00007fff5d8064b8:   00007ff2f68464b0 00007ff2f5f22b00
0x00007fff5d8064c8:   00007ff2f5c1b530 00007fff5d806578
0x00007fff5d8064d8:   00007ff2f20a89f8 0000000185e321c0
0x00007fff5d8064e8:   00007fff5d8065a0 00007fff5d806568
0x00007fff5d8064f8:   0000000103ebd9f4 0000000185e321c0
0x00007fff5d806508:   00007fff5d8065a0 00007fff5d806568
0x00007fff5d806518:   0000000103ebd787 0000000103ebd742
0x00007fff5d806528:   00007fff5d806528 0000000185e321c0
0x00007fff5d806538:   00007fff5d8065a0 0000000185e34df8
0x00007fff5d806548:   0000000000000000 0000000185e321c0
0x00007fff5d806558:   0000000000000000 00007fff5d806588
0x00007fff5d806568:   00007fff5d8065e8 0000000103eae2bd
0x00007fff5d806578:   0000000740c5aba8 0000000103eb7538
0x00007fff5d806588:   00007ff2f5f22b00 00007fff5d8065e8
0x00007fff5d806598:   00007ff2f5c1b530 0000000103eb8e02
0x00007fff5d8065a8:   00007fff5d8065a8 0000000185e3238a
0x00007fff5d8065b8:   00007fff5d806610 0000000185e34df8
0x00007fff5d8065c8:   0000000000000000 0000000185e32398
0x00007fff5d8065d8:   00007fff5d806588 00007fff5d8065f8
0x00007fff5d8065e8:   00007fff5d806658 0000000103eae2bd
0x00007fff5d8065f8:   00007ff2f5f22b00 0000000740c98688
0x00007fff5d806608:   00007ff2f5c1b530 0000000740c98688
0x00007fff5d806618:   00007fff5d806618 0000000187ebb0e6
0x00007fff5d806628:   00007fff5d806668 0000000187ebb1a0 

Instructions: (pc=0x00007fff8f4700dd)
0x00007fff8f4700bd:   00 00 00 48 85 ff 2e 74 7a 40 f6 c7 01 2e 75 7e
0x00007fff8f4700cd:   49 bb f8 ff ff ff ff 7f 00 00 4c 23 1f 49 89 f2
0x00007fff8f4700dd:   45 23 53 18 49 c1 e2 04 4d 03 53 10 49 3b 32 75
0x00007fff8f4700ed:   04 41 ff 62 08 49 83 3a 00 74 6a 4d 3b 53 10 74 

Register to memory mapping:

RAX=0x00007ff2f5f22b00 is an unknown value
RBX=0x00000001824a6450: Java_jogamp_nativewindow_macosx_OSXUtil_GetScreenRefreshRate0+0x1cf0 in /private/var/folders/1w/_vhdnh917gsgl0z3c94cp27w0000gn/T/jogamp_0000/file_cache/jln4624739603705514288/jln4405852005337483106/libnativewindow_macosx.jnilib at 0x000000018249f000
RCX=0x00000001232f0980 is an unknown value
RDX=0x0000000122062540 is an unknown value
RSP=0x00007fff5d806438 is pointing into the stack for thread: 0x00007ff2f20a8800
RBP=0x00007fff5d8064f0 is pointing into the stack for thread: 0x00007ff2f20a8800
RSI=0x00007fff8aebf40f is an unknown value
RDI=0x00007ff2f5c1b530 is an unknown value
R8 =0x0000000000000000 is an unknown value
R9 =0x0000000000000f50 is an unknown value
R10=0x00007fff8aebf40f is an unknown value
R11=0x000007ff2f152cc8 is an unknown value
R12=0x0000000000000000 is an unknown value
R13={method} {0x0000000185e321c0} 'UnsetJAWTRootSurfaceLayer0' '(JJ)V' in 'jogamp/nativewindow/jawt/macosx/MacOSXJAWTWindow'
R14=0x00000001824a6440: Java_jogamp_nativewindow_macosx_OSXUtil_GetScreenRefreshRate0+0x1ce0 in /private/var/folders/1w/_vhdnh917gsgl0z3c94cp27w0000gn/T/jogamp_0000/file_cache/jln4624739603705514288/jln4405852005337483106/libnativewindow_macosx.jnilib at 0x000000018249f000
R15=0x00007ff2f20a8800 is a thread


Stack: [0x00007fff5d00b000,0x00007fff5d80b000],  sp=0x00007fff5d806438,  free space=8173k
Native frames: (J=compiled Java code, j=interpreted, Vv=VM code, C=native code)
C  [libobjc.A.dylib+0x10dd]  objc_msgSend+0x1d
j  jogamp.nativewindow.jawt.macosx.MacOSXJAWTWindow.UnsetJAWTRootSurfaceLayer0(JJ)V+0
j  jogamp.nativewindow.jawt.macosx.MacOSXJAWTWindow.access$200(JJ)V+2
j  jogamp.nativewindow.jawt.macosx.MacOSXJAWTWindow$1.run()V+38
J 2777 C1 com.jogamp.common.util.RunnableTask.run()V (345 bytes) @ 0x0000000104893cb4 [0x0000000104893b20+0x194]
v  ~StubRoutines::call_stub
V  [libjvm.dylib+0x2ee5b6]
V  [libjvm.dylib+0x325765]
V  [libjvm.dylib+0x317f33]
C  [libnativewindow_macosx.jnilib+0x5326]  Java_jogamp_nativewindow_jawt_macosx_MacOSXJAWTWindow_UnsetJAWTRootSurfaceLayer0+0x2b6
C  [Foundation+0x92dd0]  __NSThreadPerformPerform+0x125
C  [CoreFoundation+0x80a01]  __CFRUNLOOP_IS_CALLING_OUT_TO_A_SOURCE0_PERFORM_FUNCTION__+0x11
C  [CoreFoundation+0x72c5c]  __CFRunLoopDoSources0+0x1dc
C  [CoreFoundation+0x721bf]  __CFRunLoopRun+0x39f
C  [CoreFoundation+0x71bd8]  CFRunLoopRunSpecific+0x128
C  [HIToolbox+0x3256f]  RunCurrentEventLoopInMode+0xeb
C  [HIToolbox+0x321ee]  ReceiveNextEventCommon+0xb3
C  [HIToolbox+0x3212b]  _BlockUntilNextEventMatchingListInModeWithFilter+0x47
C  [AppKit+0x918ab]  _DPSNextEvent+0x3d2
C  [AppKit+0x90e58]  -[NSApplication nextEventMatchingMask:untilDate:inMode:dequeue:]+0x15a
C  [libosxapp.dylib+0x23aa]  -[NSApplicationAWT nextEventMatchingMask:untilDate:inMode:dequeue:]+0x7c
C  [AppKit+0x86af3]  -[NSApplication run]+0x252
C  [libosxapp.dylib+0x214d]  +[NSApplicationAWT runAWTLoopWithApp:]+0x9c
C  [libawt_lwawt.dylib+0x45edf]  -[AWTStarter starter:]+0x389
C  [Foundation+0x92dd0]  __NSThreadPerformPerform+0x125
C  [CoreFoundation+0x80a01]  __CFRUNLOOP_IS_CALLING_OUT_TO_A_SOURCE0_PERFORM_FUNCTION__+0x11
C  [CoreFoundation+0x72b8d]  __CFRunLoopDoSources0+0x10d
C  [CoreFoundation+0x721bf]  __CFRunLoopRun+0x39f
C  [CoreFoundation+0x71bd8]  CFRunLoopRunSpecific+0x128
C  [java+0x6465]  CreateExecutionEnvironment+0x367
C  [java+0x218c]  JLI_Launch+0x7a0
C  [java+0x84c2]  main+0x65
C  [java+0x19e4]  start+0x34
C  0x0000000000000007

Java frames: (J=compiled Java code, j=interpreted, Vv=VM code)
j  jogamp.nativewindow.jawt.macosx.MacOSXJAWTWindow.UnsetJAWTRootSurfaceLayer0(JJ)V+0
j  jogamp.nativewindow.jawt.macosx.MacOSXJAWTWindow.access$200(JJ)V+2
j  jogamp.nativewindow.jawt.macosx.MacOSXJAWTWindow$1.run()V+38
J 2777 C1 com.jogamp.common.util.RunnableTask.run()V (345 bytes) @ 0x0000000104893cb4 [0x0000000104893b20+0x194]
v  ~StubRoutines::call_stub

---------------  P R O C E S S  ---------------

Java Threads: ( => current thread )
  0x00007ff2e48fd800 JavaThread "Thread-20" [_thread_blocked, id=34811, stack(0x000000018f0bc000,0x000000018f1bc000)]
  0x00007ff2f233a800 JavaThread "Animation Thread" [_thread_blocked, id=57371, stack(0x0000000182760000,0x0000000182860000)]
  0x00007ff2f310d800 JavaThread "AWT-EventQueue-1" [_thread_in_native, id=56747, stack(0x0000000182d5e000,0x0000000182e5e000)]
  0x00007ff2f2315000 JavaThread "DestroyJavaVM" [_thread_blocked, id=4867, stack(0x0000000103da4000,0x0000000103ea4000)]
  0x00007ff2f30c5800 JavaThread "AWT-EventQueue-0" [_thread_blocked, id=55563, stack(0x00000001230dc000,0x00000001231dc000)]
  0x00007ff2f20f9000 JavaThread "Java2D Disposer" daemon [_thread_blocked, id=50951, stack(0x0000000121978000,0x0000000121a78000)]
  0x00007ff2f20e9000 JavaThread "Java2D Queue Flusher" daemon [_thread_blocked, id=48911, stack(0x000000012075c000,0x000000012085c000)]
  0x00007ff2f282e000 JavaThread "AWT-Shutdown" [_thread_blocked, id=27923, stack(0x000000011d8a5000,0x000000011d9a5000)]
=>0x00007ff2f20a8800 JavaThread "AWT-AppKit" daemon [_thread_in_native, id=1811, stack(0x00007fff5d00b000,0x00007fff5d80b000)]
  0x00007ff2f1877000 JavaThread "Service Thread" daemon [_thread_blocked, id=18179, stack(0x000000011bbb9000,0x000000011bcb9000)]
  0x00007ff2f184e800 JavaThread "C1 CompilerThread2" daemon [_thread_blocked, id=17667, stack(0x000000011bab6000,0x000000011bbb6000)]
  0x00007ff2f281a000 JavaThread "C2 CompilerThread1" daemon [_thread_in_native, id=17155, stack(0x000000011b9b3000,0x000000011bab3000)]
  0x00007ff2f2818000 JavaThread "C2 CompilerThread0" daemon [_thread_blocked, id=16643, stack(0x000000011b8b0000,0x000000011b9b0000)]
  0x00007ff2f3001000 JavaThread "Signal Dispatcher" daemon [_thread_blocked, id=13331, stack(0x000000011b7ad000,0x000000011b8ad000)]
  0x00007ff2f300f000 JavaThread "Finalizer" daemon [_thread_blocked, id=11523, stack(0x0000000119d8c000,0x0000000119e8c000)]
  0x00007ff2f300c000 JavaThread "Reference Handler" daemon [_thread_blocked, id=11011, stack(0x0000000119c89000,0x0000000119d89000)]

Other Threads:
  0x00007ff2f300b800 VMThread [stack: 0x0000000119b86000,0x0000000119c86000] [id=10499]
  0x00007ff2f2037000 WatcherThread [stack: 0x000000011bcbc000,0x000000011bdbc000] [id=18691]

VM state:not at safepoint (normal execution)

VM Mutex/Monitor currently owned by a thread: None

Heap:
 PSYoungGen      total 138240K, used 59035K [0x0000000795580000, 0x000000079ef80000, 0x00000007c0000000)
  eden space 130048K, 39% used [0x0000000795580000,0x0000000798742e58,0x000000079d480000)
  from space 8192K, 98% used [0x000000079e780000,0x000000079ef64140,0x000000079ef80000)
  to   space 12288K, 0% used [0x000000079d780000,0x000000079d780000,0x000000079e380000)
 ParOldGen       total 70144K, used 21265K [0x0000000740000000, 0x0000000744480000, 0x0000000795580000)
  object space 70144K, 30% used [0x0000000740000000,0x00000007414c46d8,0x0000000744480000)
 Metaspace       used 27861K, capacity 28205K, committed 28544K, reserved 1075200K
  class space    used 2228K, capacity 2310K, committed 2432K, reserved 1048576K

Card table byte_map: [0x0000000113266000,0x0000000113667000] byte_map_base: 0x000000010f866000

Marking Bits: (ParMarkBitMap*) 0x00000001036f1ea0
 Begin Bits: [0x0000000113d1e000, 0x0000000115d1e000)
 End Bits:   [0x0000000115d1e000, 0x0000000117d1e000)

Polling page: 0x000000010254e000

CodeCache: size=245760Kb used=11139Kb max_used=11369Kb free=234620Kb
 bounds [0x0000000103ea6000, 0x00000001049f6000, 0x0000000112ea6000]
 total_blobs=3888 nmethods=2967 adapters=834
 compilation: enabled

Compilation events (10 events):
Event: 34.949 Thread 0x00007ff2f184e800 3326       3       sun.awt.AWTAccessor::getSequencedEventAccessor (4 bytes)
Event: 34.950 Thread 0x00007ff2f184e800 nmethod 3326 0x00000001041f8310 code [0x00000001041f8460, 0x00000001041f85b0]
Event: 34.951 Thread 0x00007ff2f184e800 3327       3       sun.awt.SunToolkit::setSystemGenerated (10 bytes)
Event: 34.952 Thread 0x00007ff2f184e800 nmethod 3327 0x00000001046d58d0 code [0x00000001046d5a60, 0x00000001046d5e28]
Event: 34.952 Thread 0x00007ff2f184e800 3328       3       java.awt.AWTEvent$1::setSystemGenerated (7 bytes)
Event: 34.952 Thread 0x00007ff2f184e800 nmethod 3328 0x00000001046d54d0 code [0x00000001046d5640, 0x00000001046d57f0]
Event: 34.952 Thread 0x00007ff2f184e800 3329       3       java.awt.AWTEvent::access$002 (7 bytes)
Event: 34.952 Thread 0x00007ff2f184e800 nmethod 3329 0x0000000104290a90 code [0x0000000104290be0, 0x0000000104290d30]
Event: 34.952 Thread 0x00007ff2f184e800 3330   !   3       sun.awt.PostEventQueue::postEvent (81 bytes)
Event: 34.953 Thread 0x00007ff2f184e800 nmethod 3330 0x00000001046d44d0 code [0x00000001046d46c0, 0x00000001046d5058]

GC Heap History (10 events):
Event: 6.728 GC heap before
{Heap before GC invocations=5 (full 1):
 PSYoungGen      total 38400K, used 33280K [0x0000000795580000, 0x000000079a080000, 0x00000007c0000000)
  eden space 33280K, 100% used [0x0000000795580000,0x0000000797600000,0x0000000797600000)
  from space 5120K, 0% used [0x0000000797600000,0x0000000797600000,0x0000000797b00000)
  to   space 5120K, 0% used [0x0000000799b80000,0x0000000799b80000,0x000000079a080000)
 ParOldGen       total 70144K, used 17527K [0x0000000740000000, 0x0000000744480000, 0x0000000795580000)
  object space 70144K, 24% used [0x0000000740000000,0x000000074111dfc0,0x0000000744480000)
 Metaspace       used 26347K, capacity 26692K, committed 26880K, reserved 1075200K
  class space    used 2149K, capacity 2246K, committed 2304K, reserved 1048576K
Event: 6.738 GC heap after
Heap after GC invocations=5 (full 1):
 PSYoungGen      total 60928K, used 5119K [0x0000000795580000, 0x000000079a080000, 0x00000007c0000000)
  eden space 55808K, 0% used [0x0000000795580000,0x0000000795580000,0x0000000798c00000)
  from space 5120K, 99% used [0x0000000799b80000,0x000000079a07fd78,0x000000079a080000)
  to   space 5120K, 0% used [0x0000000799680000,0x0000000799680000,0x0000000799b80000)
 ParOldGen       total 70144K, used 19342K [0x0000000740000000, 0x0000000744480000, 0x0000000795580000)
  object space 70144K, 27% used [0x0000000740000000,0x00000007412e3ad0,0x0000000744480000)
 Metaspace       used 26347K, capacity 26692K, committed 26880K, reserved 1075200K
  class space    used 2149K, capacity 2246K, committed 2304K, reserved 1048576K
}
Event: 9.177 GC heap before
{Heap before GC invocations=6 (full 1):
 PSYoungGen      total 60928K, used 60927K [0x0000000795580000, 0x000000079a080000, 0x00000007c0000000)
  eden space 55808K, 100% used [0x0000000795580000,0x0000000798c00000,0x0000000798c00000)
  from space 5120K, 99% used [0x0000000799b80000,0x000000079a07fd78,0x000000079a080000)
  to   space 5120K, 0% used [0x0000000799680000,0x0000000799680000,0x0000000799b80000)
 ParOldGen       total 70144K, used 19342K [0x0000000740000000, 0x0000000744480000, 0x0000000795580000)
  object space 70144K, 27% used [0x0000000740000000,0x00000007412e3ad0,0x0000000744480000)
 Metaspace       used 27426K, capacity 27757K, committed 28032K, reserved 1075200K
  class space    used 2220K, capacity 2310K, committed 2432K, reserved 1048576K
Event: 9.183 GC heap after
Heap after GC invocations=6 (full 1):
 PSYoungGen      total 71680K, used 5088K [0x0000000795580000, 0x000000079ca00000, 0x00000007c0000000)
  eden space 66560K, 0% used [0x0000000795580000,0x0000000795580000,0x0000000799680000)
  from space 5120K, 99% used [0x0000000799680000,0x0000000799b780b0,0x0000000799b80000)
  to   space 14336K, 0% used [0x000000079bc00000,0x000000079bc00000,0x000000079ca00000)
 ParOldGen       total 70144K, used 21249K [0x0000000740000000, 0x0000000744480000, 0x0000000795580000)
  object space 70144K, 30% used [0x0000000740000000,0x00000007414c06d8,0x0000000744480000)
 Metaspace       used 27426K, capacity 27757K, committed 28032K, reserved 1075200K
  class space    used 2220K, capacity 2310K, committed 2432K, reserved 1048576K
}
Event: 12.744 GC heap before
{Heap before GC invocations=7 (full 1):
 PSYoungGen      total 71680K, used 71648K [0x0000000795580000, 0x000000079ca00000, 0x00000007c0000000)
  eden space 66560K, 100% used [0x0000000795580000,0x0000000799680000,0x0000000799680000)
  from space 5120K, 99% used [0x0000000799680000,0x0000000799b780b0,0x0000000799b80000)
  to   space 14336K, 0% used [0x000000079bc00000,0x000000079bc00000,0x000000079ca00000)
 ParOldGen       total 70144K, used 21249K [0x0000000740000000, 0x0000000744480000, 0x0000000795580000)
  object space 70144K, 30% used [0x0000000740000000,0x00000007414c06d8,0x0000000744480000)
 Metaspace       used 27697K, capacity 28013K, committed 28288K, reserved 1075200K
  class space    used 2221K, capacity 2310K, committed 2432K, reserved 1048576K
Event: 12.752 GC heap after
Heap after GC invocations=7 (full 1):
 PSYoungGen      total 105984K, used 8096K [0x0000000795580000, 0x000000079d500000, 0x00000007c0000000)
  eden space 91648K, 0% used [0x0000000795580000,0x0000000795580000,0x000000079af00000)
  from space 14336K, 56% used [0x000000079bc00000,0x000000079c3e8150,0x000000079ca00000)
  to   space 13312K, 0% used [0x000000079af00000,0x000000079af00000,0x000000079bc00000)
 ParOldGen       total 70144K, used 21257K [0x0000000740000000, 0x0000000744480000, 0x0000000795580000)
  object space 70144K, 30% used [0x0000000740000000,0x00000007414c26d8,0x0000000744480000)
 Metaspace       used 27697K, capacity 28013K, committed 28288K, reserved 1075200K
  class space    used 2221K, capacity 2310K, committed 2432K, reserved 1048576K
}
Event: 21.478 GC heap before
{Heap before GC invocations=8 (full 1):
 PSYoungGen      total 105984K, used 99744K [0x0000000795580000, 0x000000079d500000, 0x00000007c0000000)
  eden space 91648K, 100% used [0x0000000795580000,0x000000079af00000,0x000000079af00000)
  from space 14336K, 56% used [0x000000079bc00000,0x000000079c3e8150,0x000000079ca00000)
  to   space 13312K, 0% used [0x000000079af00000,0x000000079af00000,0x000000079bc00000)
 ParOldGen       total 70144K, used 21257K [0x0000000740000000, 0x0000000744480000, 0x0000000795580000)
  object space 70144K, 30% used [0x0000000740000000,0x00000007414c26d8,0x0000000744480000)
 Metaspace       used 27816K, capacity 28141K, committed 28544K, reserved 1075200K
  class space    used 2221K, capacity 2310K, committed 2432K, reserved 1048576K
Event: 21.485 GC heap after
Heap after GC invocations=8 (full 1):
 PSYoungGen      total 104960K, used 8080K [0x0000000795580000, 0x000000079f400000, 0x00000007c0000000)
  eden space 91648K, 0% used [0x0000000795580000,0x0000000795580000,0x000000079af00000)
  from space 13312K, 60% used [0x000000079af00000,0x000000079b6e4140,0x000000079bc00000)
  to   space 12800K, 0% used [0x000000079e780000,0x000000079e780000,0x000000079f400000)
 ParOldGen       total 70144K, used 21257K [0x0000000740000000, 0x0000000744480000, 0x0000000795580000)
  object space 70144K, 30% used [0x0000000740000000,0x00000007414c26d8,0x0000000744480000)
 Metaspace       used 27816K, capacity 28141K, committed 28544K, reserved 1075200K
  class space    used 2221K, capacity 2310K, committed 2432K, reserved 1048576K
}
Event: 30.011 GC heap before
{Heap before GC invocations=9 (full 1):
 PSYoungGen      total 104960K, used 99728K [0x0000000795580000, 0x000000079f400000, 0x00000007c0000000)
  eden space 91648K, 100% used [0x0000000795580000,0x000000079af00000,0x000000079af00000)
  from space 13312K, 60% used [0x000000079af00000,0x000000079b6e4140,0x000000079bc00000)
  to   space 12800K, 0% used [0x000000079e780000,0x000000079e780000,0x000000079f400000)
 ParOldGen       total 70144K, used 21257K [0x0000000740000000, 0x0000000744480000, 0x0000000795580000)
  object space 70144K, 30% used [0x0000000740000000,0x00000007414c26d8,0x0000000744480000)
 Metaspace       used 27817K, capacity 28141K, committed 28544K, reserved 1075200K
  class space    used 2221K, capacity 2310K, committed 2432K, reserved 1048576K
Event: 30.016 GC heap after
Heap after GC invocations=9 (full 1):
 PSYoungGen      total 138240K, used 8080K [0x0000000795580000, 0x000000079ef80000, 0x00000007c0000000)
  eden space 130048K, 0% used [0x0000000795580000,0x0000000795580000,0x000000079d480000)
  from space 8192K, 98% used [0x000000079e780000,0x000000079ef64140,0x000000079ef80000)
  to   space 12288K, 0% used [0x000000079d780000,0x000000079d780000,0x000000079e380000)
 ParOldGen       total 70144K, used 21265K [0x0000000740000000, 0x0000000744480000, 0x0000000795580000)
  object space 70144K, 30% used [0x0000000740000000,0x00000007414c46d8,0x0000000744480000)
 Metaspace       used 27817K, capacity 28141K, committed 28544K, reserved 1075200K
  class space    used 2221K, capacity 2310K, committed 2432K, reserved 1048576K
}

Deoptimization events (10 events):
Event: 9.863 Thread 0x00007ff2f310d800 Uncommon trap: reason=unstable_if action=reinterpret pc=0x000000010453d5f0 method=processing.opengl.PGraphicsOpenGL$TessGeometry.polyIndexCheck(I)V @ 13
Event: 34.500 Thread 0x00007ff2f310d800 Uncommon trap: reason=unstable_if action=reinterpret pc=0x0000000104650dd4 method=de.fhpotsdam.unfolding.mapdisplay.Java2DMapDisplay.getTransformedPosition(FFZ)[F @ 1
Event: 34.911 Thread 0x00007ff2f1a2f800 Uncommon trap: reason=unstable_if action=reinterpret pc=0x00000001049d11d0 method=java.security.AccessControlContext.combine([Ljava/security/ProtectionDomain;[Ljava/security/ProtectionDomain;)[Ljava/security/ProtectionDomain; @ 151
Event: 34.914 Thread 0x00007ff2f30c5800 Uncommon trap: reason=unstable_if action=reinterpret pc=0x000000010449c41c method=sun.java2d.pipe.Region.isInsideQuickCheck(Lsun/java2d/pipe/Region;)Z @ 48
Event: 34.914 Thread 0x00007ff2f30c5800 Uncommon trap: reason=unstable_if action=reinterpret pc=0x000000010439ffa8 method=sun.java2d.pipe.Region.isInsideQuickCheck(Lsun/java2d/pipe/Region;)Z @ 48
Event: 34.915 Thread 0x00007ff2f30c5800 Uncommon trap: reason=unstable_if action=reinterpret pc=0x00000001045f07cc method=java.awt.Font.equals(Ljava/lang/Object;)Z @ 2
Event: 34.926 Thread 0x00007ff2f1a2f800 Uncommon trap: reason=unstable_if action=reinterpret pc=0x0000000104667f48 method=java.util.HashMap.putVal(ILjava/lang/Object;Ljava/lang/Object;ZZ)Ljava/lang/Object; @ 81
Event: 34.926 Thread 0x00007ff2f1a2f800 Uncommon trap: reason=unstable_if action=reinterpret pc=0x0000000104663614 method=java.util.HashMap.putVal(ILjava/lang/Object;Ljava/lang/Object;ZZ)Ljava/lang/Object; @ 81
Event: 34.947 Thread 0x00007ff2f310d800 Uncommon trap: reason=unstable_if action=reinterpret pc=0x000000010499cfd0 method=java.security.AccessControlContext.combine([Ljava/security/ProtectionDomain;[Ljava/security/ProtectionDomain;)[Ljava/security/ProtectionDomain; @ 151
Event: 34.949 Thread 0x00007ff2e48fd800 Uncommon trap: reason=predicate action=maybe_recompile pc=0x00000001044595a0 method=java.util.Vector.indexOf(Ljava/lang/Object;I)I @ 44

Internal exceptions (10 events):
Event: 0.880 Thread 0x00007ff2f3002000 Exception <a 'java/io/FileNotFoundException'> (0x000000079585e210) thrown at [/Users/java_re/workspace/8-2-build-macosx-x86_64/jdk8u131/8869/hotspot/src/share/vm/prims/jni.cpp, line 709]
Event: 0.881 Thread 0x00007ff2f3002000 Exception <a 'java/io/FileNotFoundException'> (0x000000079585ed80) thrown at [/Users/java_re/workspace/8-2-build-macosx-x86_64/jdk8u131/8869/hotspot/src/share/vm/prims/jni.cpp, line 709]
Event: 1.050 Thread 0x00007ff2f3002000 Exception <a 'java/io/FileNotFoundException'> (0x000000079599eaf0) thrown at [/Users/java_re/workspace/8-2-build-macosx-x86_64/jdk8u131/8869/hotspot/src/share/vm/prims/jni.cpp, line 709]
Event: 2.996 Thread 0x00007ff2f233a800 Exception <a 'java/lang/UnsatisfiedLinkError': com.jogamp.common.util.JarUtil.fixNativeLibAttribs(Ljava/lang/String;)Z> (0x0000000796c386d8) thrown at [/Users/java_re/workspace/8-2-build-macosx-x86_64/jdk8u131/8869/hotspot/src/share/vm/prims/nativeLookup.
Event: 3.324 Thread 0x00007ff2f300f000 Exception <a 'java/lang/NullPointerException'> (0x00000007956a34a0) thrown at [/Users/java_re/workspace/8-2-build-macosx-x86_64/jdk8u131/8869/hotspot/src/share/vm/interpreter/linkResolver.cpp, line 1197]
Event: 4.009 Thread 0x00007ff2f310d800 Exception <a 'java/io/FileNotFoundException'> (0x0000000796142a40) thrown at [/Users/java_re/workspace/8-2-build-macosx-x86_64/jdk8u131/8869/hotspot/src/share/vm/prims/jni.cpp, line 709]
Event: 4.009 Thread 0x00007ff2f310d800 Exception <a 'java/io/FileNotFoundException'> (0x000000079614a480) thrown at [/Users/java_re/workspace/8-2-build-macosx-x86_64/jdk8u131/8869/hotspot/src/share/vm/prims/jni.cpp, line 709]
Event: 4.009 Thread 0x00007ff2f310d800 Implicit null exception at 0x000000010408b9b6 to 0x000000010408bd81
Event: 4.793 Thread 0x00007ff2f310d800 Implicit null exception at 0x000000010426e086 to 0x000000010426e2cd
Event: 4.866 Thread 0x00007ff2f2bc4000 Implicit null exception at 0x0000000104095835 to 0x0000000104095bf9

Events (10 events):
Event: 34.948 loading class java/awt/event/AWTEventListenerProxy
Event: 34.948 loading class java/awt/event/AWTEventListenerProxy done
Event: 34.948 loading class java/awt/Toolkit$ToolkitEventMulticaster
Event: 34.948 loading class java/awt/Toolkit$ToolkitEventMulticaster done
Event: 34.949 Thread 0x00007ff2f1a2f800 Thread exited: 0x00007ff2f1a2f800
Event: 34.949 Thread 0x00007ff2e48fd800 Uncommon trap: trap_request=0xffffff86 fr.pc=0x00000001044595a0
Event: 34.949 Thread 0x00007ff2e48fd800 DEOPT PACKING pc=0x00000001044595a0 sp=0x000000018f1bb830
Event: 34.949 Thread 0x00007ff2e48fd800 DEOPT UNPACKING pc=0x0000000103eab229 sp=0x000000018f1bb748 mode 2
Event: 34.949 loading class java/awt/Window$1DisposeAction
Event: 34.949 loading class java/awt/Window$1DisposeAction done


Dynamic libraries:
0x0000000004bff000 	/System/Library/Frameworks/Cocoa.framework/Versions/A/Cocoa
0x0000000004bff000 	/System/Library/Frameworks/Security.framework/Versions/A/Security
0x0000000004bff000 	/System/Library/Frameworks/ApplicationServices.framework/Versions/A/ApplicationServices
0x0000000004bff000 	/usr/lib/libz.1.dylib
0x0000000004bff000 	/usr/lib/libSystem.B.dylib
0x0000000004bff000 	/usr/lib/libobjc.A.dylib
0x0000000004bff000 	/System/Library/Frameworks/CoreFoundation.framework/Versions/A/CoreFoundation
0x0000000004bff000 	/System/Library/Frameworks/Foundation.framework/Versions/C/Foundation
0x0000000004bff000 	/System/Library/Frameworks/AppKit.framework/Versions/C/AppKit
0x0000000004bff000 	/System/Library/Frameworks/CoreData.framework/Versions/A/CoreData
0x0000000004bff000 	/System/Library/PrivateFrameworks/RemoteViewServices.framework/Versions/A/RemoteViewServices
0x0000000004bff000 	/System/Library/PrivateFrameworks/UIFoundation.framework/Versions/A/UIFoundation
0x0000000004bff000 	/System/Library/Frameworks/IOSurface.framework/Versions/A/IOSurface
0x0000000004bff000 	/System/Library/Frameworks/AudioToolbox.framework/Versions/A/AudioToolbox
0x0000000004bff000 	/System/Library/Frameworks/AudioUnit.framework/Versions/A/AudioUnit
0x0000000004bff000 	/System/Library/PrivateFrameworks/DataDetectorsCore.framework/Versions/A/DataDetectorsCore
0x0000000004bff000 	/System/Library/PrivateFrameworks/DesktopServicesPriv.framework/Versions/A/DesktopServicesPriv
0x0000000004bff000 	/System/Library/Frameworks/Carbon.framework/Versions/A/Frameworks/HIToolbox.framework/Versions/A/HIToolbox
0x0000000004bff000 	/System/Library/Frameworks/QuartzCore.framework/Versions/A/QuartzCore
0x0000000004bff000 	/System/Library/Frameworks/Carbon.framework/Versions/A/Frameworks/SpeechRecognition.framework/Versions/A/SpeechRecognition
0x0000000004bff000 	/usr/lib/libauto.dylib
0x0000000004bff000 	/usr/lib/libicucore.A.dylib
0x0000000004bff000 	/usr/lib/libxml2.2.dylib
0x0000000004bff000 	/System/Library/PrivateFrameworks/CoreUI.framework/Versions/A/CoreUI
0x0000000004bff000 	/System/Library/Frameworks/CoreAudio.framework/Versions/A/CoreAudio
0x0000000004bff000 	/System/Library/Frameworks/DiskArbitration.framework/Versions/A/DiskArbitration
0x0000000004bff000 	/usr/lib/liblangid.dylib
0x0000000004bff000 	/System/Library/PrivateFrameworks/MultitouchSupport.framework/Versions/A/MultitouchSupport
0x0000000004bff000 	/System/Library/Frameworks/IOKit.framework/Versions/A/IOKit
0x0000000004bff000 	/usr/lib/libDiagnosticMessagesClient.dylib
0x0000000004bff000 	/System/Library/Frameworks/CoreServices.framework/Versions/A/CoreServices
0x0000000004bff000 	/System/Library/PrivateFrameworks/PerformanceAnalysis.framework/Versions/A/PerformanceAnalysis
0x0000000004bff000 	/System/Library/PrivateFrameworks/GenerationalStorage.framework/Versions/A/GenerationalStorage
0x0000000004bff000 	/System/Library/Frameworks/OpenGL.framework/Versions/A/OpenGL
0x0000000004bff000 	/System/Library/PrivateFrameworks/Sharing.framework/Versions/A/Sharing
0x0000000004bff000 	/System/Library/Frameworks/CoreGraphics.framework/Versions/A/CoreGraphics
0x0000000004bff000 	/System/Library/Frameworks/CoreText.framework/Versions/A/CoreText
0x0000000004bff000 	/System/Library/Frameworks/ImageIO.framework/Versions/A/ImageIO
0x0000000004bff000 	/usr/lib/libextension.dylib
0x0000000004bff000 	/System/Library/PrivateFrameworks/Backup.framework/Versions/A/Backup
0x0000000004bff000 	/usr/lib/libarchive.2.dylib
0x0000000004bff000 	/System/Library/Frameworks/CFNetwork.framework/Versions/A/CFNetwork
0x0000000004bff000 	/System/Library/Frameworks/SystemConfiguration.framework/Versions/A/SystemConfiguration
0x0000000004bff000 	/usr/lib/libCRFSuite.dylib
0x0000000004bff000 	/usr/lib/libc++.1.dylib
0x0000000004bff000 	/usr/lib/libc++abi.dylib
0x0000000004bff000 	/usr/lib/system/libcache.dylib
0x0000000004bff000 	/usr/lib/system/libcommonCrypto.dylib
0x0000000004bff000 	/usr/lib/system/libcompiler_rt.dylib
0x0000000004bff000 	/usr/lib/system/libcopyfile.dylib
0x0000000004bff000 	/usr/lib/system/libcorecrypto.dylib
0x0000000004bff000 	/usr/lib/system/libdispatch.dylib
0x0000000004bff000 	/usr/lib/system/libdyld.dylib
0x0000000004bff000 	/usr/lib/system/libkeymgr.dylib
0x0000000004bff000 	/usr/lib/system/liblaunch.dylib
0x0000000004bff000 	/usr/lib/system/libmacho.dylib
0x0000000004bff000 	/usr/lib/system/libquarantine.dylib
0x0000000004bff000 	/usr/lib/system/libremovefile.dylib
0x0000000004bff000 	/usr/lib/system/libsystem_asl.dylib
0x0000000004bff000 	/usr/lib/system/libsystem_blocks.dylib
0x0000000004bff000 	/usr/lib/system/libsystem_c.dylib
0x0000000004bff000 	/usr/lib/system/libsystem_configuration.dylib
0x0000000004bff000 	/usr/lib/system/libsystem_coreservices.dylib
0x0000000004bff000 	/usr/lib/system/libsystem_coretls.dylib
0x0000000004bff000 	/usr/lib/system/libsystem_dnssd.dylib
0x0000000004bff000 	/usr/lib/system/libsystem_info.dylib
0x0000000004bff000 	/usr/lib/system/libsystem_kernel.dylib
0x0000000004bff000 	/usr/lib/system/libsystem_m.dylib
0x0000000004bff000 	/usr/lib/system/libsystem_malloc.dylib
0x0000000004bff000 	/usr/lib/system/libsystem_network.dylib
0x0000000004bff000 	/usr/lib/system/libsystem_networkextension.dylib
0x0000000004bff000 	/usr/lib/system/libsystem_notify.dylib
0x0000000004bff000 	/usr/lib/system/libsystem_platform.dylib
0x0000000004bff000 	/usr/lib/system/libsystem_pthread.dylib
0x0000000004bff000 	/usr/lib/system/libsystem_sandbox.dylib
0x0000000004bff000 	/usr/lib/system/libsystem_secinit.dylib
0x0000000004bff000 	/usr/lib/system/libsystem_stats.dylib
0x0000000004bff000 	/usr/lib/system/libsystem_trace.dylib
0x0000000004bff000 	/usr/lib/system/libunc.dylib
0x0000000004bff000 	/usr/lib/system/libunwind.dylib
0x0000000004bff000 	/usr/lib/system/libxpc.dylib
0x0000000004bff000 	/usr/lib/libbz2.1.0.dylib
0x0000000004bff000 	/usr/lib/liblzma.5.dylib
0x0000000004bff000 	/usr/lib/libbsm.0.dylib
0x0000000004bff000 	/usr/lib/libsqlite3.dylib
0x0000000004bff000 	/usr/lib/system/libkxld.dylib
0x0000000004bff000 	/usr/lib/libxar.1.dylib
0x0000000004bff000 	/usr/lib/libpam.2.dylib
0x0000000004bff000 	/usr/lib/libOpenScriptingUtil.dylib
0x0000000004bff000 	/System/Library/Frameworks/CoreServices.framework/Versions/A/Frameworks/FSEvents.framework/Versions/A/FSEvents
0x0000000004bff000 	/System/Library/Frameworks/CoreServices.framework/Versions/A/Frameworks/CarbonCore.framework/Versions/A/CarbonCore
0x0000000004bff000 	/System/Library/Frameworks/CoreServices.framework/Versions/A/Frameworks/Metadata.framework/Versions/A/Metadata
0x0000000004bff000 	/System/Library/Frameworks/CoreServices.framework/Versions/A/Frameworks/OSServices.framework/Versions/A/OSServices
0x0000000004bff000 	/System/Library/Frameworks/CoreServices.framework/Versions/A/Frameworks/SearchKit.framework/Versions/A/SearchKit
0x0000000004bff000 	/System/Library/Frameworks/CoreServices.framework/Versions/A/Frameworks/AE.framework/Versions/A/AE
0x0000000004bff000 	/System/Library/Frameworks/CoreServices.framework/Versions/A/Frameworks/LaunchServices.framework/Versions/A/LaunchServices
0x0000000004bff000 	/System/Library/Frameworks/CoreServices.framework/Versions/A/Frameworks/DictionaryServices.framework/Versions/A/DictionaryServices
0x0000000004bff000 	/System/Library/Frameworks/NetFS.framework/Versions/A/NetFS
0x0000000004bff000 	/System/Library/PrivateFrameworks/NetAuth.framework/Versions/A/NetAuth
0x0000000004bff000 	/System/Library/PrivateFrameworks/login.framework/Versions/A/Frameworks/loginsupport.framework/Versions/A/loginsupport
0x0000000004bff000 	/System/Library/PrivateFrameworks/TCC.framework/Versions/A/TCC
0x0000000004bff000 	/usr/lib/libmecabra.dylib
0x0000000004bff000 	/System/Library/Frameworks/ApplicationServices.framework/Versions/A/Frameworks/ATS.framework/Versions/A/ATS
0x0000000004bff000 	/System/Library/Frameworks/ApplicationServices.framework/Versions/A/Frameworks/ColorSync.framework/Versions/A/ColorSync
0x0000000004bff000 	/System/Library/Frameworks/ApplicationServices.framework/Versions/A/Frameworks/HIServices.framework/Versions/A/HIServices
0x0000000004bff000 	/System/Library/Frameworks/ApplicationServices.framework/Versions/A/Frameworks/LangAnalysis.framework/Versions/A/LangAnalysis
0x0000000004bff000 	/System/Library/Frameworks/ApplicationServices.framework/Versions/A/Frameworks/PrintCore.framework/Versions/A/PrintCore
0x0000000004bff000 	/System/Library/Frameworks/ApplicationServices.framework/Versions/A/Frameworks/QD.framework/Versions/A/QD
0x0000000004bff000 	/System/Library/Frameworks/ApplicationServices.framework/Versions/A/Frameworks/SpeechSynthesis.framework/Versions/A/SpeechSynthesis
0x0000000004bff000 	/System/Library/Frameworks/Accelerate.framework/Versions/A/Accelerate
0x0000000004bff000 	/System/Library/Frameworks/Accelerate.framework/Versions/A/Frameworks/vImage.framework/Versions/A/vImage
0x0000000004bff000 	/System/Library/Frameworks/Accelerate.framework/Versions/A/Frameworks/vecLib.framework/Versions/A/vecLib
0x0000000004bff000 	/System/Library/Frameworks/Accelerate.framework/Versions/A/Frameworks/vecLib.framework/Versions/A/libvDSP.dylib
0x0000000004bff000 	/System/Library/Frameworks/Accelerate.framework/Versions/A/Frameworks/vecLib.framework/Versions/A/libvMisc.dylib
0x0000000004bff000 	/System/Library/Frameworks/Accelerate.framework/Versions/A/Frameworks/vecLib.framework/Versions/A/libLAPACK.dylib
0x0000000004bff000 	/System/Library/Frameworks/Accelerate.framework/Versions/A/Frameworks/vecLib.framework/Versions/A/libBLAS.dylib
0x0000000004bff000 	/System/Library/Frameworks/Accelerate.framework/Versions/A/Frameworks/vecLib.framework/Versions/A/libLinearAlgebra.dylib
0x0000000004bff000 	/System/Library/Frameworks/ApplicationServices.framework/Versions/A/Frameworks/ATS.framework/Versions/A/Resources/libFontParser.dylib
0x0000000004bff000 	/System/Library/Frameworks/ApplicationServices.framework/Versions/A/Frameworks/ATS.framework/Versions/A/Resources/libFontRegistry.dylib
0x0000000004bff000 	/System/Library/PrivateFrameworks/AppleVPA.framework/Versions/A/AppleVPA
0x0000000004bff000 	/System/Library/PrivateFrameworks/AppleJPEG.framework/Versions/A/AppleJPEG
0x0000000004bff000 	/System/Library/Frameworks/ImageIO.framework/Versions/A/Resources/libJPEG.dylib
0x0000000004bff000 	/System/Library/Frameworks/ImageIO.framework/Versions/A/Resources/libTIFF.dylib
0x0000000004bff000 	/System/Library/Frameworks/ImageIO.framework/Versions/A/Resources/libPng.dylib
0x0000000004bff000 	/System/Library/Frameworks/ImageIO.framework/Versions/A/Resources/libGIF.dylib
0x0000000004bff000 	/System/Library/Frameworks/ImageIO.framework/Versions/A/Resources/libJP2.dylib
0x0000000004bff000 	/System/Library/Frameworks/ImageIO.framework/Versions/A/Resources/libRadiance.dylib
0x0000000004bff000 	/System/Library/Frameworks/CoreVideo.framework/Versions/A/CoreVideo
0x0000000004bff000 	/System/Library/Frameworks/OpenGL.framework/Versions/A/Libraries/libGLU.dylib
0x0000000004bff000 	/System/Library/Frameworks/OpenGL.framework/Versions/A/Libraries/libGFXShared.dylib
0x0000000004bff000 	/System/Library/Frameworks/OpenGL.framework/Versions/A/Libraries/libGL.dylib
0x0000000004bff000 	/System/Library/Frameworks/OpenGL.framework/Versions/A/Libraries/libGLImage.dylib
0x0000000004bff000 	/System/Library/Frameworks/OpenGL.framework/Versions/A/Libraries/libCVMSPluginSupport.dylib
0x0000000004bff000 	/System/Library/Frameworks/OpenGL.framework/Versions/A/Libraries/libCoreVMClient.dylib
0x0000000004bff000 	/usr/lib/libcups.2.dylib
0x0000000004bff000 	/System/Library/Frameworks/Kerberos.framework/Versions/A/Kerberos
0x0000000004bff000 	/System/Library/Frameworks/GSS.framework/Versions/A/GSS
0x0000000004bff000 	/usr/lib/libresolv.9.dylib
0x0000000004bff000 	/usr/lib/libiconv.2.dylib
0x0000000004bff000 	/System/Library/PrivateFrameworks/Heimdal.framework/Versions/A/Heimdal
0x0000000004bff000 	/usr/lib/libheimdal-asn1.dylib
0x0000000004bff000 	/System/Library/Frameworks/OpenDirectory.framework/Versions/A/OpenDirectory
0x0000000004bff000 	/System/Library/PrivateFrameworks/CommonAuth.framework/Versions/A/CommonAuth
0x0000000004bff000 	/System/Library/Frameworks/OpenDirectory.framework/Versions/A/Frameworks/CFOpenDirectory.framework/Versions/A/CFOpenDirectory
0x0000000004bff000 	/System/Library/Frameworks/SecurityFoundation.framework/Versions/A/SecurityFoundation
0x0000000004bff000 	/System/Library/PrivateFrameworks/LanguageModeling.framework/Versions/A/LanguageModeling
0x0000000004bff000 	/usr/lib/libcmph.dylib
0x0000000004bff000 	/System/Library/Frameworks/ServiceManagement.framework/Versions/A/ServiceManagement
0x0000000004bff000 	/usr/lib/libxslt.1.dylib
0x0000000004bff000 	/System/Library/Frameworks/Carbon.framework/Versions/A/Frameworks/Ink.framework/Versions/A/Ink
0x0000000004bff000 	/System/Library/Frameworks/QuartzCore.framework/Versions/A/Frameworks/CoreImage.framework/Versions/A/CoreImage
0x0000000004bff000 	/System/Library/PrivateFrameworks/CrashReporterSupport.framework/Versions/A/CrashReporterSupport
0x0000000004bff000 	/System/Library/Frameworks/OpenCL.framework/Versions/A/OpenCL
0x0000000004bff000 	/System/Library/PrivateFrameworks/FaceCore.framework/Versions/A/FaceCore
0x0000000004bff000 	/System/Library/PrivateFrameworks/Ubiquity.framework/Versions/A/Ubiquity
0x0000000004bff000 	/System/Library/PrivateFrameworks/IconServices.framework/Versions/A/IconServices
0x0000000004bff000 	/System/Library/PrivateFrameworks/ChunkingLibrary.framework/Versions/A/ChunkingLibrary
0x0000000004bff000 	/System/Library/PrivateFrameworks/Apple80211.framework/Versions/A/Apple80211
0x0000000004bff000 	/System/Library/Frameworks/CoreWLAN.framework/Versions/A/CoreWLAN
0x0000000004bff000 	/System/Library/Frameworks/IOBluetooth.framework/Versions/A/IOBluetooth
0x0000000004bff000 	/System/Library/PrivateFrameworks/CoreWiFi.framework/Versions/A/CoreWiFi
0x0000000004bff000 	/System/Library/Frameworks/CoreBluetooth.framework/Versions/A/CoreBluetooth
0x0000000004bff000 	/System/Library/PrivateFrameworks/DebugSymbols.framework/Versions/A/DebugSymbols
0x0000000004bff000 	/System/Library/PrivateFrameworks/CoreSymbolication.framework/Versions/A/CoreSymbolication
0x0000000004bff000 	/System/Library/PrivateFrameworks/Symbolication.framework/Versions/A/Symbolication
0x0000000004bff000 	/System/Library/PrivateFrameworks/SpeechRecognitionCore.framework/Versions/A/SpeechRecognitionCore
0x0000000102e00000 	/Library/Java/JavaVirtualMachines/jdk1.8.0_131.jdk/Contents/Home/jre/lib/server/libjvm.dylib
0x0000000004bff000 	/usr/lib/libstdc++.6.dylib
0x000000010250b000 	/Library/Java/JavaVirtualMachines/jdk1.8.0_131.jdk/Contents/Home/jre/lib/libverify.dylib
0x0000000102519000 	/Library/Java/JavaVirtualMachines/jdk1.8.0_131.jdk/Contents/Home/jre/lib/libjava.dylib
0x0000000102558000 	/Library/Java/JavaVirtualMachines/jdk1.8.0_131.jdk/Contents/Home/jre/lib/libzip.dylib
0x0000000119e8e000 	/System/Library/Frameworks/JavaVM.framework/Frameworks/JavaRuntimeSupport.framework/JavaRuntimeSupport
0x0000000119ea6000 	/System/Library/Frameworks/JavaVM.framework/Versions/A/Frameworks/JavaNativeFoundation.framework/Versions/A/JavaNativeFoundation
0x00000001025f2000 	/System/Library/Frameworks/JavaVM.framework/Versions/A/JavaVM
0x0000000004bff000 	/System/Library/Frameworks/Carbon.framework/Versions/A/Carbon
0x0000000119ebb000 	/System/Library/PrivateFrameworks/JavaLaunching.framework/Versions/A/JavaLaunching
0x0000000004bff000 	/System/Library/Frameworks/Carbon.framework/Versions/A/Frameworks/CommonPanels.framework/Versions/A/CommonPanels
0x0000000004bff000 	/System/Library/Frameworks/Carbon.framework/Versions/A/Frameworks/Help.framework/Versions/A/Help
0x0000000004bff000 	/System/Library/Frameworks/Carbon.framework/Versions/A/Frameworks/ImageCapture.framework/Versions/A/ImageCapture
0x0000000004bff000 	/System/Library/Frameworks/Carbon.framework/Versions/A/Frameworks/OpenScripting.framework/Versions/A/OpenScripting
0x0000000004bff000 	/System/Library/Frameworks/Carbon.framework/Versions/A/Frameworks/Print.framework/Versions/A/Print
0x0000000004bff000 	/System/Library/Frameworks/Carbon.framework/Versions/A/Frameworks/SecurityHI.framework/Versions/A/SecurityHI
0x000000011bdf0000 	/Library/Java/JavaVirtualMachines/jdk1.8.0_131.jdk/Contents/Home/jre/lib/libawt.dylib
0x000000011be98000 	/Library/Java/JavaVirtualMachines/jdk1.8.0_131.jdk/Contents/Home/jre/lib/./libmlib_image.dylib
0x000000011bf64000 	/Library/Java/JavaVirtualMachines/jdk1.8.0_131.jdk/Contents/Home/jre/lib/libawt_lwawt.dylib
0x000000011c01b000 	/Library/Java/JavaVirtualMachines/jdk1.8.0_131.jdk/Contents/Home/jre/lib/./libosxapp.dylib
0x0000000004bff000 	/System/Library/Frameworks/ExceptionHandling.framework/Versions/A/ExceptionHandling
0x0000000004bff000 	/System/Library/PrivateFrameworks/CoreServicesInternal.framework/Versions/A/CoreServicesInternal
0x0000000004bff000 	/System/Library/PrivateFrameworks/CloudDocs.framework/Versions/A/CloudDocs
0x0000000004bff000 	/System/Library/PrivateFrameworks/CoreDuet.framework/Versions/A/CoreDuet
0x0000000004bff000 	/System/Library/Frameworks/CloudKit.framework/Versions/A/CloudKit
0x0000000004bff000 	/System/Library/PrivateFrameworks/ProtocolBuffer.framework/Versions/A/ProtocolBuffer
0x0000000004bff000 	/System/Library/PrivateFrameworks/CoreDuetDaemonProtocol.framework/Versions/A/CoreDuetDaemonProtocol
0x0000000004bff000 	/System/Library/PrivateFrameworks/CoreDuetDebugLogging.framework/Versions/A/CoreDuetDebugLogging
0x0000000004bff000 	/System/Library/PrivateFrameworks/MMCS.framework/Versions/A/MMCS
0x0000000004bff000 	/System/Library/Frameworks/CoreLocation.framework/Versions/A/CoreLocation
0x0000000004bff000 	/System/Library/PrivateFrameworks/ProtectedCloudStorage.framework/Versions/A/ProtectedCloudStorage
0x0000000004bff000 	/System/Library/PrivateFrameworks/GeoServices.framework/Versions/A/GeoServices
0x000000011d895000 	/System/Library/Frameworks/CoreGraphics.framework/Versions/A/Resources/libCGCMS.A.dylib
0x000000011e678000 	/System/Library/Frameworks/CoreGraphics.framework/Versions/A/Resources/libRIP.A.dylib
0x000000011e9b0000 	/System/Library/Frameworks/CoreGraphics.framework/Versions/A/Resources/libCGXType.A.dylib
0x0000000004bff000 	/System/Library/Frameworks/OpenCL.framework/Versions/A/Libraries/libcldcpuengine.dylib
0x0000000004bff000 	/System/Library/PrivateFrameworks/DiskImages.framework/Versions/A/DiskImages
0x0000000004bff000 	/System/Library/Frameworks/DiscRecording.framework/Versions/A/DiscRecording
0x0000000004bff000 	/usr/lib/libcsfde.dylib
0x0000000004bff000 	/usr/lib/libcurl.4.dylib
0x0000000004bff000 	/System/Library/PrivateFrameworks/MediaKit.framework/Versions/A/MediaKit
0x0000000004bff000 	/usr/lib/libCoreStorage.dylib
0x0000000004bff000 	/System/Library/PrivateFrameworks/EFILogin.framework/Versions/A/EFILogin
0x0000000004bff000 	/usr/lib/libutil.dylib
0x0000000004bff000 	/System/Library/PrivateFrameworks/FindMyDevice.framework/Versions/A/FindMyDevice
0x0000000004bff000 	/System/Library/Frameworks/LDAP.framework/Versions/A/LDAP
0x0000000004bff000 	/usr/lib/libsasl2.2.dylib
0x0000000004bff000 	/System/Library/PrivateFrameworks/CoreDaemon.framework/Versions/B/CoreDaemon
0x0000000004bff000 	/usr/lib/libcrypto.0.9.8.dylib
0x0000000004bff000 	/System/Library/PrivateFrameworks/AppleSRP.framework/Versions/A/AppleSRP
0x0000000004bff000 	/System/Library/PrivateFrameworks/TrustEvaluationAgent.framework/Versions/A/TrustEvaluationAgent
0x000000011f424000 	cl_kernels
0x000000011f426000 	/System/Library/Frameworks/OpenCL.framework/Versions/A/Libraries/ImageFormats/unorm8_bgra.dylib
0x000000011f416000 	cl_kernels
0x0000000004bff000 	/System/Library/PrivateFrameworks/FamilyControls.framework/Versions/A/FamilyControls
0x0000000004bff000 	/System/Library/PrivateFrameworks/CommerceKit.framework/Versions/A/Frameworks/CommerceCore.framework/Versions/A/CommerceCore
0x0000000004bff000 	/System/Library/PrivateFrameworks/SystemAdministration.framework/Versions/A/SystemAdministration
0x0000000004bff000 	/System/Library/PrivateFrameworks/AppContainer.framework/Versions/A/AppContainer
0x0000000004bff000 	/System/Library/PrivateFrameworks/SecCodeWrapper.framework/Versions/A/SecCodeWrapper
0x0000000004bff000 	/System/Library/Frameworks/DirectoryService.framework/Versions/A/DirectoryService
0x0000000004bff000 	/System/Library/PrivateFrameworks/LoginUIKit.framework/Versions/A/Frameworks/LoginUICore.framework/Versions/A/LoginUICore
0x0000000004bff000 	/usr/lib/libodfde.dylib
0x000000012085e000 	/System/Library/Frameworks/OpenGL.framework/Resources/GLEngine.bundle/GLEngine
0x0000000004bff000 	/System/Library/Frameworks/OpenGL.framework/Versions/A/Libraries/libGLProgrammability.dylib
0x0000000120a49000 	/System/Library/Extensions/AppleIntelHD4000GraphicsGLDriver.bundle/Contents/MacOS/AppleIntelHD4000GraphicsGLDriver
0x0000000004bff000 	/System/Library/PrivateFrameworks/IOAccelerator.framework/Versions/A/IOAccelerator
0x0000000004bff000 	/System/Library/PrivateFrameworks/GPUSupport.framework/Versions/A/Libraries/libGPUSupportMercury.dylib
0x00000001210a8000 	/System/Library/Frameworks/OpenGL.framework/Resources//GLRendererFloat.bundle/GLRendererFloat
0x0000000121ef5000 	/Library/Java/JavaVirtualMachines/jdk1.8.0_131.jdk/Contents/Home/jre/lib/libfontmanager.dylib
0x0000000123282000 	/Library/Java/JavaVirtualMachines/jdk1.8.0_131.jdk/Contents/Home/jre/lib/libosxui.dylib
0x0000000123345000 	/Library/Java/JavaVirtualMachines/jdk1.8.0_131.jdk/Contents/Home/jre/lib/libnet.dylib
0x000000012353f000 	/Library/Java/JavaVirtualMachines/jdk1.8.0_131.jdk/Contents/Home/jre/lib/libnio.dylib
0x0000000004bff000 	/System/Library/Frameworks/ApplicationServices.framework/Versions/A/Frameworks/ATS.framework/Versions/A/Resources/libTrueTypeScaler.dylib
0x0000000182494000 	/private/var/folders/1w/_vhdnh917gsgl0z3c94cp27w0000gn/T/jogamp_0000/file_cache/jln4624739603705514288/jln4405852005337483106/libgluegen-rt.jnilib
0x0000000182499000 	/private/var/folders/1w/_vhdnh917gsgl0z3c94cp27w0000gn/T/jogamp_0000/file_cache/jln4624739603705514288/jln4405852005337483106/libnativewindow_awt.jnilib
0x000000018249c000 	/Library/Java/JavaVirtualMachines/jdk1.8.0_131.jdk/Contents/Home/jre/lib/libjawt.dylib
0x000000018249f000 	/private/var/folders/1w/_vhdnh917gsgl0z3c94cp27w0000gn/T/jogamp_0000/file_cache/jln4624739603705514288/jln4405852005337483106/libnativewindow_macosx.jnilib
0x0000000182617000 	/private/var/folders/1w/_vhdnh917gsgl0z3c94cp27w0000gn/T/jogamp_0000/file_cache/jln4624739603705514288/jln4405852005337483106/libjogl_desktop.jnilib
0x0000000186be1000 	/Library/Java/JavaVirtualMachines/jdk1.8.0_131.jdk/Contents/Home/jre/lib/libt2k.dylib

VM Arguments:
jvm_args: -Djava.security.policy=java.policy.applet -Dfile.encoding=UTF-8 
java_command: sun.applet.AppletViewer module5.EarthquakeCityMap1494086200096.html
java_class_path (initial): /Users/dongpei/Desktop/Java/UCSD_OOinJava/UCSDUnfoldingMaps/build:/Users/dongpei/Desktop/Java/UCSD_OOinJava/UCSDUnfoldingMaps/lib/core.jar:/Users/dongpei/Desktop/Java/UCSD_OOinJava/UCSDUnfoldingMaps/lib/gluegen-rt.jar:/Users/dongpei/Desktop/Java/UCSD_OOinJava/UCSDUnfoldingMaps/lib/jogl-all.jar:/Users/dongpei/Desktop/Java/UCSD_OOinJava/UCSDUnfoldingMaps/lib/log4j-1.2.15.jar:/Users/dongpei/Desktop/Java/UCSD_OOinJava/UCSDUnfoldingMaps/lib/sqlite-jdbc-3.7.2.jar:/Users/dongpei/Desktop/Java/UCSD_OOinJava/UCSDUnfoldingMaps/lib/json4processing.jar:/Users/dongpei/Desktop/Java/UCSD_OOinJava/UCSDUnfoldingMaps/lib/libTUIO.jar:/Users/dongpei/Desktop/Java/UCSD_OOinJava/UCSDUnfoldingMaps/lib/unfolding.0.9.7-uscd.jar
Launcher Type: SUN_STANDARD

Environment Variables:
PATH=/usr/bin:/bin:/usr/sbin:/sbin
SHELL=/bin/bash
DISPLAY=/private/tmp/com.apple.launchd.uIYdWOxu9w/org.macosforge.xquartz:0

Signal Handlers:
SIGSEGV: [libjvm.dylib+0x5b1eb1], sa_mask[0]=11111111011111110111111111111111, sa_flags=SA_ONSTACK|SA_RESTART|SA_SIGINFO
SIGBUS: [libjvm.dylib+0x5b1eb1], sa_mask[0]=11111111011111110111111111111111, sa_flags=SA_RESTART|SA_SIGINFO
SIGFPE: [libjvm.dylib+0x488988], sa_mask[0]=11111111011111110111111111111111, sa_flags=SA_RESTART|SA_SIGINFO
SIGPIPE: [libjvm.dylib+0x488988], sa_mask[0]=11111111011111110111111111111111, sa_flags=SA_RESTART|SA_SIGINFO
SIGXFSZ: [libjvm.dylib+0x488988], sa_mask[0]=11111111011111110111111111111111, sa_flags=SA_RESTART|SA_SIGINFO
SIGILL: [libjvm.dylib+0x488988], sa_mask[0]=11111111011111110111111111111111, sa_flags=SA_RESTART|SA_SIGINFO
SIGUSR1: SIG_DFL, sa_mask[0]=00000000000000000000000000000000, sa_flags=none
SIGUSR2: [libjvm.dylib+0x4884a6], sa_mask[0]=00100000000000000000000000000000, sa_flags=SA_RESTART|SA_SIGINFO
SIGHUP: [libjvm.dylib+0x486a7d], sa_mask[0]=11111111011111110111111111111111, sa_flags=SA_RESTART|SA_SIGINFO
SIGINT: [libjvm.dylib+0x486a7d], sa_mask[0]=11111111011111110111111111111111, sa_flags=SA_RESTART|SA_SIGINFO
SIGTERM: [libjvm.dylib+0x486a7d], sa_mask[0]=11111111011111110111111111111111, sa_flags=SA_RESTART|SA_SIGINFO
SIGQUIT: [libjvm.dylib+0x486a7d], sa_mask[0]=11111111011111110111111111111111, sa_flags=SA_RESTART|SA_SIGINFO


---------------  S Y S T E M  ---------------

OS:Bsduname:Darwin 14.5.0 Darwin Kernel Version 14.5.0: Sun Sep 25 22:07:15 PDT 2016; root:xnu-2782.50.9~1/RELEASE_X86_64 x86_64
rlimit: STACK 8192k, CORE 0k, NPROC 709, NOFILE 10240, AS infinity
load average:1.86 1.67 1.77

CPU:total 4 (initial active 4) (2 cores per cpu, 2 threads per core) family 6 model 58 stepping 9, cmov, cx8, fxsr, mmx, sse, sse2, sse3, ssse3, sse4.1, sse4.2, popcnt, avx, aes, clmul, erms, ht, tsc, tscinvbit, tscinv

Memory: 4k page, physical 8388608k(32612k free)

/proc/meminfo:


vm_info: Java HotSpot(TM) 64-Bit Server VM (25.131-b11) for bsd-amd64 JRE (1.8.0_131-b11), built on Mar 15 2017 01:32:22 by "java_re" with gcc 4.2.1 (Based on Apple Inc. build 5658) (LLVM build 2336.11.00)

time: Sat May  6 10:57:15 2017
elapsed time: 35 seconds (0d 0h 0m 35s)

