#
# A fatal error has been detected by the Java Runtime Environment:
#
#  SIGSEGV (0xb) at pc=0x00007fff8f4700dd, pid=1211, tid=0x0000000000000713
#
# JRE version: Java(TM) SE Runtime Environment (8.0_131-b11) (build 1.8.0_131-b11)
# Java VM: Java HotSpot(TM) 64-Bit Server VM (25.131-b11 mixed mode bsd-amd64 compressed oops)
# Problematic frame:
# C  [libobjc.A.dylib+0x10dd]  objc_msgSend+0x1d
#
# Failed to write core dump. Core dumps have been disabled. To enable core dumping, try "ulimit -c unlimited" before starting Java again
#
# If you would like to submit a bug report, please visit:
#   http://bugreport.java.com/bugreport/crash.jsp
# The crash happened outside the Java Virtual Machine in native code.
# See problematic frame for where to report the bug.
#

---------------  T H R E A D  ---------------

Current thread (0x00007f9225170000):  JavaThread "AWT-AppKit" daemon [_thread_in_native, id=1811, stack(0x00007fff54bcb000,0x00007fff553cb000)]

siginfo: si_signo: 11 (SIGSEGV), si_code: 1 (SEGV_MAPERR), si_addr: 0x0000000000000018

Registers:
RAX=0x00007f9228d9dd60, RBX=0x000000018a8cc450, RCX=0x000000012b511f60, RDX=0x000000012b5116c0
RSP=0x00007fff553c6448, RBP=0x00007fff553c6500, RSI=0x00007fff8aebf40f, RDI=0x00007f9228e36c80
R8 =0x0000000000000000, R9 =0x0000000000000f50, R10=0x00007fff8aebf40f, R11=0x0000000000000000
R12=0x0000000000000000, R13=0x000000018d963b90, R14=0x000000018a8cc440, R15=0x00007f9225170000
RIP=0x00007fff8f4700dd, EFLAGS=0x0000000000010246, ERR=0x0000000000000004
  TRAPNO=0x000000000000000e

Top of Stack: (sp=0x00007fff553c6448)
0x00007fff553c6448:   000000018a8ca157 00007fff553c64a0
0x00007fff553c6458:   0000000000000003 00007fff553c6480
0x00007fff553c6468:   000000010b3f36d2 000000018d963b90
0x00007fff553c6478:   000000018d963b90 00007f9228d9dd60
0x00007fff553c6488:   000000018a8cc6a0 000000018a8cc710
0x00007fff553c6498:   00007fff7704c550 00007fff76aacc80
0x00007fff553c64a8:   000000018a8cc450 000000018a8cc690
0x00007fff553c64b8:   00007f9228d9dd60 00007f9228e36c80
0x00007fff553c64c8:   00007f9223d4a870 00007f9228d9dd60
0x00007fff553c64d8:   00007f9228e36c80 00007fff553c6588
0x00007fff553c64e8:   00007f92251701f8 000000018d963b90
0x00007fff553c64f8:   00007fff553c65b0 00007fff553c6578
0x00007fff553c6508:   000000010c2bd9f4 000000018d963b90
0x00007fff553c6518:   00007fff553c65b0 00007fff553c6578
0x00007fff553c6528:   000000010c2bd787 000000010c2bd742
0x00007fff553c6538:   00007fff553c6538 000000018d963b90
0x00007fff553c6548:   00007fff553c65b0 000000018d9667c8
0x00007fff553c6558:   0000000000000000 000000018d963b90
0x00007fff553c6568:   0000000000000000 00007fff553c6598
0x00007fff553c6578:   00007fff553c65f8 000000010c2ae2bd
0x00007fff553c6588:   0000000740a61cf8 000000010c2b7538
0x00007fff553c6598:   00007f9228d9dd60 00007fff553c65f8
0x00007fff553c65a8:   00007f9228e36c80 000000010c2b8e02
0x00007fff553c65b8:   00007fff553c65b8 000000018d963d5a
0x00007fff553c65c8:   00007fff553c6620 000000018d9667c8
0x00007fff553c65d8:   0000000000000000 000000018d963d68
0x00007fff553c65e8:   00007fff553c6598 00007fff553c6608
0x00007fff553c65f8:   00007fff553c6668 000000010c2ae2bd
0x00007fff553c6608:   00007f9228d9dd60 0000000740b369a8
0x00007fff553c6618:   00007f9228e36c80 0000000740b369a8
0x00007fff553c6628:   00007fff553c6628 00000001916fba2e
0x00007fff553c6638:   00007fff553c6678 00000001916fbae8 

Instructions: (pc=0x00007fff8f4700dd)
0x00007fff8f4700bd:   00 00 00 48 85 ff 2e 74 7a 40 f6 c7 01 2e 75 7e
0x00007fff8f4700cd:   49 bb f8 ff ff ff ff 7f 00 00 4c 23 1f 49 89 f2
0x00007fff8f4700dd:   45 23 53 18 49 c1 e2 04 4d 03 53 10 49 3b 32 75
0x00007fff8f4700ed:   04 41 ff 62 08 49 83 3a 00 74 6a 4d 3b 53 10 74 

Register to memory mapping:

RAX=0x00007f9228d9dd60 is an unknown value
RBX=0x000000018a8cc450: Java_jogamp_nativewindow_macosx_OSXUtil_GetScreenRefreshRate0+0x1cf0 in /private/var/folders/1w/_vhdnh917gsgl0z3c94cp27w0000gn/T/jogamp_0000/file_cache/jln7774526289592406298/jln1539909731643951864/libnativewindow_macosx.jnilib at 0x000000018a8c5000
RCX=0x000000012b511f60 is an unknown value
RDX=0x000000012b5116c0 is an unknown value
RSP=0x00007fff553c6448 is pointing into the stack for thread: 0x00007f9225170000
RBP=0x00007fff553c6500 is pointing into the stack for thread: 0x00007f9225170000
RSI=0x00007fff8aebf40f is an unknown value
RDI=0x00007f9228e36c80 is an unknown value
R8 =0x0000000000000000 is an unknown value
R9 =0x0000000000000f50 is an unknown value
R10=0x00007fff8aebf40f is an unknown value
R11=0x0000000000000000 is an unknown value
R12=0x0000000000000000 is an unknown value
R13={method} {0x000000018d963b90} 'UnsetJAWTRootSurfaceLayer0' '(JJ)V' in 'jogamp/nativewindow/jawt/macosx/MacOSXJAWTWindow'
R14=0x000000018a8cc440: Java_jogamp_nativewindow_macosx_OSXUtil_GetScreenRefreshRate0+0x1ce0 in /private/var/folders/1w/_vhdnh917gsgl0z3c94cp27w0000gn/T/jogamp_0000/file_cache/jln7774526289592406298/jln1539909731643951864/libnativewindow_macosx.jnilib at 0x000000018a8c5000
R15=0x00007f9225170000 is a thread


Stack: [0x00007fff54bcb000,0x00007fff553cb000],  sp=0x00007fff553c6448,  free space=8173k
Native frames: (J=compiled Java code, j=interpreted, Vv=VM code, C=native code)
C  [libobjc.A.dylib+0x10dd]  objc_msgSend+0x1d
j  jogamp.nativewindow.jawt.macosx.MacOSXJAWTWindow.UnsetJAWTRootSurfaceLayer0(JJ)V+0
j  jogamp.nativewindow.jawt.macosx.MacOSXJAWTWindow.access$200(JJ)V+2
j  jogamp.nativewindow.jawt.macosx.MacOSXJAWTWindow$1.run()V+38
J 2120 C1 com.jogamp.common.util.RunnableTask.run()V (345 bytes) @ 0x000000010c949334 [0x000000010c9491a0+0x194]
v  ~StubRoutines::call_stub
V  [libjvm.dylib+0x2ee5b6]
V  [libjvm.dylib+0x325765]
V  [libjvm.dylib+0x317f33]
C  [libnativewindow_macosx.jnilib+0x5326]  Java_jogamp_nativewindow_jawt_macosx_MacOSXJAWTWindow_UnsetJAWTRootSurfaceLayer0+0x2b6
C  [Foundation+0x92dd0]  __NSThreadPerformPerform+0x125
C  [CoreFoundation+0x80a01]  __CFRUNLOOP_IS_CALLING_OUT_TO_A_SOURCE0_PERFORM_FUNCTION__+0x11
C  [CoreFoundation+0x72c5c]  __CFRunLoopDoSources0+0x1dc
C  [CoreFoundation+0x721bf]  __CFRunLoopRun+0x39f
C  [CoreFoundation+0x71bd8]  CFRunLoopRunSpecific+0x128
C  [HIToolbox+0x3256f]  RunCurrentEventLoopInMode+0xeb
C  [HIToolbox+0x321ee]  ReceiveNextEventCommon+0xb3
C  [HIToolbox+0x3212b]  _BlockUntilNextEventMatchingListInModeWithFilter+0x47
C  [AppKit+0x918ab]  _DPSNextEvent+0x3d2
C  [AppKit+0x90e58]  -[NSApplication nextEventMatchingMask:untilDate:inMode:dequeue:]+0x15a
C  [libosxapp.dylib+0x23aa]  -[NSApplicationAWT nextEventMatchingMask:untilDate:inMode:dequeue:]+0x7c
C  [AppKit+0x86af3]  -[NSApplication run]+0x252
C  [libosxapp.dylib+0x214d]  +[NSApplicationAWT runAWTLoopWithApp:]+0x9c
C  [libawt_lwawt.dylib+0x45edf]  -[AWTStarter starter:]+0x389
C  [Foundation+0x92dd0]  __NSThreadPerformPerform+0x125
C  [CoreFoundation+0x80a01]  __CFRUNLOOP_IS_CALLING_OUT_TO_A_SOURCE0_PERFORM_FUNCTION__+0x11
C  [CoreFoundation+0x72b8d]  __CFRunLoopDoSources0+0x10d
C  [CoreFoundation+0x721bf]  __CFRunLoopRun+0x39f
C  [CoreFoundation+0x71bd8]  CFRunLoopRunSpecific+0x128
C  [java+0x6465]  CreateExecutionEnvironment+0x367
C  [java+0x218c]  JLI_Launch+0x7a0
C  [java+0x84c2]  main+0x65
C  [java+0x19e4]  start+0x34
C  0x0000000000000007

Java frames: (J=compiled Java code, j=interpreted, Vv=VM code)
j  jogamp.nativewindow.jawt.macosx.MacOSXJAWTWindow.UnsetJAWTRootSurfaceLayer0(JJ)V+0
j  jogamp.nativewindow.jawt.macosx.MacOSXJAWTWindow.access$200(JJ)V+2
j  jogamp.nativewindow.jawt.macosx.MacOSXJAWTWindow$1.run()V+38
J 2120 C1 com.jogamp.common.util.RunnableTask.run()V (345 bytes) @ 0x000000010c949334 [0x000000010c9491a0+0x194]
v  ~StubRoutines::call_stub

---------------  P R O C E S S  ---------------

Java Threads: ( => current thread )
  0x00007f92241bd000 JavaThread "Thread-32" [_thread_blocked, id=65863, stack(0x000000018bf23000,0x000000018c023000)]
  0x00007f9224851000 JavaThread "AWT-EventQueue-1" [_thread_in_native, id=60179, stack(0x000000018b27d000,0x000000018b37d000)]
  0x00007f9225050000 JavaThread "DestroyJavaVM" [_thread_blocked, id=4867, stack(0x000000010c1a4000,0x000000010c2a4000)]
  0x00007f92241bc000 JavaThread "AWT-EventQueue-0" [_thread_blocked, id=56839, stack(0x000000012b581000,0x000000012b681000)]
  0x00007f922490c000 JavaThread "Java2D Disposer" daemon [_thread_blocked, id=52775, stack(0x0000000129ebe000,0x0000000129fbe000)]
  0x00007f9225924800 JavaThread "Java2D Queue Flusher" daemon [_thread_blocked, id=50707, stack(0x0000000128ca2000,0x0000000128da2000)]
  0x00007f922413e800 JavaThread "AWT-Shutdown" [_thread_blocked, id=28179, stack(0x0000000125ce6000,0x0000000125de6000)]
=>0x00007f9225170000 JavaThread "AWT-AppKit" daemon [_thread_in_native, id=1811, stack(0x00007fff54bcb000,0x00007fff553cb000)]
  0x00007f922500f000 JavaThread "Service Thread" daemon [_thread_blocked, id=18179, stack(0x0000000123ff9000,0x00000001240f9000)]
  0x00007f9224060000 JavaThread "C1 CompilerThread2" daemon [_thread_blocked, id=17667, stack(0x0000000123ef6000,0x0000000123ff6000)]
  0x00007f9224057000 JavaThread "C2 CompilerThread1" daemon [_thread_blocked, id=17155, stack(0x0000000123df3000,0x0000000123ef3000)]
  0x00007f9224040000 JavaThread "C2 CompilerThread0" daemon [_thread_blocked, id=16643, stack(0x0000000123cf0000,0x0000000123df0000)]
  0x00007f9224821000 JavaThread "Signal Dispatcher" daemon [_thread_blocked, id=12563, stack(0x0000000123bed000,0x0000000123ced000)]
  0x00007f922481b000 JavaThread "Finalizer" daemon [_thread_blocked, id=11523, stack(0x00000001221cc000,0x00000001222cc000)]
  0x00007f9224818000 JavaThread "Reference Handler" daemon [_thread_blocked, id=11011, stack(0x00000001220c9000,0x00000001221c9000)]

Other Threads:
  0x00007f9224815800 VMThread [stack: 0x0000000121fc6000,0x00000001220c6000] [id=10499]
  0x00007f9224822000 WatcherThread [stack: 0x00000001240fc000,0x00000001241fc000] [id=18691]

VM state:not at safepoint (normal execution)

VM Mutex/Monitor currently owned by a thread: None

Heap:
 PSYoungGen      total 31232K, used 30569K [0x0000000795580000, 0x0000000798f80000, 0x00000007c0000000)
  eden space 30720K, 99% used [0x0000000795580000,0x0000000797342430,0x0000000797380000)
  from space 512K, 18% used [0x0000000797400000,0x0000000797418000,0x0000000797480000)
  to   space 14336K, 0% used [0x0000000798180000,0x0000000798180000,0x0000000798f80000)
 ParOldGen       total 87552K, used 19944K [0x0000000740000000, 0x0000000745580000, 0x0000000795580000)
  object space 87552K, 22% used [0x0000000740000000,0x000000074137a1b8,0x0000000745580000)
 Metaspace       used 19435K, capacity 19731K, committed 19968K, reserved 1067008K
  class space    used 1932K, capacity 2022K, committed 2048K, reserved 1048576K

Card table byte_map: [0x000000011b666000,0x000000011ba67000] byte_map_base: 0x0000000117c66000

Marking Bits: (ParMarkBitMap*) 0x000000010baf1ea0
 Begin Bits: [0x000000011c11e000, 0x000000011e11e000)
 End Bits:   [0x000000011e11e000, 0x000000012011e000)

Polling page: 0x000000010a98e000

CodeCache: size=245760Kb used=7714Kb max_used=7719Kb free=238045Kb
 bounds [0x000000010c2a6000, 0x000000010ca46000, 0x000000011b2a6000]
 total_blobs=3091 nmethods=2195 adapters=809
 compilation: enabled

Compilation events (10 events):
Event: 52.808 Thread 0x00007f9224040000 2335       4       sun.java2d.pipe.Region::clipScale (41 bytes)
Event: 52.810 Thread 0x00007f9224040000 nmethod 2335 0x000000010ca22f90 code [0x000000010ca23120, 0x000000010ca23298]
Event: 52.824 Thread 0x00007f9224057000 2336  s    4       java.util.Vector::retainAll (6 bytes)
Event: 52.829 Thread 0x00007f9224057000 nmethod 2336 0x000000010ca20310 code [0x000000010ca20460, 0x000000010ca206d8]
Event: 53.207 Thread 0x00007f9224040000 2337       4       de.fhpotsdam.unfolding.mapdisplay.AbstractMapDisplay::cleanupImageBuffer (145 bytes)
Event: 53.209 Thread 0x00007f9224040000 nmethod 2337 0x000000010ca21010 code [0x000000010ca21180, 0x000000010ca21448]
Event: 53.243 Thread 0x00007f9224057000 2338   !   4       sun.java2d.SunGraphics2D::validateCompClip (224 bytes)
Event: 53.249 Thread 0x00007f9224057000 nmethod 2338 0x000000010ca22610 code [0x000000010ca22780, 0x000000010ca22aa8]
Event: 53.292 Thread 0x00007f9224060000 2339       3       java.awt.KeyboardFocusManager::checkKFMSecurity (11 bytes)
Event: 53.294 Thread 0x00007f9224060000 nmethod 2339 0x000000010ca21950 code [0x000000010ca21b40, 0x000000010ca22278]

GC Heap History (10 events):
Event: 21.241 GC heap before
{Heap before GC invocations=5 (full 0):
 PSYoungGen      total 38400K, used 38368K [0x0000000795580000, 0x0000000798000000, 0x00000007c0000000)
  eden space 33280K, 100% used [0x0000000795580000,0x0000000797600000,0x0000000797600000)
  from space 5120K, 99% used [0x0000000797b00000,0x0000000797ff8100,0x0000000798000000)
  to   space 5120K, 0% used [0x0000000797600000,0x0000000797600000,0x0000000797b00000)
 ParOldGen       total 87552K, used 14768K [0x0000000740000000, 0x0000000745580000, 0x0000000795580000)
  object space 87552K, 16% used [0x0000000740000000,0x0000000740e6c078,0x0000000745580000)
 Metaspace       used 19395K, capacity 19731K, committed 19968K, reserved 1067008K
  class space    used 1923K, capacity 2022K, committed 2048K, reserved 1048576K
Event: 21.249 GC heap after
Heap after GC invocations=5 (full 0):
 PSYoungGen      total 37888K, used 5088K [0x0000000795580000, 0x0000000799080000, 0x00000007c0000000)
  eden space 32768K, 0% used [0x0000000795580000,0x0000000795580000,0x0000000797580000)
  from space 5120K, 99% used [0x0000000797600000,0x0000000797af8100,0x0000000797b00000)
  to   space 13824K, 0% used [0x0000000798300000,0x0000000798300000,0x0000000799080000)
 ParOldGen       total 87552K, used 14816K [0x0000000740000000, 0x0000000745580000, 0x0000000795580000)
  object space 87552K, 16% used [0x0000000740000000,0x0000000740e78078,0x0000000745580000)
 Metaspace       used 19395K, capacity 19731K, committed 19968K, reserved 1067008K
  class space    used 1923K, capacity 2022K, committed 2048K, reserved 1048576K
}
Event: 27.824 GC heap before
{Heap before GC invocations=6 (full 0):
 PSYoungGen      total 37888K, used 37856K [0x0000000795580000, 0x0000000799080000, 0x00000007c0000000)
  eden space 32768K, 100% used [0x0000000795580000,0x0000000797580000,0x0000000797580000)
  from space 5120K, 99% used [0x0000000797600000,0x0000000797af8100,0x0000000797b00000)
  to   space 13824K, 0% used [0x0000000798300000,0x0000000798300000,0x0000000799080000)
 ParOldGen       total 87552K, used 14816K [0x0000000740000000, 0x0000000745580000, 0x0000000795580000)
  object space 87552K, 16% used [0x0000000740000000,0x0000000740e78078,0x0000000745580000)
 Metaspace       used 19395K, capacity 19731K, committed 19968K, reserved 1067008K
  class space    used 1923K, capacity 2022K, committed 2048K, reserved 1048576K
Event: 27.835 GC heap after
Heap after GC invocations=6 (full 0):
 PSYoungGen      total 45568K, used 5088K [0x0000000795580000, 0x0000000799000000, 0x00000007c0000000)
  eden space 32256K, 0% used [0x0000000795580000,0x0000000795580000,0x0000000797500000)
  from space 13312K, 38% used [0x0000000798300000,0x00000007987f8100,0x0000000799000000)
  to   space 13824K, 0% used [0x0000000797500000,0x0000000797500000,0x0000000798280000)
 ParOldGen       total 87552K, used 14824K [0x0000000740000000, 0x0000000745580000, 0x0000000795580000)
  object space 87552K, 16% used [0x0000000740000000,0x0000000740e7a078,0x0000000745580000)
 Metaspace       used 19395K, capacity 19731K, committed 19968K, reserved 1067008K
  class space    used 1923K, capacity 2022K, committed 2048K, reserved 1048576K
}
Event: 34.407 GC heap before
{Heap before GC invocations=7 (full 0):
 PSYoungGen      total 45568K, used 37344K [0x0000000795580000, 0x0000000799000000, 0x00000007c0000000)
  eden space 32256K, 100% used [0x0000000795580000,0x0000000797500000,0x0000000797500000)
  from space 13312K, 38% used [0x0000000798300000,0x00000007987f8100,0x0000000799000000)
  to   space 13824K, 0% used [0x0000000797500000,0x0000000797500000,0x0000000798280000)
 ParOldGen       total 87552K, used 14824K [0x0000000740000000, 0x0000000745580000, 0x0000000795580000)
  object space 87552K, 16% used [0x0000000740000000,0x0000000740e7a078,0x0000000745580000)
 Metaspace       used 19397K, capacity 19731K, committed 19968K, reserved 1067008K
  class space    used 1924K, capacity 2022K, committed 2048K, reserved 1048576K
Event: 34.415 GC heap after
Heap after GC invocations=7 (full 0):
 PSYoungGen      total 35840K, used 3744K [0x0000000795580000, 0x0000000798f80000, 0x00000007c0000000)
  eden space 31744K, 0% used [0x0000000795580000,0x0000000795580000,0x0000000797480000)
  from space 4096K, 91% used [0x0000000797500000,0x00000007978a80e0,0x0000000797900000)
  to   space 13824K, 0% used [0x0000000798200000,0x0000000798200000,0x0000000798f80000)
 ParOldGen       total 87552K, used 16272K [0x0000000740000000, 0x0000000745580000, 0x0000000795580000)
  object space 87552K, 18% used [0x0000000740000000,0x0000000740fe40d8,0x0000000745580000)
 Metaspace       used 19397K, capacity 19731K, committed 19968K, reserved 1067008K
  class space    used 1924K, capacity 2022K, committed 2048K, reserved 1048576K
}
Event: 40.893 GC heap before
{Heap before GC invocations=8 (full 0):
 PSYoungGen      total 35840K, used 35488K [0x0000000795580000, 0x0000000798f80000, 0x00000007c0000000)
  eden space 31744K, 100% used [0x0000000795580000,0x0000000797480000,0x0000000797480000)
  from space 4096K, 91% used [0x0000000797500000,0x00000007978a80e0,0x0000000797900000)
  to   space 13824K, 0% used [0x0000000798200000,0x0000000798200000,0x0000000798f80000)
 ParOldGen       total 87552K, used 16272K [0x0000000740000000, 0x0000000745580000, 0x0000000795580000)
  object space 87552K, 18% used [0x0000000740000000,0x0000000740fe40d8,0x0000000745580000)
 Metaspace       used 19397K, capacity 19731K, committed 19968K, reserved 1067008K
  class space    used 1924K, capacity 2022K, committed 2048K, reserved 1048576K
Event: 40.897 GC heap after
Heap after GC invocations=8 (full 0):
 PSYoungGen      total 45056K, used 128K [0x0000000795580000, 0x0000000799000000, 0x00000007c0000000)
  eden space 31232K, 0% used [0x0000000795580000,0x0000000795580000,0x0000000797400000)
  from space 13824K, 0% used [0x0000000798200000,0x0000000798220000,0x0000000798f80000)
  to   space 14336K, 0% used [0x0000000797400000,0x0000000797400000,0x0000000798200000)
 ParOldGen       total 87552K, used 19904K [0x0000000740000000, 0x0000000745580000, 0x0000000795580000)
  object space 87552K, 22% used [0x0000000740000000,0x00000007413701b8,0x0000000745580000)
 Metaspace       used 19397K, capacity 19731K, committed 19968K, reserved 1067008K
  class space    used 1924K, capacity 2022K, committed 2048K, reserved 1048576K
}
Event: 47.241 GC heap before
{Heap before GC invocations=9 (full 0):
 PSYoungGen      total 45056K, used 31360K [0x0000000795580000, 0x0000000799000000, 0x00000007c0000000)
  eden space 31232K, 100% used [0x0000000795580000,0x0000000797400000,0x0000000797400000)
  from space 13824K, 0% used [0x0000000798200000,0x0000000798220000,0x0000000798f80000)
  to   space 14336K, 0% used [0x0000000797400000,0x0000000797400000,0x0000000798200000)
 ParOldGen       total 87552K, used 19904K [0x0000000740000000, 0x0000000745580000, 0x0000000795580000)
  object space 87552K, 22% used [0x0000000740000000,0x00000007413701b8,0x0000000745580000)
 Metaspace       used 19397K, capacity 19731K, committed 19968K, reserved 1067008K
  class space    used 1924K, capacity 2022K, committed 2048K, reserved 1048576K
Event: 47.242 GC heap after
Heap after GC invocations=9 (full 0):
 PSYoungGen      total 31232K, used 96K [0x0000000795580000, 0x0000000798f80000, 0x00000007c0000000)
  eden space 30720K, 0% used [0x0000000795580000,0x0000000795580000,0x0000000797380000)
  from space 512K, 18% used [0x0000000797400000,0x0000000797418000,0x0000000797480000)
  to   space 14336K, 0% used [0x0000000798180000,0x0000000798180000,0x0000000798f80000)
 ParOldGen       total 87552K, used 19944K [0x0000000740000000, 0x0000000745580000, 0x0000000795580000)
  object space 87552K, 22% used [0x0000000740000000,0x000000074137a1b8,0x0000000745580000)
 Metaspace       used 19397K, capacity 19731K, committed 19968K, reserved 1067008K
  class space    used 1924K, capacity 2022K, committed 2048K, reserved 1048576K
}

Deoptimization events (10 events):
Event: 7.527 Thread 0x00007f9224851000 Uncommon trap: reason=unstable_if action=reinterpret pc=0x000000010c681324 method=java.util.HashMap$HashIterator.<init>(Ljava/util/HashMap;)V @ 38
Event: 10.575 Thread 0x00007f9224851000 Uncommon trap: reason=unstable_if action=reinterpret pc=0x000000010c6e5020 method=jogamp.opengl.GLStateTracker.getInt(I[II)Z @ 20
Event: 51.858 Thread 0x00007f9224851000 Uncommon trap: reason=unstable_if action=reinterpret pc=0x000000010c716f84 method=java.util.LinkedList$ListItr.<init>(Ljava/util/LinkedList;I)V @ 26
Event: 53.291 Thread 0x00007f9224851000 Uncommon trap: reason=unstable_if action=reinterpret pc=0x000000010c41c268 method=com.jogamp.common.util.VersionNumber.compareTo(Lcom/jogamp/common/util/VersionNumber;)I @ 21
Event: 53.291 Thread 0x00007f92241bc000 Uncommon trap: reason=unstable_if action=reinterpret pc=0x000000010ca107dc method=sun.lwawt.LWContainerPeer.cutChildren(Lsun/java2d/pipe/Region;Lsun/lwawt/LWComponentPeer;)Lsun/java2d/pipe/Region; @ 67
Event: 53.292 Thread 0x00007f9224851000 Uncommon trap: reason=unstable_if action=reinterpret pc=0x000000010ca160f8 method=java.awt.EventQueue.getPriority(Ljava/awt/AWTEvent;)I @ 22
Event: 53.292 Thread 0x00007f9224851000 Uncommon trap: reason=unstable_if action=reinterpret pc=0x000000010ca0d6c4 method=java.awt.EventQueue.uncacheEQItem(Lsun/awt/EventQueueItem;)V @ 23
Event: 53.295 Thread 0x00007f92241bc000 Uncommon trap: reason=unstable_if action=reinterpret pc=0x000000010ca2a3dc method=sun.java2d.pipe.Region.intersectsQuickCheck(Lsun/java2d/pipe/Region;)Z @ 41
Event: 53.321 Thread 0x00007f9225949800 Uncommon trap: reason=unstable_if action=reinterpret pc=0x000000010c951704 method=java.util.HashMap.putVal(ILjava/lang/Object;Ljava/lang/Object;ZZ)Ljava/lang/Object; @ 81
Event: 53.342 Thread 0x00007f9224851000 Uncommon trap: reason=unstable_if action=reinterpret pc=0x000000010c983a84 method=java.security.AccessControlContext.optimize()Ljava/security/AccessControlContext; @ 233

Internal exceptions (10 events):
Event: 0.650 Thread 0x00007f9224009800 Exception <a 'java/lang/NoSuchFieldError': method resolution failed> (0x00000007957e2b48) thrown at [/Users/java_re/workspace/8-2-build-macosx-x86_64/jdk8u131/8869/hotspot/src/share/vm/prims/methodHandles.cpp, line 1146]
Event: 1.242 Thread 0x00007f9224009800 Exception <a 'java/io/FileNotFoundException'> (0x000000079585e208) thrown at [/Users/java_re/workspace/8-2-build-macosx-x86_64/jdk8u131/8869/hotspot/src/share/vm/prims/jni.cpp, line 709]
Event: 1.243 Thread 0x00007f9224009800 Exception <a 'java/io/FileNotFoundException'> (0x000000079585ed78) thrown at [/Users/java_re/workspace/8-2-build-macosx-x86_64/jdk8u131/8869/hotspot/src/share/vm/prims/jni.cpp, line 709]
Event: 1.643 Thread 0x00007f9224009800 Exception <a 'java/io/FileNotFoundException'> (0x000000079599e7d8) thrown at [/Users/java_re/workspace/8-2-build-macosx-x86_64/jdk8u131/8869/hotspot/src/share/vm/prims/jni.cpp, line 709]
Event: 6.012 Thread 0x00007f9224245000 Exception <a 'java/lang/UnsatisfiedLinkError': com.jogamp.common.util.JarUtil.fixNativeLibAttribs(Ljava/lang/String;)Z> (0x0000000796c399c8) thrown at [/Users/java_re/workspace/8-2-build-macosx-x86_64/jdk8u131/8869/hotspot/src/share/vm/prims/nativeLookup.
Event: 6.419 Thread 0x00007f922481b000 Exception <a 'java/lang/NullPointerException'> (0x00000007956a3188) thrown at [/Users/java_re/workspace/8-2-build-macosx-x86_64/jdk8u131/8869/hotspot/src/share/vm/interpreter/linkResolver.cpp, line 1197]
Event: 7.286 Thread 0x00007f9224851000 Exception <a 'java/io/FileNotFoundException'> (0x000000079617de28) thrown at [/Users/java_re/workspace/8-2-build-macosx-x86_64/jdk8u131/8869/hotspot/src/share/vm/prims/jni.cpp, line 709]
Event: 7.287 Thread 0x00007f9224851000 Exception <a 'java/io/FileNotFoundException'> (0x0000000796185838) thrown at [/Users/java_re/workspace/8-2-build-macosx-x86_64/jdk8u131/8869/hotspot/src/share/vm/prims/jni.cpp, line 709]
Event: 7.287 Thread 0x00007f9224851000 Implicit null exception at 0x000000010c4a6736 to 0x000000010c4a6b05
Event: 7.527 Thread 0x00007f9224851000 Implicit null exception at 0x000000010c6810c6 to 0x000000010c68130d

Events (10 events):
Event: 53.342 Thread 0x00007f9224851000 DEOPT UNPACKING pc=0x000000010c2ab229 sp=0x000000018b37a880 mode 2
Event: 53.342 loading class java/awt/LightweightDispatcher$2
Event: 53.342 loading class java/awt/LightweightDispatcher$2 done
Event: 53.342 loading class java/awt/event/AWTEventListenerProxy
Event: 53.342 loading class java/awt/event/AWTEventListenerProxy done
Event: 53.342 loading class java/awt/Toolkit$ToolkitEventMulticaster
Event: 53.342 loading class java/awt/Toolkit$ToolkitEventMulticaster done
Event: 53.343 Thread 0x00007f9225949800 Thread exited: 0x00007f9225949800
Event: 53.343 loading class java/awt/Window$1DisposeAction
Event: 53.344 loading class java/awt/Window$1DisposeAction done


Dynamic libraries:
0x0000000004bff000 	/System/Library/Frameworks/Cocoa.framework/Versions/A/Cocoa
0x0000000004bff000 	/System/Library/Frameworks/Security.framework/Versions/A/Security
0x0000000004bff000 	/System/Library/Frameworks/ApplicationServices.framework/Versions/A/ApplicationServices
0x0000000004bff000 	/usr/lib/libz.1.dylib
0x0000000004bff000 	/usr/lib/libSystem.B.dylib
0x0000000004bff000 	/usr/lib/libobjc.A.dylib
0x0000000004bff000 	/System/Library/Frameworks/CoreFoundation.framework/Versions/A/CoreFoundation
0x0000000004bff000 	/System/Library/Frameworks/Foundation.framework/Versions/C/Foundation
0x0000000004bff000 	/System/Library/Frameworks/AppKit.framework/Versions/C/AppKit
0x0000000004bff000 	/System/Library/Frameworks/CoreData.framework/Versions/A/CoreData
0x0000000004bff000 	/System/Library/PrivateFrameworks/RemoteViewServices.framework/Versions/A/RemoteViewServices
0x0000000004bff000 	/System/Library/PrivateFrameworks/UIFoundation.framework/Versions/A/UIFoundation
0x0000000004bff000 	/System/Library/Frameworks/IOSurface.framework/Versions/A/IOSurface
0x0000000004bff000 	/System/Library/Frameworks/AudioToolbox.framework/Versions/A/AudioToolbox
0x0000000004bff000 	/System/Library/Frameworks/AudioUnit.framework/Versions/A/AudioUnit
0x0000000004bff000 	/System/Library/PrivateFrameworks/DataDetectorsCore.framework/Versions/A/DataDetectorsCore
0x0000000004bff000 	/System/Library/PrivateFrameworks/DesktopServicesPriv.framework/Versions/A/DesktopServicesPriv
0x0000000004bff000 	/System/Library/Frameworks/Carbon.framework/Versions/A/Frameworks/HIToolbox.framework/Versions/A/HIToolbox
0x0000000004bff000 	/System/Library/Frameworks/QuartzCore.framework/Versions/A/QuartzCore
0x0000000004bff000 	/System/Library/Frameworks/Carbon.framework/Versions/A/Frameworks/SpeechRecognition.framework/Versions/A/SpeechRecognition
0x0000000004bff000 	/usr/lib/libauto.dylib
0x0000000004bff000 	/usr/lib/libicucore.A.dylib
0x0000000004bff000 	/usr/lib/libxml2.2.dylib
0x0000000004bff000 	/System/Library/PrivateFrameworks/CoreUI.framework/Versions/A/CoreUI
0x0000000004bff000 	/System/Library/Frameworks/CoreAudio.framework/Versions/A/CoreAudio
0x0000000004bff000 	/System/Library/Frameworks/DiskArbitration.framework/Versions/A/DiskArbitration
0x0000000004bff000 	/usr/lib/liblangid.dylib
0x0000000004bff000 	/System/Library/PrivateFrameworks/MultitouchSupport.framework/Versions/A/MultitouchSupport
0x0000000004bff000 	/System/Library/Frameworks/IOKit.framework/Versions/A/IOKit
0x0000000004bff000 	/usr/lib/libDiagnosticMessagesClient.dylib
0x0000000004bff000 	/System/Library/Frameworks/CoreServices.framework/Versions/A/CoreServices
0x0000000004bff000 	/System/Library/PrivateFrameworks/PerformanceAnalysis.framework/Versions/A/PerformanceAnalysis
0x0000000004bff000 	/System/Library/PrivateFrameworks/GenerationalStorage.framework/Versions/A/GenerationalStorage
0x0000000004bff000 	/System/Library/Frameworks/OpenGL.framework/Versions/A/OpenGL
0x0000000004bff000 	/System/Library/PrivateFrameworks/Sharing.framework/Versions/A/Sharing
0x0000000004bff000 	/System/Library/Frameworks/CoreGraphics.framework/Versions/A/CoreGraphics
0x0000000004bff000 	/System/Library/Frameworks/CoreText.framework/Versions/A/CoreText
0x0000000004bff000 	/System/Library/Frameworks/ImageIO.framework/Versions/A/ImageIO
0x0000000004bff000 	/usr/lib/libextension.dylib
0x0000000004bff000 	/System/Library/PrivateFrameworks/Backup.framework/Versions/A/Backup
0x0000000004bff000 	/usr/lib/libarchive.2.dylib
0x0000000004bff000 	/System/Library/Frameworks/CFNetwork.framework/Versions/A/CFNetwork
0x0000000004bff000 	/System/Library/Frameworks/SystemConfiguration.framework/Versions/A/SystemConfiguration
0x0000000004bff000 	/usr/lib/libCRFSuite.dylib
0x0000000004bff000 	/usr/lib/libc++.1.dylib
0x0000000004bff000 	/usr/lib/libc++abi.dylib
0x0000000004bff000 	/usr/lib/system/libcache.dylib
0x0000000004bff000 	/usr/lib/system/libcommonCrypto.dylib
0x0000000004bff000 	/usr/lib/system/libcompiler_rt.dylib
0x0000000004bff000 	/usr/lib/system/libcopyfile.dylib
0x0000000004bff000 	/usr/lib/system/libcorecrypto.dylib
0x0000000004bff000 	/usr/lib/system/libdispatch.dylib
0x0000000004bff000 	/usr/lib/system/libdyld.dylib
0x0000000004bff000 	/usr/lib/system/libkeymgr.dylib
0x0000000004bff000 	/usr/lib/system/liblaunch.dylib
0x0000000004bff000 	/usr/lib/system/libmacho.dylib
0x0000000004bff000 	/usr/lib/system/libquarantine.dylib
0x0000000004bff000 	/usr/lib/system/libremovefile.dylib
0x0000000004bff000 	/usr/lib/system/libsystem_asl.dylib
0x0000000004bff000 	/usr/lib/system/libsystem_blocks.dylib
0x0000000004bff000 	/usr/lib/system/libsystem_c.dylib
0x0000000004bff000 	/usr/lib/system/libsystem_configuration.dylib
0x0000000004bff000 	/usr/lib/system/libsystem_coreservices.dylib
0x0000000004bff000 	/usr/lib/system/libsystem_coretls.dylib
0x0000000004bff000 	/usr/lib/system/libsystem_dnssd.dylib
0x0000000004bff000 	/usr/lib/system/libsystem_info.dylib
0x0000000004bff000 	/usr/lib/system/libsystem_kernel.dylib
0x0000000004bff000 	/usr/lib/system/libsystem_m.dylib
0x0000000004bff000 	/usr/lib/system/libsystem_malloc.dylib
0x0000000004bff000 	/usr/lib/system/libsystem_network.dylib
0x0000000004bff000 	/usr/lib/system/libsystem_networkextension.dylib
0x0000000004bff000 	/usr/lib/system/libsystem_notify.dylib
0x0000000004bff000 	/usr/lib/system/libsystem_platform.dylib
0x0000000004bff000 	/usr/lib/system/libsystem_pthread.dylib
0x0000000004bff000 	/usr/lib/system/libsystem_sandbox.dylib
0x0000000004bff000 	/usr/lib/system/libsystem_secinit.dylib
0x0000000004bff000 	/usr/lib/system/libsystem_stats.dylib
0x0000000004bff000 	/usr/lib/system/libsystem_trace.dylib
0x0000000004bff000 	/usr/lib/system/libunc.dylib
0x0000000004bff000 	/usr/lib/system/libunwind.dylib
0x0000000004bff000 	/usr/lib/system/libxpc.dylib
0x0000000004bff000 	/usr/lib/libbz2.1.0.dylib
0x0000000004bff000 	/usr/lib/liblzma.5.dylib
0x0000000004bff000 	/usr/lib/libbsm.0.dylib
0x0000000004bff000 	/usr/lib/libsqlite3.dylib
0x0000000004bff000 	/usr/lib/system/libkxld.dylib
0x0000000004bff000 	/usr/lib/libxar.1.dylib
0x0000000004bff000 	/usr/lib/libpam.2.dylib
0x0000000004bff000 	/usr/lib/libOpenScriptingUtil.dylib
0x0000000004bff000 	/System/Library/Frameworks/CoreServices.framework/Versions/A/Frameworks/FSEvents.framework/Versions/A/FSEvents
0x0000000004bff000 	/System/Library/Frameworks/CoreServices.framework/Versions/A/Frameworks/CarbonCore.framework/Versions/A/CarbonCore
0x0000000004bff000 	/System/Library/Frameworks/CoreServices.framework/Versions/A/Frameworks/Metadata.framework/Versions/A/Metadata
0x0000000004bff000 	/System/Library/Frameworks/CoreServices.framework/Versions/A/Frameworks/OSServices.framework/Versions/A/OSServices
0x0000000004bff000 	/System/Library/Frameworks/CoreServices.framework/Versions/A/Frameworks/SearchKit.framework/Versions/A/SearchKit
0x0000000004bff000 	/System/Library/Frameworks/CoreServices.framework/Versions/A/Frameworks/AE.framework/Versions/A/AE
0x0000000004bff000 	/System/Library/Frameworks/CoreServices.framework/Versions/A/Frameworks/LaunchServices.framework/Versions/A/LaunchServices
0x0000000004bff000 	/System/Library/Frameworks/CoreServices.framework/Versions/A/Frameworks/DictionaryServices.framework/Versions/A/DictionaryServices
0x0000000004bff000 	/System/Library/Frameworks/NetFS.framework/Versions/A/NetFS
0x0000000004bff000 	/System/Library/PrivateFrameworks/NetAuth.framework/Versions/A/NetAuth
0x0000000004bff000 	/System/Library/PrivateFrameworks/login.framework/Versions/A/Frameworks/loginsupport.framework/Versions/A/loginsupport
0x0000000004bff000 	/System/Library/PrivateFrameworks/TCC.framework/Versions/A/TCC
0x0000000004bff000 	/usr/lib/libmecabra.dylib
0x0000000004bff000 	/System/Library/Frameworks/ApplicationServices.framework/Versions/A/Frameworks/ATS.framework/Versions/A/ATS
0x0000000004bff000 	/System/Library/Frameworks/ApplicationServices.framework/Versions/A/Frameworks/ColorSync.framework/Versions/A/ColorSync
0x0000000004bff000 	/System/Library/Frameworks/ApplicationServices.framework/Versions/A/Frameworks/HIServices.framework/Versions/A/HIServices
0x0000000004bff000 	/System/Library/Frameworks/ApplicationServices.framework/Versions/A/Frameworks/LangAnalysis.framework/Versions/A/LangAnalysis
0x0000000004bff000 	/System/Library/Frameworks/ApplicationServices.framework/Versions/A/Frameworks/PrintCore.framework/Versions/A/PrintCore
0x0000000004bff000 	/System/Library/Frameworks/ApplicationServices.framework/Versions/A/Frameworks/QD.framework/Versions/A/QD
0x0000000004bff000 	/System/Library/Frameworks/ApplicationServices.framework/Versions/A/Frameworks/SpeechSynthesis.framework/Versions/A/SpeechSynthesis
0x0000000004bff000 	/System/Library/Frameworks/Accelerate.framework/Versions/A/Accelerate
0x0000000004bff000 	/System/Library/Frameworks/Accelerate.framework/Versions/A/Frameworks/vImage.framework/Versions/A/vImage
0x0000000004bff000 	/System/Library/Frameworks/Accelerate.framework/Versions/A/Frameworks/vecLib.framework/Versions/A/vecLib
0x0000000004bff000 	/System/Library/Frameworks/Accelerate.framework/Versions/A/Frameworks/vecLib.framework/Versions/A/libvDSP.dylib
0x0000000004bff000 	/System/Library/Frameworks/Accelerate.framework/Versions/A/Frameworks/vecLib.framework/Versions/A/libvMisc.dylib
0x0000000004bff000 	/System/Library/Frameworks/Accelerate.framework/Versions/A/Frameworks/vecLib.framework/Versions/A/libLAPACK.dylib
0x0000000004bff000 	/System/Library/Frameworks/Accelerate.framework/Versions/A/Frameworks/vecLib.framework/Versions/A/libBLAS.dylib
0x0000000004bff000 	/System/Library/Frameworks/Accelerate.framework/Versions/A/Frameworks/vecLib.framework/Versions/A/libLinearAlgebra.dylib
0x0000000004bff000 	/System/Library/Frameworks/ApplicationServices.framework/Versions/A/Frameworks/ATS.framework/Versions/A/Resources/libFontParser.dylib
0x0000000004bff000 	/System/Library/Frameworks/ApplicationServices.framework/Versions/A/Frameworks/ATS.framework/Versions/A/Resources/libFontRegistry.dylib
0x0000000004bff000 	/System/Library/PrivateFrameworks/AppleVPA.framework/Versions/A/AppleVPA
0x0000000004bff000 	/System/Library/PrivateFrameworks/AppleJPEG.framework/Versions/A/AppleJPEG
0x0000000004bff000 	/System/Library/Frameworks/ImageIO.framework/Versions/A/Resources/libJPEG.dylib
0x0000000004bff000 	/System/Library/Frameworks/ImageIO.framework/Versions/A/Resources/libTIFF.dylib
0x0000000004bff000 	/System/Library/Frameworks/ImageIO.framework/Versions/A/Resources/libPng.dylib
0x0000000004bff000 	/System/Library/Frameworks/ImageIO.framework/Versions/A/Resources/libGIF.dylib
0x0000000004bff000 	/System/Library/Frameworks/ImageIO.framework/Versions/A/Resources/libJP2.dylib
0x0000000004bff000 	/System/Library/Frameworks/ImageIO.framework/Versions/A/Resources/libRadiance.dylib
0x0000000004bff000 	/System/Library/Frameworks/CoreVideo.framework/Versions/A/CoreVideo
0x0000000004bff000 	/System/Library/Frameworks/OpenGL.framework/Versions/A/Libraries/libGLU.dylib
0x0000000004bff000 	/System/Library/Frameworks/OpenGL.framework/Versions/A/Libraries/libGFXShared.dylib
0x0000000004bff000 	/System/Library/Frameworks/OpenGL.framework/Versions/A/Libraries/libGL.dylib
0x0000000004bff000 	/System/Library/Frameworks/OpenGL.framework/Versions/A/Libraries/libGLImage.dylib
0x0000000004bff000 	/System/Library/Frameworks/OpenGL.framework/Versions/A/Libraries/libCVMSPluginSupport.dylib
0x0000000004bff000 	/System/Library/Frameworks/OpenGL.framework/Versions/A/Libraries/libCoreVMClient.dylib
0x0000000004bff000 	/usr/lib/libcups.2.dylib
0x0000000004bff000 	/System/Library/Frameworks/Kerberos.framework/Versions/A/Kerberos
0x0000000004bff000 	/System/Library/Frameworks/GSS.framework/Versions/A/GSS
0x0000000004bff000 	/usr/lib/libresolv.9.dylib
0x0000000004bff000 	/usr/lib/libiconv.2.dylib
0x0000000004bff000 	/System/Library/PrivateFrameworks/Heimdal.framework/Versions/A/Heimdal
0x0000000004bff000 	/usr/lib/libheimdal-asn1.dylib
0x0000000004bff000 	/System/Library/Frameworks/OpenDirectory.framework/Versions/A/OpenDirectory
0x0000000004bff000 	/System/Library/PrivateFrameworks/CommonAuth.framework/Versions/A/CommonAuth
0x0000000004bff000 	/System/Library/Frameworks/OpenDirectory.framework/Versions/A/Frameworks/CFOpenDirectory.framework/Versions/A/CFOpenDirectory
0x0000000004bff000 	/System/Library/Frameworks/SecurityFoundation.framework/Versions/A/SecurityFoundation
0x0000000004bff000 	/System/Library/PrivateFrameworks/LanguageModeling.framework/Versions/A/LanguageModeling
0x0000000004bff000 	/usr/lib/libcmph.dylib
0x0000000004bff000 	/System/Library/Frameworks/ServiceManagement.framework/Versions/A/ServiceManagement
0x0000000004bff000 	/usr/lib/libxslt.1.dylib
0x0000000004bff000 	/System/Library/Frameworks/Carbon.framework/Versions/A/Frameworks/Ink.framework/Versions/A/Ink
0x0000000004bff000 	/System/Library/Frameworks/QuartzCore.framework/Versions/A/Frameworks/CoreImage.framework/Versions/A/CoreImage
0x0000000004bff000 	/System/Library/PrivateFrameworks/CrashReporterSupport.framework/Versions/A/CrashReporterSupport
0x0000000004bff000 	/System/Library/Frameworks/OpenCL.framework/Versions/A/OpenCL
0x0000000004bff000 	/System/Library/PrivateFrameworks/FaceCore.framework/Versions/A/FaceCore
0x0000000004bff000 	/System/Library/PrivateFrameworks/Ubiquity.framework/Versions/A/Ubiquity
0x0000000004bff000 	/System/Library/PrivateFrameworks/IconServices.framework/Versions/A/IconServices
0x0000000004bff000 	/System/Library/PrivateFrameworks/ChunkingLibrary.framework/Versions/A/ChunkingLibrary
0x0000000004bff000 	/System/Library/PrivateFrameworks/Apple80211.framework/Versions/A/Apple80211
0x0000000004bff000 	/System/Library/Frameworks/CoreWLAN.framework/Versions/A/CoreWLAN
0x0000000004bff000 	/System/Library/Frameworks/IOBluetooth.framework/Versions/A/IOBluetooth
0x0000000004bff000 	/System/Library/PrivateFrameworks/CoreWiFi.framework/Versions/A/CoreWiFi
0x0000000004bff000 	/System/Library/Frameworks/CoreBluetooth.framework/Versions/A/CoreBluetooth
0x0000000004bff000 	/System/Library/PrivateFrameworks/DebugSymbols.framework/Versions/A/DebugSymbols
0x0000000004bff000 	/System/Library/PrivateFrameworks/CoreSymbolication.framework/Versions/A/CoreSymbolication
0x0000000004bff000 	/System/Library/PrivateFrameworks/Symbolication.framework/Versions/A/Symbolication
0x0000000004bff000 	/System/Library/PrivateFrameworks/SpeechRecognitionCore.framework/Versions/A/SpeechRecognitionCore
0x000000010b200000 	/Library/Java/JavaVirtualMachines/jdk1.8.0_131.jdk/Contents/Home/jre/lib/server/libjvm.dylib
0x0000000004bff000 	/usr/lib/libstdc++.6.dylib
0x000000010a94b000 	/Library/Java/JavaVirtualMachines/jdk1.8.0_131.jdk/Contents/Home/jre/lib/libverify.dylib
0x000000010a959000 	/Library/Java/JavaVirtualMachines/jdk1.8.0_131.jdk/Contents/Home/jre/lib/libjava.dylib
0x000000010a998000 	/Library/Java/JavaVirtualMachines/jdk1.8.0_131.jdk/Contents/Home/jre/lib/libzip.dylib
0x00000001222ce000 	/System/Library/Frameworks/JavaVM.framework/Frameworks/JavaRuntimeSupport.framework/JavaRuntimeSupport
0x00000001222e6000 	/System/Library/Frameworks/JavaVM.framework/Versions/A/Frameworks/JavaNativeFoundation.framework/Versions/A/JavaNativeFoundation
0x000000010a9f2000 	/System/Library/Frameworks/JavaVM.framework/Versions/A/JavaVM
0x0000000004bff000 	/System/Library/Frameworks/Carbon.framework/Versions/A/Carbon
0x00000001222fb000 	/System/Library/PrivateFrameworks/JavaLaunching.framework/Versions/A/JavaLaunching
0x0000000004bff000 	/System/Library/Frameworks/Carbon.framework/Versions/A/Frameworks/CommonPanels.framework/Versions/A/CommonPanels
0x0000000004bff000 	/System/Library/Frameworks/Carbon.framework/Versions/A/Frameworks/Help.framework/Versions/A/Help
0x0000000004bff000 	/System/Library/Frameworks/Carbon.framework/Versions/A/Frameworks/ImageCapture.framework/Versions/A/ImageCapture
0x0000000004bff000 	/System/Library/Frameworks/Carbon.framework/Versions/A/Frameworks/OpenScripting.framework/Versions/A/OpenScripting
0x0000000004bff000 	/System/Library/Frameworks/Carbon.framework/Versions/A/Frameworks/Print.framework/Versions/A/Print
0x0000000004bff000 	/System/Library/Frameworks/Carbon.framework/Versions/A/Frameworks/SecurityHI.framework/Versions/A/SecurityHI
0x0000000124230000 	/Library/Java/JavaVirtualMachines/jdk1.8.0_131.jdk/Contents/Home/jre/lib/libawt.dylib
0x00000001242d8000 	/Library/Java/JavaVirtualMachines/jdk1.8.0_131.jdk/Contents/Home/jre/lib/./libmlib_image.dylib
0x00000001243a4000 	/Library/Java/JavaVirtualMachines/jdk1.8.0_131.jdk/Contents/Home/jre/lib/libawt_lwawt.dylib
0x000000012445b000 	/Library/Java/JavaVirtualMachines/jdk1.8.0_131.jdk/Contents/Home/jre/lib/./libosxapp.dylib
0x0000000004bff000 	/System/Library/Frameworks/ExceptionHandling.framework/Versions/A/ExceptionHandling
0x0000000004bff000 	/System/Library/PrivateFrameworks/CoreServicesInternal.framework/Versions/A/CoreServicesInternal
0x0000000004bff000 	/System/Library/PrivateFrameworks/CloudDocs.framework/Versions/A/CloudDocs
0x0000000004bff000 	/System/Library/PrivateFrameworks/CoreDuet.framework/Versions/A/CoreDuet
0x0000000004bff000 	/System/Library/Frameworks/CloudKit.framework/Versions/A/CloudKit
0x0000000004bff000 	/System/Library/PrivateFrameworks/ProtocolBuffer.framework/Versions/A/ProtocolBuffer
0x0000000004bff000 	/System/Library/PrivateFrameworks/CoreDuetDaemonProtocol.framework/Versions/A/CoreDuetDaemonProtocol
0x0000000004bff000 	/System/Library/PrivateFrameworks/CoreDuetDebugLogging.framework/Versions/A/CoreDuetDebugLogging
0x0000000004bff000 	/System/Library/PrivateFrameworks/MMCS.framework/Versions/A/MMCS
0x0000000004bff000 	/System/Library/Frameworks/CoreLocation.framework/Versions/A/CoreLocation
0x0000000004bff000 	/System/Library/PrivateFrameworks/ProtectedCloudStorage.framework/Versions/A/ProtectedCloudStorage
0x0000000004bff000 	/System/Library/PrivateFrameworks/GeoServices.framework/Versions/A/GeoServices
0x0000000125cd6000 	/System/Library/Frameworks/CoreGraphics.framework/Versions/A/Resources/libCGCMS.A.dylib
0x0000000126ab9000 	/System/Library/Frameworks/CoreGraphics.framework/Versions/A/Resources/libRIP.A.dylib
0x0000000126df1000 	/System/Library/Frameworks/CoreGraphics.framework/Versions/A/Resources/libCGXType.A.dylib
0x0000000004bff000 	/System/Library/Frameworks/OpenCL.framework/Versions/A/Libraries/libcldcpuengine.dylib
0x0000000004bff000 	/System/Library/PrivateFrameworks/DiskImages.framework/Versions/A/DiskImages
0x0000000004bff000 	/System/Library/Frameworks/DiscRecording.framework/Versions/A/DiscRecording
0x0000000004bff000 	/usr/lib/libcsfde.dylib
0x0000000004bff000 	/usr/lib/libcurl.4.dylib
0x0000000004bff000 	/System/Library/PrivateFrameworks/MediaKit.framework/Versions/A/MediaKit
0x0000000004bff000 	/usr/lib/libCoreStorage.dylib
0x0000000004bff000 	/System/Library/PrivateFrameworks/EFILogin.framework/Versions/A/EFILogin
0x0000000004bff000 	/usr/lib/libutil.dylib
0x0000000004bff000 	/System/Library/PrivateFrameworks/FindMyDevice.framework/Versions/A/FindMyDevice
0x0000000004bff000 	/System/Library/Frameworks/LDAP.framework/Versions/A/LDAP
0x0000000004bff000 	/usr/lib/libsasl2.2.dylib
0x0000000004bff000 	/System/Library/PrivateFrameworks/CoreDaemon.framework/Versions/B/CoreDaemon
0x0000000004bff000 	/usr/lib/libcrypto.0.9.8.dylib
0x0000000004bff000 	/System/Library/PrivateFrameworks/AppleSRP.framework/Versions/A/AppleSRP
0x0000000004bff000 	/System/Library/PrivateFrameworks/TrustEvaluationAgent.framework/Versions/A/TrustEvaluationAgent
0x0000000127864000 	cl_kernels
0x0000000127866000 	/System/Library/Frameworks/OpenCL.framework/Versions/A/Libraries/ImageFormats/unorm8_bgra.dylib
0x0000000127856000 	cl_kernels
0x0000000004bff000 	/System/Library/PrivateFrameworks/FamilyControls.framework/Versions/A/FamilyControls
0x0000000004bff000 	/System/Library/PrivateFrameworks/CommerceKit.framework/Versions/A/Frameworks/CommerceCore.framework/Versions/A/CommerceCore
0x0000000004bff000 	/System/Library/PrivateFrameworks/SystemAdministration.framework/Versions/A/SystemAdministration
0x0000000004bff000 	/System/Library/PrivateFrameworks/AppContainer.framework/Versions/A/AppContainer
0x0000000004bff000 	/System/Library/PrivateFrameworks/SecCodeWrapper.framework/Versions/A/SecCodeWrapper
0x0000000004bff000 	/System/Library/Frameworks/DirectoryService.framework/Versions/A/DirectoryService
0x0000000004bff000 	/System/Library/PrivateFrameworks/LoginUIKit.framework/Versions/A/Frameworks/LoginUICore.framework/Versions/A/LoginUICore
0x0000000004bff000 	/usr/lib/libodfde.dylib
0x0000000128da4000 	/System/Library/Frameworks/OpenGL.framework/Resources/GLEngine.bundle/GLEngine
0x0000000004bff000 	/System/Library/Frameworks/OpenGL.framework/Versions/A/Libraries/libGLProgrammability.dylib
0x0000000128f8f000 	/System/Library/Extensions/AppleIntelHD4000GraphicsGLDriver.bundle/Contents/MacOS/AppleIntelHD4000GraphicsGLDriver
0x0000000004bff000 	/System/Library/PrivateFrameworks/IOAccelerator.framework/Versions/A/IOAccelerator
0x0000000004bff000 	/System/Library/PrivateFrameworks/GPUSupport.framework/Versions/A/Libraries/libGPUSupportMercury.dylib
0x00000001295ee000 	/System/Library/Frameworks/OpenGL.framework/Resources//GLRendererFloat.bundle/GLRendererFloat
0x000000012a43b000 	/Library/Java/JavaVirtualMachines/jdk1.8.0_131.jdk/Contents/Home/jre/lib/libfontmanager.dylib
0x000000012b751000 	/Library/Java/JavaVirtualMachines/jdk1.8.0_131.jdk/Contents/Home/jre/lib/libosxui.dylib
0x000000012b814000 	/Library/Java/JavaVirtualMachines/jdk1.8.0_131.jdk/Contents/Home/jre/lib/libnet.dylib
0x000000012ba0e000 	/Library/Java/JavaVirtualMachines/jdk1.8.0_131.jdk/Contents/Home/jre/lib/libnio.dylib
0x0000000004bff000 	/System/Library/Frameworks/ApplicationServices.framework/Versions/A/Frameworks/ATS.framework/Versions/A/Resources/libTrueTypeScaler.dylib
0x000000018a8be000 	/private/var/folders/1w/_vhdnh917gsgl0z3c94cp27w0000gn/T/jogamp_0000/file_cache/jln7774526289592406298/jln1539909731643951864/libgluegen-rt.jnilib
0x000000012b7be000 	/private/var/folders/1w/_vhdnh917gsgl0z3c94cp27w0000gn/T/jogamp_0000/file_cache/jln7774526289592406298/jln1539909731643951864/libnativewindow_awt.jnilib
0x000000018a8c2000 	/Library/Java/JavaVirtualMachines/jdk1.8.0_131.jdk/Contents/Home/jre/lib/libjawt.dylib
0x000000018a8c5000 	/private/var/folders/1w/_vhdnh917gsgl0z3c94cp27w0000gn/T/jogamp_0000/file_cache/jln7774526289592406298/jln1539909731643951864/libnativewindow_macosx.jnilib
0x000000018b081000 	/private/var/folders/1w/_vhdnh917gsgl0z3c94cp27w0000gn/T/jogamp_0000/file_cache/jln7774526289592406298/jln1539909731643951864/libjogl_desktop.jnilib
0x0000000193feb000 	/Library/Java/JavaVirtualMachines/jdk1.8.0_131.jdk/Contents/Home/jre/lib/libjpeg.dylib

VM Arguments:
jvm_args: -Djava.security.policy=java.policy.applet -Dfile.encoding=UTF-8 
java_command: sun.applet.AppletViewer module1.HelloWorld1492918781913.html
java_class_path (initial): /Users/dongpei/Desktop/Java/UCSD_OOinJava/UCSDUnfoldingMaps/build:/Users/dongpei/Desktop/Java/UCSD_OOinJava/UCSDUnfoldingMaps/lib/core.jar:/Users/dongpei/Desktop/Java/UCSD_OOinJava/UCSDUnfoldingMaps/lib/gluegen-rt.jar:/Users/dongpei/Desktop/Java/UCSD_OOinJava/UCSDUnfoldingMaps/lib/jogl-all.jar:/Users/dongpei/Desktop/Java/UCSD_OOinJava/UCSDUnfoldingMaps/lib/log4j-1.2.15.jar:/Users/dongpei/Desktop/Java/UCSD_OOinJava/UCSDUnfoldingMaps/lib/sqlite-jdbc-3.7.2.jar:/Users/dongpei/Desktop/Java/UCSD_OOinJava/UCSDUnfoldingMaps/lib/json4processing.jar:/Users/dongpei/Desktop/Java/UCSD_OOinJava/UCSDUnfoldingMaps/lib/libTUIO.jar:/Users/dongpei/Desktop/Java/UCSD_OOinJava/UCSDUnfoldingMaps/lib/unfolding.0.9.7-uscd.jar
Launcher Type: SUN_STANDARD

Environment Variables:
PATH=/usr/bin:/bin:/usr/sbin:/sbin
SHELL=/bin/bash
DISPLAY=/private/tmp/com.apple.launchd.uIYdWOxu9w/org.macosforge.xquartz:0

Signal Handlers:
SIGSEGV: [libjvm.dylib+0x5b1eb1], sa_mask[0]=11111111011111110111111111111111, sa_flags=SA_ONSTACK|SA_RESTART|SA_SIGINFO
SIGBUS: [libjvm.dylib+0x5b1eb1], sa_mask[0]=11111111011111110111111111111111, sa_flags=SA_RESTART|SA_SIGINFO
SIGFPE: [libjvm.dylib+0x488988], sa_mask[0]=11111111011111110111111111111111, sa_flags=SA_RESTART|SA_SIGINFO
SIGPIPE: [libjvm.dylib+0x488988], sa_mask[0]=11111111011111110111111111111111, sa_flags=SA_RESTART|SA_SIGINFO
SIGXFSZ: [libjvm.dylib+0x488988], sa_mask[0]=11111111011111110111111111111111, sa_flags=SA_RESTART|SA_SIGINFO
SIGILL: [libjvm.dylib+0x488988], sa_mask[0]=11111111011111110111111111111111, sa_flags=SA_RESTART|SA_SIGINFO
SIGUSR1: SIG_DFL, sa_mask[0]=00000000000000000000000000000000, sa_flags=none
SIGUSR2: [libjvm.dylib+0x4884a6], sa_mask[0]=00100000000000000000000000000000, sa_flags=SA_RESTART|SA_SIGINFO
SIGHUP: [libjvm.dylib+0x486a7d], sa_mask[0]=11111111011111110111111111111111, sa_flags=SA_RESTART|SA_SIGINFO
SIGINT: [libjvm.dylib+0x486a7d], sa_mask[0]=11111111011111110111111111111111, sa_flags=SA_RESTART|SA_SIGINFO
SIGTERM: [libjvm.dylib+0x486a7d], sa_mask[0]=11111111011111110111111111111111, sa_flags=SA_RESTART|SA_SIGINFO
SIGQUIT: [libjvm.dylib+0x486a7d], sa_mask[0]=11111111011111110111111111111111, sa_flags=SA_RESTART|SA_SIGINFO


---------------  S Y S T E M  ---------------

OS:Bsduname:Darwin 14.5.0 Darwin Kernel Version 14.5.0: Sun Sep 25 22:07:15 PDT 2016; root:xnu-2782.50.9~1/RELEASE_X86_64 x86_64
rlimit: STACK 8192k, CORE 0k, NPROC 709, NOFILE 10240, AS infinity
load average:2.42 1.99 1.74

CPU:total 4 (initial active 4) (2 cores per cpu, 2 threads per core) family 6 model 58 stepping 9, cmov, cx8, fxsr, mmx, sse, sse2, sse3, ssse3, sse4.1, sse4.2, popcnt, avx, aes, clmul, erms, ht, tsc, tscinvbit, tscinv

Memory: 4k page, physical 8388608k(476676k free)

/proc/meminfo:


vm_info: Java HotSpot(TM) 64-Bit Server VM (25.131-b11) for bsd-amd64 JRE (1.8.0_131-b11), built on Mar 15 2017 01:32:22 by "java_re" with gcc 4.2.1 (Based on Apple Inc. build 5658) (LLVM build 2336.11.00)

time: Sat Apr 22 22:40:35 2017
elapsed time: 53 seconds (0d 0h 0m 53s)

